
08:07:30.14-[Information]-UiManager: Startup:
08:07:31.08-[Information]-Dba:  ->  Database File SQLite Already Existed!
08:07:31.61-[Error]-VisionAL: Have No Template at X2835
08:07:31.72-[Error]-VisionAL: Have No Template at X2835
08:07:33.60-[Error]-VisionAL: Have No Template at X2835
08:07:33.67-[Error]-VisionAL: Have No Template at X2835
08:07:34.71-[Warning]-PLC Q_Enthernet: Connection lost. Attempting to reconnect...
08:07:37.34-[Information]-WndWindow: Disconnect PLC
08:07:37.34-[Information]-WndWindow: Stop Program
08:19:35.51-[Information]-UiManager: Startup:
08:19:35.79-[Information]-Dba:  ->  Database File SQLite Already Existed!
08:19:36.07-[Error]-VisionAL: Have No Template at X2835
08:19:36.08-[Error]-VisionAL: Have No Template at X2835
08:19:37.11-[Error]-VisionAL: Have No Template at X2835
08:19:37.11-[Error]-VisionAL: Have No Template at X2835
08:19:38.43-[Warning]-PLC Q_Enthernet: Connection lost. Attempting to reconnect...
08:19:45.46-[Warning]-PLC Q_Enthernet: Reconnection attempt 1 failed.
08:19:46.47-[Warning]-PLC Q_Enthernet: Connection lost. Attempting to reconnect...
08:19:53.49-[Warning]-PLC Q_Enthernet: Reconnection attempt 2 failed.
08:19:54.49-[Warning]-PLC Q_Enthernet: Connection lost. Attempting to reconnect...
08:20:01.54-[Warning]-PLC Q_Enthernet: Reconnection attempt 3 failed.
08:20:02.55-[Warning]-PLC Q_Enthernet: Connection lost. Attempting to reconnect...
08:20:09.58-[Warning]-PLC Q_Enthernet: Reconnection attempt 4 failed.
08:20:10.32-[Information]-WndWindow: Disconnect PLC
08:20:10.32-[Information]-WndWindow: Stop Program
08:23:03.15-[Information]-UiManager: Startup:
08:23:03.21-[Information]-Dba:  ->  Database File SQLite Already Existed!
08:23:03.35-[Error]-VisionAL: Have No Template at X2835
08:23:03.36-[Error]-VisionAL: Have No Template at X2835
08:23:04.00-[Error]-VisionAL: Have No Template at X2835
08:23:04.01-[Error]-VisionAL: Have No Template at X2835
08:23:04.48-[Warning]-PLC Q_Enthernet: Connection lost. Attempting to reconnect...
08:23:11.52-[Warning]-PLC Q_Enthernet: Reconnection attempt 1 failed.
08:23:12.52-[Warning]-PLC Q_Enthernet: Connection lost. Attempting to reconnect...
08:23:19.59-[Warning]-PLC Q_Enthernet: Reconnection attempt 2 failed.
08:23:20.60-[Warning]-PLC Q_Enthernet: Connection lost. Attempting to reconnect...
08:23:27.63-[Warning]-PLC Q_Enthernet: Reconnection attempt 3 failed.
08:23:28.64-[Warning]-PLC Q_Enthernet: Connection lost. Attempting to reconnect...
08:23:35.66-[Warning]-PLC Q_Enthernet: Reconnection attempt 4 failed.
08:23:36.66-[Warning]-PLC Q_Enthernet: Connection lost. Attempting to reconnect...
08:23:43.69-[Warning]-PLC Q_Enthernet: Reconnection attempt 5 failed.
08:23:44.69-[Warning]-PLC Q_Enthernet: Connection lost. Attempting to reconnect...
08:23:51.72-[Warning]-PLC Q_Enthernet: Reconnection attempt 6 failed.
08:23:52.74-[Warning]-PLC Q_Enthernet: Connection lost. Attempting to reconnect...
08:23:59.77-[Warning]-PLC Q_Enthernet: Reconnection attempt 7 failed.
08:24:00.77-[Warning]-PLC Q_Enthernet: Connection lost. Attempting to reconnect...
08:24:05.15-[Information]-WndWindow: Disconnect PLC
08:24:05.15-[Information]-WndWindow: Stop Program
08:55:38.01-[Information]-UiManager: Startup:
08:55:38.10-[Information]-Dba:  ->  Database File SQLite Already Existed!
08:55:38.29-[Error]-VisionAL: Have No Template at X2835
08:55:38.31-[Error]-VisionAL: Have No Template at X2835
08:55:39.37-[Error]-VisionAL: Have No Template at X2835
08:55:39.42-[Error]-VisionAL: Have No Template at X2835
08:55:40.29-[Warning]-PLC Q_Enthernet: Connection lost. Attempting to reconnect...
08:55:45.84-[Error]-Camera Page: ReadTemp1 Image Err
08:55:47.32-[Warning]-PLC Q_Enthernet: Reconnection attempt 1 failed.
08:55:48.33-[Warning]-PLC Q_Enthernet: Connection lost. Attempting to reconnect...
08:55:55.36-[Warning]-PLC Q_Enthernet: Reconnection attempt 2 failed.
08:55:56.36-[Warning]-PLC Q_Enthernet: Connection lost. Attempting to reconnect...
08:56:03.38-[Warning]-PLC Q_Enthernet: Reconnection attempt 3 failed.
08:56:04.40-[Warning]-PLC Q_Enthernet: Connection lost. Attempting to reconnect...
08:56:04.62-[Information]-WndWindow: Disconnect PLC
08:56:04.62-[Information]-WndWindow: Stop Program
09:13:05.53-[Information]-UiManager: Startup:
09:13:05.62-[Information]-Dba:  ->  Database File SQLite Already Existed!
09:13:05.80-[Error]-VisionAL: Have No Template at X2835
09:13:05.82-[Error]-VisionAL: Have No Template at X2835
09:13:06.93-[Error]-VisionAL: Have No Template at X2835
09:13:06.96-[Error]-VisionAL: Have No Template at X2835
09:13:07.61-[Warning]-PLC Q_Enthernet: Connection lost. Attempting to reconnect...
09:13:09.74-[Error]-Camera Page: ReadTemp1 Image Err
09:13:14.64-[Warning]-PLC Q_Enthernet: Reconnection attempt 1 failed.
09:13:15.65-[Warning]-PLC Q_Enthernet: Connection lost. Attempting to reconnect...
09:13:17.22-[Information]-WndWindow: Disconnect PLC
09:13:17.22-[Information]-WndWindow: Stop Program
09:13:51.22-[Information]-UiManager: Startup:
09:13:51.32-[Information]-Dba:  ->  Database File SQLite Already Existed!
09:13:51.49-[Error]-VisionAL: Have No Template at X2835
09:13:51.51-[Error]-VisionAL: Have No Template at X2835
09:13:52.55-[Error]-VisionAL: Have No Template at X2835
09:13:52.59-[Error]-VisionAL: Have No Template at X2835
09:13:53.24-[Warning]-PLC Q_Enthernet: Connection lost. Attempting to reconnect...
09:13:56.27-[Information]-WndWindow: Disconnect PLC
09:13:56.27-[Information]-WndWindow: Stop Program
09:46:17.35-[Information]-UiManager: Startup:
09:46:17.69-[Information]-Dba:  ->  Database File SQLite Already Existed!
09:46:17.76-[Error]-VisionAL: Have No Template at X2835
09:46:17.78-[Error]-VisionAL: Have No Template at X2835
09:46:18.60-[Error]-VisionAL: Have No Template at X2835
09:46:18.63-[Error]-VisionAL: Have No Template at X2835
09:46:19.48-[Warning]-PLC Q_Enthernet: Connection lost. Attempting to reconnect...
09:46:21.21-[Information]-WndWindow: Disconnect PLC
09:46:21.21-[Information]-WndWindow: Stop Program
09:51:42.78-[Information]-UiManager: Startup:
09:51:42.86-[Information]-Dba:  ->  Database File SQLite Already Existed!
09:51:42.93-[Error]-VisionAL: Have No Template at X2835
09:51:42.95-[Error]-VisionAL: Have No Template at X2835
09:51:43.92-[Error]-VisionAL: Have No Template at X2835
09:51:43.93-[Error]-VisionAL: Have No Template at X2835
09:51:44.61-[Warning]-PLC Q_Enthernet: Connection lost. Attempting to reconnect...
09:51:46.28-[Information]-WndWindow: Disconnect PLC
09:51:46.28-[Information]-WndWindow: Stop Program
09:59:54.40-[Information]-UiManager: Startup:
09:59:54.48-[Information]-Dba:  ->  Database File SQLite Already Existed!
09:59:54.55-[Error]-VisionAL: Have No Template at X2835
09:59:54.58-[Error]-VisionAL: Have No Template at X2835
09:59:55.39-[Error]-VisionAL: Have No Template at X2835
09:59:55.41-[Error]-VisionAL: Have No Template at X2835
09:59:56.19-[Warning]-PLC Q_Enthernet: Connection lost. Attempting to reconnect...
09:59:56.98-[Information]-WndWindow: Disconnect PLC
09:59:56.99-[Information]-WndWindow: Stop Program
10:00:46.92-[Information]-UiManager: Startup:
10:00:47.01-[Information]-Dba:  ->  Database File SQLite Already Existed!
10:00:47.08-[Error]-VisionAL: Have No Template at X2835
10:00:47.10-[Error]-VisionAL: Have No Template at X2835
10:00:47.91-[Error]-VisionAL: Have No Template at X2835
10:00:47.93-[Error]-VisionAL: Have No Template at X2835
10:00:48.73-[Warning]-PLC Q_Enthernet: Connection lost. Attempting to reconnect...
10:00:52.89-[Information]-WndWindow: Disconnect PLC
10:00:52.89-[Information]-WndWindow: Stop Program
10:05:23.54-[Information]-UiManager: Startup:
10:05:23.63-[Information]-Dba:  ->  Database File SQLite Already Existed!
10:05:23.71-[Error]-VisionAL: Have No Template at X2835
10:05:23.72-[Error]-VisionAL: Have No Template at X2835
10:05:24.46-[Error]-VisionAL: Have No Template at X2835
10:05:24.48-[Error]-VisionAL: Have No Template at X2835
10:05:25.23-[Warning]-PLC Q_Enthernet: Connection lost. Attempting to reconnect...
10:05:27.90-[Information]-WndWindow: Disconnect PLC
10:05:27.90-[Information]-WndWindow: Stop Program
10:14:16.92-[Information]-UiManager: Startup:
10:14:17.01-[Information]-Dba:  ->  Database File SQLite Already Existed!
10:14:17.09-[Error]-VisionAL: Have No Template at X2835
10:14:17.11-[Error]-VisionAL: Have No Template at X2835
10:14:17.86-[Error]-VisionAL: Have No Template at X2835
10:14:17.88-[Error]-VisionAL: Have No Template at X2835
10:14:18.72-[Warning]-PLC Q_Enthernet: Connection lost. Attempting to reconnect...
10:14:20.71-[Information]-WndWindow: Disconnect PLC
10:14:20.71-[Information]-WndWindow: Stop Program
10:28:12.36-[Information]-UiManager: Startup:
10:28:12.45-[Information]-Dba:  ->  Database File SQLite Already Existed!
10:28:12.52-[Error]-VisionAL: Have No Template at X2835
10:28:12.54-[Error]-VisionAL: Have No Template at X2835
10:28:13.34-[Error]-VisionAL: Have No Template at X2835
10:28:13.36-[Error]-VisionAL: Have No Template at X2835
10:28:14.15-[Warning]-PLC Q_Enthernet: Connection lost. Attempting to reconnect...
10:28:15.31-[Information]-WndWindow: Disconnect PLC
10:28:15.31-[Information]-WndWindow: Stop Program
10:39:45.86-[Information]-UiManager: Startup:
10:39:45.94-[Information]-Dba:  ->  Database File SQLite Already Existed!
10:39:46.02-[Error]-VisionAL: Have No Template at X2835
10:39:46.10-[Error]-VisionAL: Have No Template at X2835
10:39:47.04-[Error]-VisionAL: Have No Template at X2835
10:39:47.06-[Error]-VisionAL: Have No Template at X2835
10:39:47.77-[Warning]-PLC Q_Enthernet: Connection lost. Attempting to reconnect...
10:39:50.66-[Information]-WndWindow: Disconnect PLC
10:39:50.66-[Information]-WndWindow: Stop Program
10:47:24.23-[Information]-UiManager: Startup:
10:47:24.32-[Information]-Dba:  ->  Database File SQLite Already Existed!
10:47:24.39-[Error]-VisionAL: Have No Template at X2835
10:47:24.41-[Error]-VisionAL: Have No Template at X2835
10:47:25.32-[Error]-VisionAL: Have No Template at X2835
10:47:25.34-[Error]-VisionAL: Have No Template at X2835
10:47:26.14-[Warning]-PLC Q_Enthernet: Connection lost. Attempting to reconnect...
10:47:30.84-[Error]-Camera Page: ReadTemp1 Image Err
10:47:33.19-[Warning]-PLC Q_Enthernet: Reconnection attempt 1 failed.
10:47:34.21-[Warning]-PLC Q_Enthernet: Connection lost. Attempting to reconnect...
10:48:39.89-[Information]-UiManager: Startup:
10:48:40.16-[Information]-Dba:  ->  Database File SQLite Already Existed!
10:48:40.24-[Error]-VisionAL: Have No Template at X2835
10:48:40.26-[Error]-VisionAL: Have No Template at X2835
10:48:41.08-[Error]-VisionAL: Have No Template at X2835
10:48:41.10-[Error]-VisionAL: Have No Template at X2835
10:48:41.81-[Warning]-PLC Q_Enthernet: Connection lost. Attempting to reconnect...
10:49:39.00-[Information]-UiManager: Startup:
10:49:39.08-[Information]-Dba:  ->  Database File SQLite Already Existed!
10:49:39.16-[Error]-VisionAL: Have No Template at X2835
10:49:39.18-[Error]-VisionAL: Have No Template at X2835
10:49:40.01-[Error]-VisionAL: Have No Template at X2835
10:49:40.03-[Error]-VisionAL: Have No Template at X2835
10:49:40.82-[Warning]-PLC Q_Enthernet: Connection lost. Attempting to reconnect...
10:49:43.97-[Error]-Camera Page: ReadTemp1 Image Err
10:49:47.86-[Warning]-PLC Q_Enthernet: Reconnection attempt 1 failed.
10:49:48.87-[Warning]-PLC Q_Enthernet: Connection lost. Attempting to reconnect...
10:49:55.84-[Information]-UiManager: Startup:
10:49:55.91-[Information]-Dba:  ->  Database File SQLite Already Existed!
10:49:55.98-[Error]-VisionAL: Have No Template at X2835
10:49:56.00-[Error]-VisionAL: Have No Template at X2835
10:49:56.75-[Error]-VisionAL: Have No Template at X2835
10:49:56.77-[Error]-VisionAL: Have No Template at X2835
10:49:57.42-[Warning]-PLC Q_Enthernet: Connection lost. Attempting to reconnect...
10:50:49.05-[Error]-Camera Page: ReadTemp1 Image Err
10:50:50.98-[Warning]-PLC Q_Enthernet: Reconnection attempt 1 failed.
10:50:51.99-[Warning]-PLC Q_Enthernet: Connection lost. Attempting to reconnect...
10:50:59.01-[Warning]-PLC Q_Enthernet: Reconnection attempt 2 failed.
10:51:00.03-[Warning]-PLC Q_Enthernet: Connection lost. Attempting to reconnect...
10:51:07.05-[Warning]-PLC Q_Enthernet: Reconnection attempt 3 failed.
10:51:08.07-[Warning]-PLC Q_Enthernet: Connection lost. Attempting to reconnect...
10:51:10.63-[Information]-UiManager: Startup:
10:51:10.73-[Information]-Dba:  ->  Database File SQLite Already Existed!
10:51:10.80-[Error]-VisionAL: Have No Template at X2835
10:51:10.81-[Error]-VisionAL: Have No Template at X2835
10:51:11.54-[Error]-VisionAL: Have No Template at X2835
10:51:11.56-[Error]-VisionAL: Have No Template at X2835
10:51:12.22-[Warning]-PLC Q_Enthernet: Connection lost. Attempting to reconnect...
10:52:29.42-[Information]-UiManager: Startup:
10:52:29.52-[Information]-Dba:  ->  Database File SQLite Already Existed!
10:52:29.59-[Error]-VisionAL: Have No Template at X2835
10:52:29.61-[Error]-VisionAL: Have No Template at X2835
10:52:30.40-[Error]-VisionAL: Have No Template at X2835
10:52:30.45-[Error]-VisionAL: Have No Template at X2835
10:52:31.26-[Warning]-PLC Q_Enthernet: Connection lost. Attempting to reconnect...
10:52:44.79-[Error]-Camera Page: ReadTemp1 Image Err
10:52:46.81-[Warning]-PLC Q_Enthernet: Reconnection attempt 1 failed.
10:52:47.83-[Warning]-PLC Q_Enthernet: Connection lost. Attempting to reconnect...
10:53:46.15-[Information]-UiManager: Startup:
10:53:46.23-[Information]-Dba:  ->  Database File SQLite Already Existed!
10:53:46.31-[Error]-VisionAL: Have No Template at X2835
10:53:46.34-[Error]-VisionAL: Have No Template at X2835
10:53:47.18-[Error]-VisionAL: Have No Template at X2835
10:53:47.20-[Error]-VisionAL: Have No Template at X2835
10:53:48.03-[Warning]-PLC Q_Enthernet: Connection lost. Attempting to reconnect...
10:53:55.00-[Error]-Camera Page: ReadTemp1 Image Err
10:53:57.01-[Warning]-PLC Q_Enthernet: Reconnection attempt 1 failed.
10:53:58.03-[Warning]-PLC Q_Enthernet: Connection lost. Attempting to reconnect...
10:54:05.06-[Warning]-PLC Q_Enthernet: Reconnection attempt 2 failed.
10:55:00.70-[Information]-UiManager: Startup:
10:55:00.81-[Information]-Dba:  ->  Database File SQLite Already Existed!
10:55:00.87-[Error]-VisionAL: Have No Template at X2835
10:55:00.89-[Error]-VisionAL: Have No Template at X2835
10:55:01.62-[Error]-VisionAL: Have No Template at X2835
10:55:01.64-[Error]-VisionAL: Have No Template at X2835
10:55:02.38-[Warning]-PLC Q_Enthernet: Connection lost. Attempting to reconnect...
10:55:13.22-[Error]-Camera Page: ReadTemp1 Image Err
10:55:15.20-[Warning]-PLC Q_Enthernet: Reconnection attempt 1 failed.
10:55:16.21-[Warning]-PLC Q_Enthernet: Connection lost. Attempting to reconnect...
10:55:23.24-[Warning]-PLC Q_Enthernet: Reconnection attempt 2 failed.
10:55:23.28-[Information]-Camera Page: Change Camera1 SettingSystem.Byte[]
10:55:23.37-[Error]-Camera Page: Ptr Device Camera2 ErrSystem.IndexOutOfRangeException: Index was outside the bounds of the array.
   at ITM_Semiconductor.PgCamera.SaveData() 
10:55:24.25-[Warning]-PLC Q_Enthernet: Connection lost. Attempting to reconnect...
10:55:27.79-[Error]-Camera Page: ReadTemp1 Image Err
10:55:30.03-[Information]-WndWindow: Disconnect PLC
10:55:30.03-[Information]-WndWindow: Stop Program
10:57:22.22-[Information]-UiManager: Startup:
10:57:22.32-[Information]-Dba:  ->  Database File SQLite Already Existed!
10:57:22.40-[Error]-VisionAL: Have No Template at X2835
10:57:22.42-[Error]-VisionAL: Have No Template at X2835
10:57:23.19-[Error]-VisionAL: Have No Template at X2835
10:57:23.23-[Error]-VisionAL: Have No Template at X2835
10:57:23.94-[Warning]-PLC Q_Enthernet: Connection lost. Attempting to reconnect...
10:57:25.06-[Information]-WndWindow: Disconnect PLC
10:57:25.06-[Information]-WndWindow: Stop Program
11:03:41.32-[Information]-UiManager: Startup:
11:03:41.50-[Information]-Dba:  ->  Database File SQLite Already Existed!
11:03:41.58-[Error]-VisionAL: Have No Template at X2835
11:03:41.61-[Error]-VisionAL: Have No Template at X2835
11:03:42.42-[Error]-VisionAL: Have No Template at X2835
11:03:42.43-[Error]-VisionAL: Have No Template at X2835
11:03:43.09-[Warning]-PLC Q_Enthernet: Connection lost. Attempting to reconnect...
11:03:47.90-[Information]-WndWindow: Disconnect PLC
11:03:47.90-[Information]-WndWindow: Stop Program
11:04:39.70-[Information]-UiManager: Startup:
11:04:39.79-[Information]-Dba:  ->  Database File SQLite Already Existed!
11:04:39.93-[Error]-VisionAL: Have No Template at X2835
11:04:39.95-[Error]-VisionAL: Have No Template at X2835
11:04:40.86-[Error]-VisionAL: Have No Template at X2835
11:04:40.90-[Error]-VisionAL: Have No Template at X2835
11:04:41.63-[Warning]-PLC Q_Enthernet: Connection lost. Attempting to reconnect...
11:04:42.95-[Information]-WndWindow: Disconnect PLC
11:04:42.95-[Information]-WndWindow: Stop Program
11:56:24.68-[Information]-UiManager: Startup:
11:56:24.96-[Information]-Dba:  ->  Database File SQLite Already Existed!
11:56:25.03-[Error]-VisionAL: Have No Template at X2835
11:56:25.05-[Error]-VisionAL: Have No Template at X2835
11:56:25.89-[Error]-VisionAL: Have No Template at X2835
11:56:25.91-[Error]-VisionAL: Have No Template at X2835
11:56:26.58-[Warning]-PLC Q_Enthernet: Connection lost. Attempting to reconnect...
11:56:33.61-[Warning]-PLC Q_Enthernet: Reconnection attempt 1 failed.
11:56:34.62-[Warning]-PLC Q_Enthernet: Connection lost. Attempting to reconnect...
11:56:41.64-[Warning]-PLC Q_Enthernet: Reconnection attempt 2 failed.
11:56:42.66-[Warning]-PLC Q_Enthernet: Connection lost. Attempting to reconnect...
11:56:49.68-[Warning]-PLC Q_Enthernet: Reconnection attempt 3 failed.
11:56:50.69-[Warning]-PLC Q_Enthernet: Connection lost. Attempting to reconnect...
11:56:57.72-[Warning]-PLC Q_Enthernet: Reconnection attempt 4 failed.
11:56:58.54-[Error]-Camera Page: ReadTemp1 Image Err
11:56:58.73-[Warning]-PLC Q_Enthernet: Connection lost. Attempting to reconnect...
11:57:05.76-[Warning]-PLC Q_Enthernet: Reconnection attempt 5 failed.
11:57:06.78-[Warning]-PLC Q_Enthernet: Connection lost. Attempting to reconnect...
11:57:13.80-[Warning]-PLC Q_Enthernet: Reconnection attempt 6 failed.
11:57:14.81-[Warning]-PLC Q_Enthernet: Connection lost. Attempting to reconnect...
11:57:21.85-[Warning]-PLC Q_Enthernet: Reconnection attempt 7 failed.
11:57:22.86-[Warning]-PLC Q_Enthernet: Connection lost. Attempting to reconnect...
11:57:29.90-[Warning]-PLC Q_Enthernet: Reconnection attempt 8 failed.
11:57:30.92-[Warning]-PLC Q_Enthernet: Connection lost. Attempting to reconnect...
11:57:37.95-[Warning]-PLC Q_Enthernet: Reconnection attempt 9 failed.
11:57:38.96-[Warning]-PLC Q_Enthernet: Connection lost. Attempting to reconnect...
11:57:46.00-[Warning]-PLC Q_Enthernet: Reconnection attempt 10 failed.
11:57:47.01-[Warning]-PLC Q_Enthernet: Connection lost. Attempting to reconnect...
11:57:54.04-[Warning]-PLC Q_Enthernet: Reconnection attempt 11 failed.
11:57:55.06-[Warning]-PLC Q_Enthernet: Connection lost. Attempting to reconnect...
11:58:02.09-[Warning]-PLC Q_Enthernet: Reconnection attempt 12 failed.
11:58:03.10-[Warning]-PLC Q_Enthernet: Connection lost. Attempting to reconnect...
11:58:10.13-[Warning]-PLC Q_Enthernet: Reconnection attempt 13 failed.
11:58:11.15-[Warning]-PLC Q_Enthernet: Connection lost. Attempting to reconnect...
11:58:18.18-[Warning]-PLC Q_Enthernet: Reconnection attempt 14 failed.
11:58:19.19-[Warning]-PLC Q_Enthernet: Connection lost. Attempting to reconnect...
11:58:26.23-[Warning]-PLC Q_Enthernet: Reconnection attempt 15 failed.
11:58:27.24-[Warning]-PLC Q_Enthernet: Connection lost. Attempting to reconnect...
11:58:34.27-[Warning]-PLC Q_Enthernet: Reconnection attempt 16 failed.
11:58:35.28-[Warning]-PLC Q_Enthernet: Connection lost. Attempting to reconnect...
11:58:42.32-[Warning]-PLC Q_Enthernet: Reconnection attempt 17 failed.
11:58:43.34-[Warning]-PLC Q_Enthernet: Connection lost. Attempting to reconnect...
11:58:50.36-[Warning]-PLC Q_Enthernet: Reconnection attempt 18 failed.
11:58:51.36-[Warning]-PLC Q_Enthernet: Connection lost. Attempting to reconnect...
11:58:58.40-[Warning]-PLC Q_Enthernet: Reconnection attempt 19 failed.
11:58:59.41-[Warning]-PLC Q_Enthernet: Connection lost. Attempting to reconnect...
11:59:06.43-[Warning]-PLC Q_Enthernet: Reconnection attempt 20 failed.
11:59:07.44-[Warning]-PLC Q_Enthernet: Connection lost. Attempting to reconnect...
11:59:14.48-[Warning]-PLC Q_Enthernet: Reconnection attempt 21 failed.
11:59:15.49-[Warning]-PLC Q_Enthernet: Connection lost. Attempting to reconnect...
11:59:22.53-[Warning]-PLC Q_Enthernet: Reconnection attempt 22 failed.
11:59:23.54-[Warning]-PLC Q_Enthernet: Connection lost. Attempting to reconnect...
11:59:30.57-[Warning]-PLC Q_Enthernet: Reconnection attempt 23 failed.
11:59:31.58-[Warning]-PLC Q_Enthernet: Connection lost. Attempting to reconnect...
11:59:38.62-[Warning]-PLC Q_Enthernet: Reconnection attempt 24 failed.
11:59:39.63-[Warning]-PLC Q_Enthernet: Connection lost. Attempting to reconnect...
11:59:46.66-[Warning]-PLC Q_Enthernet: Reconnection attempt 25 failed.
11:59:47.68-[Warning]-PLC Q_Enthernet: Connection lost. Attempting to reconnect...
11:59:54.71-[Warning]-PLC Q_Enthernet: Reconnection attempt 26 failed.
11:59:55.72-[Warning]-PLC Q_Enthernet: Connection lost. Attempting to reconnect...
12:00:02.76-[Warning]-PLC Q_Enthernet: Reconnection attempt 27 failed.
12:00:03.76-[Warning]-PLC Q_Enthernet: Connection lost. Attempting to reconnect...
12:00:10.79-[Warning]-PLC Q_Enthernet: Reconnection attempt 28 failed.
12:00:11.80-[Warning]-PLC Q_Enthernet: Connection lost. Attempting to reconnect...
12:00:18.83-[Warning]-PLC Q_Enthernet: Reconnection attempt 29 failed.
12:00:19.85-[Warning]-PLC Q_Enthernet: Connection lost. Attempting to reconnect...
12:00:26.87-[Warning]-PLC Q_Enthernet: Reconnection attempt 30 failed.
12:00:27.88-[Warning]-PLC Q_Enthernet: Connection lost. Attempting to reconnect...
12:00:34.92-[Warning]-PLC Q_Enthernet: Reconnection attempt 31 failed.
12:00:35.93-[Warning]-PLC Q_Enthernet: Connection lost. Attempting to reconnect...
12:00:42.97-[Warning]-PLC Q_Enthernet: Reconnection attempt 32 failed.
12:00:43.97-[Warning]-PLC Q_Enthernet: Connection lost. Attempting to reconnect...
12:00:51.01-[Warning]-PLC Q_Enthernet: Reconnection attempt 33 failed.
12:00:52.02-[Warning]-PLC Q_Enthernet: Connection lost. Attempting to reconnect...
12:00:59.06-[Warning]-PLC Q_Enthernet: Reconnection attempt 34 failed.
12:01:00.07-[Warning]-PLC Q_Enthernet: Connection lost. Attempting to reconnect...
12:01:07.10-[Warning]-PLC Q_Enthernet: Reconnection attempt 35 failed.
12:01:08.11-[Warning]-PLC Q_Enthernet: Connection lost. Attempting to reconnect...
12:01:15.15-[Warning]-PLC Q_Enthernet: Reconnection attempt 36 failed.
12:01:16.16-[Warning]-PLC Q_Enthernet: Connection lost. Attempting to reconnect...
12:01:23.18-[Warning]-PLC Q_Enthernet: Reconnection attempt 37 failed.
12:01:24.19-[Warning]-PLC Q_Enthernet: Connection lost. Attempting to reconnect...
12:01:31.23-[Warning]-PLC Q_Enthernet: Reconnection attempt 38 failed.
12:01:32.24-[Warning]-PLC Q_Enthernet: Connection lost. Attempting to reconnect...
12:01:39.28-[Warning]-PLC Q_Enthernet: Reconnection attempt 39 failed.
12:01:40.29-[Warning]-PLC Q_Enthernet: Connection lost. Attempting to reconnect...
12:01:47.33-[Warning]-PLC Q_Enthernet: Reconnection attempt 40 failed.
12:01:48.34-[Warning]-PLC Q_Enthernet: Connection lost. Attempting to reconnect...
12:01:55.37-[Warning]-PLC Q_Enthernet: Reconnection attempt 41 failed.
12:01:56.38-[Warning]-PLC Q_Enthernet: Connection lost. Attempting to reconnect...
12:02:03.42-[Warning]-PLC Q_Enthernet: Reconnection attempt 42 failed.
12:02:04.43-[Warning]-PLC Q_Enthernet: Connection lost. Attempting to reconnect...
12:02:11.46-[Warning]-PLC Q_Enthernet: Reconnection attempt 43 failed.
12:02:12.47-[Warning]-PLC Q_Enthernet: Connection lost. Attempting to reconnect...
12:02:19.51-[Warning]-PLC Q_Enthernet: Reconnection attempt 44 failed.
12:02:20.53-[Warning]-PLC Q_Enthernet: Connection lost. Attempting to reconnect...
12:02:27.56-[Warning]-PLC Q_Enthernet: Reconnection attempt 45 failed.
12:02:28.57-[Warning]-PLC Q_Enthernet: Connection lost. Attempting to reconnect...
12:02:35.60-[Warning]-PLC Q_Enthernet: Reconnection attempt 46 failed.
12:02:36.62-[Warning]-PLC Q_Enthernet: Connection lost. Attempting to reconnect...
12:02:43.65-[Warning]-PLC Q_Enthernet: Reconnection attempt 47 failed.
12:02:44.67-[Warning]-PLC Q_Enthernet: Connection lost. Attempting to reconnect...
12:02:51.70-[Warning]-PLC Q_Enthernet: Reconnection attempt 48 failed.
12:02:52.71-[Warning]-PLC Q_Enthernet: Connection lost. Attempting to reconnect...
12:02:59.74-[Warning]-PLC Q_Enthernet: Reconnection attempt 49 failed.
12:03:00.75-[Warning]-PLC Q_Enthernet: Connection lost. Attempting to reconnect...
12:03:07.79-[Warning]-PLC Q_Enthernet: Reconnection attempt 50 failed.
12:03:08.80-[Warning]-PLC Q_Enthernet: Connection lost. Attempting to reconnect...
12:03:15.84-[Warning]-PLC Q_Enthernet: Reconnection attempt 51 failed.
12:03:16.85-[Warning]-PLC Q_Enthernet: Connection lost. Attempting to reconnect...
12:03:23.87-[Warning]-PLC Q_Enthernet: Reconnection attempt 52 failed.
12:03:24.88-[Warning]-PLC Q_Enthernet: Connection lost. Attempting to reconnect...
12:03:31.90-[Warning]-PLC Q_Enthernet: Reconnection attempt 53 failed.
12:03:32.92-[Warning]-PLC Q_Enthernet: Connection lost. Attempting to reconnect...
12:03:39.94-[Warning]-PLC Q_Enthernet: Reconnection attempt 54 failed.
12:03:40.96-[Warning]-PLC Q_Enthernet: Connection lost. Attempting to reconnect...
12:03:47.99-[Warning]-PLC Q_Enthernet: Reconnection attempt 55 failed.
12:03:49.01-[Warning]-PLC Q_Enthernet: Connection lost. Attempting to reconnect...
12:03:56.04-[Warning]-PLC Q_Enthernet: Reconnection attempt 56 failed.
12:03:57.06-[Warning]-PLC Q_Enthernet: Connection lost. Attempting to reconnect...
12:04:04.09-[Warning]-PLC Q_Enthernet: Reconnection attempt 57 failed.
12:04:05.10-[Warning]-PLC Q_Enthernet: Connection lost. Attempting to reconnect...
12:04:12.13-[Warning]-PLC Q_Enthernet: Reconnection attempt 58 failed.
12:04:13.14-[Warning]-PLC Q_Enthernet: Connection lost. Attempting to reconnect...
12:04:20.18-[Warning]-PLC Q_Enthernet: Reconnection attempt 59 failed.
12:04:21.20-[Warning]-PLC Q_Enthernet: Connection lost. Attempting to reconnect...
12:04:28.23-[Warning]-PLC Q_Enthernet: Reconnection attempt 60 failed.
12:04:29.25-[Warning]-PLC Q_Enthernet: Connection lost. Attempting to reconnect...
12:04:36.27-[Warning]-PLC Q_Enthernet: Reconnection attempt 61 failed.
12:04:37.28-[Warning]-PLC Q_Enthernet: Connection lost. Attempting to reconnect...
12:04:44.31-[Warning]-PLC Q_Enthernet: Reconnection attempt 62 failed.
12:04:45.31-[Warning]-PLC Q_Enthernet: Connection lost. Attempting to reconnect...
12:04:52.35-[Warning]-PLC Q_Enthernet: Reconnection attempt 63 failed.
12:04:53.35-[Warning]-PLC Q_Enthernet: Connection lost. Attempting to reconnect...
12:05:00.38-[Warning]-PLC Q_Enthernet: Reconnection attempt 64 failed.
12:05:01.38-[Warning]-PLC Q_Enthernet: Connection lost. Attempting to reconnect...
12:05:08.42-[Warning]-PLC Q_Enthernet: Reconnection attempt 65 failed.
12:05:09.43-[Warning]-PLC Q_Enthernet: Connection lost. Attempting to reconnect...
12:05:16.46-[Warning]-PLC Q_Enthernet: Reconnection attempt 66 failed.
12:05:17.48-[Warning]-PLC Q_Enthernet: Connection lost. Attempting to reconnect...
12:05:24.51-[Warning]-PLC Q_Enthernet: Reconnection attempt 67 failed.
12:05:25.52-[Warning]-PLC Q_Enthernet: Connection lost. Attempting to reconnect...
12:05:32.54-[Warning]-PLC Q_Enthernet: Reconnection attempt 68 failed.
12:05:33.55-[Warning]-PLC Q_Enthernet: Connection lost. Attempting to reconnect...
12:05:40.59-[Warning]-PLC Q_Enthernet: Reconnection attempt 69 failed.
12:05:41.60-[Warning]-PLC Q_Enthernet: Connection lost. Attempting to reconnect...
12:05:48.64-[Warning]-PLC Q_Enthernet: Reconnection attempt 70 failed.
12:05:49.65-[Warning]-PLC Q_Enthernet: Connection lost. Attempting to reconnect...
12:05:56.69-[Warning]-PLC Q_Enthernet: Reconnection attempt 71 failed.
12:05:57.69-[Warning]-PLC Q_Enthernet: Connection lost. Attempting to reconnect...
12:06:04.73-[Warning]-PLC Q_Enthernet: Reconnection attempt 72 failed.
12:06:05.74-[Warning]-PLC Q_Enthernet: Connection lost. Attempting to reconnect...
12:06:12.77-[Warning]-PLC Q_Enthernet: Reconnection attempt 73 failed.
12:06:13.79-[Warning]-PLC Q_Enthernet: Connection lost. Attempting to reconnect...
12:06:20.83-[Warning]-PLC Q_Enthernet: Reconnection attempt 74 failed.
12:06:21.83-[Warning]-PLC Q_Enthernet: Connection lost. Attempting to reconnect...
12:06:28.87-[Warning]-PLC Q_Enthernet: Reconnection attempt 75 failed.
12:06:29.88-[Warning]-PLC Q_Enthernet: Connection lost. Attempting to reconnect...
12:06:36.91-[Warning]-PLC Q_Enthernet: Reconnection attempt 76 failed.
12:06:37.93-[Warning]-PLC Q_Enthernet: Connection lost. Attempting to reconnect...
12:06:44.96-[Warning]-PLC Q_Enthernet: Reconnection attempt 77 failed.
12:06:45.97-[Warning]-PLC Q_Enthernet: Connection lost. Attempting to reconnect...
12:06:53.01-[Warning]-PLC Q_Enthernet: Reconnection attempt 78 failed.
12:06:54.03-[Warning]-PLC Q_Enthernet: Connection lost. Attempting to reconnect...
12:07:01.06-[Warning]-PLC Q_Enthernet: Reconnection attempt 79 failed.
12:07:02.07-[Warning]-PLC Q_Enthernet: Connection lost. Attempting to reconnect...
12:07:09.10-[Warning]-PLC Q_Enthernet: Reconnection attempt 80 failed.
12:07:10.12-[Warning]-PLC Q_Enthernet: Connection lost. Attempting to reconnect...
12:07:17.15-[Warning]-PLC Q_Enthernet: Reconnection attempt 81 failed.
12:07:18.16-[Warning]-PLC Q_Enthernet: Connection lost. Attempting to reconnect...
12:07:25.20-[Warning]-PLC Q_Enthernet: Reconnection attempt 82 failed.
12:07:26.21-[Warning]-PLC Q_Enthernet: Connection lost. Attempting to reconnect...
12:07:33.24-[Warning]-PLC Q_Enthernet: Reconnection attempt 83 failed.
12:07:34.25-[Warning]-PLC Q_Enthernet: Connection lost. Attempting to reconnect...
12:07:41.28-[Warning]-PLC Q_Enthernet: Reconnection attempt 84 failed.
12:07:42.29-[Warning]-PLC Q_Enthernet: Connection lost. Attempting to reconnect...
12:07:49.32-[Warning]-PLC Q_Enthernet: Reconnection attempt 85 failed.
12:07:50.34-[Warning]-PLC Q_Enthernet: Connection lost. Attempting to reconnect...
12:07:57.37-[Warning]-PLC Q_Enthernet: Reconnection attempt 86 failed.
12:07:58.38-[Warning]-PLC Q_Enthernet: Connection lost. Attempting to reconnect...
12:08:05.41-[Warning]-PLC Q_Enthernet: Reconnection attempt 87 failed.
12:08:06.43-[Warning]-PLC Q_Enthernet: Connection lost. Attempting to reconnect...
12:08:13.46-[Warning]-PLC Q_Enthernet: Reconnection attempt 88 failed.
12:08:14.48-[Warning]-PLC Q_Enthernet: Connection lost. Attempting to reconnect...
12:08:21.51-[Warning]-PLC Q_Enthernet: Reconnection attempt 89 failed.
12:08:22.53-[Warning]-PLC Q_Enthernet: Connection lost. Attempting to reconnect...
12:08:29.56-[Warning]-PLC Q_Enthernet: Reconnection attempt 90 failed.
12:08:30.57-[Warning]-PLC Q_Enthernet: Connection lost. Attempting to reconnect...
12:08:37.60-[Warning]-PLC Q_Enthernet: Reconnection attempt 91 failed.
12:08:38.61-[Warning]-PLC Q_Enthernet: Connection lost. Attempting to reconnect...
12:08:45.66-[Warning]-PLC Q_Enthernet: Reconnection attempt 92 failed.
12:08:46.66-[Warning]-PLC Q_Enthernet: Connection lost. Attempting to reconnect...
12:08:53.69-[Warning]-PLC Q_Enthernet: Reconnection attempt 93 failed.
12:08:54.69-[Warning]-PLC Q_Enthernet: Connection lost. Attempting to reconnect...
12:09:01.72-[Warning]-PLC Q_Enthernet: Reconnection attempt 94 failed.
12:09:02.74-[Warning]-PLC Q_Enthernet: Connection lost. Attempting to reconnect...
12:09:09.76-[Warning]-PLC Q_Enthernet: Reconnection attempt 95 failed.
12:09:10.77-[Warning]-PLC Q_Enthernet: Connection lost. Attempting to reconnect...
12:09:17.78-[Warning]-PLC Q_Enthernet: Reconnection attempt 96 failed.
12:09:18.80-[Warning]-PLC Q_Enthernet: Connection lost. Attempting to reconnect...
12:09:25.84-[Warning]-PLC Q_Enthernet: Reconnection attempt 97 failed.
12:09:26.85-[Warning]-PLC Q_Enthernet: Connection lost. Attempting to reconnect...
12:09:33.88-[Warning]-PLC Q_Enthernet: Reconnection attempt 98 failed.
12:09:34.89-[Warning]-PLC Q_Enthernet: Connection lost. Attempting to reconnect...
12:09:41.93-[Warning]-PLC Q_Enthernet: Reconnection attempt 99 failed.
12:09:42.94-[Warning]-PLC Q_Enthernet: Connection lost. Attempting to reconnect...
12:09:49.98-[Warning]-PLC Q_Enthernet: Reconnection attempt 100 failed.
12:09:50.99-[Warning]-PLC Q_Enthernet: Connection lost. Attempting to reconnect...
12:09:58.01-[Warning]-PLC Q_Enthernet: Reconnection attempt 101 failed.
12:09:59.02-[Warning]-PLC Q_Enthernet: Connection lost. Attempting to reconnect...
12:10:06.06-[Warning]-PLC Q_Enthernet: Reconnection attempt 102 failed.
12:10:07.08-[Warning]-PLC Q_Enthernet: Connection lost. Attempting to reconnect...
12:10:14.11-[Warning]-PLC Q_Enthernet: Reconnection attempt 103 failed.
12:10:15.13-[Warning]-PLC Q_Enthernet: Connection lost. Attempting to reconnect...
12:10:22.16-[Warning]-PLC Q_Enthernet: Reconnection attempt 104 failed.
12:10:23.18-[Warning]-PLC Q_Enthernet: Connection lost. Attempting to reconnect...
12:10:30.21-[Warning]-PLC Q_Enthernet: Reconnection attempt 105 failed.
12:10:31.22-[Warning]-PLC Q_Enthernet: Connection lost. Attempting to reconnect...
12:10:38.26-[Warning]-PLC Q_Enthernet: Reconnection attempt 106 failed.
12:10:39.27-[Warning]-PLC Q_Enthernet: Connection lost. Attempting to reconnect...
12:10:46.31-[Warning]-PLC Q_Enthernet: Reconnection attempt 107 failed.
12:10:47.33-[Warning]-PLC Q_Enthernet: Connection lost. Attempting to reconnect...
12:10:54.36-[Warning]-PLC Q_Enthernet: Reconnection attempt 108 failed.
12:10:55.36-[Warning]-PLC Q_Enthernet: Connection lost. Attempting to reconnect...
12:11:02.39-[Warning]-PLC Q_Enthernet: Reconnection attempt 109 failed.
12:11:03.40-[Warning]-PLC Q_Enthernet: Connection lost. Attempting to reconnect...
12:11:10.44-[Warning]-PLC Q_Enthernet: Reconnection attempt 110 failed.
12:11:11.46-[Warning]-PLC Q_Enthernet: Connection lost. Attempting to reconnect...
12:11:18.51-[Warning]-PLC Q_Enthernet: Reconnection attempt 111 failed.
12:11:19.53-[Warning]-PLC Q_Enthernet: Connection lost. Attempting to reconnect...
12:11:26.56-[Warning]-PLC Q_Enthernet: Reconnection attempt 112 failed.
12:11:27.57-[Warning]-PLC Q_Enthernet: Connection lost. Attempting to reconnect...
12:11:34.61-[Warning]-PLC Q_Enthernet: Reconnection attempt 113 failed.
12:11:35.61-[Warning]-PLC Q_Enthernet: Connection lost. Attempting to reconnect...
12:11:42.63-[Warning]-PLC Q_Enthernet: Reconnection attempt 114 failed.
12:11:43.64-[Warning]-PLC Q_Enthernet: Connection lost. Attempting to reconnect...
12:11:50.68-[Warning]-PLC Q_Enthernet: Reconnection attempt 115 failed.
12:11:51.70-[Warning]-PLC Q_Enthernet: Connection lost. Attempting to reconnect...
12:11:58.73-[Warning]-PLC Q_Enthernet: Reconnection attempt 116 failed.
12:11:59.74-[Warning]-PLC Q_Enthernet: Connection lost. Attempting to reconnect...
12:12:06.76-[Warning]-PLC Q_Enthernet: Reconnection attempt 117 failed.
12:12:07.77-[Warning]-PLC Q_Enthernet: Connection lost. Attempting to reconnect...
12:12:14.81-[Warning]-PLC Q_Enthernet: Reconnection attempt 118 failed.
12:12:15.82-[Warning]-PLC Q_Enthernet: Connection lost. Attempting to reconnect...
12:12:22.85-[Warning]-PLC Q_Enthernet: Reconnection attempt 119 failed.
12:12:23.87-[Warning]-PLC Q_Enthernet: Connection lost. Attempting to reconnect...
12:12:30.90-[Warning]-PLC Q_Enthernet: Reconnection attempt 120 failed.
12:12:31.91-[Warning]-PLC Q_Enthernet: Connection lost. Attempting to reconnect...
12:12:38.94-[Warning]-PLC Q_Enthernet: Reconnection attempt 121 failed.
12:12:39.96-[Warning]-PLC Q_Enthernet: Connection lost. Attempting to reconnect...
12:12:46.99-[Warning]-PLC Q_Enthernet: Reconnection attempt 122 failed.
12:12:48.01-[Warning]-PLC Q_Enthernet: Connection lost. Attempting to reconnect...
12:12:55.04-[Warning]-PLC Q_Enthernet: Reconnection attempt 123 failed.
12:12:56.05-[Warning]-PLC Q_Enthernet: Connection lost. Attempting to reconnect...
12:13:03.09-[Warning]-PLC Q_Enthernet: Reconnection attempt 124 failed.
12:13:04.10-[Warning]-PLC Q_Enthernet: Connection lost. Attempting to reconnect...
12:13:11.13-[Warning]-PLC Q_Enthernet: Reconnection attempt 125 failed.
12:13:12.15-[Warning]-PLC Q_Enthernet: Connection lost. Attempting to reconnect...
12:13:19.18-[Warning]-PLC Q_Enthernet: Reconnection attempt 126 failed.
12:13:20.19-[Warning]-PLC Q_Enthernet: Connection lost. Attempting to reconnect...
12:13:27.21-[Warning]-PLC Q_Enthernet: Reconnection attempt 127 failed.
12:13:28.22-[Warning]-PLC Q_Enthernet: Connection lost. Attempting to reconnect...
12:13:35.26-[Warning]-PLC Q_Enthernet: Reconnection attempt 128 failed.
12:13:36.27-[Warning]-PLC Q_Enthernet: Connection lost. Attempting to reconnect...
12:13:43.30-[Warning]-PLC Q_Enthernet: Reconnection attempt 129 failed.
12:13:44.32-[Warning]-PLC Q_Enthernet: Connection lost. Attempting to reconnect...
12:13:51.35-[Warning]-PLC Q_Enthernet: Reconnection attempt 130 failed.
12:13:52.35-[Warning]-PLC Q_Enthernet: Connection lost. Attempting to reconnect...
12:13:59.38-[Warning]-PLC Q_Enthernet: Reconnection attempt 131 failed.
12:14:00.39-[Warning]-PLC Q_Enthernet: Connection lost. Attempting to reconnect...
12:14:07.43-[Warning]-PLC Q_Enthernet: Reconnection attempt 132 failed.
12:14:08.44-[Warning]-PLC Q_Enthernet: Connection lost. Attempting to reconnect...
12:14:15.47-[Warning]-PLC Q_Enthernet: Reconnection attempt 133 failed.
12:14:16.47-[Warning]-PLC Q_Enthernet: Connection lost. Attempting to reconnect...
12:14:23.51-[Warning]-PLC Q_Enthernet: Reconnection attempt 134 failed.
12:14:24.52-[Warning]-PLC Q_Enthernet: Connection lost. Attempting to reconnect...
12:14:31.55-[Warning]-PLC Q_Enthernet: Reconnection attempt 135 failed.
12:14:32.57-[Warning]-PLC Q_Enthernet: Connection lost. Attempting to reconnect...
12:14:39.60-[Warning]-PLC Q_Enthernet: Reconnection attempt 136 failed.
12:14:40.61-[Warning]-PLC Q_Enthernet: Connection lost. Attempting to reconnect...
12:14:47.65-[Warning]-PLC Q_Enthernet: Reconnection attempt 137 failed.
12:14:48.66-[Warning]-PLC Q_Enthernet: Connection lost. Attempting to reconnect...
12:14:55.68-[Warning]-PLC Q_Enthernet: Reconnection attempt 138 failed.
12:14:56.69-[Warning]-PLC Q_Enthernet: Connection lost. Attempting to reconnect...
12:15:03.73-[Warning]-PLC Q_Enthernet: Reconnection attempt 139 failed.
12:15:04.74-[Warning]-PLC Q_Enthernet: Connection lost. Attempting to reconnect...
12:15:11.77-[Warning]-PLC Q_Enthernet: Reconnection attempt 140 failed.
12:15:12.79-[Warning]-PLC Q_Enthernet: Connection lost. Attempting to reconnect...
12:15:19.82-[Warning]-PLC Q_Enthernet: Reconnection attempt 141 failed.
12:15:20.84-[Warning]-PLC Q_Enthernet: Connection lost. Attempting to reconnect...
12:15:27.87-[Warning]-PLC Q_Enthernet: Reconnection attempt 142 failed.
12:15:28.88-[Warning]-PLC Q_Enthernet: Connection lost. Attempting to reconnect...
12:15:35.92-[Warning]-PLC Q_Enthernet: Reconnection attempt 143 failed.
12:15:36.92-[Warning]-PLC Q_Enthernet: Connection lost. Attempting to reconnect...
12:15:43.96-[Warning]-PLC Q_Enthernet: Reconnection attempt 144 failed.
12:15:44.97-[Warning]-PLC Q_Enthernet: Connection lost. Attempting to reconnect...
12:15:52.01-[Warning]-PLC Q_Enthernet: Reconnection attempt 145 failed.
12:15:53.02-[Warning]-PLC Q_Enthernet: Connection lost. Attempting to reconnect...
12:16:00.06-[Warning]-PLC Q_Enthernet: Reconnection attempt 146 failed.
12:16:01.07-[Warning]-PLC Q_Enthernet: Connection lost. Attempting to reconnect...
12:16:08.09-[Warning]-PLC Q_Enthernet: Reconnection attempt 147 failed.
12:16:09.10-[Warning]-PLC Q_Enthernet: Connection lost. Attempting to reconnect...
12:16:16.12-[Warning]-PLC Q_Enthernet: Reconnection attempt 148 failed.
12:16:17.13-[Warning]-PLC Q_Enthernet: Connection lost. Attempting to reconnect...
12:16:24.16-[Warning]-PLC Q_Enthernet: Reconnection attempt 149 failed.
12:16:25.18-[Warning]-PLC Q_Enthernet: Connection lost. Attempting to reconnect...
12:16:32.21-[Warning]-PLC Q_Enthernet: Reconnection attempt 150 failed.
12:16:33.22-[Warning]-PLC Q_Enthernet: Connection lost. Attempting to reconnect...
12:16:40.26-[Warning]-PLC Q_Enthernet: Reconnection attempt 151 failed.
12:16:41.27-[Warning]-PLC Q_Enthernet: Connection lost. Attempting to reconnect...
12:16:48.30-[Warning]-PLC Q_Enthernet: Reconnection attempt 152 failed.
12:16:49.32-[Warning]-PLC Q_Enthernet: Connection lost. Attempting to reconnect...
12:16:56.35-[Warning]-PLC Q_Enthernet: Reconnection attempt 153 failed.
12:16:57.36-[Warning]-PLC Q_Enthernet: Connection lost. Attempting to reconnect...
12:17:04.38-[Warning]-PLC Q_Enthernet: Reconnection attempt 154 failed.
12:17:05.38-[Warning]-PLC Q_Enthernet: Connection lost. Attempting to reconnect...
12:17:12.41-[Warning]-PLC Q_Enthernet: Reconnection attempt 155 failed.
12:17:13.43-[Warning]-PLC Q_Enthernet: Connection lost. Attempting to reconnect...
12:17:20.46-[Warning]-PLC Q_Enthernet: Reconnection attempt 156 failed.
12:17:21.47-[Warning]-PLC Q_Enthernet: Connection lost. Attempting to reconnect...
12:17:28.51-[Warning]-PLC Q_Enthernet: Reconnection attempt 157 failed.
12:17:29.52-[Warning]-PLC Q_Enthernet: Connection lost. Attempting to reconnect...
12:17:36.56-[Warning]-PLC Q_Enthernet: Reconnection attempt 158 failed.
12:17:37.57-[Warning]-PLC Q_Enthernet: Connection lost. Attempting to reconnect...
12:17:44.60-[Warning]-PLC Q_Enthernet: Reconnection attempt 159 failed.
12:17:45.61-[Warning]-PLC Q_Enthernet: Connection lost. Attempting to reconnect...
12:17:52.65-[Warning]-PLC Q_Enthernet: Reconnection attempt 160 failed.
12:17:53.66-[Warning]-PLC Q_Enthernet: Connection lost. Attempting to reconnect...
12:18:00.70-[Warning]-PLC Q_Enthernet: Reconnection attempt 161 failed.
12:18:01.71-[Warning]-PLC Q_Enthernet: Connection lost. Attempting to reconnect...
12:18:08.75-[Warning]-PLC Q_Enthernet: Reconnection attempt 162 failed.
12:18:09.75-[Warning]-PLC Q_Enthernet: Connection lost. Attempting to reconnect...
12:18:16.79-[Warning]-PLC Q_Enthernet: Reconnection attempt 163 failed.
12:18:17.80-[Warning]-PLC Q_Enthernet: Connection lost. Attempting to reconnect...
12:18:24.84-[Warning]-PLC Q_Enthernet: Reconnection attempt 164 failed.
12:18:25.85-[Warning]-PLC Q_Enthernet: Connection lost. Attempting to reconnect...
12:18:32.88-[Warning]-PLC Q_Enthernet: Reconnection attempt 165 failed.
12:18:33.89-[Warning]-PLC Q_Enthernet: Connection lost. Attempting to reconnect...
12:18:40.93-[Warning]-PLC Q_Enthernet: Reconnection attempt 166 failed.
12:18:41.94-[Warning]-PLC Q_Enthernet: Connection lost. Attempting to reconnect...
12:18:48.96-[Warning]-PLC Q_Enthernet: Reconnection attempt 167 failed.
12:18:49.97-[Warning]-PLC Q_Enthernet: Connection lost. Attempting to reconnect...
12:18:57.01-[Warning]-PLC Q_Enthernet: Reconnection attempt 168 failed.
12:18:58.02-[Warning]-PLC Q_Enthernet: Connection lost. Attempting to reconnect...
12:19:05.06-[Warning]-PLC Q_Enthernet: Reconnection attempt 169 failed.
12:19:06.07-[Warning]-PLC Q_Enthernet: Connection lost. Attempting to reconnect...
12:19:13.09-[Warning]-PLC Q_Enthernet: Reconnection attempt 170 failed.
12:19:14.10-[Warning]-PLC Q_Enthernet: Connection lost. Attempting to reconnect...
12:19:21.14-[Warning]-PLC Q_Enthernet: Reconnection attempt 171 failed.
12:19:22.15-[Warning]-PLC Q_Enthernet: Connection lost. Attempting to reconnect...
12:19:29.19-[Warning]-PLC Q_Enthernet: Reconnection attempt 172 failed.
12:19:30.21-[Warning]-PLC Q_Enthernet: Connection lost. Attempting to reconnect...
12:19:37.22-[Warning]-PLC Q_Enthernet: Reconnection attempt 173 failed.
12:19:38.23-[Warning]-PLC Q_Enthernet: Connection lost. Attempting to reconnect...
12:19:45.26-[Warning]-PLC Q_Enthernet: Reconnection attempt 174 failed.
12:19:46.27-[Warning]-PLC Q_Enthernet: Connection lost. Attempting to reconnect...
12:19:53.30-[Warning]-PLC Q_Enthernet: Reconnection attempt 175 failed.
12:19:54.32-[Warning]-PLC Q_Enthernet: Connection lost. Attempting to reconnect...
12:20:01.35-[Warning]-PLC Q_Enthernet: Reconnection attempt 176 failed.
12:20:02.36-[Warning]-PLC Q_Enthernet: Connection lost. Attempting to reconnect...
12:20:09.38-[Warning]-PLC Q_Enthernet: Reconnection attempt 177 failed.
12:20:10.40-[Warning]-PLC Q_Enthernet: Connection lost. Attempting to reconnect...
12:20:17.42-[Warning]-PLC Q_Enthernet: Reconnection attempt 178 failed.
12:20:18.42-[Warning]-PLC Q_Enthernet: Connection lost. Attempting to reconnect...
12:20:25.45-[Warning]-PLC Q_Enthernet: Reconnection attempt 179 failed.
12:20:26.46-[Warning]-PLC Q_Enthernet: Connection lost. Attempting to reconnect...
12:20:33.49-[Warning]-PLC Q_Enthernet: Reconnection attempt 180 failed.
12:20:34.50-[Warning]-PLC Q_Enthernet: Connection lost. Attempting to reconnect...
12:20:41.54-[Warning]-PLC Q_Enthernet: Reconnection attempt 181 failed.
12:20:42.55-[Warning]-PLC Q_Enthernet: Connection lost. Attempting to reconnect...
12:20:49.59-[Warning]-PLC Q_Enthernet: Reconnection attempt 182 failed.
12:20:50.60-[Warning]-PLC Q_Enthernet: Connection lost. Attempting to reconnect...
12:20:57.64-[Warning]-PLC Q_Enthernet: Reconnection attempt 183 failed.
12:20:58.66-[Warning]-PLC Q_Enthernet: Connection lost. Attempting to reconnect...
12:21:05.68-[Warning]-PLC Q_Enthernet: Reconnection attempt 184 failed.
12:21:06.69-[Warning]-PLC Q_Enthernet: Connection lost. Attempting to reconnect...
12:21:13.73-[Warning]-PLC Q_Enthernet: Reconnection attempt 185 failed.
12:21:14.74-[Warning]-PLC Q_Enthernet: Connection lost. Attempting to reconnect...
12:21:21.76-[Warning]-PLC Q_Enthernet: Reconnection attempt 186 failed.
12:21:22.77-[Warning]-PLC Q_Enthernet: Connection lost. Attempting to reconnect...
12:21:29.81-[Warning]-PLC Q_Enthernet: Reconnection attempt 187 failed.
12:21:30.82-[Warning]-PLC Q_Enthernet: Connection lost. Attempting to reconnect...
12:21:37.85-[Warning]-PLC Q_Enthernet: Reconnection attempt 188 failed.
12:21:38.86-[Warning]-PLC Q_Enthernet: Connection lost. Attempting to reconnect...
12:21:45.90-[Warning]-PLC Q_Enthernet: Reconnection attempt 189 failed.
12:21:46.90-[Warning]-PLC Q_Enthernet: Connection lost. Attempting to reconnect...
12:21:53.93-[Warning]-PLC Q_Enthernet: Reconnection attempt 190 failed.
12:21:54.94-[Warning]-PLC Q_Enthernet: Connection lost. Attempting to reconnect...
12:22:01.96-[Warning]-PLC Q_Enthernet: Reconnection attempt 191 failed.
12:22:02.97-[Warning]-PLC Q_Enthernet: Connection lost. Attempting to reconnect...
12:22:10.00-[Warning]-PLC Q_Enthernet: Reconnection attempt 192 failed.
12:22:11.02-[Warning]-PLC Q_Enthernet: Connection lost. Attempting to reconnect...
12:22:18.06-[Warning]-PLC Q_Enthernet: Reconnection attempt 193 failed.
12:22:19.07-[Warning]-PLC Q_Enthernet: Connection lost. Attempting to reconnect...
12:22:26.10-[Warning]-PLC Q_Enthernet: Reconnection attempt 194 failed.
12:22:27.11-[Warning]-PLC Q_Enthernet: Connection lost. Attempting to reconnect...
12:22:34.13-[Warning]-PLC Q_Enthernet: Reconnection attempt 195 failed.
12:22:35.14-[Warning]-PLC Q_Enthernet: Connection lost. Attempting to reconnect...
12:22:42.18-[Warning]-PLC Q_Enthernet: Reconnection attempt 196 failed.
12:22:43.20-[Warning]-PLC Q_Enthernet: Connection lost. Attempting to reconnect...
12:22:50.23-[Warning]-PLC Q_Enthernet: Reconnection attempt 197 failed.
12:22:51.24-[Warning]-PLC Q_Enthernet: Connection lost. Attempting to reconnect...
12:22:58.28-[Warning]-PLC Q_Enthernet: Reconnection attempt 198 failed.
12:22:59.29-[Warning]-PLC Q_Enthernet: Connection lost. Attempting to reconnect...
12:23:06.33-[Warning]-PLC Q_Enthernet: Reconnection attempt 199 failed.
12:23:07.35-[Warning]-PLC Q_Enthernet: Connection lost. Attempting to reconnect...
12:23:14.38-[Warning]-PLC Q_Enthernet: Reconnection attempt 200 failed.
12:23:15.38-[Warning]-PLC Q_Enthernet: Connection lost. Attempting to reconnect...
12:23:22.42-[Warning]-PLC Q_Enthernet: Reconnection attempt 201 failed.
12:23:23.43-[Warning]-PLC Q_Enthernet: Connection lost. Attempting to reconnect...
12:23:30.46-[Warning]-PLC Q_Enthernet: Reconnection attempt 202 failed.
12:23:31.48-[Warning]-PLC Q_Enthernet: Connection lost. Attempting to reconnect...
12:23:38.51-[Warning]-PLC Q_Enthernet: Reconnection attempt 203 failed.
12:23:39.53-[Warning]-PLC Q_Enthernet: Connection lost. Attempting to reconnect...
12:23:46.55-[Warning]-PLC Q_Enthernet: Reconnection attempt 204 failed.
12:23:47.57-[Warning]-PLC Q_Enthernet: Connection lost. Attempting to reconnect...
12:23:54.60-[Warning]-PLC Q_Enthernet: Reconnection attempt 205 failed.
12:23:55.61-[Warning]-PLC Q_Enthernet: Connection lost. Attempting to reconnect...
12:24:02.65-[Warning]-PLC Q_Enthernet: Reconnection attempt 206 failed.
12:24:03.66-[Warning]-PLC Q_Enthernet: Connection lost. Attempting to reconnect...
12:24:10.69-[Warning]-PLC Q_Enthernet: Reconnection attempt 207 failed.
12:24:11.71-[Warning]-PLC Q_Enthernet: Connection lost. Attempting to reconnect...
12:24:18.75-[Warning]-PLC Q_Enthernet: Reconnection attempt 208 failed.
12:24:19.76-[Warning]-PLC Q_Enthernet: Connection lost. Attempting to reconnect...
12:24:26.80-[Warning]-PLC Q_Enthernet: Reconnection attempt 209 failed.
12:24:27.82-[Warning]-PLC Q_Enthernet: Connection lost. Attempting to reconnect...
12:24:34.85-[Warning]-PLC Q_Enthernet: Reconnection attempt 210 failed.
12:24:35.86-[Warning]-PLC Q_Enthernet: Connection lost. Attempting to reconnect...
12:24:42.88-[Warning]-PLC Q_Enthernet: Reconnection attempt 211 failed.
12:24:43.89-[Warning]-PLC Q_Enthernet: Connection lost. Attempting to reconnect...
12:24:50.93-[Warning]-PLC Q_Enthernet: Reconnection attempt 212 failed.
12:24:51.94-[Warning]-PLC Q_Enthernet: Connection lost. Attempting to reconnect...
12:24:58.98-[Warning]-PLC Q_Enthernet: Reconnection attempt 213 failed.
12:24:59.99-[Warning]-PLC Q_Enthernet: Connection lost. Attempting to reconnect...
12:25:07.03-[Warning]-PLC Q_Enthernet: Reconnection attempt 214 failed.
12:25:08.03-[Warning]-PLC Q_Enthernet: Connection lost. Attempting to reconnect...
12:25:15.06-[Warning]-PLC Q_Enthernet: Reconnection attempt 215 failed.
12:25:16.07-[Warning]-PLC Q_Enthernet: Connection lost. Attempting to reconnect...
12:25:23.10-[Warning]-PLC Q_Enthernet: Reconnection attempt 216 failed.
12:25:24.11-[Warning]-PLC Q_Enthernet: Connection lost. Attempting to reconnect...
12:25:31.15-[Warning]-PLC Q_Enthernet: Reconnection attempt 217 failed.
12:25:32.16-[Warning]-PLC Q_Enthernet: Connection lost. Attempting to reconnect...
12:25:39.20-[Warning]-PLC Q_Enthernet: Reconnection attempt 218 failed.
12:25:40.21-[Warning]-PLC Q_Enthernet: Connection lost. Attempting to reconnect...
12:25:47.25-[Warning]-PLC Q_Enthernet: Reconnection attempt 219 failed.
12:25:48.26-[Warning]-PLC Q_Enthernet: Connection lost. Attempting to reconnect...
12:25:55.29-[Warning]-PLC Q_Enthernet: Reconnection attempt 220 failed.
12:25:56.30-[Warning]-PLC Q_Enthernet: Connection lost. Attempting to reconnect...
12:26:03.34-[Warning]-PLC Q_Enthernet: Reconnection attempt 221 failed.
12:26:04.35-[Warning]-PLC Q_Enthernet: Connection lost. Attempting to reconnect...
12:26:11.36-[Warning]-PLC Q_Enthernet: Reconnection attempt 222 failed.
12:26:12.37-[Warning]-PLC Q_Enthernet: Connection lost. Attempting to reconnect...
12:26:19.40-[Warning]-PLC Q_Enthernet: Reconnection attempt 223 failed.
12:26:20.42-[Warning]-PLC Q_Enthernet: Connection lost. Attempting to reconnect...
12:26:27.45-[Warning]-PLC Q_Enthernet: Reconnection attempt 224 failed.
12:26:28.46-[Warning]-PLC Q_Enthernet: Connection lost. Attempting to reconnect...
12:26:35.49-[Warning]-PLC Q_Enthernet: Reconnection attempt 225 failed.
12:26:36.50-[Warning]-PLC Q_Enthernet: Connection lost. Attempting to reconnect...
12:26:43.54-[Warning]-PLC Q_Enthernet: Reconnection attempt 226 failed.
12:26:44.55-[Warning]-PLC Q_Enthernet: Connection lost. Attempting to reconnect...
12:26:51.58-[Warning]-PLC Q_Enthernet: Reconnection attempt 227 failed.
12:26:52.60-[Warning]-PLC Q_Enthernet: Connection lost. Attempting to reconnect...
12:26:59.63-[Warning]-PLC Q_Enthernet: Reconnection attempt 228 failed.
12:27:00.64-[Warning]-PLC Q_Enthernet: Connection lost. Attempting to reconnect...
12:27:07.68-[Warning]-PLC Q_Enthernet: Reconnection attempt 229 failed.
12:27:08.69-[Warning]-PLC Q_Enthernet: Connection lost. Attempting to reconnect...
12:27:15.73-[Warning]-PLC Q_Enthernet: Reconnection attempt 230 failed.
12:27:16.74-[Warning]-PLC Q_Enthernet: Connection lost. Attempting to reconnect...
12:27:23.76-[Warning]-PLC Q_Enthernet: Reconnection attempt 231 failed.
12:27:24.77-[Warning]-PLC Q_Enthernet: Connection lost. Attempting to reconnect...
12:27:31.81-[Warning]-PLC Q_Enthernet: Reconnection attempt 232 failed.
12:27:32.82-[Warning]-PLC Q_Enthernet: Connection lost. Attempting to reconnect...
12:27:39.86-[Warning]-PLC Q_Enthernet: Reconnection attempt 233 failed.
12:27:40.87-[Warning]-PLC Q_Enthernet: Connection lost. Attempting to reconnect...
12:27:47.91-[Warning]-PLC Q_Enthernet: Reconnection attempt 234 failed.
12:27:48.91-[Warning]-PLC Q_Enthernet: Connection lost. Attempting to reconnect...
12:27:55.95-[Warning]-PLC Q_Enthernet: Reconnection attempt 235 failed.
12:27:56.96-[Warning]-PLC Q_Enthernet: Connection lost. Attempting to reconnect...
12:28:03.99-[Warning]-PLC Q_Enthernet: Reconnection attempt 236 failed.
12:28:05.01-[Warning]-PLC Q_Enthernet: Connection lost. Attempting to reconnect...
12:28:12.04-[Warning]-PLC Q_Enthernet: Reconnection attempt 237 failed.
12:28:13.06-[Warning]-PLC Q_Enthernet: Connection lost. Attempting to reconnect...
12:28:20.09-[Warning]-PLC Q_Enthernet: Reconnection attempt 238 failed.
12:28:21.10-[Warning]-PLC Q_Enthernet: Connection lost. Attempting to reconnect...
12:28:28.12-[Warning]-PLC Q_Enthernet: Reconnection attempt 239 failed.
12:28:29.14-[Warning]-PLC Q_Enthernet: Connection lost. Attempting to reconnect...
12:28:36.16-[Warning]-PLC Q_Enthernet: Reconnection attempt 240 failed.
12:28:37.18-[Warning]-PLC Q_Enthernet: Connection lost. Attempting to reconnect...
12:28:44.21-[Warning]-PLC Q_Enthernet: Reconnection attempt 241 failed.
12:28:45.23-[Warning]-PLC Q_Enthernet: Connection lost. Attempting to reconnect...
12:28:52.26-[Warning]-PLC Q_Enthernet: Reconnection attempt 242 failed.
12:28:53.27-[Warning]-PLC Q_Enthernet: Connection lost. Attempting to reconnect...
12:29:00.31-[Warning]-PLC Q_Enthernet: Reconnection attempt 243 failed.
12:29:01.32-[Warning]-PLC Q_Enthernet: Connection lost. Attempting to reconnect...
12:29:08.35-[Warning]-PLC Q_Enthernet: Reconnection attempt 244 failed.
12:29:09.36-[Warning]-PLC Q_Enthernet: Connection lost. Attempting to reconnect...
12:29:16.39-[Warning]-PLC Q_Enthernet: Reconnection attempt 245 failed.
12:29:17.41-[Warning]-PLC Q_Enthernet: Connection lost. Attempting to reconnect...
12:29:24.45-[Warning]-PLC Q_Enthernet: Reconnection attempt 246 failed.
12:29:25.46-[Warning]-PLC Q_Enthernet: Connection lost. Attempting to reconnect...
12:29:32.49-[Warning]-PLC Q_Enthernet: Reconnection attempt 247 failed.
12:29:33.50-[Warning]-PLC Q_Enthernet: Connection lost. Attempting to reconnect...
12:29:40.54-[Warning]-PLC Q_Enthernet: Reconnection attempt 248 failed.
12:29:41.55-[Warning]-PLC Q_Enthernet: Connection lost. Attempting to reconnect...
12:29:48.59-[Warning]-PLC Q_Enthernet: Reconnection attempt 249 failed.
12:29:49.60-[Warning]-PLC Q_Enthernet: Connection lost. Attempting to reconnect...
12:29:56.64-[Warning]-PLC Q_Enthernet: Reconnection attempt 250 failed.
12:29:57.65-[Warning]-PLC Q_Enthernet: Connection lost. Attempting to reconnect...
12:30:04.68-[Warning]-PLC Q_Enthernet: Reconnection attempt 251 failed.
12:30:05.69-[Warning]-PLC Q_Enthernet: Connection lost. Attempting to reconnect...
12:30:12.73-[Warning]-PLC Q_Enthernet: Reconnection attempt 252 failed.
12:30:13.74-[Warning]-PLC Q_Enthernet: Connection lost. Attempting to reconnect...
12:30:20.77-[Warning]-PLC Q_Enthernet: Reconnection attempt 253 failed.
12:30:21.79-[Warning]-PLC Q_Enthernet: Connection lost. Attempting to reconnect...
12:30:28.82-[Warning]-PLC Q_Enthernet: Reconnection attempt 254 failed.
12:30:29.83-[Warning]-PLC Q_Enthernet: Connection lost. Attempting to reconnect...
12:30:36.86-[Warning]-PLC Q_Enthernet: Reconnection attempt 255 failed.
12:30:37.87-[Warning]-PLC Q_Enthernet: Connection lost. Attempting to reconnect...
12:30:43.38-[Warning]-PLC Q_Enthernet: Reconnection attempt 256 failed.
12:30:44.40-[Warning]-PLC Q_Enthernet: Connection lost. Attempting to reconnect...
12:30:51.43-[Warning]-PLC Q_Enthernet: Reconnection attempt 257 failed.
12:30:52.45-[Warning]-PLC Q_Enthernet: Connection lost. Attempting to reconnect...
12:30:59.48-[Warning]-PLC Q_Enthernet: Reconnection attempt 258 failed.
12:31:00.50-[Warning]-PLC Q_Enthernet: Connection lost. Attempting to reconnect...
12:31:07.53-[Warning]-PLC Q_Enthernet: Reconnection attempt 259 failed.
12:31:08.53-[Warning]-PLC Q_Enthernet: Connection lost. Attempting to reconnect...
12:31:15.56-[Warning]-PLC Q_Enthernet: Reconnection attempt 260 failed.
12:31:16.57-[Warning]-PLC Q_Enthernet: Connection lost. Attempting to reconnect...
12:31:23.61-[Warning]-PLC Q_Enthernet: Reconnection attempt 261 failed.
12:31:24.62-[Warning]-PLC Q_Enthernet: Connection lost. Attempting to reconnect...
12:31:31.69-[Warning]-PLC Q_Enthernet: Reconnection attempt 262 failed.
12:31:32.70-[Warning]-PLC Q_Enthernet: Connection lost. Attempting to reconnect...
12:31:39.75-[Warning]-PLC Q_Enthernet: Reconnection attempt 263 failed.
12:31:40.75-[Warning]-PLC Q_Enthernet: Connection lost. Attempting to reconnect...
12:31:47.78-[Warning]-PLC Q_Enthernet: Reconnection attempt 264 failed.
12:31:48.79-[Warning]-PLC Q_Enthernet: Connection lost. Attempting to reconnect...
12:31:55.82-[Warning]-PLC Q_Enthernet: Reconnection attempt 265 failed.
12:31:56.84-[Warning]-PLC Q_Enthernet: Connection lost. Attempting to reconnect...
12:32:03.88-[Warning]-PLC Q_Enthernet: Reconnection attempt 266 failed.
12:32:04.89-[Warning]-PLC Q_Enthernet: Connection lost. Attempting to reconnect...
12:32:11.92-[Warning]-PLC Q_Enthernet: Reconnection attempt 267 failed.
12:32:12.94-[Warning]-PLC Q_Enthernet: Connection lost. Attempting to reconnect...
12:32:19.97-[Warning]-PLC Q_Enthernet: Reconnection attempt 268 failed.
12:32:20.98-[Warning]-PLC Q_Enthernet: Connection lost. Attempting to reconnect...
12:32:28.02-[Warning]-PLC Q_Enthernet: Reconnection attempt 269 failed.
12:32:29.03-[Warning]-PLC Q_Enthernet: Connection lost. Attempting to reconnect...
12:32:36.06-[Warning]-PLC Q_Enthernet: Reconnection attempt 270 failed.
12:32:37.07-[Warning]-PLC Q_Enthernet: Connection lost. Attempting to reconnect...
12:32:44.09-[Warning]-PLC Q_Enthernet: Reconnection attempt 271 failed.
12:32:45.11-[Warning]-PLC Q_Enthernet: Connection lost. Attempting to reconnect...
12:32:52.14-[Warning]-PLC Q_Enthernet: Reconnection attempt 272 failed.
12:32:53.15-[Warning]-PLC Q_Enthernet: Connection lost. Attempting to reconnect...
12:33:00.19-[Warning]-PLC Q_Enthernet: Reconnection attempt 273 failed.
12:33:01.20-[Warning]-PLC Q_Enthernet: Connection lost. Attempting to reconnect...
12:33:08.26-[Warning]-PLC Q_Enthernet: Reconnection attempt 274 failed.
12:33:09.27-[Warning]-PLC Q_Enthernet: Connection lost. Attempting to reconnect...
12:33:16.29-[Warning]-PLC Q_Enthernet: Reconnection attempt 275 failed.
12:33:17.30-[Warning]-PLC Q_Enthernet: Connection lost. Attempting to reconnect...
12:33:24.33-[Warning]-PLC Q_Enthernet: Reconnection attempt 276 failed.
12:33:25.34-[Warning]-PLC Q_Enthernet: Connection lost. Attempting to reconnect...
12:33:32.38-[Warning]-PLC Q_Enthernet: Reconnection attempt 277 failed.
12:33:33.39-[Warning]-PLC Q_Enthernet: Connection lost. Attempting to reconnect...
12:33:40.41-[Warning]-PLC Q_Enthernet: Reconnection attempt 278 failed.
12:33:41.42-[Warning]-PLC Q_Enthernet: Connection lost. Attempting to reconnect...
12:33:48.45-[Warning]-PLC Q_Enthernet: Reconnection attempt 279 failed.
12:33:49.46-[Warning]-PLC Q_Enthernet: Connection lost. Attempting to reconnect...
12:33:56.50-[Warning]-PLC Q_Enthernet: Reconnection attempt 280 failed.
12:33:57.51-[Warning]-PLC Q_Enthernet: Connection lost. Attempting to reconnect...
12:34:04.55-[Warning]-PLC Q_Enthernet: Reconnection attempt 281 failed.
12:34:05.56-[Warning]-PLC Q_Enthernet: Connection lost. Attempting to reconnect...
12:34:12.58-[Warning]-PLC Q_Enthernet: Reconnection attempt 282 failed.
12:34:13.61-[Warning]-PLC Q_Enthernet: Connection lost. Attempting to reconnect...
12:34:20.65-[Warning]-PLC Q_Enthernet: Reconnection attempt 283 failed.
12:34:21.66-[Warning]-PLC Q_Enthernet: Connection lost. Attempting to reconnect...
12:34:28.70-[Warning]-PLC Q_Enthernet: Reconnection attempt 284 failed.
12:34:29.70-[Warning]-PLC Q_Enthernet: Connection lost. Attempting to reconnect...
12:34:36.74-[Warning]-PLC Q_Enthernet: Reconnection attempt 285 failed.
12:34:37.75-[Warning]-PLC Q_Enthernet: Connection lost. Attempting to reconnect...
12:34:44.80-[Warning]-PLC Q_Enthernet: Reconnection attempt 286 failed.
12:34:45.81-[Warning]-PLC Q_Enthernet: Connection lost. Attempting to reconnect...
12:34:52.87-[Warning]-PLC Q_Enthernet: Reconnection attempt 287 failed.
12:34:53.87-[Warning]-PLC Q_Enthernet: Connection lost. Attempting to reconnect...
12:35:00.92-[Warning]-PLC Q_Enthernet: Reconnection attempt 288 failed.
12:35:01.94-[Warning]-PLC Q_Enthernet: Connection lost. Attempting to reconnect...
12:35:09.02-[Warning]-PLC Q_Enthernet: Reconnection attempt 289 failed.
12:35:10.06-[Warning]-PLC Q_Enthernet: Connection lost. Attempting to reconnect...
12:35:17.09-[Warning]-PLC Q_Enthernet: Reconnection attempt 290 failed.
12:35:18.11-[Warning]-PLC Q_Enthernet: Connection lost. Attempting to reconnect...
12:35:25.14-[Warning]-PLC Q_Enthernet: Reconnection attempt 291 failed.
12:35:26.15-[Warning]-PLC Q_Enthernet: Connection lost. Attempting to reconnect...
12:35:33.19-[Warning]-PLC Q_Enthernet: Reconnection attempt 292 failed.
12:35:34.20-[Warning]-PLC Q_Enthernet: Connection lost. Attempting to reconnect...
12:35:41.23-[Warning]-PLC Q_Enthernet: Reconnection attempt 293 failed.
12:35:42.25-[Warning]-PLC Q_Enthernet: Connection lost. Attempting to reconnect...
12:35:49.28-[Warning]-PLC Q_Enthernet: Reconnection attempt 294 failed.
12:35:50.30-[Warning]-PLC Q_Enthernet: Connection lost. Attempting to reconnect...
12:35:57.33-[Warning]-PLC Q_Enthernet: Reconnection attempt 295 failed.
12:35:58.35-[Warning]-PLC Q_Enthernet: Connection lost. Attempting to reconnect...
12:36:05.38-[Warning]-PLC Q_Enthernet: Reconnection attempt 296 failed.
12:36:06.39-[Warning]-PLC Q_Enthernet: Connection lost. Attempting to reconnect...
12:36:13.42-[Warning]-PLC Q_Enthernet: Reconnection attempt 297 failed.
12:36:14.43-[Warning]-PLC Q_Enthernet: Connection lost. Attempting to reconnect...
12:36:21.45-[Warning]-PLC Q_Enthernet: Reconnection attempt 298 failed.
12:36:22.46-[Warning]-PLC Q_Enthernet: Connection lost. Attempting to reconnect...
12:36:29.50-[Warning]-PLC Q_Enthernet: Reconnection attempt 299 failed.
12:36:30.51-[Warning]-PLC Q_Enthernet: Connection lost. Attempting to reconnect...
12:36:37.54-[Warning]-PLC Q_Enthernet: Reconnection attempt 300 failed.
12:36:38.54-[Warning]-PLC Q_Enthernet: Connection lost. Attempting to reconnect...
12:36:45.58-[Warning]-PLC Q_Enthernet: Reconnection attempt 301 failed.
12:36:46.59-[Warning]-PLC Q_Enthernet: Connection lost. Attempting to reconnect...
12:36:53.62-[Warning]-PLC Q_Enthernet: Reconnection attempt 302 failed.
12:36:54.64-[Warning]-PLC Q_Enthernet: Connection lost. Attempting to reconnect...
12:37:01.67-[Warning]-PLC Q_Enthernet: Reconnection attempt 303 failed.
12:37:02.69-[Warning]-PLC Q_Enthernet: Connection lost. Attempting to reconnect...
12:37:09.72-[Warning]-PLC Q_Enthernet: Reconnection attempt 304 failed.
12:37:10.73-[Warning]-PLC Q_Enthernet: Connection lost. Attempting to reconnect...
12:37:17.77-[Warning]-PLC Q_Enthernet: Reconnection attempt 305 failed.
12:37:18.78-[Warning]-PLC Q_Enthernet: Connection lost. Attempting to reconnect...
12:37:25.81-[Warning]-PLC Q_Enthernet: Reconnection attempt 306 failed.
12:37:26.82-[Warning]-PLC Q_Enthernet: Connection lost. Attempting to reconnect...
12:37:33.86-[Warning]-PLC Q_Enthernet: Reconnection attempt 307 failed.
12:37:34.87-[Warning]-PLC Q_Enthernet: Connection lost. Attempting to reconnect...
12:37:41.90-[Warning]-PLC Q_Enthernet: Reconnection attempt 308 failed.
12:37:42.91-[Warning]-PLC Q_Enthernet: Connection lost. Attempting to reconnect...
12:37:49.94-[Warning]-PLC Q_Enthernet: Reconnection attempt 309 failed.
12:37:50.95-[Warning]-PLC Q_Enthernet: Connection lost. Attempting to reconnect...
12:37:57.99-[Warning]-PLC Q_Enthernet: Reconnection attempt 310 failed.
12:37:59.00-[Warning]-PLC Q_Enthernet: Connection lost. Attempting to reconnect...
12:38:06.03-[Warning]-PLC Q_Enthernet: Reconnection attempt 311 failed.
12:38:07.05-[Warning]-PLC Q_Enthernet: Connection lost. Attempting to reconnect...
12:38:14.08-[Warning]-PLC Q_Enthernet: Reconnection attempt 312 failed.
12:38:15.08-[Warning]-PLC Q_Enthernet: Connection lost. Attempting to reconnect...
12:38:22.11-[Warning]-PLC Q_Enthernet: Reconnection attempt 313 failed.
12:38:23.12-[Warning]-PLC Q_Enthernet: Connection lost. Attempting to reconnect...
12:38:30.16-[Warning]-PLC Q_Enthernet: Reconnection attempt 314 failed.
12:38:31.17-[Warning]-PLC Q_Enthernet: Connection lost. Attempting to reconnect...
12:38:38.20-[Warning]-PLC Q_Enthernet: Reconnection attempt 315 failed.
12:38:39.21-[Warning]-PLC Q_Enthernet: Connection lost. Attempting to reconnect...
12:38:46.24-[Warning]-PLC Q_Enthernet: Reconnection attempt 316 failed.
12:38:47.25-[Warning]-PLC Q_Enthernet: Connection lost. Attempting to reconnect...
12:38:54.28-[Warning]-PLC Q_Enthernet: Reconnection attempt 317 failed.
12:38:55.29-[Warning]-PLC Q_Enthernet: Connection lost. Attempting to reconnect...
12:39:02.33-[Warning]-PLC Q_Enthernet: Reconnection attempt 318 failed.
12:39:03.34-[Warning]-PLC Q_Enthernet: Connection lost. Attempting to reconnect...
12:39:10.36-[Warning]-PLC Q_Enthernet: Reconnection attempt 319 failed.
12:39:11.37-[Warning]-PLC Q_Enthernet: Connection lost. Attempting to reconnect...
12:39:18.39-[Warning]-PLC Q_Enthernet: Reconnection attempt 320 failed.
12:39:19.40-[Warning]-PLC Q_Enthernet: Connection lost. Attempting to reconnect...
12:39:26.43-[Warning]-PLC Q_Enthernet: Reconnection attempt 321 failed.
12:39:27.43-[Warning]-PLC Q_Enthernet: Connection lost. Attempting to reconnect...
12:39:34.47-[Warning]-PLC Q_Enthernet: Reconnection attempt 322 failed.
12:39:35.48-[Warning]-PLC Q_Enthernet: Connection lost. Attempting to reconnect...
12:39:42.51-[Warning]-PLC Q_Enthernet: Reconnection attempt 323 failed.
12:39:43.53-[Warning]-PLC Q_Enthernet: Connection lost. Attempting to reconnect...
12:39:50.56-[Warning]-PLC Q_Enthernet: Reconnection attempt 324 failed.
12:39:51.57-[Warning]-PLC Q_Enthernet: Connection lost. Attempting to reconnect...
12:39:58.61-[Warning]-PLC Q_Enthernet: Reconnection attempt 325 failed.
12:39:59.62-[Warning]-PLC Q_Enthernet: Connection lost. Attempting to reconnect...
12:40:06.66-[Warning]-PLC Q_Enthernet: Reconnection attempt 326 failed.
12:40:07.67-[Warning]-PLC Q_Enthernet: Connection lost. Attempting to reconnect...
12:40:14.72-[Warning]-PLC Q_Enthernet: Reconnection attempt 327 failed.
12:40:15.72-[Warning]-PLC Q_Enthernet: Connection lost. Attempting to reconnect...
12:40:22.75-[Warning]-PLC Q_Enthernet: Reconnection attempt 328 failed.
12:40:23.76-[Warning]-PLC Q_Enthernet: Connection lost. Attempting to reconnect...
12:40:30.80-[Warning]-PLC Q_Enthernet: Reconnection attempt 329 failed.
12:40:31.81-[Warning]-PLC Q_Enthernet: Connection lost. Attempting to reconnect...
12:40:38.85-[Warning]-PLC Q_Enthernet: Reconnection attempt 330 failed.
12:40:39.86-[Warning]-PLC Q_Enthernet: Connection lost. Attempting to reconnect...
12:40:46.89-[Warning]-PLC Q_Enthernet: Reconnection attempt 331 failed.
12:40:47.90-[Warning]-PLC Q_Enthernet: Connection lost. Attempting to reconnect...
12:40:54.94-[Warning]-PLC Q_Enthernet: Reconnection attempt 332 failed.
12:40:55.95-[Warning]-PLC Q_Enthernet: Connection lost. Attempting to reconnect...
12:41:03.00-[Warning]-PLC Q_Enthernet: Reconnection attempt 333 failed.
12:41:04.01-[Warning]-PLC Q_Enthernet: Connection lost. Attempting to reconnect...
12:41:11.05-[Warning]-PLC Q_Enthernet: Reconnection attempt 334 failed.
12:41:12.06-[Warning]-PLC Q_Enthernet: Connection lost. Attempting to reconnect...
12:41:19.08-[Warning]-PLC Q_Enthernet: Reconnection attempt 335 failed.
12:41:20.08-[Warning]-PLC Q_Enthernet: Connection lost. Attempting to reconnect...
12:41:27.12-[Warning]-PLC Q_Enthernet: Reconnection attempt 336 failed.
12:41:28.13-[Warning]-PLC Q_Enthernet: Connection lost. Attempting to reconnect...
12:41:35.16-[Warning]-PLC Q_Enthernet: Reconnection attempt 337 failed.
12:41:36.17-[Warning]-PLC Q_Enthernet: Connection lost. Attempting to reconnect...
12:41:43.19-[Warning]-PLC Q_Enthernet: Reconnection attempt 338 failed.
12:41:44.20-[Warning]-PLC Q_Enthernet: Connection lost. Attempting to reconnect...
12:41:51.22-[Warning]-PLC Q_Enthernet: Reconnection attempt 339 failed.
12:41:52.24-[Warning]-PLC Q_Enthernet: Connection lost. Attempting to reconnect...
12:41:59.27-[Warning]-PLC Q_Enthernet: Reconnection attempt 340 failed.
12:42:00.28-[Warning]-PLC Q_Enthernet: Connection lost. Attempting to reconnect...
12:42:07.31-[Warning]-PLC Q_Enthernet: Reconnection attempt 341 failed.
12:42:08.33-[Warning]-PLC Q_Enthernet: Connection lost. Attempting to reconnect...
12:42:15.36-[Warning]-PLC Q_Enthernet: Reconnection attempt 342 failed.
12:42:16.37-[Warning]-PLC Q_Enthernet: Connection lost. Attempting to reconnect...
12:42:23.41-[Warning]-PLC Q_Enthernet: Reconnection attempt 343 failed.
12:42:24.42-[Warning]-PLC Q_Enthernet: Connection lost. Attempting to reconnect...
12:42:31.44-[Warning]-PLC Q_Enthernet: Reconnection attempt 344 failed.
12:42:32.45-[Warning]-PLC Q_Enthernet: Connection lost. Attempting to reconnect...
12:42:39.49-[Warning]-PLC Q_Enthernet: Reconnection attempt 345 failed.
12:42:40.50-[Warning]-PLC Q_Enthernet: Connection lost. Attempting to reconnect...
12:42:47.53-[Warning]-PLC Q_Enthernet: Reconnection attempt 346 failed.
12:42:48.55-[Warning]-PLC Q_Enthernet: Connection lost. Attempting to reconnect...
12:42:55.58-[Warning]-PLC Q_Enthernet: Reconnection attempt 347 failed.
12:42:56.59-[Warning]-PLC Q_Enthernet: Connection lost. Attempting to reconnect...
12:43:03.63-[Warning]-PLC Q_Enthernet: Reconnection attempt 348 failed.
12:43:04.65-[Warning]-PLC Q_Enthernet: Connection lost. Attempting to reconnect...
12:43:11.67-[Warning]-PLC Q_Enthernet: Reconnection attempt 349 failed.
12:43:12.68-[Warning]-PLC Q_Enthernet: Connection lost. Attempting to reconnect...
12:43:19.72-[Warning]-PLC Q_Enthernet: Reconnection attempt 350 failed.
12:43:20.73-[Warning]-PLC Q_Enthernet: Connection lost. Attempting to reconnect...
12:43:27.77-[Warning]-PLC Q_Enthernet: Reconnection attempt 351 failed.
12:43:28.78-[Warning]-PLC Q_Enthernet: Connection lost. Attempting to reconnect...
12:43:35.82-[Warning]-PLC Q_Enthernet: Reconnection attempt 352 failed.
12:43:36.82-[Warning]-PLC Q_Enthernet: Connection lost. Attempting to reconnect...
12:43:43.86-[Warning]-PLC Q_Enthernet: Reconnection attempt 353 failed.
12:43:44.87-[Warning]-PLC Q_Enthernet: Connection lost. Attempting to reconnect...
12:43:51.91-[Warning]-PLC Q_Enthernet: Reconnection attempt 354 failed.
12:43:52.92-[Warning]-PLC Q_Enthernet: Connection lost. Attempting to reconnect...
12:43:59.95-[Warning]-PLC Q_Enthernet: Reconnection attempt 355 failed.
12:44:00.97-[Warning]-PLC Q_Enthernet: Connection lost. Attempting to reconnect...
12:44:08.00-[Warning]-PLC Q_Enthernet: Reconnection attempt 356 failed.
12:44:09.01-[Warning]-PLC Q_Enthernet: Connection lost. Attempting to reconnect...
12:44:16.03-[Warning]-PLC Q_Enthernet: Reconnection attempt 357 failed.
12:44:17.05-[Warning]-PLC Q_Enthernet: Connection lost. Attempting to reconnect...
12:44:24.08-[Warning]-PLC Q_Enthernet: Reconnection attempt 358 failed.
12:44:25.09-[Warning]-PLC Q_Enthernet: Connection lost. Attempting to reconnect...
12:44:32.11-[Warning]-PLC Q_Enthernet: Reconnection attempt 359 failed.
12:44:33.12-[Warning]-PLC Q_Enthernet: Connection lost. Attempting to reconnect...
12:44:40.15-[Warning]-PLC Q_Enthernet: Reconnection attempt 360 failed.
12:44:41.16-[Warning]-PLC Q_Enthernet: Connection lost. Attempting to reconnect...
12:44:48.20-[Warning]-PLC Q_Enthernet: Reconnection attempt 361 failed.
12:44:49.21-[Warning]-PLC Q_Enthernet: Connection lost. Attempting to reconnect...
12:44:56.25-[Warning]-PLC Q_Enthernet: Reconnection attempt 362 failed.
12:44:57.26-[Warning]-PLC Q_Enthernet: Connection lost. Attempting to reconnect...
12:45:04.30-[Warning]-PLC Q_Enthernet: Reconnection attempt 363 failed.
12:45:05.31-[Warning]-PLC Q_Enthernet: Connection lost. Attempting to reconnect...
12:45:12.33-[Warning]-PLC Q_Enthernet: Reconnection attempt 364 failed.
12:45:13.34-[Warning]-PLC Q_Enthernet: Connection lost. Attempting to reconnect...
12:45:20.38-[Warning]-PLC Q_Enthernet: Reconnection attempt 365 failed.
12:45:21.39-[Warning]-PLC Q_Enthernet: Connection lost. Attempting to reconnect...
12:45:28.42-[Warning]-PLC Q_Enthernet: Reconnection attempt 366 failed.
12:45:29.42-[Warning]-PLC Q_Enthernet: Connection lost. Attempting to reconnect...
12:45:36.46-[Warning]-PLC Q_Enthernet: Reconnection attempt 367 failed.
12:45:37.46-[Warning]-PLC Q_Enthernet: Connection lost. Attempting to reconnect...
12:45:44.50-[Warning]-PLC Q_Enthernet: Reconnection attempt 368 failed.
12:45:45.51-[Warning]-PLC Q_Enthernet: Connection lost. Attempting to reconnect...
12:45:52.55-[Warning]-PLC Q_Enthernet: Reconnection attempt 369 failed.
12:45:53.57-[Warning]-PLC Q_Enthernet: Connection lost. Attempting to reconnect...
12:46:00.60-[Warning]-PLC Q_Enthernet: Reconnection attempt 370 failed.
12:46:01.61-[Warning]-PLC Q_Enthernet: Connection lost. Attempting to reconnect...
12:46:08.64-[Warning]-PLC Q_Enthernet: Reconnection attempt 371 failed.
12:46:09.66-[Warning]-PLC Q_Enthernet: Connection lost. Attempting to reconnect...
12:46:16.69-[Warning]-PLC Q_Enthernet: Reconnection attempt 372 failed.
12:46:17.71-[Warning]-PLC Q_Enthernet: Connection lost. Attempting to reconnect...
12:46:24.75-[Warning]-PLC Q_Enthernet: Reconnection attempt 373 failed.
12:46:25.76-[Warning]-PLC Q_Enthernet: Connection lost. Attempting to reconnect...
12:46:32.78-[Warning]-PLC Q_Enthernet: Reconnection attempt 374 failed.
12:46:33.79-[Warning]-PLC Q_Enthernet: Connection lost. Attempting to reconnect...
12:46:40.82-[Warning]-PLC Q_Enthernet: Reconnection attempt 375 failed.
12:46:41.84-[Warning]-PLC Q_Enthernet: Connection lost. Attempting to reconnect...
12:46:48.86-[Warning]-PLC Q_Enthernet: Reconnection attempt 376 failed.
12:46:49.87-[Warning]-PLC Q_Enthernet: Connection lost. Attempting to reconnect...
12:46:56.91-[Warning]-PLC Q_Enthernet: Reconnection attempt 377 failed.
12:46:57.92-[Warning]-PLC Q_Enthernet: Connection lost. Attempting to reconnect...
12:47:04.96-[Warning]-PLC Q_Enthernet: Reconnection attempt 378 failed.
12:47:05.97-[Warning]-PLC Q_Enthernet: Connection lost. Attempting to reconnect...
12:47:13.01-[Warning]-PLC Q_Enthernet: Reconnection attempt 379 failed.
12:47:14.01-[Warning]-PLC Q_Enthernet: Connection lost. Attempting to reconnect...
12:47:21.04-[Warning]-PLC Q_Enthernet: Reconnection attempt 380 failed.
12:47:22.04-[Warning]-PLC Q_Enthernet: Connection lost. Attempting to reconnect...
12:47:29.07-[Warning]-PLC Q_Enthernet: Reconnection attempt 381 failed.
12:47:30.08-[Warning]-PLC Q_Enthernet: Connection lost. Attempting to reconnect...
12:47:37.11-[Warning]-PLC Q_Enthernet: Reconnection attempt 382 failed.
12:47:38.11-[Warning]-PLC Q_Enthernet: Connection lost. Attempting to reconnect...
12:47:45.15-[Warning]-PLC Q_Enthernet: Reconnection attempt 383 failed.
12:47:46.17-[Warning]-PLC Q_Enthernet: Connection lost. Attempting to reconnect...
12:47:53.19-[Warning]-PLC Q_Enthernet: Reconnection attempt 384 failed.
12:47:54.20-[Warning]-PLC Q_Enthernet: Connection lost. Attempting to reconnect...
12:48:01.24-[Warning]-PLC Q_Enthernet: Reconnection attempt 385 failed.
12:48:02.26-[Warning]-PLC Q_Enthernet: Connection lost. Attempting to reconnect...
12:48:09.28-[Warning]-PLC Q_Enthernet: Reconnection attempt 386 failed.
12:48:10.30-[Warning]-PLC Q_Enthernet: Connection lost. Attempting to reconnect...
12:48:17.33-[Warning]-PLC Q_Enthernet: Reconnection attempt 387 failed.
12:48:18.34-[Warning]-PLC Q_Enthernet: Connection lost. Attempting to reconnect...
12:48:25.36-[Warning]-PLC Q_Enthernet: Reconnection attempt 388 failed.
12:48:26.38-[Warning]-PLC Q_Enthernet: Connection lost. Attempting to reconnect...
12:48:33.41-[Warning]-PLC Q_Enthernet: Reconnection attempt 389 failed.
12:48:34.42-[Warning]-PLC Q_Enthernet: Connection lost. Attempting to reconnect...
12:48:41.45-[Warning]-PLC Q_Enthernet: Reconnection attempt 390 failed.
12:48:42.47-[Warning]-PLC Q_Enthernet: Connection lost. Attempting to reconnect...
12:48:49.49-[Warning]-PLC Q_Enthernet: Reconnection attempt 391 failed.
12:48:50.50-[Warning]-PLC Q_Enthernet: Connection lost. Attempting to reconnect...
12:48:57.52-[Warning]-PLC Q_Enthernet: Reconnection attempt 392 failed.
12:48:58.53-[Warning]-PLC Q_Enthernet: Connection lost. Attempting to reconnect...
12:49:05.55-[Warning]-PLC Q_Enthernet: Reconnection attempt 393 failed.
12:49:06.57-[Warning]-PLC Q_Enthernet: Connection lost. Attempting to reconnect...
12:49:13.60-[Warning]-PLC Q_Enthernet: Reconnection attempt 394 failed.
12:49:14.62-[Warning]-PLC Q_Enthernet: Connection lost. Attempting to reconnect...
12:49:21.64-[Warning]-PLC Q_Enthernet: Reconnection attempt 395 failed.
12:49:22.66-[Warning]-PLC Q_Enthernet: Connection lost. Attempting to reconnect...
12:49:29.69-[Warning]-PLC Q_Enthernet: Reconnection attempt 396 failed.
12:49:30.70-[Warning]-PLC Q_Enthernet: Connection lost. Attempting to reconnect...
12:49:37.72-[Warning]-PLC Q_Enthernet: Reconnection attempt 397 failed.
12:49:38.73-[Warning]-PLC Q_Enthernet: Connection lost. Attempting to reconnect...
12:49:45.77-[Warning]-PLC Q_Enthernet: Reconnection attempt 398 failed.
12:49:46.78-[Warning]-PLC Q_Enthernet: Connection lost. Attempting to reconnect...
12:49:53.81-[Warning]-PLC Q_Enthernet: Reconnection attempt 399 failed.
12:49:54.83-[Warning]-PLC Q_Enthernet: Connection lost. Attempting to reconnect...
12:50:01.86-[Warning]-PLC Q_Enthernet: Reconnection attempt 400 failed.
12:50:02.87-[Warning]-PLC Q_Enthernet: Connection lost. Attempting to reconnect...
12:50:09.90-[Warning]-PLC Q_Enthernet: Reconnection attempt 401 failed.
12:50:10.91-[Warning]-PLC Q_Enthernet: Connection lost. Attempting to reconnect...
12:50:17.93-[Warning]-PLC Q_Enthernet: Reconnection attempt 402 failed.
12:50:18.95-[Warning]-PLC Q_Enthernet: Connection lost. Attempting to reconnect...
12:50:25.99-[Warning]-PLC Q_Enthernet: Reconnection attempt 403 failed.
12:50:27.00-[Warning]-PLC Q_Enthernet: Connection lost. Attempting to reconnect...
12:50:34.03-[Warning]-PLC Q_Enthernet: Reconnection attempt 404 failed.
12:50:35.05-[Warning]-PLC Q_Enthernet: Connection lost. Attempting to reconnect...
12:50:42.08-[Warning]-PLC Q_Enthernet: Reconnection attempt 405 failed.
12:50:43.09-[Warning]-PLC Q_Enthernet: Connection lost. Attempting to reconnect...
12:50:50.13-[Warning]-PLC Q_Enthernet: Reconnection attempt 406 failed.
12:50:51.14-[Warning]-PLC Q_Enthernet: Connection lost. Attempting to reconnect...
12:50:58.16-[Warning]-PLC Q_Enthernet: Reconnection attempt 407 failed.
12:50:59.17-[Warning]-PLC Q_Enthernet: Connection lost. Attempting to reconnect...
12:51:06.20-[Warning]-PLC Q_Enthernet: Reconnection attempt 408 failed.
12:51:07.21-[Warning]-PLC Q_Enthernet: Connection lost. Attempting to reconnect...
12:51:14.25-[Warning]-PLC Q_Enthernet: Reconnection attempt 409 failed.
12:51:15.26-[Warning]-PLC Q_Enthernet: Connection lost. Attempting to reconnect...
12:51:22.28-[Warning]-PLC Q_Enthernet: Reconnection attempt 410 failed.
12:51:23.29-[Warning]-PLC Q_Enthernet: Connection lost. Attempting to reconnect...
12:51:30.33-[Warning]-PLC Q_Enthernet: Reconnection attempt 411 failed.
12:51:31.34-[Warning]-PLC Q_Enthernet: Connection lost. Attempting to reconnect...
12:51:38.37-[Warning]-PLC Q_Enthernet: Reconnection attempt 412 failed.
12:51:39.39-[Warning]-PLC Q_Enthernet: Connection lost. Attempting to reconnect...
12:51:46.42-[Warning]-PLC Q_Enthernet: Reconnection attempt 413 failed.
12:51:47.43-[Warning]-PLC Q_Enthernet: Connection lost. Attempting to reconnect...
12:51:54.47-[Warning]-PLC Q_Enthernet: Reconnection attempt 414 failed.
12:51:55.47-[Warning]-PLC Q_Enthernet: Connection lost. Attempting to reconnect...
12:52:02.51-[Warning]-PLC Q_Enthernet: Reconnection attempt 415 failed.
12:52:03.51-[Warning]-PLC Q_Enthernet: Connection lost. Attempting to reconnect...
12:52:10.53-[Warning]-PLC Q_Enthernet: Reconnection attempt 416 failed.
12:52:11.54-[Warning]-PLC Q_Enthernet: Connection lost. Attempting to reconnect...
12:52:18.58-[Warning]-PLC Q_Enthernet: Reconnection attempt 417 failed.
12:52:19.59-[Warning]-PLC Q_Enthernet: Connection lost. Attempting to reconnect...
12:52:26.61-[Warning]-PLC Q_Enthernet: Reconnection attempt 418 failed.
12:52:27.62-[Warning]-PLC Q_Enthernet: Connection lost. Attempting to reconnect...
12:52:34.64-[Warning]-PLC Q_Enthernet: Reconnection attempt 419 failed.
12:52:35.66-[Warning]-PLC Q_Enthernet: Connection lost. Attempting to reconnect...
12:52:42.69-[Warning]-PLC Q_Enthernet: Reconnection attempt 420 failed.
12:52:43.70-[Warning]-PLC Q_Enthernet: Connection lost. Attempting to reconnect...
12:52:50.74-[Warning]-PLC Q_Enthernet: Reconnection attempt 421 failed.
12:52:51.75-[Warning]-PLC Q_Enthernet: Connection lost. Attempting to reconnect...
12:52:58.77-[Warning]-PLC Q_Enthernet: Reconnection attempt 422 failed.
12:52:59.78-[Warning]-PLC Q_Enthernet: Connection lost. Attempting to reconnect...
12:53:06.81-[Warning]-PLC Q_Enthernet: Reconnection attempt 423 failed.
12:53:07.83-[Warning]-PLC Q_Enthernet: Connection lost. Attempting to reconnect...
12:53:14.86-[Warning]-PLC Q_Enthernet: Reconnection attempt 424 failed.
12:53:15.87-[Warning]-PLC Q_Enthernet: Connection lost. Attempting to reconnect...
12:53:22.90-[Warning]-PLC Q_Enthernet: Reconnection attempt 425 failed.
12:53:23.92-[Warning]-PLC Q_Enthernet: Connection lost. Attempting to reconnect...
12:53:30.95-[Warning]-PLC Q_Enthernet: Reconnection attempt 426 failed.
12:53:31.95-[Warning]-PLC Q_Enthernet: Connection lost. Attempting to reconnect...
12:53:38.97-[Warning]-PLC Q_Enthernet: Reconnection attempt 427 failed.
12:53:39.98-[Warning]-PLC Q_Enthernet: Connection lost. Attempting to reconnect...
12:53:47.02-[Warning]-PLC Q_Enthernet: Reconnection attempt 428 failed.
12:53:48.04-[Warning]-PLC Q_Enthernet: Connection lost. Attempting to reconnect...
12:53:55.06-[Warning]-PLC Q_Enthernet: Reconnection attempt 429 failed.
12:53:56.06-[Warning]-PLC Q_Enthernet: Connection lost. Attempting to reconnect...
12:54:03.08-[Warning]-PLC Q_Enthernet: Reconnection attempt 430 failed.
12:54:04.09-[Warning]-PLC Q_Enthernet: Connection lost. Attempting to reconnect...
12:54:11.11-[Warning]-PLC Q_Enthernet: Reconnection attempt 431 failed.
12:54:12.12-[Warning]-PLC Q_Enthernet: Connection lost. Attempting to reconnect...
12:54:19.16-[Warning]-PLC Q_Enthernet: Reconnection attempt 432 failed.
12:54:20.17-[Warning]-PLC Q_Enthernet: Connection lost. Attempting to reconnect...
12:54:27.21-[Warning]-PLC Q_Enthernet: Reconnection attempt 433 failed.
12:54:28.22-[Warning]-PLC Q_Enthernet: Connection lost. Attempting to reconnect...
12:54:35.26-[Warning]-PLC Q_Enthernet: Reconnection attempt 434 failed.
12:54:36.27-[Warning]-PLC Q_Enthernet: Connection lost. Attempting to reconnect...
12:54:43.30-[Warning]-PLC Q_Enthernet: Reconnection attempt 435 failed.
12:54:44.31-[Warning]-PLC Q_Enthernet: Connection lost. Attempting to reconnect...
12:54:51.33-[Warning]-PLC Q_Enthernet: Reconnection attempt 436 failed.
12:54:52.35-[Warning]-PLC Q_Enthernet: Connection lost. Attempting to reconnect...
12:54:59.38-[Warning]-PLC Q_Enthernet: Reconnection attempt 437 failed.
12:55:00.39-[Warning]-PLC Q_Enthernet: Connection lost. Attempting to reconnect...
12:55:07.42-[Warning]-PLC Q_Enthernet: Reconnection attempt 438 failed.
12:55:08.44-[Warning]-PLC Q_Enthernet: Connection lost. Attempting to reconnect...
12:55:15.45-[Warning]-PLC Q_Enthernet: Reconnection attempt 439 failed.
12:55:16.45-[Warning]-PLC Q_Enthernet: Connection lost. Attempting to reconnect...
12:55:23.49-[Warning]-PLC Q_Enthernet: Reconnection attempt 440 failed.
12:55:24.49-[Warning]-PLC Q_Enthernet: Connection lost. Attempting to reconnect...
12:55:31.53-[Warning]-PLC Q_Enthernet: Reconnection attempt 441 failed.
12:55:32.53-[Warning]-PLC Q_Enthernet: Connection lost. Attempting to reconnect...
12:55:39.55-[Warning]-PLC Q_Enthernet: Reconnection attempt 442 failed.
12:55:40.56-[Warning]-PLC Q_Enthernet: Connection lost. Attempting to reconnect...
12:55:47.60-[Warning]-PLC Q_Enthernet: Reconnection attempt 443 failed.
12:55:48.61-[Warning]-PLC Q_Enthernet: Connection lost. Attempting to reconnect...
12:55:55.64-[Warning]-PLC Q_Enthernet: Reconnection attempt 444 failed.
12:55:56.65-[Warning]-PLC Q_Enthernet: Connection lost. Attempting to reconnect...
12:56:03.68-[Warning]-PLC Q_Enthernet: Reconnection attempt 445 failed.
12:56:04.70-[Warning]-PLC Q_Enthernet: Connection lost. Attempting to reconnect...
12:56:11.73-[Warning]-PLC Q_Enthernet: Reconnection attempt 446 failed.
12:56:12.73-[Warning]-PLC Q_Enthernet: Connection lost. Attempting to reconnect...
12:56:19.76-[Warning]-PLC Q_Enthernet: Reconnection attempt 447 failed.
12:56:20.76-[Warning]-PLC Q_Enthernet: Connection lost. Attempting to reconnect...
12:56:27.79-[Warning]-PLC Q_Enthernet: Reconnection attempt 448 failed.
12:56:28.79-[Warning]-PLC Q_Enthernet: Connection lost. Attempting to reconnect...
12:56:35.81-[Warning]-PLC Q_Enthernet: Reconnection attempt 449 failed.
12:56:36.82-[Warning]-PLC Q_Enthernet: Connection lost. Attempting to reconnect...
12:56:43.86-[Warning]-PLC Q_Enthernet: Reconnection attempt 450 failed.
12:56:44.87-[Warning]-PLC Q_Enthernet: Connection lost. Attempting to reconnect...
12:56:51.88-[Warning]-PLC Q_Enthernet: Reconnection attempt 451 failed.
12:56:52.90-[Warning]-PLC Q_Enthernet: Connection lost. Attempting to reconnect...
12:56:59.93-[Warning]-PLC Q_Enthernet: Reconnection attempt 452 failed.
12:57:00.94-[Warning]-PLC Q_Enthernet: Connection lost. Attempting to reconnect...
12:57:07.96-[Warning]-PLC Q_Enthernet: Reconnection attempt 453 failed.
12:57:08.96-[Warning]-PLC Q_Enthernet: Connection lost. Attempting to reconnect...
12:57:15.98-[Warning]-PLC Q_Enthernet: Reconnection attempt 454 failed.
12:57:17.00-[Warning]-PLC Q_Enthernet: Connection lost. Attempting to reconnect...
12:57:24.02-[Warning]-PLC Q_Enthernet: Reconnection attempt 455 failed.
12:57:25.03-[Warning]-PLC Q_Enthernet: Connection lost. Attempting to reconnect...
12:57:32.04-[Warning]-PLC Q_Enthernet: Reconnection attempt 456 failed.
12:57:33.04-[Warning]-PLC Q_Enthernet: Connection lost. Attempting to reconnect...
12:57:40.07-[Warning]-PLC Q_Enthernet: Reconnection attempt 457 failed.
12:57:41.08-[Warning]-PLC Q_Enthernet: Connection lost. Attempting to reconnect...
12:57:48.11-[Warning]-PLC Q_Enthernet: Reconnection attempt 458 failed.
12:57:49.11-[Warning]-PLC Q_Enthernet: Connection lost. Attempting to reconnect...
12:57:56.13-[Warning]-PLC Q_Enthernet: Reconnection attempt 459 failed.
12:57:57.14-[Warning]-PLC Q_Enthernet: Connection lost. Attempting to reconnect...
12:58:04.15-[Warning]-PLC Q_Enthernet: Reconnection attempt 460 failed.
12:58:05.15-[Warning]-PLC Q_Enthernet: Connection lost. Attempting to reconnect...
12:58:12.19-[Warning]-PLC Q_Enthernet: Reconnection attempt 461 failed.
12:58:13.19-[Warning]-PLC Q_Enthernet: Connection lost. Attempting to reconnect...
12:58:20.21-[Warning]-PLC Q_Enthernet: Reconnection attempt 462 failed.
12:58:21.21-[Warning]-PLC Q_Enthernet: Connection lost. Attempting to reconnect...
12:58:28.25-[Warning]-PLC Q_Enthernet: Reconnection attempt 463 failed.
12:58:29.26-[Warning]-PLC Q_Enthernet: Connection lost. Attempting to reconnect...
12:58:36.28-[Warning]-PLC Q_Enthernet: Reconnection attempt 464 failed.
12:58:37.29-[Warning]-PLC Q_Enthernet: Connection lost. Attempting to reconnect...
12:58:44.33-[Warning]-PLC Q_Enthernet: Reconnection attempt 465 failed.
12:58:45.34-[Warning]-PLC Q_Enthernet: Connection lost. Attempting to reconnect...
12:58:52.37-[Warning]-PLC Q_Enthernet: Reconnection attempt 466 failed.
12:58:53.37-[Warning]-PLC Q_Enthernet: Connection lost. Attempting to reconnect...
12:59:00.40-[Warning]-PLC Q_Enthernet: Reconnection attempt 467 failed.
12:59:01.40-[Warning]-PLC Q_Enthernet: Connection lost. Attempting to reconnect...
12:59:08.43-[Warning]-PLC Q_Enthernet: Reconnection attempt 468 failed.
12:59:09.44-[Warning]-PLC Q_Enthernet: Connection lost. Attempting to reconnect...
12:59:16.46-[Warning]-PLC Q_Enthernet: Reconnection attempt 469 failed.
12:59:17.46-[Warning]-PLC Q_Enthernet: Connection lost. Attempting to reconnect...
12:59:24.48-[Warning]-PLC Q_Enthernet: Reconnection attempt 470 failed.
12:59:25.50-[Warning]-PLC Q_Enthernet: Connection lost. Attempting to reconnect...
12:59:32.53-[Warning]-PLC Q_Enthernet: Reconnection attempt 471 failed.
12:59:33.54-[Warning]-PLC Q_Enthernet: Connection lost. Attempting to reconnect...
12:59:40.57-[Warning]-PLC Q_Enthernet: Reconnection attempt 472 failed.
12:59:41.59-[Warning]-PLC Q_Enthernet: Connection lost. Attempting to reconnect...
12:59:48.62-[Warning]-PLC Q_Enthernet: Reconnection attempt 473 failed.
12:59:49.64-[Warning]-PLC Q_Enthernet: Connection lost. Attempting to reconnect...
12:59:56.67-[Warning]-PLC Q_Enthernet: Reconnection attempt 474 failed.
12:59:57.68-[Warning]-PLC Q_Enthernet: Connection lost. Attempting to reconnect...
13:00:04.72-[Warning]-PLC Q_Enthernet: Reconnection attempt 475 failed.
13:00:05.72-[Warning]-PLC Q_Enthernet: Connection lost. Attempting to reconnect...
13:00:12.74-[Warning]-PLC Q_Enthernet: Reconnection attempt 476 failed.
13:00:13.76-[Warning]-PLC Q_Enthernet: Connection lost. Attempting to reconnect...
13:00:20.79-[Warning]-PLC Q_Enthernet: Reconnection attempt 477 failed.
13:00:21.80-[Warning]-PLC Q_Enthernet: Connection lost. Attempting to reconnect...
13:00:28.83-[Warning]-PLC Q_Enthernet: Reconnection attempt 478 failed.
13:00:29.84-[Warning]-PLC Q_Enthernet: Connection lost. Attempting to reconnect...
13:00:36.88-[Warning]-PLC Q_Enthernet: Reconnection attempt 479 failed.
13:00:37.89-[Warning]-PLC Q_Enthernet: Connection lost. Attempting to reconnect...
13:00:44.90-[Warning]-PLC Q_Enthernet: Reconnection attempt 480 failed.
13:00:45.91-[Warning]-PLC Q_Enthernet: Connection lost. Attempting to reconnect...
13:00:52.93-[Warning]-PLC Q_Enthernet: Reconnection attempt 481 failed.
13:00:53.94-[Warning]-PLC Q_Enthernet: Connection lost. Attempting to reconnect...
13:01:00.97-[Warning]-PLC Q_Enthernet: Reconnection attempt 482 failed.
13:01:01.98-[Warning]-PLC Q_Enthernet: Connection lost. Attempting to reconnect...
13:01:09.01-[Warning]-PLC Q_Enthernet: Reconnection attempt 483 failed.
13:01:10.01-[Warning]-PLC Q_Enthernet: Connection lost. Attempting to reconnect...
13:01:17.04-[Warning]-PLC Q_Enthernet: Reconnection attempt 484 failed.
13:01:18.05-[Warning]-PLC Q_Enthernet: Connection lost. Attempting to reconnect...
13:01:25.08-[Warning]-PLC Q_Enthernet: Reconnection attempt 485 failed.
13:01:26.09-[Warning]-PLC Q_Enthernet: Connection lost. Attempting to reconnect...
13:01:33.11-[Warning]-PLC Q_Enthernet: Reconnection attempt 486 failed.
13:01:34.12-[Warning]-PLC Q_Enthernet: Connection lost. Attempting to reconnect...
13:01:41.15-[Warning]-PLC Q_Enthernet: Reconnection attempt 487 failed.
13:01:42.15-[Warning]-PLC Q_Enthernet: Connection lost. Attempting to reconnect...
13:01:49.18-[Warning]-PLC Q_Enthernet: Reconnection attempt 488 failed.
13:01:50.20-[Warning]-PLC Q_Enthernet: Connection lost. Attempting to reconnect...
13:01:57.22-[Warning]-PLC Q_Enthernet: Reconnection attempt 489 failed.
13:01:58.22-[Warning]-PLC Q_Enthernet: Connection lost. Attempting to reconnect...
13:02:05.25-[Warning]-PLC Q_Enthernet: Reconnection attempt 490 failed.
13:02:06.26-[Warning]-PLC Q_Enthernet: Connection lost. Attempting to reconnect...
13:02:13.28-[Warning]-PLC Q_Enthernet: Reconnection attempt 491 failed.
13:02:14.29-[Warning]-PLC Q_Enthernet: Connection lost. Attempting to reconnect...
13:02:16.84-[Error]-Camera Page: ReadTemp1 Image Err
13:02:21.31-[Warning]-PLC Q_Enthernet: Reconnection attempt 492 failed.
13:02:22.32-[Warning]-PLC Q_Enthernet: Connection lost. Attempting to reconnect...
13:02:29.34-[Warning]-PLC Q_Enthernet: Reconnection attempt 493 failed.
13:02:30.36-[Warning]-PLC Q_Enthernet: Connection lost. Attempting to reconnect...
13:02:31.28-[Information]-WndWindow: Disconnect PLC
13:02:31.28-[Information]-WndWindow: Stop Program