
09:51:29.67-[Information]-UiManager: Startup:
09:51:30.09-[Information]-Dba:  ->  Database File SQLite Already Existed!
09:51:30.39-[Error]-VisionAL: Have No Template at X2835
09:51:30.40-[Error]-VisionAL: Have No Template at X2835
09:51:31.97-[Error]-VisionAL: Have No Template at X2835
09:51:31.98-[Error]-VisionAL: Have No Template at X2835
09:51:33.01-[Warning]-PLC Q_Enthernet: Connection lost. Attempting to reconnect...
09:51:33.03-[Error]-UiManager: Startup error:Unable to load DLL 'MvCameraControl.dll': The specified module could not be found. (Exception from HRESULT: 0x8007007E)
09:51:36.09-[Warning]-PLC Q_Enthernet: Reconnection attempt 1 failed.
09:51:38.01-[Information]-UserManager: LogOn: AutoTeams/itm
09:51:41.09-[Warning]-PLC Q_Enthernet: Connection lost. Attempting to reconnect...
09:51:42.86-[Information]-WndWindow: Disconnect PLC
09:51:42.86-[Information]-WndWindow: Stop Program
09:52:41.70-[Information]-UiManager: Startup:
09:52:41.79-[Information]-Dba:  ->  Database File SQLite Already Existed!
09:52:41.86-[Error]-VisionAL: Have No Template at X2835
09:52:41.88-[Error]-VisionAL: Have No Template at X2835
09:52:42.75-[Error]-VisionAL: Have No Template at X2835
09:52:42.77-[Error]-VisionAL: Have No Template at X2835
09:52:43.42-[Warning]-PLC Q_Enthernet: Connection lost. Attempting to reconnect...
09:52:43.44-[Error]-UiManager: Startup error:Unable to load DLL 'MvCameraControl.dll': The specified module could not be found. (Exception from HRESULT: 0x8007007E)
09:52:46.49-[Warning]-PLC Q_Enthernet: Reconnection attempt 1 failed.
09:52:48.63-[Information]-UserManager: LogOn: AutoTeams/itm
09:52:51.50-[Warning]-PLC Q_Enthernet: Connection lost. Attempting to reconnect...
09:52:52.91-[Information]-WndWindow: Disconnect PLC
09:52:52.91-[Information]-WndWindow: Stop Program
09:53:34.66-[Information]-UiManager: Startup:
09:53:34.78-[Information]-Dba:  ->  Database File SQLite Already Existed!
09:53:35.04-[Error]-VisionAL: Have No Template at X2835
09:53:35.06-[Error]-VisionAL: Have No Template at X2835
09:53:35.94-[Error]-VisionAL: Have No Template at X2835
09:53:35.96-[Error]-VisionAL: Have No Template at X2835
09:53:36.65-[Warning]-PLC Q_Enthernet: Connection lost. Attempting to reconnect...
09:53:36.67-[Error]-UiManager: Startup error:Unable to load DLL 'MvCameraControl.dll': The specified module could not be found. (Exception from HRESULT: 0x8007007E)
09:53:39.73-[Warning]-PLC Q_Enthernet: Reconnection attempt 1 failed.
09:53:43.71-[Information]-UserManager: LogOn: AutoTeams/itm
09:53:44.74-[Warning]-PLC Q_Enthernet: Connection lost. Attempting to reconnect...
09:53:47.80-[Warning]-PLC Q_Enthernet: Reconnection attempt 2 failed.
09:53:52.81-[Warning]-PLC Q_Enthernet: Connection lost. Attempting to reconnect...
09:53:55.51-[Information]-WndWindow: Disconnect PLC
09:53:55.51-[Information]-WndWindow: Stop Program
09:54:58.45-[Information]-UiManager: Startup:
09:54:58.55-[Information]-Dba:  ->  Database File SQLite Already Existed!
09:54:58.62-[Error]-VisionAL: Have No Template at X2835
09:54:58.64-[Error]-VisionAL: Have No Template at X2835
09:54:59.45-[Error]-VisionAL: Have No Template at X2835
09:54:59.47-[Error]-VisionAL: Have No Template at X2835
09:55:00.10-[Warning]-PLC Q_Enthernet: Connection lost. Attempting to reconnect...
09:55:00.12-[Error]-UiManager: Startup error:Unable to load DLL 'MvCameraControl.dll': The specified module could not be found. (Exception from HRESULT: 0x8007007E)
09:55:03.16-[Warning]-PLC Q_Enthernet: Reconnection attempt 1 failed.
09:55:05.38-[Information]-UserManager: LogOn: AutoTeams/itm
09:55:08.17-[Warning]-PLC Q_Enthernet: Connection lost. Attempting to reconnect...
09:55:11.23-[Warning]-PLC Q_Enthernet: Reconnection attempt 2 failed.
09:55:16.25-[Warning]-PLC Q_Enthernet: Connection lost. Attempting to reconnect...
09:55:19.31-[Warning]-PLC Q_Enthernet: Reconnection attempt 3 failed.
09:55:24.33-[Warning]-PLC Q_Enthernet: Connection lost. Attempting to reconnect...
09:55:27.40-[Warning]-PLC Q_Enthernet: Reconnection attempt 4 failed.
09:55:32.41-[Warning]-PLC Q_Enthernet: Connection lost. Attempting to reconnect...
09:55:35.45-[Warning]-PLC Q_Enthernet: Reconnection attempt 5 failed.
09:55:40.45-[Warning]-PLC Q_Enthernet: Connection lost. Attempting to reconnect...
09:55:43.52-[Warning]-PLC Q_Enthernet: Reconnection attempt 6 failed.
09:55:48.53-[Warning]-PLC Q_Enthernet: Connection lost. Attempting to reconnect...
09:55:51.59-[Warning]-PLC Q_Enthernet: Reconnection attempt 7 failed.
09:55:56.60-[Warning]-PLC Q_Enthernet: Connection lost. Attempting to reconnect...
09:55:59.64-[Warning]-PLC Q_Enthernet: Reconnection attempt 8 failed.
09:56:04.65-[Warning]-PLC Q_Enthernet: Connection lost. Attempting to reconnect...
09:56:07.69-[Warning]-PLC Q_Enthernet: Reconnection attempt 9 failed.
09:56:12.71-[Warning]-PLC Q_Enthernet: Connection lost. Attempting to reconnect...
09:56:15.75-[Warning]-PLC Q_Enthernet: Reconnection attempt 10 failed.
09:56:20.75-[Warning]-PLC Q_Enthernet: Connection lost. Attempting to reconnect...
09:56:23.80-[Warning]-PLC Q_Enthernet: Reconnection attempt 11 failed.
09:56:28.80-[Warning]-PLC Q_Enthernet: Connection lost. Attempting to reconnect...
09:56:31.85-[Warning]-PLC Q_Enthernet: Reconnection attempt 12 failed.
09:56:36.86-[Warning]-PLC Q_Enthernet: Connection lost. Attempting to reconnect...
09:56:39.91-[Warning]-PLC Q_Enthernet: Reconnection attempt 13 failed.