
19:02:50.91-[Information]-UiManager: Startup:
19:02:51.58-[Information]-Dba:  ->  Database File SQLite Already Existed!
19:02:51.90-[Error]-VisionAL: Have No Template at X2835
19:02:51.92-[Error]-VisionAL: Have No Template at X2835
19:02:54.35-[Error]-VisionAL: Have No Template at X2835
19:02:54.37-[Error]-VisionAL: Have No Template at X2835
19:02:56.14-[Warning]-PLC Q_Enthernet: Connection lost. Attempting to reconnect...
19:02:56.16-[Error]-UiManager: Startup error:Unable to load DLL 'MvCameraControl.dll': The specified module could not be found. (Exception from HRESULT: 0x8007007E)
19:02:59.22-[Warning]-PLC Q_Enthernet: Reconnection attempt 1 failed.
19:03:04.23-[Warning]-PLC Q_Enthernet: Connection lost. Attempting to reconnect...
19:03:06.67-[Information]-UserManager: LogOn: AutoTeams/itm
19:03:07.28-[Warning]-PLC Q_Enthernet: Reconnection attempt 2 failed.
19:03:12.28-[Warning]-PLC Q_Enthernet: Connection lost. Attempting to reconnect...
19:03:15.32-[Warning]-PLC Q_Enthernet: Reconnection attempt 3 failed.
19:03:20.33-[Warning]-PLC Q_Enthernet: Connection lost. Attempting to reconnect...
19:03:23.37-[Warning]-PLC Q_Enthernet: Reconnection attempt 4 failed.
19:03:28.37-[Warning]-PLC Q_Enthernet: Connection lost. Attempting to reconnect...
19:03:31.41-[Warning]-PLC Q_Enthernet: Reconnection attempt 5 failed.
19:03:36.42-[Warning]-PLC Q_Enthernet: Connection lost. Attempting to reconnect...
19:03:39.47-[Warning]-PLC Q_Enthernet: Reconnection attempt 6 failed.
19:03:44.48-[Warning]-PLC Q_Enthernet: Connection lost. Attempting to reconnect...
19:03:47.52-[Warning]-PLC Q_Enthernet: Reconnection attempt 7 failed.
19:03:52.53-[Warning]-PLC Q_Enthernet: Connection lost. Attempting to reconnect...
19:03:55.56-[Warning]-PLC Q_Enthernet: Reconnection attempt 8 failed.
19:04:00.56-[Warning]-PLC Q_Enthernet: Connection lost. Attempting to reconnect...
19:04:03.62-[Warning]-PLC Q_Enthernet: Reconnection attempt 9 failed.
19:04:08.63-[Warning]-PLC Q_Enthernet: Connection lost. Attempting to reconnect...
19:04:11.69-[Warning]-PLC Q_Enthernet: Reconnection attempt 10 failed.
19:04:16.69-[Warning]-PLC Q_Enthernet: Connection lost. Attempting to reconnect...
19:04:19.74-[Warning]-PLC Q_Enthernet: Reconnection attempt 11 failed.
19:04:24.75-[Warning]-PLC Q_Enthernet: Connection lost. Attempting to reconnect...
19:04:25.05-[Information]-WndWindow: Disconnect PLC
19:04:25.05-[Information]-WndWindow: Stop Program