
11:35:49.32-[Information]-UiManager: Startup:
11:35:49.56-[Information]-Dba:  ->  Database File SQLite Already Existed!
11:35:49.80-[Error]-VisionAL: Have No Template at X2835
11:35:49.83-[Error]-VisionAL: Have No Template at X2835
11:35:50.98-[Error]-VisionAL: Have No Template at X2835
11:35:51.02-[Error]-VisionAL: Have No Template at X2835
11:35:52.43-[Warning]-PLC Q_Enthernet: Connection lost. Attempting to reconnect...
11:35:55.47-[Warning]-PLC Q_Enthernet: Reconnection attempt 1 failed.
11:35:57.97-[Error]-Camera Page: ReadTemp1 Image Err
11:36:00.47-[Warning]-PLC Q_Enthernet: Connection lost. Attempting to reconnect...
11:36:03.51-[Warning]-PLC Q_Enthernet: Reconnection attempt 2 failed.
11:36:08.51-[Warning]-PLC Q_Enthernet: Connection lost. Attempting to reconnect...
11:36:11.54-[Warning]-PLC Q_Enthernet: Reconnection attempt 3 failed.
11:36:16.55-[Warning]-PLC Q_Enthernet: Connection lost. Attempting to reconnect...
11:36:19.57-[Warning]-PLC Q_Enthernet: Reconnection attempt 4 failed.
11:36:21.61-[Information]-WndWindow: Disconnect PLC
11:36:21.61-[Information]-WndWindow: Stop Program
13:10:00.78-[Information]-UiManager: Startup:
13:10:01.54-[Information]-Dba:  ->  Database File SQLite Already Existed!
13:10:01.75-[Error]-VisionAL: Have No Template at X2835
13:10:01.78-[Error]-VisionAL: Have No Template at X2835
13:10:03.04-[Error]-VisionAL: Have No Template at X2835
13:10:03.07-[Error]-VisionAL: Have No Template at X2835
13:10:04.50-[Warning]-PLC Q_Enthernet: Connection lost. Attempting to reconnect...
13:10:07.53-[Warning]-PLC Q_Enthernet: Reconnection attempt 1 failed.
13:10:12.54-[Warning]-PLC Q_Enthernet: Connection lost. Attempting to reconnect...
13:10:15.47-[Error]-Camera Page: ReadTemp1 Image Err
13:10:15.57-[Warning]-PLC Q_Enthernet: Reconnection attempt 2 failed.
13:10:20.57-[Warning]-PLC Q_Enthernet: Connection lost. Attempting to reconnect...
13:10:23.60-[Warning]-PLC Q_Enthernet: Reconnection attempt 3 failed.
13:10:28.61-[Warning]-PLC Q_Enthernet: Connection lost. Attempting to reconnect...
13:10:31.64-[Warning]-PLC Q_Enthernet: Reconnection attempt 4 failed.
13:10:36.65-[Warning]-PLC Q_Enthernet: Connection lost. Attempting to reconnect...
13:10:39.68-[Warning]-PLC Q_Enthernet: Reconnection attempt 5 failed.
13:10:44.68-[Warning]-PLC Q_Enthernet: Connection lost. Attempting to reconnect...
13:10:45.96-[Error]-Camera Page: ReadTemp1 Image Err
13:10:47.71-[Warning]-PLC Q_Enthernet: Reconnection attempt 6 failed.
13:10:52.73-[Warning]-PLC Q_Enthernet: Connection lost. Attempting to reconnect...
13:10:55.77-[Warning]-PLC Q_Enthernet: Reconnection attempt 7 failed.
13:11:00.77-[Warning]-PLC Q_Enthernet: Connection lost. Attempting to reconnect...
13:11:03.81-[Warning]-PLC Q_Enthernet: Reconnection attempt 8 failed.
13:11:08.17-[Information]-WndWindow: Disconnect PLC
13:11:08.17-[Information]-WndWindow: Stop Program
13:14:22.99-[Information]-UiManager: Startup:
13:14:23.08-[Information]-Dba:  ->  Database File SQLite Already Existed!
13:14:23.16-[Error]-VisionAL: Have No Template at X2835
13:14:23.19-[Error]-VisionAL: Have No Template at X2835
13:14:24.10-[Error]-VisionAL: Have No Template at X2835
13:14:24.14-[Error]-VisionAL: Have No Template at X2835
13:14:24.97-[Warning]-PLC Q_Enthernet: Connection lost. Attempting to reconnect...
13:14:28.01-[Warning]-PLC Q_Enthernet: Reconnection attempt 1 failed.
13:14:28.40-[Error]-Camera Page: ReadTemp1 Image Err
13:14:33.01-[Warning]-PLC Q_Enthernet: Connection lost. Attempting to reconnect...
13:14:36.04-[Warning]-PLC Q_Enthernet: Reconnection attempt 2 failed.
13:14:37.00-[Information]-WndWindow: Disconnect PLC
13:14:37.00-[Information]-WndWindow: Stop Program
13:16:15.70-[Information]-UiManager: Startup:
13:16:15.79-[Information]-Dba:  ->  Database File SQLite Already Existed!
13:16:15.86-[Error]-VisionAL: Have No Template at X2835
13:16:15.90-[Error]-VisionAL: Have No Template at X2835
13:16:16.83-[Error]-VisionAL: Have No Template at X2835
13:16:16.86-[Error]-VisionAL: Have No Template at X2835
13:16:17.61-[Warning]-PLC Q_Enthernet: Connection lost. Attempting to reconnect...
13:16:20.65-[Warning]-PLC Q_Enthernet: Reconnection attempt 1 failed.
13:16:24.65-[Error]-Camera Page: ReadTemp1 Image Err
13:16:25.65-[Warning]-PLC Q_Enthernet: Connection lost. Attempting to reconnect...
13:16:28.68-[Warning]-PLC Q_Enthernet: Reconnection attempt 2 failed.
13:16:33.68-[Warning]-PLC Q_Enthernet: Connection lost. Attempting to reconnect...
13:16:36.71-[Warning]-PLC Q_Enthernet: Reconnection attempt 3 failed.
13:16:41.73-[Warning]-PLC Q_Enthernet: Connection lost. Attempting to reconnect...
13:16:42.24-[Information]-WndWindow: Disconnect PLC
13:16:42.24-[Information]-WndWindow: Stop Program
13:17:23.73-[Information]-UiManager: Startup:
13:17:23.82-[Information]-Dba:  ->  Database File SQLite Already Existed!
13:17:23.90-[Error]-VisionAL: Have No Template at X2835
13:17:23.93-[Error]-VisionAL: Have No Template at X2835
13:17:24.83-[Error]-VisionAL: Have No Template at X2835
13:17:24.87-[Error]-VisionAL: Have No Template at X2835
13:17:25.71-[Warning]-PLC Q_Enthernet: Connection lost. Attempting to reconnect...
13:17:28.74-[Warning]-PLC Q_Enthernet: Reconnection attempt 1 failed.
13:17:29.16-[Error]-Camera Page: ReadTemp1 Image Err
13:17:33.76-[Warning]-PLC Q_Enthernet: Connection lost. Attempting to reconnect...
13:17:36.79-[Warning]-PLC Q_Enthernet: Reconnection attempt 2 failed.
13:17:41.81-[Warning]-PLC Q_Enthernet: Connection lost. Attempting to reconnect...
13:17:42.19-[Information]-WndWindow: Disconnect PLC
13:17:42.19-[Information]-WndWindow: Stop Program
13:18:40.48-[Information]-UiManager: Startup:
13:18:40.58-[Information]-Dba:  ->  Database File SQLite Already Existed!
13:18:40.66-[Error]-VisionAL: Have No Template at X2835
13:18:40.69-[Error]-VisionAL: Have No Template at X2835
13:18:41.61-[Error]-VisionAL: Have No Template at X2835
13:18:41.65-[Error]-VisionAL: Have No Template at X2835
13:18:42.40-[Warning]-PLC Q_Enthernet: Connection lost. Attempting to reconnect...
13:18:45.43-[Warning]-PLC Q_Enthernet: Reconnection attempt 1 failed.
13:18:45.67-[Error]-Camera Page: ReadTemp1 Image Err
13:18:50.45-[Warning]-PLC Q_Enthernet: Connection lost. Attempting to reconnect...
13:18:53.47-[Warning]-PLC Q_Enthernet: Reconnection attempt 2 failed.
13:18:58.48-[Warning]-PLC Q_Enthernet: Connection lost. Attempting to reconnect...
13:19:01.51-[Warning]-PLC Q_Enthernet: Reconnection attempt 3 failed.
13:19:06.53-[Warning]-PLC Q_Enthernet: Connection lost. Attempting to reconnect...
13:19:09.55-[Warning]-PLC Q_Enthernet: Reconnection attempt 4 failed.
13:19:14.55-[Warning]-PLC Q_Enthernet: Connection lost. Attempting to reconnect...
13:19:17.59-[Warning]-PLC Q_Enthernet: Reconnection attempt 5 failed.
13:19:22.61-[Warning]-PLC Q_Enthernet: Connection lost. Attempting to reconnect...
13:19:25.63-[Warning]-PLC Q_Enthernet: Reconnection attempt 6 failed.
13:19:30.65-[Warning]-PLC Q_Enthernet: Connection lost. Attempting to reconnect...
13:19:33.66-[Warning]-PLC Q_Enthernet: Reconnection attempt 7 failed.
13:19:38.66-[Warning]-PLC Q_Enthernet: Connection lost. Attempting to reconnect...
13:19:41.69-[Warning]-PLC Q_Enthernet: Reconnection attempt 8 failed.
13:19:46.70-[Warning]-PLC Q_Enthernet: Connection lost. Attempting to reconnect...
13:19:49.73-[Warning]-PLC Q_Enthernet: Reconnection attempt 9 failed.
13:19:54.74-[Warning]-PLC Q_Enthernet: Connection lost. Attempting to reconnect...
13:19:57.79-[Warning]-PLC Q_Enthernet: Reconnection attempt 10 failed.
13:20:02.81-[Warning]-PLC Q_Enthernet: Connection lost. Attempting to reconnect...
13:20:05.84-[Warning]-PLC Q_Enthernet: Reconnection attempt 11 failed.
13:20:10.85-[Warning]-PLC Q_Enthernet: Connection lost. Attempting to reconnect...
13:20:13.87-[Warning]-PLC Q_Enthernet: Reconnection attempt 12 failed.
13:20:16.25-[Error]-VisionAL: Have No Template at X2835
13:20:16.31-[Error]-VisionAL: Have No Template at X2835
13:20:16.35-[Error]-VisionAL: Have No Template at X2835
13:20:16.40-[Error]-VisionAL: Have No Template at X2835
13:20:16.43-[Error]-VisionAL: Have No Template at X2835
13:20:16.47-[Error]-VisionAL: Have No Template at X2835
13:20:16.52-[Error]-VisionAL: Have No Template at X2835
13:20:18.88-[Warning]-PLC Q_Enthernet: Connection lost. Attempting to reconnect...
13:20:21.90-[Warning]-PLC Q_Enthernet: Reconnection attempt 13 failed.
13:20:26.91-[Warning]-PLC Q_Enthernet: Connection lost. Attempting to reconnect...
13:20:29.94-[Warning]-PLC Q_Enthernet: Reconnection attempt 14 failed.
13:20:34.95-[Warning]-PLC Q_Enthernet: Connection lost. Attempting to reconnect...
13:20:37.97-[Warning]-PLC Q_Enthernet: Reconnection attempt 15 failed.
13:20:42.98-[Warning]-PLC Q_Enthernet: Connection lost. Attempting to reconnect...
13:20:46.00-[Warning]-PLC Q_Enthernet: Reconnection attempt 16 failed.
13:20:51.01-[Warning]-PLC Q_Enthernet: Connection lost. Attempting to reconnect...
13:20:54.03-[Warning]-PLC Q_Enthernet: Reconnection attempt 17 failed.
13:20:59.04-[Warning]-PLC Q_Enthernet: Connection lost. Attempting to reconnect...
13:21:02.06-[Warning]-PLC Q_Enthernet: Reconnection attempt 18 failed.
13:21:07.08-[Warning]-PLC Q_Enthernet: Connection lost. Attempting to reconnect...
13:21:10.11-[Warning]-PLC Q_Enthernet: Reconnection attempt 19 failed.
13:21:15.13-[Warning]-PLC Q_Enthernet: Connection lost. Attempting to reconnect...
13:21:18.16-[Warning]-PLC Q_Enthernet: Reconnection attempt 20 failed.
13:21:22.88-[Information]-WndWindow: Disconnect PLC
13:21:22.88-[Information]-WndWindow: Stop Program
13:54:12.10-[Information]-UiManager: Startup:
13:54:12.22-[Information]-Dba:  ->  Database File SQLite Already Existed!
13:54:12.32-[Error]-VisionAL: Have No Template at X2835
13:54:12.36-[Error]-VisionAL: Have No Template at X2835
13:54:13.32-[Error]-VisionAL: Have No Template at X2835
13:54:13.35-[Error]-VisionAL: Have No Template at X2835
13:54:14.27-[Warning]-PLC Q_Enthernet: Connection lost. Attempting to reconnect...
13:54:17.32-[Warning]-PLC Q_Enthernet: Reconnection attempt 1 failed.
13:54:18.06-[Error]-Camera Page: ReadTemp1 Image Err
13:54:22.33-[Warning]-PLC Q_Enthernet: Connection lost. Attempting to reconnect...
13:54:25.37-[Warning]-PLC Q_Enthernet: Reconnection attempt 2 failed.
13:54:30.41-[Warning]-PLC Q_Enthernet: Connection lost. Attempting to reconnect...
13:54:33.46-[Warning]-PLC Q_Enthernet: Reconnection attempt 3 failed.
13:54:59.27-[Information]-UiManager: Startup:
13:54:59.37-[Information]-Dba:  ->  Database File SQLite Already Existed!
13:54:59.47-[Error]-VisionAL: Have No Template at X2835
13:54:59.50-[Error]-VisionAL: Have No Template at X2835
13:55:00.57-[Error]-VisionAL: Have No Template at X2835
13:55:00.60-[Error]-VisionAL: Have No Template at X2835
13:55:01.36-[Warning]-PLC Q_Enthernet: Connection lost. Attempting to reconnect...
13:55:04.38-[Warning]-PLC Q_Enthernet: Reconnection attempt 1 failed.
13:55:09.39-[Error]-Camera Page: ReadTemp1 Image Err
13:55:09.40-[Warning]-PLC Q_Enthernet: Connection lost. Attempting to reconnect...
13:55:12.41-[Warning]-PLC Q_Enthernet: Reconnection attempt 2 failed.
13:55:17.43-[Warning]-PLC Q_Enthernet: Connection lost. Attempting to reconnect...
13:55:20.44-[Warning]-PLC Q_Enthernet: Reconnection attempt 3 failed.
13:55:25.44-[Warning]-PLC Q_Enthernet: Connection lost. Attempting to reconnect...
13:55:28.49-[Warning]-PLC Q_Enthernet: Reconnection attempt 4 failed.
13:55:33.49-[Warning]-PLC Q_Enthernet: Connection lost. Attempting to reconnect...
13:55:36.52-[Warning]-PLC Q_Enthernet: Reconnection attempt 5 failed.
13:55:41.54-[Warning]-PLC Q_Enthernet: Connection lost. Attempting to reconnect...
13:55:44.55-[Warning]-PLC Q_Enthernet: Reconnection attempt 6 failed.
13:55:49.57-[Warning]-PLC Q_Enthernet: Connection lost. Attempting to reconnect...
13:55:52.60-[Warning]-PLC Q_Enthernet: Reconnection attempt 7 failed.
13:55:57.60-[Warning]-PLC Q_Enthernet: Connection lost. Attempting to reconnect...
13:56:00.64-[Warning]-PLC Q_Enthernet: Reconnection attempt 8 failed.
13:56:05.65-[Warning]-PLC Q_Enthernet: Connection lost. Attempting to reconnect...
13:56:08.68-[Warning]-PLC Q_Enthernet: Reconnection attempt 9 failed.
13:56:13.68-[Warning]-PLC Q_Enthernet: Connection lost. Attempting to reconnect...
13:56:16.71-[Warning]-PLC Q_Enthernet: Reconnection attempt 10 failed.
13:56:21.72-[Warning]-PLC Q_Enthernet: Connection lost. Attempting to reconnect...
13:56:24.76-[Warning]-PLC Q_Enthernet: Reconnection attempt 11 failed.
13:56:29.77-[Warning]-PLC Q_Enthernet: Connection lost. Attempting to reconnect...
13:56:32.79-[Warning]-PLC Q_Enthernet: Reconnection attempt 12 failed.
13:56:37.79-[Warning]-PLC Q_Enthernet: Connection lost. Attempting to reconnect...
13:56:40.82-[Warning]-PLC Q_Enthernet: Reconnection attempt 13 failed.
13:56:45.83-[Warning]-PLC Q_Enthernet: Connection lost. Attempting to reconnect...
13:56:48.88-[Warning]-PLC Q_Enthernet: Reconnection attempt 14 failed.
13:56:53.90-[Warning]-PLC Q_Enthernet: Connection lost. Attempting to reconnect...
13:56:56.91-[Warning]-PLC Q_Enthernet: Reconnection attempt 15 failed.
13:57:01.93-[Warning]-PLC Q_Enthernet: Connection lost. Attempting to reconnect...
13:57:04.94-[Warning]-PLC Q_Enthernet: Reconnection attempt 16 failed.
13:57:09.95-[Warning]-PLC Q_Enthernet: Connection lost. Attempting to reconnect...
13:57:12.98-[Warning]-PLC Q_Enthernet: Reconnection attempt 17 failed.
13:57:17.99-[Warning]-PLC Q_Enthernet: Connection lost. Attempting to reconnect...
13:57:21.02-[Warning]-PLC Q_Enthernet: Reconnection attempt 18 failed.
13:57:26.02-[Warning]-PLC Q_Enthernet: Connection lost. Attempting to reconnect...
13:57:29.04-[Warning]-PLC Q_Enthernet: Reconnection attempt 19 failed.
13:57:34.04-[Warning]-PLC Q_Enthernet: Connection lost. Attempting to reconnect...
13:57:37.07-[Warning]-PLC Q_Enthernet: Reconnection attempt 20 failed.
13:57:42.07-[Warning]-PLC Q_Enthernet: Connection lost. Attempting to reconnect...
13:57:45.10-[Warning]-PLC Q_Enthernet: Reconnection attempt 21 failed.
13:57:50.10-[Warning]-PLC Q_Enthernet: Connection lost. Attempting to reconnect...
13:57:53.13-[Warning]-PLC Q_Enthernet: Reconnection attempt 22 failed.
13:57:58.13-[Warning]-PLC Q_Enthernet: Connection lost. Attempting to reconnect...
13:58:01.18-[Warning]-PLC Q_Enthernet: Reconnection attempt 23 failed.
13:58:06.19-[Warning]-PLC Q_Enthernet: Connection lost. Attempting to reconnect...
13:58:09.21-[Warning]-PLC Q_Enthernet: Reconnection attempt 24 failed.
13:58:14.22-[Warning]-PLC Q_Enthernet: Connection lost. Attempting to reconnect...
13:58:17.24-[Warning]-PLC Q_Enthernet: Reconnection attempt 25 failed.
13:58:22.24-[Warning]-PLC Q_Enthernet: Connection lost. Attempting to reconnect...
13:58:34.89-[Warning]-PLC Q_Enthernet: Reconnection attempt 26 failed.
13:58:39.90-[Warning]-PLC Q_Enthernet: Connection lost. Attempting to reconnect...
13:58:42.93-[Warning]-PLC Q_Enthernet: Reconnection attempt 27 failed.
13:58:47.93-[Warning]-PLC Q_Enthernet: Connection lost. Attempting to reconnect...
13:58:50.96-[Warning]-PLC Q_Enthernet: Reconnection attempt 28 failed.
13:58:55.96-[Warning]-PLC Q_Enthernet: Connection lost. Attempting to reconnect...
13:58:58.98-[Warning]-PLC Q_Enthernet: Reconnection attempt 29 failed.
13:59:03.99-[Warning]-PLC Q_Enthernet: Connection lost. Attempting to reconnect...
13:59:07.01-[Warning]-PLC Q_Enthernet: Reconnection attempt 30 failed.
13:59:12.02-[Warning]-PLC Q_Enthernet: Connection lost. Attempting to reconnect...
13:59:15.04-[Warning]-PLC Q_Enthernet: Reconnection attempt 31 failed.
13:59:20.06-[Warning]-PLC Q_Enthernet: Connection lost. Attempting to reconnect...
13:59:23.08-[Warning]-PLC Q_Enthernet: Reconnection attempt 32 failed.
13:59:28.08-[Warning]-PLC Q_Enthernet: Connection lost. Attempting to reconnect...
13:59:31.11-[Warning]-PLC Q_Enthernet: Reconnection attempt 33 failed.
13:59:36.13-[Warning]-PLC Q_Enthernet: Connection lost. Attempting to reconnect...
13:59:39.15-[Warning]-PLC Q_Enthernet: Reconnection attempt 34 failed.
13:59:44.16-[Warning]-PLC Q_Enthernet: Connection lost. Attempting to reconnect...
13:59:47.19-[Warning]-PLC Q_Enthernet: Reconnection attempt 35 failed.
13:59:52.20-[Warning]-PLC Q_Enthernet: Connection lost. Attempting to reconnect...
13:59:55.23-[Warning]-PLC Q_Enthernet: Reconnection attempt 36 failed.
14:00:00.24-[Warning]-PLC Q_Enthernet: Connection lost. Attempting to reconnect...
14:00:03.27-[Warning]-PLC Q_Enthernet: Reconnection attempt 37 failed.
14:00:08.27-[Warning]-PLC Q_Enthernet: Connection lost. Attempting to reconnect...
14:00:11.31-[Warning]-PLC Q_Enthernet: Reconnection attempt 38 failed.
14:00:16.33-[Warning]-PLC Q_Enthernet: Connection lost. Attempting to reconnect...
14:00:19.36-[Warning]-PLC Q_Enthernet: Reconnection attempt 39 failed.
14:00:24.36-[Warning]-PLC Q_Enthernet: Connection lost. Attempting to reconnect...
14:00:27.40-[Warning]-PLC Q_Enthernet: Reconnection attempt 40 failed.
14:00:32.40-[Warning]-PLC Q_Enthernet: Connection lost. Attempting to reconnect...
14:00:35.43-[Warning]-PLC Q_Enthernet: Reconnection attempt 41 failed.
14:00:40.43-[Warning]-PLC Q_Enthernet: Connection lost. Attempting to reconnect...
14:00:43.46-[Warning]-PLC Q_Enthernet: Reconnection attempt 42 failed.
14:00:48.46-[Warning]-PLC Q_Enthernet: Connection lost. Attempting to reconnect...
14:00:51.48-[Warning]-PLC Q_Enthernet: Reconnection attempt 43 failed.
14:00:56.48-[Warning]-PLC Q_Enthernet: Connection lost. Attempting to reconnect...
14:00:59.51-[Warning]-PLC Q_Enthernet: Reconnection attempt 44 failed.
14:01:04.52-[Warning]-PLC Q_Enthernet: Connection lost. Attempting to reconnect...
14:01:07.55-[Warning]-PLC Q_Enthernet: Reconnection attempt 45 failed.
14:01:12.56-[Warning]-PLC Q_Enthernet: Connection lost. Attempting to reconnect...
14:01:15.58-[Warning]-PLC Q_Enthernet: Reconnection attempt 46 failed.
14:01:20.59-[Warning]-PLC Q_Enthernet: Connection lost. Attempting to reconnect...
14:01:23.61-[Warning]-PLC Q_Enthernet: Reconnection attempt 47 failed.
14:01:28.63-[Warning]-PLC Q_Enthernet: Connection lost. Attempting to reconnect...
14:01:31.66-[Warning]-PLC Q_Enthernet: Reconnection attempt 48 failed.
14:01:36.66-[Warning]-PLC Q_Enthernet: Connection lost. Attempting to reconnect...
14:01:39.69-[Warning]-PLC Q_Enthernet: Reconnection attempt 49 failed.
14:01:44.71-[Warning]-PLC Q_Enthernet: Connection lost. Attempting to reconnect...
14:01:47.73-[Warning]-PLC Q_Enthernet: Reconnection attempt 50 failed.
14:01:52.74-[Warning]-PLC Q_Enthernet: Connection lost. Attempting to reconnect...
14:01:55.77-[Warning]-PLC Q_Enthernet: Reconnection attempt 51 failed.
14:02:00.77-[Warning]-PLC Q_Enthernet: Connection lost. Attempting to reconnect...
14:02:03.79-[Warning]-PLC Q_Enthernet: Reconnection attempt 52 failed.
14:02:08.79-[Warning]-PLC Q_Enthernet: Connection lost. Attempting to reconnect...
14:02:11.81-[Warning]-PLC Q_Enthernet: Reconnection attempt 53 failed.
14:02:16.82-[Warning]-PLC Q_Enthernet: Connection lost. Attempting to reconnect...
14:02:19.85-[Warning]-PLC Q_Enthernet: Reconnection attempt 54 failed.
14:02:24.85-[Warning]-PLC Q_Enthernet: Connection lost. Attempting to reconnect...
14:02:27.88-[Warning]-PLC Q_Enthernet: Reconnection attempt 55 failed.
14:02:32.88-[Warning]-PLC Q_Enthernet: Connection lost. Attempting to reconnect...
14:02:35.90-[Warning]-PLC Q_Enthernet: Reconnection attempt 56 failed.
14:02:36.54-[Information]-WndWindow: Disconnect PLC
14:02:36.54-[Information]-WndWindow: Stop Program
14:24:17.28-[Information]-UiManager: Startup:
14:24:17.65-[Information]-Dba:  ->  Database File SQLite Already Existed!
14:24:17.76-[Error]-VisionAL: Have No Template at X2835
14:24:17.80-[Error]-VisionAL: Have No Template at X2835
14:24:18.77-[Error]-VisionAL: Have No Template at X2835
14:24:18.80-[Error]-VisionAL: Have No Template at X2835
14:24:19.59-[Warning]-PLC Q_Enthernet: Connection lost. Attempting to reconnect...
14:24:22.64-[Warning]-PLC Q_Enthernet: Reconnection attempt 1 failed.
14:24:27.65-[Warning]-PLC Q_Enthernet: Connection lost. Attempting to reconnect...
14:24:29.77-[Error]-Camera Page: ReadTemp1 Image Err
14:24:30.68-[Warning]-PLC Q_Enthernet: Reconnection attempt 2 failed.
14:24:35.68-[Warning]-PLC Q_Enthernet: Connection lost. Attempting to reconnect...
14:24:38.73-[Warning]-PLC Q_Enthernet: Reconnection attempt 3 failed.
14:24:43.74-[Warning]-PLC Q_Enthernet: Connection lost. Attempting to reconnect...
14:24:46.77-[Warning]-PLC Q_Enthernet: Reconnection attempt 4 failed.
14:24:51.79-[Warning]-PLC Q_Enthernet: Connection lost. Attempting to reconnect...
14:24:54.82-[Warning]-PLC Q_Enthernet: Reconnection attempt 5 failed.
14:24:59.82-[Warning]-PLC Q_Enthernet: Connection lost. Attempting to reconnect...
14:25:02.86-[Warning]-PLC Q_Enthernet: Reconnection attempt 6 failed.
14:25:07.87-[Warning]-PLC Q_Enthernet: Connection lost. Attempting to reconnect...
14:25:10.90-[Warning]-PLC Q_Enthernet: Reconnection attempt 7 failed.
14:25:15.91-[Warning]-PLC Q_Enthernet: Connection lost. Attempting to reconnect...
14:25:18.96-[Warning]-PLC Q_Enthernet: Reconnection attempt 8 failed.
14:25:23.97-[Warning]-PLC Q_Enthernet: Connection lost. Attempting to reconnect...
14:25:27.01-[Warning]-PLC Q_Enthernet: Reconnection attempt 9 failed.
14:25:32.02-[Warning]-PLC Q_Enthernet: Connection lost. Attempting to reconnect...
14:25:35.06-[Warning]-PLC Q_Enthernet: Reconnection attempt 10 failed.
14:25:40.07-[Warning]-PLC Q_Enthernet: Connection lost. Attempting to reconnect...
14:25:43.12-[Warning]-PLC Q_Enthernet: Reconnection attempt 11 failed.
14:26:10.37-[Information]-UiManager: Startup:
14:26:10.47-[Information]-Dba:  ->  Database File SQLite Already Existed!
14:26:10.54-[Error]-VisionAL: Have No Template at X2835
14:26:10.58-[Error]-VisionAL: Have No Template at X2835
14:26:11.58-[Error]-VisionAL: Have No Template at X2835
14:26:11.62-[Error]-VisionAL: Have No Template at X2835
14:26:12.42-[Warning]-PLC Q_Enthernet: Connection lost. Attempting to reconnect...
14:26:15.45-[Warning]-PLC Q_Enthernet: Reconnection attempt 1 failed.
14:26:20.46-[Warning]-PLC Q_Enthernet: Connection lost. Attempting to reconnect...
14:26:23.49-[Warning]-PLC Q_Enthernet: Reconnection attempt 2 failed.
14:26:28.51-[Warning]-PLC Q_Enthernet: Connection lost. Attempting to reconnect...
14:26:31.55-[Warning]-PLC Q_Enthernet: Reconnection attempt 3 failed.
14:26:36.56-[Warning]-PLC Q_Enthernet: Connection lost. Attempting to reconnect...
14:26:39.59-[Warning]-PLC Q_Enthernet: Reconnection attempt 4 failed.
14:26:43.19-[Error]-Camera Page: ReadTemp1 Image Err
14:26:44.60-[Warning]-PLC Q_Enthernet: Connection lost. Attempting to reconnect...
14:26:47.62-[Warning]-PLC Q_Enthernet: Reconnection attempt 5 failed.
14:26:52.63-[Warning]-PLC Q_Enthernet: Connection lost. Attempting to reconnect...
14:26:55.65-[Warning]-PLC Q_Enthernet: Reconnection attempt 6 failed.
14:27:00.67-[Warning]-PLC Q_Enthernet: Connection lost. Attempting to reconnect...
14:27:03.70-[Warning]-PLC Q_Enthernet: Reconnection attempt 7 failed.
14:27:08.71-[Warning]-PLC Q_Enthernet: Connection lost. Attempting to reconnect...
14:27:11.74-[Warning]-PLC Q_Enthernet: Reconnection attempt 8 failed.
14:27:16.76-[Warning]-PLC Q_Enthernet: Connection lost. Attempting to reconnect...
14:27:19.78-[Warning]-PLC Q_Enthernet: Reconnection attempt 9 failed.
14:27:24.79-[Warning]-PLC Q_Enthernet: Connection lost. Attempting to reconnect...
14:27:27.82-[Warning]-PLC Q_Enthernet: Reconnection attempt 10 failed.
14:27:30.00-[Information]-WndWindow: Disconnect PLC
14:27:30.00-[Information]-WndWindow: Stop Program
14:34:15.57-[Information]-UiManager: Startup:
14:34:15.68-[Information]-Dba:  ->  Database File SQLite Already Existed!
14:34:15.75-[Error]-VisionAL: Have No Template at X2835
14:34:15.79-[Error]-VisionAL: Have No Template at X2835
14:34:16.81-[Error]-VisionAL: Have No Template at X2835
14:34:16.85-[Error]-VisionAL: Have No Template at X2835
14:34:17.57-[Warning]-PLC Q_Enthernet: Connection lost. Attempting to reconnect...
14:34:20.61-[Warning]-PLC Q_Enthernet: Reconnection attempt 1 failed.
14:34:24.92-[Error]-Camera Page: ReadTemp1 Image Err
14:34:25.62-[Warning]-PLC Q_Enthernet: Connection lost. Attempting to reconnect...
14:34:28.65-[Warning]-PLC Q_Enthernet: Reconnection attempt 2 failed.
14:34:33.66-[Warning]-PLC Q_Enthernet: Connection lost. Attempting to reconnect...
14:34:36.69-[Warning]-PLC Q_Enthernet: Reconnection attempt 3 failed.
14:34:41.69-[Warning]-PLC Q_Enthernet: Connection lost. Attempting to reconnect...
14:34:44.71-[Warning]-PLC Q_Enthernet: Reconnection attempt 4 failed.
14:34:49.73-[Warning]-PLC Q_Enthernet: Connection lost. Attempting to reconnect...
14:34:52.78-[Warning]-PLC Q_Enthernet: Reconnection attempt 5 failed.
14:34:57.79-[Warning]-PLC Q_Enthernet: Connection lost. Attempting to reconnect...
14:35:00.83-[Warning]-PLC Q_Enthernet: Reconnection attempt 6 failed.
14:35:05.63-[Information]-WndWindow: Disconnect PLC
14:35:05.63-[Information]-WndWindow: Stop Program
14:44:25.99-[Information]-UiManager: Startup:
14:44:26.09-[Information]-Dba:  ->  Database File SQLite Already Existed!
14:44:26.20-[Error]-VisionAL: Have No Template at X2835
14:44:26.23-[Error]-VisionAL: Have No Template at X2835
14:44:27.19-[Error]-VisionAL: Have No Template at X2835
14:44:27.22-[Error]-VisionAL: Have No Template at X2835
14:44:28.06-[Warning]-PLC Q_Enthernet: Connection lost. Attempting to reconnect...
14:44:31.09-[Warning]-PLC Q_Enthernet: Reconnection attempt 1 failed.
14:44:31.32-[Error]-Camera Page: ReadTemp1 Image Err
14:44:34.77-[Information]-WndWindow: Disconnect PLC
14:44:34.78-[Information]-WndWindow: Stop Program
14:44:47.61-[Information]-UiManager: Startup:
14:44:47.70-[Information]-Dba:  ->  Database File SQLite Already Existed!
14:44:47.79-[Error]-VisionAL: Have No Template at X2835
14:44:47.81-[Error]-VisionAL: Have No Template at X2835
14:44:48.82-[Error]-VisionAL: Have No Template at X2835
14:44:48.85-[Error]-VisionAL: Have No Template at X2835
14:44:49.57-[Warning]-PLC Q_Enthernet: Connection lost. Attempting to reconnect...
14:44:52.20-[Error]-Camera Page: ReadTemp1 Image Err
14:44:52.60-[Warning]-PLC Q_Enthernet: Reconnection attempt 1 failed.
14:44:57.62-[Warning]-PLC Q_Enthernet: Connection lost. Attempting to reconnect...
14:45:00.65-[Warning]-PLC Q_Enthernet: Reconnection attempt 2 failed.
14:45:05.66-[Warning]-PLC Q_Enthernet: Connection lost. Attempting to reconnect...
14:45:08.70-[Warning]-PLC Q_Enthernet: Reconnection attempt 3 failed.
14:45:13.71-[Warning]-PLC Q_Enthernet: Connection lost. Attempting to reconnect...
14:45:16.74-[Warning]-PLC Q_Enthernet: Reconnection attempt 4 failed.
14:45:21.74-[Warning]-PLC Q_Enthernet: Connection lost. Attempting to reconnect...
14:45:24.78-[Warning]-PLC Q_Enthernet: Reconnection attempt 5 failed.
14:45:29.79-[Warning]-PLC Q_Enthernet: Connection lost. Attempting to reconnect...
14:45:32.83-[Warning]-PLC Q_Enthernet: Reconnection attempt 6 failed.
14:45:37.85-[Warning]-PLC Q_Enthernet: Connection lost. Attempting to reconnect...
14:45:40.89-[Warning]-PLC Q_Enthernet: Reconnection attempt 7 failed.
14:45:45.90-[Warning]-PLC Q_Enthernet: Connection lost. Attempting to reconnect...
14:45:48.93-[Warning]-PLC Q_Enthernet: Reconnection attempt 8 failed.
14:45:53.94-[Warning]-PLC Q_Enthernet: Connection lost. Attempting to reconnect...
14:45:56.98-[Warning]-PLC Q_Enthernet: Reconnection attempt 9 failed.
14:46:01.99-[Warning]-PLC Q_Enthernet: Connection lost. Attempting to reconnect...
14:46:05.02-[Warning]-PLC Q_Enthernet: Reconnection attempt 10 failed.
14:46:10.04-[Warning]-PLC Q_Enthernet: Connection lost. Attempting to reconnect...
14:46:13.07-[Warning]-PLC Q_Enthernet: Reconnection attempt 11 failed.
14:46:18.07-[Warning]-PLC Q_Enthernet: Connection lost. Attempting to reconnect...
14:46:21.09-[Warning]-PLC Q_Enthernet: Reconnection attempt 12 failed.
14:46:46.00-[Warning]-PLC Q_Enthernet: Connection lost. Attempting to reconnect...
14:48:05.89-[Information]-UiManager: Startup:
14:48:05.99-[Information]-Dba:  ->  Database File SQLite Already Existed!
14:48:06.07-[Error]-VisionAL: Have No Template at X2835
14:48:06.11-[Error]-VisionAL: Have No Template at X2835
14:48:07.11-[Error]-VisionAL: Have No Template at X2835
14:48:07.14-[Error]-VisionAL: Have No Template at X2835
14:48:07.86-[Warning]-PLC Q_Enthernet: Connection lost. Attempting to reconnect...
14:48:10.90-[Warning]-PLC Q_Enthernet: Reconnection attempt 1 failed.
14:48:15.91-[Warning]-PLC Q_Enthernet: Connection lost. Attempting to reconnect...
14:48:17.62-[Error]-Camera Page: ReadTemp1 Image Err
14:48:18.93-[Warning]-PLC Q_Enthernet: Reconnection attempt 2 failed.
14:48:23.95-[Warning]-PLC Q_Enthernet: Connection lost. Attempting to reconnect...
14:48:27.00-[Warning]-PLC Q_Enthernet: Reconnection attempt 3 failed.
14:48:32.01-[Warning]-PLC Q_Enthernet: Connection lost. Attempting to reconnect...
14:48:35.03-[Warning]-PLC Q_Enthernet: Reconnection attempt 4 failed.
14:48:40.05-[Warning]-PLC Q_Enthernet: Connection lost. Attempting to reconnect...
14:48:43.08-[Warning]-PLC Q_Enthernet: Reconnection attempt 5 failed.
14:48:48.09-[Warning]-PLC Q_Enthernet: Connection lost. Attempting to reconnect...
14:48:51.15-[Warning]-PLC Q_Enthernet: Reconnection attempt 6 failed.
14:48:56.15-[Warning]-PLC Q_Enthernet: Connection lost. Attempting to reconnect...
14:48:59.18-[Warning]-PLC Q_Enthernet: Reconnection attempt 7 failed.
14:49:04.19-[Warning]-PLC Q_Enthernet: Connection lost. Attempting to reconnect...
14:49:07.22-[Warning]-PLC Q_Enthernet: Reconnection attempt 8 failed.
14:49:12.24-[Warning]-PLC Q_Enthernet: Connection lost. Attempting to reconnect...
14:49:15.25-[Warning]-PLC Q_Enthernet: Reconnection attempt 9 failed.
14:49:20.26-[Warning]-PLC Q_Enthernet: Connection lost. Attempting to reconnect...
14:49:23.28-[Warning]-PLC Q_Enthernet: Reconnection attempt 10 failed.
14:49:28.30-[Warning]-PLC Q_Enthernet: Connection lost. Attempting to reconnect...
14:49:31.32-[Warning]-PLC Q_Enthernet: Reconnection attempt 11 failed.
14:49:36.34-[Warning]-PLC Q_Enthernet: Connection lost. Attempting to reconnect...
14:49:39.38-[Warning]-PLC Q_Enthernet: Reconnection attempt 12 failed.
14:49:44.38-[Warning]-PLC Q_Enthernet: Connection lost. Attempting to reconnect...
14:49:47.41-[Warning]-PLC Q_Enthernet: Reconnection attempt 13 failed.
14:49:52.41-[Warning]-PLC Q_Enthernet: Connection lost. Attempting to reconnect...
14:49:55.45-[Warning]-PLC Q_Enthernet: Reconnection attempt 14 failed.
14:50:00.46-[Warning]-PLC Q_Enthernet: Connection lost. Attempting to reconnect...
14:50:03.49-[Warning]-PLC Q_Enthernet: Reconnection attempt 15 failed.
14:50:08.51-[Warning]-PLC Q_Enthernet: Connection lost. Attempting to reconnect...
14:50:11.54-[Warning]-PLC Q_Enthernet: Reconnection attempt 16 failed.
14:50:16.55-[Warning]-PLC Q_Enthernet: Connection lost. Attempting to reconnect...
14:50:19.59-[Warning]-PLC Q_Enthernet: Reconnection attempt 17 failed.
14:50:24.61-[Warning]-PLC Q_Enthernet: Connection lost. Attempting to reconnect...
14:50:27.64-[Warning]-PLC Q_Enthernet: Reconnection attempt 18 failed.
14:50:32.66-[Warning]-PLC Q_Enthernet: Connection lost. Attempting to reconnect...
14:50:35.69-[Warning]-PLC Q_Enthernet: Reconnection attempt 19 failed.
14:50:40.70-[Warning]-PLC Q_Enthernet: Connection lost. Attempting to reconnect...
14:50:43.73-[Warning]-PLC Q_Enthernet: Reconnection attempt 20 failed.
14:50:48.74-[Warning]-PLC Q_Enthernet: Connection lost. Attempting to reconnect...
14:50:51.77-[Warning]-PLC Q_Enthernet: Reconnection attempt 21 failed.
14:51:00.74-[Information]-UiManager: Startup:
14:51:00.84-[Information]-Dba:  ->  Database File SQLite Already Existed!
14:51:00.92-[Error]-VisionAL: Have No Template at X2835
14:51:00.95-[Error]-VisionAL: Have No Template at X2835
14:51:01.93-[Error]-VisionAL: Have No Template at X2835
14:51:01.96-[Error]-VisionAL: Have No Template at X2835
14:51:02.68-[Warning]-PLC Q_Enthernet: Connection lost. Attempting to reconnect...
14:51:05.73-[Warning]-PLC Q_Enthernet: Reconnection attempt 1 failed.
14:51:10.74-[Warning]-PLC Q_Enthernet: Connection lost. Attempting to reconnect...
14:51:13.78-[Warning]-PLC Q_Enthernet: Reconnection attempt 2 failed.
14:51:18.79-[Warning]-PLC Q_Enthernet: Connection lost. Attempting to reconnect...
14:51:21.82-[Warning]-PLC Q_Enthernet: Reconnection attempt 3 failed.
14:51:26.82-[Warning]-PLC Q_Enthernet: Connection lost. Attempting to reconnect...
14:51:29.85-[Warning]-PLC Q_Enthernet: Reconnection attempt 4 failed.
14:51:34.85-[Warning]-PLC Q_Enthernet: Connection lost. Attempting to reconnect...
14:51:37.89-[Warning]-PLC Q_Enthernet: Reconnection attempt 5 failed.
14:51:42.90-[Warning]-PLC Q_Enthernet: Connection lost. Attempting to reconnect...
14:51:45.93-[Warning]-PLC Q_Enthernet: Reconnection attempt 6 failed.
14:51:50.94-[Warning]-PLC Q_Enthernet: Connection lost. Attempting to reconnect...
14:51:53.98-[Warning]-PLC Q_Enthernet: Reconnection attempt 7 failed.
14:51:58.99-[Warning]-PLC Q_Enthernet: Connection lost. Attempting to reconnect...
14:52:02.02-[Warning]-PLC Q_Enthernet: Reconnection attempt 8 failed.
14:52:05.96-[Error]-Camera Page: ReadTemp1 Image Err
14:52:07.02-[Warning]-PLC Q_Enthernet: Connection lost. Attempting to reconnect...
14:52:10.06-[Warning]-PLC Q_Enthernet: Reconnection attempt 9 failed.
14:52:15.07-[Warning]-PLC Q_Enthernet: Connection lost. Attempting to reconnect...
14:52:18.10-[Warning]-PLC Q_Enthernet: Reconnection attempt 10 failed.
14:52:23.12-[Warning]-PLC Q_Enthernet: Connection lost. Attempting to reconnect...
14:52:26.15-[Warning]-PLC Q_Enthernet: Reconnection attempt 11 failed.
14:52:31.17-[Warning]-PLC Q_Enthernet: Connection lost. Attempting to reconnect...
14:52:34.19-[Warning]-PLC Q_Enthernet: Reconnection attempt 12 failed.
14:53:19.81-[Information]-UiManager: Startup:
14:53:19.90-[Information]-Dba:  ->  Database File SQLite Already Existed!
14:53:19.98-[Error]-VisionAL: Have No Template at X2835
14:53:20.01-[Error]-VisionAL: Have No Template at X2835
14:53:20.86-[Error]-VisionAL: Have No Template at X2835
14:53:20.89-[Error]-VisionAL: Have No Template at X2835
14:53:21.61-[Warning]-PLC Q_Enthernet: Connection lost. Attempting to reconnect...
14:53:24.65-[Warning]-PLC Q_Enthernet: Reconnection attempt 1 failed.
14:53:29.67-[Warning]-PLC Q_Enthernet: Connection lost. Attempting to reconnect...
14:53:32.70-[Warning]-PLC Q_Enthernet: Reconnection attempt 2 failed.
14:53:37.71-[Warning]-PLC Q_Enthernet: Connection lost. Attempting to reconnect...
14:53:40.73-[Warning]-PLC Q_Enthernet: Reconnection attempt 3 failed.
14:53:45.74-[Warning]-PLC Q_Enthernet: Connection lost. Attempting to reconnect...
14:53:48.77-[Warning]-PLC Q_Enthernet: Reconnection attempt 4 failed.
14:53:53.77-[Warning]-PLC Q_Enthernet: Connection lost. Attempting to reconnect...
14:53:56.79-[Warning]-PLC Q_Enthernet: Reconnection attempt 5 failed.
14:54:01.79-[Warning]-PLC Q_Enthernet: Connection lost. Attempting to reconnect...
14:54:04.82-[Warning]-PLC Q_Enthernet: Reconnection attempt 6 failed.
14:54:09.84-[Warning]-PLC Q_Enthernet: Connection lost. Attempting to reconnect...
14:54:12.87-[Warning]-PLC Q_Enthernet: Reconnection attempt 7 failed.
14:54:17.88-[Warning]-PLC Q_Enthernet: Connection lost. Attempting to reconnect...
14:54:20.91-[Warning]-PLC Q_Enthernet: Reconnection attempt 8 failed.
14:54:25.91-[Warning]-PLC Q_Enthernet: Connection lost. Attempting to reconnect...
14:54:28.95-[Warning]-PLC Q_Enthernet: Reconnection attempt 9 failed.
14:54:33.96-[Warning]-PLC Q_Enthernet: Connection lost. Attempting to reconnect...
14:54:36.99-[Warning]-PLC Q_Enthernet: Reconnection attempt 10 failed.
14:54:41.99-[Warning]-PLC Q_Enthernet: Connection lost. Attempting to reconnect...
14:54:45.04-[Warning]-PLC Q_Enthernet: Reconnection attempt 11 failed.
14:54:50.05-[Warning]-PLC Q_Enthernet: Connection lost. Attempting to reconnect...
14:54:53.08-[Warning]-PLC Q_Enthernet: Reconnection attempt 12 failed.
14:54:58.09-[Warning]-PLC Q_Enthernet: Connection lost. Attempting to reconnect...
14:55:01.12-[Warning]-PLC Q_Enthernet: Reconnection attempt 13 failed.
14:55:06.13-[Warning]-PLC Q_Enthernet: Connection lost. Attempting to reconnect...
14:55:09.17-[Warning]-PLC Q_Enthernet: Reconnection attempt 14 failed.
14:55:14.18-[Warning]-PLC Q_Enthernet: Connection lost. Attempting to reconnect...
14:55:14.59-[Error]-Camera Page: ReadTemp1 Image Err
14:55:17.21-[Warning]-PLC Q_Enthernet: Reconnection attempt 15 failed.
14:55:22.23-[Warning]-PLC Q_Enthernet: Connection lost. Attempting to reconnect...
14:55:25.26-[Warning]-PLC Q_Enthernet: Reconnection attempt 16 failed.
14:55:30.27-[Warning]-PLC Q_Enthernet: Connection lost. Attempting to reconnect...
14:55:33.29-[Warning]-PLC Q_Enthernet: Reconnection attempt 17 failed.
14:55:38.30-[Warning]-PLC Q_Enthernet: Connection lost. Attempting to reconnect...
14:55:41.33-[Warning]-PLC Q_Enthernet: Reconnection attempt 18 failed.
14:55:46.33-[Warning]-PLC Q_Enthernet: Connection lost. Attempting to reconnect...
14:55:46.54-[Information]-WndWindow: Disconnect PLC
14:55:46.54-[Information]-WndWindow: Stop Program
14:57:08.54-[Information]-UiManager: Startup:
14:57:08.63-[Information]-Dba:  ->  Database File SQLite Already Existed!
14:57:08.71-[Error]-VisionAL: Have No Template at X2835
14:57:08.75-[Error]-VisionAL: Have No Template at X2835
14:57:09.66-[Error]-VisionAL: Have No Template at X2835
14:57:09.69-[Error]-VisionAL: Have No Template at X2835
14:57:10.42-[Warning]-PLC Q_Enthernet: Connection lost. Attempting to reconnect...
14:57:13.45-[Warning]-PLC Q_Enthernet: Reconnection attempt 1 failed.
14:57:15.93-[Error]-Camera Page: ReadTemp1 Image Err
14:57:18.46-[Warning]-PLC Q_Enthernet: Connection lost. Attempting to reconnect...
14:57:21.49-[Warning]-PLC Q_Enthernet: Reconnection attempt 2 failed.
14:57:26.51-[Warning]-PLC Q_Enthernet: Connection lost. Attempting to reconnect...
14:57:28.67-[Information]-WndWindow: Disconnect PLC
14:57:28.67-[Information]-WndWindow: Stop Program
14:57:41.80-[Information]-UiManager: Startup:
14:57:41.89-[Information]-Dba:  ->  Database File SQLite Already Existed!
14:57:41.98-[Error]-VisionAL: Have No Template at X2835
14:57:42.01-[Error]-VisionAL: Have No Template at X2835
14:57:43.02-[Error]-VisionAL: Have No Template at X2835
14:57:43.06-[Error]-VisionAL: Have No Template at X2835
14:57:43.79-[Warning]-PLC Q_Enthernet: Connection lost. Attempting to reconnect...
14:57:46.82-[Warning]-PLC Q_Enthernet: Reconnection attempt 1 failed.
14:57:48.38-[Error]-Camera Page: ReadTemp1 Image Err
14:57:51.83-[Warning]-PLC Q_Enthernet: Connection lost. Attempting to reconnect...
14:57:54.86-[Warning]-PLC Q_Enthernet: Reconnection attempt 2 failed.
14:57:59.86-[Warning]-PLC Q_Enthernet: Connection lost. Attempting to reconnect...
14:58:02.88-[Warning]-PLC Q_Enthernet: Reconnection attempt 3 failed.
14:58:07.90-[Warning]-PLC Q_Enthernet: Connection lost. Attempting to reconnect...
14:58:10.93-[Warning]-PLC Q_Enthernet: Reconnection attempt 4 failed.
14:58:15.93-[Warning]-PLC Q_Enthernet: Connection lost. Attempting to reconnect...
14:58:18.97-[Warning]-PLC Q_Enthernet: Reconnection attempt 5 failed.
14:58:23.98-[Warning]-PLC Q_Enthernet: Connection lost. Attempting to reconnect...
14:58:27.03-[Warning]-PLC Q_Enthernet: Reconnection attempt 6 failed.
14:58:27.90-[Information]-WndWindow: Disconnect PLC
14:58:27.91-[Information]-WndWindow: Stop Program
15:29:25.11-[Information]-UiManager: Startup:
15:29:25.40-[Information]-Dba:  ->  Database File SQLite Already Existed!
15:29:25.48-[Error]-VisionAL: Have No Template at X2835
15:29:25.51-[Error]-VisionAL: Have No Template at X2835
15:29:26.45-[Error]-VisionAL: Have No Template at X2835
15:29:26.49-[Error]-VisionAL: Have No Template at X2835
15:29:27.22-[Warning]-PLC Q_Enthernet: Connection lost. Attempting to reconnect...
15:29:30.24-[Warning]-PLC Q_Enthernet: Reconnection attempt 1 failed.
15:29:32.16-[Error]-Camera Page: ReadTemp1 Image Err
15:29:35.24-[Warning]-PLC Q_Enthernet: Connection lost. Attempting to reconnect...
15:29:38.27-[Warning]-PLC Q_Enthernet: Reconnection attempt 2 failed.
15:29:43.29-[Warning]-PLC Q_Enthernet: Connection lost. Attempting to reconnect...
15:29:46.32-[Warning]-PLC Q_Enthernet: Reconnection attempt 3 failed.
15:29:51.34-[Warning]-PLC Q_Enthernet: Connection lost. Attempting to reconnect...
15:29:54.36-[Warning]-PLC Q_Enthernet: Reconnection attempt 4 failed.
15:29:59.38-[Warning]-PLC Q_Enthernet: Connection lost. Attempting to reconnect...
15:30:02.42-[Warning]-PLC Q_Enthernet: Reconnection attempt 5 failed.
15:30:07.43-[Warning]-PLC Q_Enthernet: Connection lost. Attempting to reconnect...
15:30:10.46-[Warning]-PLC Q_Enthernet: Reconnection attempt 6 failed.
15:30:15.46-[Warning]-PLC Q_Enthernet: Connection lost. Attempting to reconnect...
15:30:18.48-[Warning]-PLC Q_Enthernet: Reconnection attempt 7 failed.
15:30:23.48-[Warning]-PLC Q_Enthernet: Connection lost. Attempting to reconnect...
15:30:26.51-[Warning]-PLC Q_Enthernet: Reconnection attempt 8 failed.
15:30:26.73-[Information]-WndWindow: Disconnect PLC
15:30:26.73-[Information]-WndWindow: Stop Program
15:31:21.83-[Information]-UiManager: Startup:
15:31:21.92-[Information]-Dba:  ->  Database File SQLite Already Existed!
15:31:22.48-[Error]-VisionAL: Have No Template at X2835
15:31:22.51-[Error]-VisionAL: Have No Template at X2835
15:31:23.29-[Error]-VisionAL: Have No Template at X2835
15:31:23.33-[Error]-VisionAL: Have No Template at X2835
15:31:24.11-[Warning]-PLC Q_Enthernet: Connection lost. Attempting to reconnect...
15:31:27.14-[Warning]-PLC Q_Enthernet: Reconnection attempt 1 failed.
15:31:31.36-[Error]-Camera Page: ReadTemp1 Image Err
15:31:32.15-[Warning]-PLC Q_Enthernet: Connection lost. Attempting to reconnect...
15:31:35.19-[Warning]-PLC Q_Enthernet: Reconnection attempt 2 failed.
15:31:40.21-[Warning]-PLC Q_Enthernet: Connection lost. Attempting to reconnect...
15:31:43.22-[Warning]-PLC Q_Enthernet: Reconnection attempt 3 failed.
15:31:45.02-[Information]-WndWindow: Disconnect PLC
15:31:45.02-[Information]-WndWindow: Stop Program
15:32:10.79-[Information]-UiManager: Startup:
15:32:10.88-[Information]-Dba:  ->  Database File SQLite Already Existed!
15:32:10.95-[Error]-VisionAL: Have No Template at X2835
15:32:10.99-[Error]-VisionAL: Have No Template at X2835
15:32:11.79-[Error]-VisionAL: Have No Template at X2835
15:32:11.82-[Error]-VisionAL: Have No Template at X2835
15:32:12.59-[Warning]-PLC Q_Enthernet: Connection lost. Attempting to reconnect...
15:32:15.64-[Warning]-PLC Q_Enthernet: Reconnection attempt 1 failed.
15:32:16.87-[Information]-WndWindow: Disconnect PLC
15:32:16.87-[Information]-WndWindow: Stop Program
16:16:05.61-[Information]-UiManager: Startup:
16:16:05.71-[Information]-Dba:  ->  Database File SQLite Already Existed!
16:16:05.79-[Error]-VisionAL: Have No Template at X2835
16:16:05.82-[Error]-VisionAL: Have No Template at X2835
16:16:06.98-[Error]-VisionAL: Have No Template at X2835
16:16:07.01-[Error]-VisionAL: Have No Template at X2835
16:16:07.92-[Warning]-PLC Q_Enthernet: Connection lost. Attempting to reconnect...
16:16:10.95-[Warning]-PLC Q_Enthernet: Reconnection attempt 1 failed.
16:16:13.49-[Error]-Camera Page: ReadTemp1 Image Err
16:16:15.96-[Warning]-PLC Q_Enthernet: Connection lost. Attempting to reconnect...
16:16:18.99-[Warning]-PLC Q_Enthernet: Reconnection attempt 2 failed.
16:16:23.99-[Warning]-PLC Q_Enthernet: Connection lost. Attempting to reconnect...
16:16:27.02-[Warning]-PLC Q_Enthernet: Reconnection attempt 3 failed.
16:16:29.04-[Information]-WndWindow: Disconnect PLC
16:16:29.04-[Information]-WndWindow: Stop Program
16:17:33.76-[Information]-UiManager: Startup:
16:17:33.84-[Information]-Dba:  ->  Database File SQLite Already Existed!
16:17:33.92-[Error]-VisionAL: Have No Template at X2835
16:17:33.96-[Error]-VisionAL: Have No Template at X2835
16:17:34.88-[Error]-VisionAL: Have No Template at X2835
16:17:34.92-[Error]-VisionAL: Have No Template at X2835
16:17:35.68-[Warning]-PLC Q_Enthernet: Connection lost. Attempting to reconnect...
16:17:38.73-[Warning]-PLC Q_Enthernet: Reconnection attempt 1 failed.
16:17:41.83-[Error]-Camera Page: ReadTemp1 Image Err
16:17:43.74-[Warning]-PLC Q_Enthernet: Connection lost. Attempting to reconnect...
16:17:46.78-[Warning]-PLC Q_Enthernet: Reconnection attempt 2 failed.
16:17:51.79-[Warning]-PLC Q_Enthernet: Connection lost. Attempting to reconnect...
16:17:54.82-[Warning]-PLC Q_Enthernet: Reconnection attempt 3 failed.
16:17:59.84-[Warning]-PLC Q_Enthernet: Connection lost. Attempting to reconnect...
16:18:02.87-[Warning]-PLC Q_Enthernet: Reconnection attempt 4 failed.
16:18:07.89-[Warning]-PLC Q_Enthernet: Connection lost. Attempting to reconnect...
16:18:10.92-[Warning]-PLC Q_Enthernet: Reconnection attempt 5 failed.
16:18:15.93-[Warning]-PLC Q_Enthernet: Connection lost. Attempting to reconnect...
16:18:18.96-[Warning]-PLC Q_Enthernet: Reconnection attempt 6 failed.
16:18:23.96-[Warning]-PLC Q_Enthernet: Connection lost. Attempting to reconnect...
16:18:26.28-[Information]-WndWindow: Disconnect PLC
16:18:26.29-[Information]-WndWindow: Stop Program