
15:44:23.46-[Information]-UiManager: Startup:
15:44:25.47-[Information]-UserManager: LogOn: Operator/
15:44:25.48-[Information]-Dba:  ->  Database File SQLite Already Existed!
15:51:18.42-[Information]-UiManager: Startup:
15:51:20.68-[Information]-UserManager: LogOn: Operator/
15:51:20.69-[Information]-Dba:  ->  Database File SQLite Already Existed!
15:53:09.48-[Information]-UiManager: Startup:
15:53:13.16-[Information]-Dba:  ->  Database File SQLite Already Existed!
15:55:20.04-[Information]-UiManager: Startup:
15:55:21.77-[Information]-Dba:  ->  Database File SQLite Already Existed!
16:06:16.28-[Information]-UiManager: Startup:
16:06:18.67-[Information]-UserManager: LogOn: Operator/
16:06:18.68-[Information]-Dba:  ->  Database File SQLite Already Existed!
16:11:45.78-[Information]-UiManager: Startup:
16:11:47.87-[Information]-UserManager: LogOn: Operator/
16:11:47.87-[Information]-Dba:  ->  Database File SQLite Already Existed!
16:18:04.92-[Information]-UiManager: Startup:
16:18:06.85-[Information]-UserManager: LogOn: Operator/
16:18:06.86-[Information]-Dba:  ->  Database File SQLite Already Existed!
16:21:47.23-[Information]-UiManager: Startup:
16:21:48.94-[Information]-UserManager: LogOn: Operator/
16:21:48.95-[Information]-Dba:  ->  Database File SQLite Already Existed!
16:22:18.81-[Information]-UserManager: LogOn: AutoTeams/itm\
16:22:23.50-[Information]-UserManager: LogOn: AutoTeams/itm
16:32:05.66-[Information]-UiManager: Startup:
16:32:07.62-[Information]-Dba:  ->  Database File SQLite Already Existed!
16:32:24.40-[Information]-UiManager: Startup:
16:32:25.82-[Information]-Dba:  ->  Database File SQLite Already Existed!
16:33:01.81-[Information]-UiManager: Startup:
16:33:03.56-[Information]-Dba:  ->  Database File SQLite Already Existed!
16:34:29.25-[Information]-UiManager: Startup:
16:34:30.45-[Information]-Dba:  ->  Database File SQLite Already Existed!
16:35:03.72-[Information]-UiManager: Startup:
16:35:04.96-[Information]-Dba:  ->  Database File SQLite Already Existed!
17:31:37.59-[Information]-UiManager: Startup:
17:31:40.03-[Information]-Dba:  ->  Database File SQLite Already Existed!
17:32:18.31-[Information]-UiManager: Startup:
17:32:19.91-[Information]-Dba:  ->  Database File SQLite Already Existed!
17:33:13.07-[Information]-UiManager: Startup:
17:33:17.80-[Information]-UserManager: LogOn: AutoTeams/itm
17:33:17.81-[Information]-Dba:  ->  Database File SQLite Already Existed!
17:35:01.54-[Information]-UiManager: Startup:
17:35:03.71-[Information]-Dba:  ->  Database File SQLite Already Existed!
17:36:17.62-[Information]-UiManager: Startup:
17:36:19.16-[Information]-Dba:  ->  Database File SQLite Already Existed!
17:36:37.50-[Information]-UserManager: LogOut
17:36:41.63-[Information]-UserManager: LogOn: AutoTeams/itm
22:19:38.42-[Information]-UiManager: Startup:
22:19:40.22-[Information]-Dba:  ->  Database File SQLite Already Existed!