
08:11:48.03-[Information]-UiManager: Startup:
08:11:49.41-[Information]-Dba:  ->  Database File SQLite Already Existed!
11:29:23.76-[Information]-UiManager: Startup:
11:29:25.06-[Information]-Dba:  ->  Database File SQLite Already Existed!
11:29:35.33-[Information]-PgMain: addLog:Already Reset !
11:29:37.53-[Information]-PgMain: addLog:Already Running!
11:29:38.47-[Information]-PgMain: addLog:Already Pause !
11:53:43.47-[Information]-UiManager: Startup:
11:53:44.56-[Information]-Dba:  ->  Database File SQLite Already Existed!
11:53:46.94-[Information]-PgMain: addLog:Already Running!
16:03:59.59-[Information]-UiManager: Startup:
16:04:00.46-[Information]-Dba:  ->  Database File SQLite Already Existed!
18:00:40.21-[Information]-UiManager: Startup:
18:00:40.56-[Information]-Dba:  ->  Database File SQLite Already Existed!
18:09:17.88-[Information]-UiManager: Startup:
18:09:18.25-[Information]-Dba:  ->  Database File SQLite Already Existed!
18:46:31.58-[Information]-UiManager: Startup:
18:46:31.91-[Information]-Dba:  ->  Database File SQLite Already Existed!
18:46:33.76-[Information]-PgMain: addLog:Already Running!
18:48:51.67-[Information]-UiManager: Startup:
18:48:52.46-[Information]-Dba:  ->  Database File SQLite Already Existed!
18:48:53.94-[Information]-PgMain: addLog:Already Running!
18:53:11.76-[Information]-UiManager: Startup:
18:53:12.97-[Information]-Dba:  ->  Database File SQLite Already Existed!
18:53:14.22-[Information]-PgMain: addLog:Already Running!
18:54:35.96-[Information]-UiManager: Startup:
18:54:36.77-[Information]-Dba:  ->  Database File SQLite Already Existed!
18:54:38.30-[Information]-PgMain: addLog:Already Running!
18:55:06.48-[Information]-PgMain: addLog:Already Pause !
18:55:07.07-[Information]-PgMain: addLog:Already Reset !
18:55:36.96-[Information]-UiManager: Startup:
18:55:37.80-[Information]-Dba:  ->  Database File SQLite Already Existed!
18:55:38.83-[Information]-PgMain: addLog:Already Running!
18:55:40.96-[Information]-PgMain: addLog:Already Pause !
18:56:30.41-[Information]-UiManager: Startup:
18:56:32.37-[Information]-Dba:  ->  Database File SQLite Already Existed!
18:56:33.46-[Information]-PgMain: addLog:Already Running!
18:56:42.22-[Information]-PgMain: addLog:Already Pause !
18:56:42.74-[Information]-PgMain: addLog:Already Reset !
18:57:41.57-[Information]-UiManager: Startup:
18:57:42.78-[Information]-Dba:  ->  Database File SQLite Already Existed!
18:57:44.03-[Information]-PgMain: addLog:Already Running!
18:59:32.03-[Information]-UiManager: Startup:
18:59:32.93-[Information]-Dba:  ->  Database File SQLite Already Existed!
18:59:34.61-[Information]-PgMain: addLog:Already Pause !
19:01:36.97-[Information]-UiManager: Startup:
19:01:37.80-[Information]-Dba:  ->  Database File SQLite Already Existed!
19:01:39.03-[Information]-PgMain: addLog:Already Running!
19:01:53.51-[Information]-PgMain: addLog:Already Pause !
19:03:28.89-[Information]-UiManager: Startup:
19:03:29.90-[Information]-Dba:  ->  Database File SQLite Already Existed!
19:03:31.30-[Information]-PgMain: addLog:Already Pause !
19:07:43.42-[Information]-UiManager: Startup:
19:07:44.69-[Information]-Dba:  ->  Database File SQLite Already Existed!
19:07:45.64-[Information]-PgMain: addLog:Already Running!
19:08:55.01-[Information]-UiManager: Startup:
19:08:55.90-[Information]-Dba:  ->  Database File SQLite Already Existed!
19:08:57.60-[Information]-PgMain: addLog:Already Running!
19:11:05.27-[Information]-UiManager: Startup:
19:11:06.13-[Information]-Dba:  ->  Database File SQLite Already Existed!
19:11:08.36-[Information]-PgMain: addLog:Already Running!
19:11:26.15-[Information]-UiManager: Startup:
19:11:27.05-[Information]-Dba:  ->  Database File SQLite Already Existed!
19:11:28.69-[Information]-PgMain: addLog:Already Running!
19:12:28.16-[Information]-UiManager: Startup:
19:12:28.88-[Information]-Dba:  ->  Database File SQLite Already Existed!
19:12:30.35-[Information]-PgMain: addLog:Already Running!
19:20:38.24-[Information]-UiManager: Startup:
19:20:38.99-[Information]-Dba:  ->  Database File SQLite Already Existed!
19:20:40.66-[Information]-PgMain: addLog:Already Running!
19:22:13.62-[Information]-UserManager: LogOn: AutoTeams/ITM
19:22:17.30-[Information]-UserManager: LogOn: AutoTeams/itm
19:26:53.97-[Information]-PgMain: addLog:Already Stopped !
19:26:54.38-[Information]-PgMain: addLog:Already Pause !
19:29:20.47-[Information]-UiManager: Startup:
19:29:21.15-[Information]-Dba:  ->  Database File SQLite Already Existed!
19:29:22.33-[Information]-PgMain: addLog:Already Running!
19:30:05.12-[Information]-UiManager: Startup:
19:30:06.14-[Information]-Dba:  ->  Database File SQLite Already Existed!
19:30:07.97-[Information]-PgMain: addLog:Already Running!