
08:19:14.39-[Information]-UiManager: Startup:
08:19:15.13-[Information]-Dba:  ->  Database File SQLite Already Existed!
08:19:35.30-[Information]-UiManager: Startup:
08:19:36.30-[Information]-Dba:  ->  Database File SQLite Already Existed!
08:22:08.59-[Information]-UiManager: Startup:
08:22:09.26-[Information]-Dba:  ->  Database File SQLite Already Existed!
08:22:43.52-[Information]-UiManager: Startup:
08:22:44.20-[Information]-Dba:  ->  Database File SQLite Already Existed!
08:23:50.33-[Information]-UiManager: Startup:
08:23:50.96-[Information]-Dba:  ->  Database File SQLite Already Existed!
08:26:22.56-[Information]-UiManager: Startup:
08:26:23.40-[Information]-Dba:  ->  Database File SQLite Already Existed!
08:31:51.17-[Information]-UiManager: Startup:
08:31:51.88-[Information]-Dba:  ->  Database File SQLite Already Existed!
08:33:08.57-[Information]-UiManager: Startup:
08:33:09.17-[Information]-Dba:  ->  Database File SQLite Already Existed!
08:33:14.79-[Information]-UserManager: LogOn: AutoTeams/itm
08:37:25.73-[Information]-UiManager: Startup:
08:37:26.38-[Information]-Dba:  ->  Database File SQLite Already Existed!
08:37:32.37-[Information]-UserManager: LogOn: AutoTeams/itm
10:55:32.14-[Information]-UiManager: Startup:
10:55:33.37-[Information]-Dba:  ->  Database File SQLite Already Existed!
10:55:37.35-[Information]-UserManager: LogOn: AutoTeams/itm
10:56:58.33-[Information]-UiManager: Startup:
10:56:59.11-[Information]-Dba:  ->  Database File SQLite Already Existed!
10:58:06.96-[Information]-UiManager: Startup:
10:58:07.57-[Information]-Dba:  ->  Database File SQLite Already Existed!
10:59:28.38-[Information]-UiManager: Startup:
10:59:28.92-[Information]-Dba:  ->  Database File SQLite Already Existed!
11:00:02.89-[Information]-UiManager: Startup:
11:00:03.50-[Information]-Dba:  ->  Database File SQLite Already Existed!
11:01:42.56-[Information]-UiManager: Startup:
11:01:43.27-[Information]-Dba:  ->  Database File SQLite Already Existed!
11:04:13.29-[Information]-UiManager: Startup:
11:04:13.98-[Information]-Dba:  ->  Database File SQLite Already Existed!
11:09:29.98-[Information]-UiManager: Startup:
11:09:30.50-[Information]-Dba:  ->  Database File SQLite Already Existed!
11:09:34.98-[Information]-UserManager: LogOn: AutoTeams/itm
11:09:38.17-[Information]-UserManager: LogOut
11:09:45.64-[Information]-UserManager: ChangePassword: Old=itm, New=123  ChangeUserName:AutoTeams
11:09:49.38-[Information]-UserManager: LogOn: AutoTeams/123
11:09:58.98-[Information]-UserManager: ChangePassword: Old=123, New=itm  ChangeUserName:AutoTeams
11:10:00.47-[Information]-UserManager: LogOut
11:29:39.26-[Information]-UiManager: Startup:
11:29:39.91-[Information]-Dba:  ->  Database File SQLite Already Existed!
11:31:26.83-[Information]-UiManager: Startup:
11:31:27.48-[Information]-Dba:  ->  Database File SQLite Already Existed!
11:33:32.39-[Information]-UiManager: Startup:
11:33:32.99-[Information]-Dba:  ->  Database File SQLite Already Existed!
11:34:18.94-[Information]-UiManager: Startup:
11:34:19.53-[Information]-Dba:  ->  Database File SQLite Already Existed!
11:37:08.26-[Information]-UiManager: Startup:
11:37:08.95-[Information]-Dba:  ->  Database File SQLite Already Existed!
11:37:27.34-[Information]-UserManager: LogOn: Operator/
11:37:37.26-[Information]-UserManager: LogOn: Operator/
11:38:17.00-[Information]-UiManager: Startup:
11:38:17.77-[Information]-Dba:  ->  Database File SQLite Already Existed!
11:41:47.72-[Information]-UiManager: Startup:
11:41:48.58-[Information]-Dba:  ->  Database File SQLite Already Existed!
11:41:54.14-[Information]-UserManager: LogOn: AutoTeams/itm
11:41:59.88-[Information]-UserManager: LogOn: AutoTeams/itm
11:42:03.77-[Information]-UserManager: LogOn: AutoTeams/123
11:42:45.35-[Information]-UiManager: Startup:
11:42:46.02-[Information]-Dba:  ->  Database File SQLite Already Existed!
11:42:51.73-[Information]-UserManager: LogOn: AutoTeams/123
11:43:15.39-[Information]-UiManager: Startup:
11:43:16.50-[Information]-Dba:  ->  Database File SQLite Already Existed!
11:43:21.74-[Information]-UserManager: LogOn: Operator/iiii
11:43:27.72-[Information]-UserManager: LogOn: AutoTeams/iii
11:43:32.49-[Information]-UserManager: LogOn: AutoTeams/123
11:46:40.87-[Information]-UiManager: Startup:
11:46:42.20-[Information]-Dba:  ->  Database File SQLite Already Existed!
11:46:48.58-[Information]-UserManager: LogOn: Operator/oooo
11:46:53.26-[Information]-UserManager: LogOn: AutoTeams/ooo
11:46:57.34-[Information]-UserManager: LogOn: AutoTeams/123
11:46:58.46-[Information]-UserManager: LogOut
11:47:02.37-[Information]-UserManager: LogOn: AutoTeams/123
11:48:27.45-[Information]-UiManager: Startup:
11:48:28.66-[Information]-Dba:  ->  Database File SQLite Already Existed!
11:48:42.03-[Information]-UserManager: LogOn: AutoTeams/itm
11:48:46.53-[Information]-UserManager: LogOn: AutoTeams/123
11:49:25.54-[Information]-UiManager: Startup:
11:49:26.71-[Information]-Dba:  ->  Database File SQLite Already Existed!