
10:11:21.44-[Information]-UiManager: Startup:
10:11:22.41-[Information]-Dba:  ->  Database File SQLite Already Existed!
10:11:32.59-[Information]-UserManager: LogOn: AutoTeams/itm
10:14:30.51-[Information]-UiManager: Startup:
10:14:31.17-[Information]-Dba:  ->  Database File SQLite Already Existed!
10:14:46.74-[Information]-UserManager: LogOn: AutoTeams/itm
10:15:15.48-[Information]-UiManager: Startup:
10:15:16.15-[Information]-Dba:  ->  Database File SQLite Already Existed!
10:15:23.28-[Information]-UserManager: LogOn: AutoTeams/itm
10:18:36.35-[Information]-UiManager: Startup:
10:18:36.90-[Information]-Dba:  ->  Database File SQLite Already Existed!
10:18:44.22-[Information]-UserManager: LogOn: AutoTeams/itm
10:19:37.62-[Information]-UiManager: Startup:
10:19:38.30-[Information]-Dba:  ->  Database File SQLite Already Existed!
10:19:45.99-[Information]-UserManager: LogOn: AutoTeams/itm
10:27:06.82-[Information]-UiManager: Startup:
10:27:07.43-[Information]-Dba:  ->  Database File SQLite Already Existed!
10:27:14.58-[Information]-UserManager: LogOn: AutoTeams/itm
10:31:37.46-[Information]-UiManager: Startup:
10:31:38.06-[Information]-Dba:  ->  Database File SQLite Already Existed!
10:31:45.40-[Information]-UserManager: LogOn: AutoTeams/itm
10:40:08.55-[Information]-UiManager: Startup:
10:40:09.39-[Information]-Dba:  ->  Database File SQLite Already Existed!
10:40:16.71-[Information]-UserManager: LogOn: AutoTeams/itm
10:45:55.82-[Information]-UiManager: Startup:
10:45:56.39-[Information]-Dba:  ->  Database File SQLite Already Existed!
10:46:03.19-[Information]-UserManager: LogOn: AutoTeams/itm
10:48:54.01-[Information]-UiManager: Startup:
10:48:54.64-[Information]-Dba:  ->  Database File SQLite Already Existed!
10:48:59.14-[Information]-UserManager: LogOut
10:49:02.12-[Information]-UserManager: LogOn: AutoTeams/itm
10:52:04.88-[Information]-UiManager: Startup:
10:52:05.48-[Information]-Dba:  ->  Database File SQLite Already Existed!
10:52:30.96-[Information]-UserManager: LogOn: AutoTeams/itm
10:56:07.70-[Information]-UiManager: Startup:
10:56:08.46-[Information]-Dba:  ->  Database File SQLite Already Existed!
10:56:18.40-[Information]-UserManager: LogOn: AutoTeams/itm
11:08:29.43-[Information]-UiManager: Startup:
11:08:30.11-[Information]-Dba:  ->  Database File SQLite Already Existed!
11:08:37.15-[Information]-UserManager: LogOn: AutoTeams/itm
11:13:12.83-[Information]-UiManager: Startup:
11:13:13.52-[Information]-Dba:  ->  Database File SQLite Already Existed!
11:13:23.40-[Information]-UserManager: LogOn: AutoTeams/itm
11:16:49.41-[Information]-UiManager: Startup:
11:16:50.06-[Information]-Dba:  ->  Database File SQLite Already Existed!
11:16:56.97-[Information]-UserManager: LogOn: AutoTeams/itm
11:23:32.42-[Information]-UiManager: Startup:
11:23:33.10-[Information]-Dba:  ->  Database File SQLite Already Existed!
11:23:40.50-[Information]-UserManager: LogOn: AutoTeams/itm
13:28:44.76-[Information]-UiManager: Startup:
13:28:45.67-[Information]-Dba:  ->  Database File SQLite Already Existed!
13:28:52.10-[Information]-UserManager: LogOn: AutoTeams/itm
13:29:12.16-[Information]-UiManager: Startup:
13:29:12.89-[Information]-Dba:  ->  Database File SQLite Already Existed!
13:29:19.57-[Information]-UserManager: LogOn: AutoTeams/itm
16:32:59.01-[Information]-UiManager: Startup:
16:32:59.75-[Information]-Dba:  ->  Database File SQLite Already Existed!
16:33:09.15-[Information]-UserManager: LogOn: AutoTeams/itm
16:37:49.86-[Information]-UiManager: Startup:
16:37:50.55-[Information]-Dba:  ->  Database File SQLite Already Existed!
16:37:55.84-[Information]-UserManager: LogOut
16:37:59.29-[Information]-UserManager: LogOn: AutoTeams/ITM
16:38:05.91-[Information]-UiManager: Startup:
16:38:06.87-[Information]-Dba:  ->  Database File SQLite Already Existed!
16:38:16.50-[Information]-UserManager: LogOn: AutoTeams/itm
19:20:00.20-[Information]-UiManager: Startup:
19:20:00.76-[Information]-Dba:  ->  Database File SQLite Already Existed!
19:20:11.46-[Information]-UserManager: LogOn: AutoTeams/itm\
19:20:13.42-[Information]-UserManager: LogOn: AutoTeams/itm
19:31:37.54-[Information]-UiManager: Startup:
19:31:38.18-[Information]-Dba:  ->  Database File SQLite Already Existed!
19:31:46.71-[Information]-UserManager: LogOn: AutoTeams/itm
19:49:32.13-[Information]-UiManager: Startup:
19:49:32.78-[Information]-Dba:  ->  Database File SQLite Already Existed!
19:49:40.39-[Information]-UserManager: LogOn: AutoTeams/itm
19:49:52.88-[Information]-UiManager: Startup:
19:49:53.52-[Information]-Dba:  ->  Database File SQLite Already Existed!
19:50:00.86-[Information]-UserManager: LogOn: AutoTeams/itm
19:51:58.83-[Information]-UiManager: Startup:
19:51:59.33-[Information]-Dba:  ->  Database File SQLite Already Existed!
19:52:06.91-[Information]-UserManager: LogOn: AutoTeams/itm
20:05:01.08-[Information]-UiManager: Startup:
20:05:37.55-[Information]-UiManager: Startup:
20:06:17.64-[Information]-UiManager: Startup:
20:06:24.51-[Information]-Dba:  ->  Database File SQLite Already Existed!
20:06:32.83-[Information]-UserManager: LogOn: AutoTeams/itm
20:18:24.39-[Information]-UiManager: Startup:
20:18:25.86-[Information]-Dba:  ->  Database File SQLite Already Existed!
20:18:32.63-[Information]-UserManager: LogOn: AutoTeams/itm
20:19:38.18-[Information]-UiManager: Startup:
20:19:38.84-[Information]-Dba:  ->  Database File SQLite Already Existed!
20:19:45.73-[Information]-UserManager: LogOn: AutoTeams/itm
20:20:19.60-[Information]-UiManager: Startup:
20:20:20.25-[Information]-Dba:  ->  Database File SQLite Already Existed!
20:20:27.43-[Information]-UserManager: LogOn: AutoTeams/itm
20:21:17.42-[Information]-UiManager: Startup:
20:21:17.98-[Information]-Dba:  ->  Database File SQLite Already Existed!
20:21:25.74-[Information]-UserManager: LogOn: AutoTeams/itm
20:48:11.15-[Information]-UiManager: Startup:
20:48:12.39-[Information]-Dba:  ->  Database File SQLite Already Existed!
20:48:18.85-[Information]-UserManager: LogOn: AutoTeams/itm
20:48:45.20-[Information]-UiManager: Startup:
20:48:45.78-[Information]-Dba:  ->  Database File SQLite Already Existed!
20:48:52.62-[Information]-UserManager: LogOn: AutoTeams/itm
20:50:30.76-[Information]-UiManager: Startup:
20:50:31.43-[Information]-Dba:  ->  Database File SQLite Already Existed!
20:50:37.85-[Information]-UserManager: LogOn: AutoTeams/itm
20:52:02.17-[Information]-UiManager: Startup:
20:52:02.69-[Information]-Dba:  ->  Database File SQLite Already Existed!
20:52:06.72-[Information]-UserManager: LogOut
20:52:09.77-[Information]-UserManager: LogOn: AutoTeams/itm
21:00:46.68-[Information]-UiManager: Startup:
21:00:47.41-[Information]-Dba:  ->  Database File SQLite Already Existed!
21:00:54.53-[Information]-UserManager: LogOn: AutoTeams/itm