
08:20:13.21-[Information]-UiManager: Startup:
08:20:14.34-[Information]-Dba:  ->  Database File SQLite Already Existed!
08:20:18.32-[Information]-PgMain: addLog:Already Reset !
08:20:20.23-[Information]-PgMain: addLog:Already Pause !
08:20:20.70-[Information]-PgMain: addLog:Already Running!
08:20:27.42-[Information]-PgMain: addLog:Already Reset !
08:20:28.62-[Information]-PgMain: addLog:Already Stopped !
08:20:29.14-[Information]-PgMain: addLog:Already Reset !
08:20:29.50-[Information]-PgMain: addLog:Already Pause !
08:20:29.87-[Information]-PgMain: addLog:Already Running!
08:20:34.50-[Information]-PgMain: addLog:Already Stopped !
08:20:47.04-[Information]-PgMain: addLog:Already Reset !
08:20:48.06-[Information]-PgMain: addLog:Already Pause !
08:20:48.84-[Information]-PgMain: addLog:Already Running!
08:20:57.90-[Information]-PgMain: addLog:Already Stopped !
08:20:58.50-[Information]-PgMain: addLog:Already Reset !
08:20:59.39-[Information]-PgMain: addLog:Already Pause !
08:20:59.77-[Information]-PgMain: addLog:Already Running!
08:21:02.56-[Information]-PgMain: addLog:Already Reset !
08:21:03.81-[Information]-PgMain: addLog:Already Stopped !
08:21:04.48-[Information]-PgMain: addLog:Already Reset !
08:21:05.71-[Information]-PgMain: addLog:Already Pause !
08:21:06.77-[Information]-PgMain: addLog:Already Running!
08:21:25.35-[Information]-PgMain: addLog:Already Reset !
08:25:00.36-[Information]-UiManager: Startup:
08:25:01.27-[Information]-Dba:  ->  Database File SQLite Already Existed!
08:25:09.47-[Information]-PgMain: addLog:Already Stopped !
08:27:21.57-[Information]-UiManager: Startup:
08:27:22.17-[Information]-Dba:  ->  Database File SQLite Already Existed!
08:27:26.23-[Information]-PgMain: addLog:Already Running!
08:27:29.82-[Information]-PgMain: addLog:Already Stopped !
08:29:07.96-[Information]-UiManager: Startup:
08:29:08.89-[Information]-Dba:  ->  Database File SQLite Already Existed!
08:29:37.58-[Information]-PgMain: addLog:Already Pause !
08:29:40.53-[Information]-PgMain: addLog:Already Stopped !
08:31:25.86-[Information]-UiManager: Startup:
08:31:26.54-[Information]-Dba:  ->  Database File SQLite Already Existed!
08:31:58.82-[Information]-UiManager: Startup:
08:31:59.77-[Information]-Dba:  ->  Database File SQLite Already Existed!
08:37:17.61-[Information]-UiManager: Startup:
08:37:18.23-[Information]-Dba:  ->  Database File SQLite Already Existed!
08:38:02.03-[Information]-PgMain: addLog:Already Stopped !
08:40:23.41-[Information]-UiManager: Startup:
08:40:24.50-[Information]-Dba:  ->  Database File SQLite Already Existed!
08:50:43.26-[Information]-UiManager: Startup:
08:50:43.87-[Information]-Dba:  ->  Database File SQLite Already Existed!
08:51:59.58-[Error]-PLC Q_Enthernet: Q_Enthernet ReadDoubleWork Error: Subheader Error
08:51:59.60-[Error]-PLC Q_Enthernet: Q_Enthernet ReadDoubleWork Error: An established connection was aborted by the software in your host machine
09:08:03.96-[Information]-UiManager: Startup:
09:08:04.95-[Information]-Dba:  ->  Database File SQLite Already Existed!
09:08:12.61-[Information]-UserManager: LogOn: AutoTeams/itm
09:09:24.36-[Information]-UiManager: Startup:
09:09:24.96-[Information]-Dba:  ->  Database File SQLite Already Existed!
09:09:31.46-[Information]-UserManager: LogOn: AutoTeams/itm
09:10:56.72-[Information]-UiManager: Startup:
09:10:57.26-[Information]-Dba:  ->  Database File SQLite Already Existed!
09:11:03.50-[Information]-UserManager: LogOn: AutoTeams/itm
09:11:12.35-[Information]-UserManager: LogOn: AutoTeams/itm
09:13:07.77-[Information]-UiManager: Startup:
09:13:08.31-[Information]-Dba:  ->  Database File SQLite Already Existed!
09:13:13.90-[Information]-UserManager: LogOn: AutoTeams/itm
09:24:04.54-[Information]-UiManager: Startup:
09:24:05.56-[Information]-Dba:  ->  Database File SQLite Already Existed!
09:24:19.32-[Information]-UiManager: Startup:
09:24:20.19-[Information]-Dba:  ->  Database File SQLite Already Existed!
09:24:25.99-[Error]-PLC Q_Enthernet: Q_Enthernet ReadDoubleWork Error: Subheader Error
09:24:26.01-[Error]-PLC Q_Enthernet: Q_Enthernet ReadDoubleWork Error: An established connection was aborted by the software in your host machine
09:34:01.03-[Information]-UiManager: Startup:
09:34:01.88-[Information]-Dba:  ->  Database File SQLite Already Existed!
09:34:07.61-[Information]-UserManager: LogOn: AutoTeams/itm
09:34:59.25-[Information]-UiManager: Startup:
09:34:59.86-[Information]-Dba:  ->  Database File SQLite Already Existed!
09:35:08.33-[Information]-UserManager: LogOn: AutoTeams/itm
09:38:27.41-[Information]-UiManager: Startup:
09:38:28.07-[Information]-Dba:  ->  Database File SQLite Already Existed!
09:38:35.45-[Information]-UserManager: LogOn: AutoTeams/itm
09:39:32.88-[Information]-UiManager: Startup:
09:39:33.49-[Information]-Dba:  ->  Database File SQLite Already Existed!
09:39:39.46-[Information]-UserManager: LogOn: AutoTeams/ITM
09:39:43.39-[Information]-UserManager: LogOn: AutoTeams/itm
09:44:45.58-[Information]-UiManager: Startup:
09:44:46.24-[Information]-Dba:  ->  Database File SQLite Already Existed!
09:44:52.30-[Information]-UserManager: LogOn: AutoTeams/ITM
09:44:55.83-[Information]-UserManager: LogOn: AutoTeams/ITM
09:44:59.48-[Information]-UserManager: LogOn: AutoTeams/itm
09:48:15.35-[Information]-UiManager: Startup:
09:48:15.93-[Information]-Dba:  ->  Database File SQLite Already Existed!
09:48:21.55-[Information]-UserManager: LogOn: AutoTeams/itm
09:50:41.82-[Information]-UiManager: Startup:
09:50:42.70-[Information]-Dba:  ->  Database File SQLite Already Existed!
09:50:48.27-[Information]-UserManager: LogOn: AutoTeams/itm
09:54:07.27-[Information]-UiManager: Startup:
09:54:07.90-[Information]-Dba:  ->  Database File SQLite Already Existed!
09:54:15.06-[Information]-UserManager: LogOn: AutoTeams/itm
09:57:24.38-[Information]-UiManager: Startup:
09:57:25.34-[Information]-Dba:  ->  Database File SQLite Already Existed!
09:58:11.39-[Information]-UiManager: Startup:
09:58:13.37-[Information]-Dba:  ->  Database File SQLite Already Existed!
10:00:20.33-[Information]-UiManager: Startup:
10:00:21.37-[Information]-Dba:  ->  Database File SQLite Already Existed!
10:02:02.19-[Information]-UiManager: Startup:
10:02:03.25-[Information]-Dba:  ->  Database File SQLite Already Existed!
10:08:33.93-[Information]-UiManager: Startup:
10:08:35.70-[Information]-Dba:  ->  Database File SQLite Already Existed!
10:09:37.85-[Information]-UiManager: Startup:
10:09:38.82-[Information]-Dba:  ->  Database File SQLite Already Existed!
10:18:07.40-[Information]-UiManager: Startup:
10:18:07.99-[Information]-Dba:  ->  Database File SQLite Already Existed!
10:48:52.91-[Information]-UiManager: Startup:
10:48:53.49-[Information]-Dba:  ->  Database File SQLite Already Existed!
11:10:50.59-[Information]-UiManager: Startup:
11:10:51.41-[Information]-Dba:  ->  Database File SQLite Already Existed!
11:10:58.45-[Information]-UserManager: LogOn: AutoTeams/itm
11:11:01.37-[Error]-ScannerComm: Start error:The port 'COM5' does not exist.
11:11:05.52-[Error]-ScannerComm: Start error:The port 'COM5' does not exist.
15:26:38.61-[Information]-UiManager: Startup:
15:26:40.01-[Information]-Dba:  ->  Database File SQLite Already Existed!
15:26:48.20-[Information]-UserManager: LogOn: AutoTeams/itn
15:26:51.55-[Information]-UserManager: LogOn: AutoTeams/itm
15:31:07.88-[Information]-UiManager: Startup:
15:31:08.49-[Information]-Dba:  ->  Database File SQLite Already Existed!
15:31:20.30-[Information]-UserManager: LogOn: AutoTeams/itm
15:52:24.59-[Information]-UiManager: Startup:
15:52:25.17-[Information]-Dba:  ->  Database File SQLite Already Existed!
15:52:32.16-[Information]-UserManager: LogOn: AutoTeams/itm
15:52:35.63-[Error]-ScannerCommTcp: Start connect to 192.168.0.1:1000
15:52:35.73-[Information]-ScannerCommTcp:  -> connect failed!
15:52:38.37-[Error]-ScannerCommTcp: Start connect to 192.168.0.1:1000
15:52:38.46-[Information]-ScannerCommTcp:  -> connect failed!
16:18:06.07-[Information]-UiManager: Startup:
16:18:08.24-[Information]-Dba:  ->  Database File SQLite Already Existed!
16:18:15.46-[Information]-UserManager: LogOn: AutoTeams/itm
16:18:18.44-[Error]-ScannerCommTcp: Start connect to 192.168.0.1:1000
16:18:18.54-[Information]-ScannerCommTcp:  -> connect failed!
16:18:19.60-[Information]-ScannerCommTcp:  -> disconnect -> discard ReadQR!
16:18:23.46-[Error]-ScannerCommTcp: Start connect to 192.168.0.1:1000
16:18:23.56-[Information]-ScannerCommTcp:  -> connect failed!
16:18:25.34-[Information]-ScannerCommTcp:  -> disconnect -> discard ReadQR!
16:32:49.57-[Information]-UiManager: Startup:
16:32:50.18-[Information]-Dba:  ->  Database File SQLite Already Existed!
16:32:56.85-[Information]-UserManager: LogOn: AutoTeams/itm
16:33:16.15-[Information]-UiManager: Startup:
16:33:16.78-[Information]-Dba:  ->  Database File SQLite Already Existed!
16:33:23.93-[Information]-UserManager: LogOn: AutoTeams/itm
16:34:01.61-[Information]-UiManager: Startup:
16:34:02.27-[Information]-Dba:  ->  Database File SQLite Already Existed!
16:34:08.48-[Information]-UserManager: LogOn: AutoTeams/itm
16:34:22.07-[Information]-UiManager: Startup:
16:34:22.63-[Information]-Dba:  ->  Database File SQLite Already Existed!
16:34:28.87-[Information]-UserManager: LogOn: AutoTeams/itm
16:36:42.42-[Information]-UiManager: Startup:
16:36:43.07-[Information]-Dba:  ->  Database File SQLite Already Existed!
16:36:49.21-[Information]-UserManager: LogOn: AutoTeams/itm
16:37:02.94-[Information]-UiManager: Startup:
16:37:03.55-[Information]-Dba:  ->  Database File SQLite Already Existed!
16:37:11.07-[Information]-UserManager: LogOn: AutoTeams/itm
16:38:32.08-[Information]-UiManager: Startup:
16:38:32.72-[Information]-Dba:  ->  Database File SQLite Already Existed!
16:38:40.21-[Information]-UserManager: LogOn: AutoTeams/ITM
16:38:43.63-[Information]-UserManager: LogOn: AutoTeams/itm
16:38:58.49-[Information]-UiManager: Startup:
16:38:59.08-[Information]-Dba:  ->  Database File SQLite Already Existed!
16:39:05.56-[Information]-UserManager: LogOn: AutoTeams/itm
16:39:16.76-[Error]-ScannerCommTcp: Start connect to 192.168.0.1:1000
16:39:16.87-[Information]-ScannerCommTcp:  -> connect failed!
16:39:19.86-[Error]-ScannerCommTcp: Stop error:Cannot access a disposed object.
Object name: 'System.Net.Sockets.Socket'.
16:39:22.20-[Error]-ScannerCommTcp: Stop error:Cannot access a disposed object.
Object name: 'System.Net.Sockets.Socket'.
16:39:33.97-[Error]-ScannerCommTcp: Stop error:Cannot access a disposed object.
Object name: 'System.Net.Sockets.Socket'.
16:39:45.20-[Error]-ScannerCommTcp: Stop error:Cannot access a disposed object.
Object name: 'System.Net.Sockets.Socket'.
16:39:53.09-[Error]-ScannerCommTcp: Stop error:Cannot access a disposed object.
Object name: 'System.Net.Sockets.Socket'.
16:40:59.13-[Information]-UiManager: Startup:
16:40:59.82-[Information]-Dba:  ->  Database File SQLite Already Existed!
16:41:05.91-[Information]-UserManager: LogOn: AutoTeams/
16:41:08.68-[Information]-UserManager: LogOn: AutoTeams/itm
16:41:58.89-[Information]-UiManager: Startup:
16:41:59.69-[Information]-Dba:  ->  Database File SQLite Already Existed!
16:42:33.24-[Information]-UiManager: Startup:
16:42:34.07-[Information]-Dba:  ->  Database File SQLite Already Existed!
16:42:41.20-[Information]-UserManager: LogOn: AutoTeams/itm
16:42:56.82-[Information]-UiManager: Startup:
16:42:57.50-[Information]-Dba:  ->  Database File SQLite Already Existed!
16:43:08.59-[Information]-UserManager: LogOn: AutoTeams/itm
16:43:28.80-[Information]-UiManager: Startup:
16:43:29.39-[Information]-Dba:  ->  Database File SQLite Already Existed!
16:44:21.39-[Information]-UiManager: Startup:
16:44:22.01-[Information]-Dba:  ->  Database File SQLite Already Existed!
16:44:28.34-[Information]-UserManager: LogOn: AutoTeams/itm
16:49:57.94-[Information]-UiManager: Startup:
16:49:58.65-[Information]-Dba:  ->  Database File SQLite Already Existed!
16:50:06.32-[Information]-UserManager: LogOn: AutoTeams/itm
16:50:20.02-[Information]-UiManager: Startup:
16:50:20.63-[Information]-Dba:  ->  Database File SQLite Already Existed!
16:50:28.38-[Information]-UserManager: LogOn: AutoTeams/itm
16:50:38.13-[Information]-UiManager: Startup:
16:50:38.78-[Information]-Dba:  ->  Database File SQLite Already Existed!
16:50:45.49-[Information]-UserManager: LogOn: AutoTeams/itm
16:51:39.96-[Information]-UiManager: Startup:
16:51:40.49-[Information]-Dba:  ->  Database File SQLite Already Existed!
16:51:47.33-[Information]-UserManager: LogOn: AutoTeams/itm
18:22:33.59-[Information]-UiManager: Startup:
18:22:34.21-[Information]-Dba:  ->  Database File SQLite Already Existed!
18:22:41.57-[Information]-UserManager: LogOn: AutoTeams/itm
18:22:48.11-[Error]-ScannerCommTcp: Start connect to 192.168.0.1:1000
18:22:48.22-[Information]-ScannerCommTcp:  -> connect failed!
18:37:17.02-[Information]-UiManager: Startup:
18:37:17.76-[Information]-Dba:  ->  Database File SQLite Already Existed!
18:37:24.78-[Information]-UserManager: LogOn: AutoTeams/itm
18:37:34.64-[Error]-ScannerCommTcp: Start connect to 192.168.0.50:1000
18:37:34.75-[Information]-ScannerCommTcp:  -> connect failed!
18:37:35.94-[Error]-ScannerCommTcp: Start connect to 192.168.0.50:1000
18:37:36.05-[Information]-ScannerCommTcp:  -> connect failed!
18:37:36.69-[Error]-ScannerCommTcp: Start connect to 192.168.0.50:1000
18:37:36.79-[Information]-ScannerCommTcp:  -> connect failed!
18:37:36.92-[Error]-ScannerCommTcp: Start connect to 192.168.0.50:1000
18:37:37.03-[Information]-ScannerCommTcp:  -> connect failed!
18:37:37.13-[Error]-ScannerCommTcp: Start connect to 192.168.0.50:1000
18:37:37.23-[Information]-ScannerCommTcp:  -> connect failed!
18:37:39.30-[Error]-ScannerCommTcp: Start connect to 192.168.0.50:1000
18:37:39.40-[Information]-ScannerCommTcp:  -> connect failed!
18:37:40.19-[Error]-ScannerCommTcp: Start connect to 192.168.0.50:1000
18:37:40.19-[Information]-ScannerCommTcp:  -> connected!
18:37:41.08-[Error]-ScannerCommTcp: Start connect to 192.168.0.50:1000
18:37:41.09-[Information]-ScannerCommTcp:  -> connected!
18:37:44.71-[Error]-ScannerCommTcp: Start connect to 192.168.0.50:1000
18:37:44.71-[Information]-ScannerCommTcp:  -> connected!
18:37:45.83-[Error]-ScannerCommTcp: Start connect to 192.168.0.50:1000
18:37:45.84-[Information]-ScannerCommTcp:  -> connected!
18:37:51.18-[Error]-ScannerCommTcp: Start connect to 192.168.0.50:1000
18:37:51.19-[Information]-ScannerCommTcp:  -> connected!
18:44:53.48-[Information]-UiManager: Startup:
18:44:54.23-[Information]-Dba:  ->  Database File SQLite Already Existed!
18:45:01.22-[Information]-UserManager: LogOn: AutoTeams/itm
18:45:07.42-[Error]-ScannerCommTcp: Start connect to 192.168.0.1:1000
18:45:07.53-[Information]-ScannerCommTcp:  -> connect failed!
18:45:09.05-[Error]-ScannerCommTcp: Start connect to 192.168.0.1:1000
18:45:09.17-[Information]-ScannerCommTcp:  -> connect failed!
18:45:09.88-[Error]-ScannerCommTcp: Start connect to 192.168.0.1:1000
18:45:09.98-[Information]-ScannerCommTcp:  -> connect failed!
18:45:10.43-[Error]-ScannerCommTcp: Start connect to 192.168.0.1:1000
18:45:10.55-[Information]-ScannerCommTcp:  -> connect failed!
18:45:10.66-[Error]-ScannerCommTcp: Start connect to 192.168.0.1:1000
18:45:10.76-[Information]-ScannerCommTcp:  -> connect failed!
18:45:10.86-[Error]-ScannerCommTcp: Start connect to 192.168.0.1:1000
18:45:10.96-[Information]-ScannerCommTcp:  -> connect failed!
18:45:11.04-[Error]-ScannerCommTcp: Start connect to 192.168.0.1:1000
18:45:11.15-[Information]-ScannerCommTcp:  -> connect failed!
18:45:11.23-[Error]-ScannerCommTcp: Start connect to 192.168.0.1:1000
18:45:11.34-[Information]-ScannerCommTcp:  -> connect failed!
18:45:13.52-[Error]-ScannerCommTcp: Start connect to 192.168.0.1:1000
18:45:13.63-[Information]-ScannerCommTcp:  -> connect failed!
18:45:16.39-[Error]-ScannerCommTcp: Start connect to 192.168.0.1:1000
18:45:16.50-[Information]-ScannerCommTcp:  -> connect failed!
18:45:17.83-[Error]-ScannerCommTcp: Start connect to 192.168.0.1:1000
18:45:17.93-[Information]-ScannerCommTcp:  -> connect failed!
18:45:18.63-[Error]-ScannerCommTcp: Start connect to 192.168.0.1:1000
18:45:18.73-[Information]-ScannerCommTcp:  -> connect failed!
18:45:19.18-[Error]-ScannerCommTcp: Start connect to 192.168.0.1:1000
18:45:19.29-[Information]-ScannerCommTcp:  -> connect failed!
18:45:19.43-[Error]-ScannerCommTcp: Start connect to 192.168.0.1:1000
18:45:19.55-[Information]-ScannerCommTcp:  -> connect failed!
18:45:19.68-[Error]-ScannerCommTcp: Start connect to 192.168.0.1:1000
18:45:19.79-[Information]-ScannerCommTcp:  -> connect failed!
18:45:19.85-[Error]-ScannerCommTcp: Start connect to 192.168.0.1:1000
18:45:19.96-[Information]-ScannerCommTcp:  -> connect failed!
18:45:20.02-[Error]-ScannerCommTcp: Start connect to 192.168.0.1:1000
18:45:20.12-[Information]-ScannerCommTcp:  -> connect failed!
18:45:20.19-[Error]-ScannerCommTcp: Start connect to 192.168.0.1:1000
18:45:20.29-[Information]-ScannerCommTcp:  -> connect failed!
18:45:20.37-[Error]-ScannerCommTcp: Start connect to 192.168.0.1:1000
18:45:20.48-[Information]-ScannerCommTcp:  -> connect failed!
18:45:20.54-[Error]-ScannerCommTcp: Start connect to 192.168.0.1:1000
18:45:20.65-[Information]-ScannerCommTcp:  -> connect failed!
18:45:21.72-[Error]-ScannerCommTcp: Stop error:Cannot access a disposed object.
Object name: 'System.Net.Sockets.Socket'.
18:45:29.79-[Error]-ScannerCommTcp: Start connect to 192.168.0.50:1000
18:45:29.80-[Information]-ScannerCommTcp:  -> connected!
18:47:27.24-[Information]-UiManager: Startup:
18:47:28.21-[Information]-Dba:  ->  Database File SQLite Already Existed!
18:47:34.64-[Information]-UserManager: LogOn: AutoTeams/ITM
18:47:36.51-[Information]-UserManager: LogOn: AutoTeams/ITM
18:47:40.07-[Information]-UserManager: LogOn: AutoTeams/itm
18:47:46.71-[Error]-ScannerCommTcp: Start connect to 192.168.0.50:1000
18:47:46.72-[Information]-ScannerCommTcp:  -> connected!
18:48:09.35-[Error]-ScannerCommTcp: Start connect to 192.168.0.50:1000
18:48:09.35-[Information]-ScannerCommTcp:  -> connected!
18:48:10.51-[Error]-ScannerCommTcp: Start connect to 192.168.0.50:1000
18:48:10.52-[Information]-ScannerCommTcp:  -> connected!
18:48:13.18-[Error]-ScannerCommTcp: MonitorConnection error:Thread was being aborted.
18:48:13.19-[Information]-ScannerCommTcp: readCallback: socket is disconnected -> stop reading!
18:55:39.55-[Information]-UiManager: Startup:
18:55:40.13-[Information]-Dba:  ->  Database File SQLite Already Existed!
18:55:52.96-[Information]-UserManager: LogOn: AutoTeams/itm
18:55:59.91-[Error]-ScannerCommTcp: Start connect to 192.168.0.50:1000
18:55:59.92-[Information]-ScannerCommTcp:  -> connected!