
10:47:04.75-[Information]-UiManager: Startup:
10:47:06.04-[Information]-AlarmSQLDba:  ->  Database File SQLite Already Existed!
10:47:06.04-[Information]-Dba:  ->  Database File SQLite Already Existed!
10:53:11.08-[Information]-UiManager: Startup:
10:53:11.72-[Information]-AlarmSQLDba:  ->  Database File SQLite Already Existed!
10:53:11.72-[Information]-Dba:  ->  Database File SQLite Already Existed!
10:57:16.72-[Information]-UiManager: Startup:
10:57:17.56-[Information]-AlarmSQLDba:  ->  Database File SQLite Already Existed!
10:57:17.56-[Information]-Dba:  ->  Database File SQLite Already Existed!
11:04:40.84-[Information]-UiManager: Startup:
11:04:41.80-[Information]-AlarmSQLDba:  ->  Database File SQLite Already Existed!
11:04:41.81-[Information]-Dba:  ->  Database File SQLite Already Existed!
11:07:40.97-[Information]-UiManager: Startup:
11:07:41.86-[Information]-AlarmSQLDba:  ->  Database File SQLite Already Existed!
11:07:41.86-[Information]-Dba:  ->  Database File SQLite Already Existed!
11:07:58.02-[Information]-PgMain: addLog:Already Pause !
11:08:03.39-[Information]-PgMain: addLog:Already Reset !
11:08:05.73-[Information]-PgMain: addLog:Already Stopped !
11:08:06.32-[Information]-PgMain: addLog:Already Running!
11:08:09.67-[Information]-PgMain: addLog:Already Pause !
11:08:10.24-[Information]-PgMain: addLog:Already Reset !
11:08:16.09-[Information]-PgMain: addLog:Already Stopped !
11:08:31.57-[Information]-UserManager: LogOn: AutoTeams/itm
11:09:49.46-[Information]-UiManager: Startup:
11:09:50.18-[Information]-AlarmSQLDba:  ->  Database File SQLite Already Existed!
11:09:50.18-[Information]-Dba:  ->  Database File SQLite Already Existed!
11:10:28.31-[Information]-PgMain: addLog:Already Pause !
11:10:45.67-[Information]-PgMain: addLog:Already Stopped !
11:10:48.25-[Information]-PgMain: addLog:Already Pause !
11:10:50.37-[Information]-PgMain: addLog:Already Running!
11:10:52.14-[Information]-PgMain: addLog:Already Pause !
11:10:54.12-[Information]-PgMain: addLog:Already Running!
11:10:54.61-[Information]-PgMain: addLog:Already Stopped !
11:10:55.08-[Information]-PgMain: addLog:Already Running!
11:10:55.65-[Information]-PgMain: addLog:Already Stopped !
11:10:56.77-[Information]-PgMain: addLog:Already Running!
11:10:58.18-[Information]-PgMain: addLog:Already Stopped !
11:10:59.13-[Information]-PgMain: addLog:Already Running!
11:11:00.28-[Information]-PgMain: addLog:Already Stopped !
11:36:22.04-[Information]-UiManager: Startup:
11:36:22.85-[Information]-AlarmSQLDba:  ->  Database File SQLite Already Existed!
11:36:22.85-[Information]-Dba:  ->  Database File SQLite Already Existed!
11:37:15.84-[Information]-UiManager: Startup:
11:37:16.41-[Information]-AlarmSQLDba:  ->  Database File SQLite Already Existed!
11:37:16.41-[Information]-Dba:  ->  Database File SQLite Already Existed!
11:45:07.81-[Information]-UiManager: Startup:
11:45:08.37-[Information]-AlarmSQLDba:  ->  Database File SQLite Already Existed!
11:45:08.37-[Information]-Dba:  ->  Database File SQLite Already Existed!
11:47:39.08-[Information]-UiManager: Startup:
11:47:39.72-[Information]-AlarmSQLDba:  ->  Database File SQLite Already Existed!
11:47:39.72-[Information]-Dba:  ->  Database File SQLite Already Existed!
11:49:21.10-[Information]-UiManager: Startup:
11:49:21.69-[Information]-AlarmSQLDba:  ->  Database File SQLite Already Existed!
11:49:21.69-[Information]-Dba:  ->  Database File SQLite Already Existed!
11:51:09.68-[Information]-UiManager: Startup:
11:51:10.50-[Information]-AlarmSQLDba:  ->  Database File SQLite Already Existed!
11:51:10.50-[Information]-Dba:  ->  Database File SQLite Already Existed!
13:10:28.96-[Information]-UiManager: Startup:
13:10:29.47-[Information]-AlarmSQLDba:  ->  Database File SQLite Already Existed!
13:10:29.47-[Information]-Dba:  ->  Database File SQLite Already Existed!
13:32:50.90-[Information]-UiManager: Startup:
13:32:51.62-[Information]-AlarmSQLDba:  ->  Database File SQLite Already Existed!
13:32:51.63-[Information]-Dba:  ->  Database File SQLite Already Existed!
15:53:40.73-[Information]-UiManager: Startup:
15:53:41.39-[Information]-AlarmSQLDba:  ->  Database File SQLite Already Existed!
15:53:41.39-[Information]-Dba:  ->  Database File SQLite Already Existed!
15:54:19.65-[Information]-PgMain: addLog:Already Pause !
16:07:14.94-[Information]-UiManager: Startup:
16:07:15.58-[Information]-AlarmSQLDba:  ->  Database File SQLite Already Existed!
16:07:15.59-[Information]-Dba:  ->  Database File SQLite Already Existed!
16:08:48.61-[Information]-UiManager: Startup:
16:08:49.39-[Information]-AlarmSQLDba:  ->  Database File SQLite Already Existed!
16:08:49.39-[Information]-Dba:  ->  Database File SQLite Already Existed!
16:11:31.18-[Information]-UiManager: Startup:
16:11:31.85-[Information]-AlarmSQLDba:  ->  Database File SQLite Already Existed!
16:11:31.85-[Information]-Dba:  ->  Database File SQLite Already Existed!
16:12:03.57-[Information]-UiManager: Startup:
16:12:04.66-[Information]-AlarmSQLDba:  ->  Database File SQLite Already Existed!
16:12:04.67-[Information]-Dba:  ->  Database File SQLite Already Existed!
16:13:01.77-[Information]-UserManager: LogOn: AutoTeams/itm
16:13:11.63-[Information]-PgMain: addLog:Already Pause !
16:13:17.16-[Information]-PgMain: addLog:Already Reset !
16:13:19.03-[Information]-PgMain: addLog:Already Pause !
16:13:20.49-[Information]-PgMain: addLog:Already Stopped !
16:13:20.98-[Information]-PgMain: addLog:Already Pause !
16:13:22.43-[Information]-PgMain: addLog:Already Reset !
16:13:25.00-[Information]-PgMain: addLog:Already Stopped !
16:13:25.39-[Information]-PgMain: addLog:Already Running!
16:13:27.33-[Information]-PgMain: addLog:Already Pause !
16:13:27.82-[Information]-PgMain: addLog:Already Reset !
16:21:56.33-[Information]-UiManager: Startup:
16:21:57.09-[Information]-AlarmSQLDba:  ->  Database File SQLite Already Existed!
16:21:57.09-[Information]-Dba:  ->  Database File SQLite Already Existed!
16:27:48.39-[Information]-UiManager: Startup:
16:27:49.17-[Information]-AlarmSQLDba:  ->  Database File SQLite Already Existed!
16:27:49.17-[Information]-Dba:  ->  Database File SQLite Already Existed!
16:29:06.55-[Information]-UiManager: Startup:
16:29:07.23-[Information]-AlarmSQLDba:  ->  Database File SQLite Already Existed!
16:29:07.24-[Information]-Dba:  ->  Database File SQLite Already Existed!
16:29:28.51-[Information]-PgMain: addLog:Already Pause !
16:30:09.06-[Information]-PgMain: addLog:Already Reset !
16:30:18.58-[Information]-PgMain: addLog:Already Stopped !
16:32:14.49-[Information]-UiManager: Startup:
16:32:15.59-[Information]-AlarmSQLDba:  ->  Database File SQLite Already Existed!
16:32:15.59-[Information]-Dba:  ->  Database File SQLite Already Existed!
16:33:12.32-[Information]-UiManager: Startup:
16:33:13.67-[Information]-AlarmSQLDba:  ->  Database File SQLite Already Existed!
16:33:13.67-[Information]-Dba:  ->  Database File SQLite Already Existed!
16:33:20.83-[Information]-PgMain: addLog:Already Pause !
16:36:19.80-[Information]-PgMain: addLog:Already Stopped !
16:36:20.19-[Information]-PgMain: addLog:Already Pause !
16:36:42.70-[Information]-PgMain: addLog:Already Reset !
16:36:43.64-[Information]-PgMain: addLog:Already Running!
16:38:00.47-[Information]-UserManager: LogOn: AutoTeams/itm
16:38:41.26-[Information]-PgMain: addLog:Already Stopped !
16:38:41.81-[Information]-PgMain: addLog:Already Pause !
16:38:42.47-[Information]-PgMain: addLog:Already Running!
16:38:42.98-[Information]-PgMain: addLog:Already Reset !
16:40:51.72-[Information]-UiManager: Startup:
16:40:52.37-[Information]-AlarmSQLDba:  ->  Database File SQLite Already Existed!
16:40:52.38-[Information]-Dba:  ->  Database File SQLite Already Existed!
16:41:53.92-[Information]-UserManager: LogOn: AutoTeams/itm
16:42:10.19-[Information]-PgMain: addLog:Already Pause !
16:42:10.65-[Information]-PgMain: addLog:Already Reset !
16:42:11.47-[Information]-PgMain: addLog:Already Running!
16:42:12.73-[Information]-PgMain: addLog:Already Pause !
16:42:14.68-[Information]-PgMain: addLog:Already Stopped !
16:42:15.54-[Information]-PgMain: addLog:Already Running!
16:42:15.89-[Information]-PgMain: addLog:Already Pause !
16:42:16.22-[Information]-PgMain: addLog:Already Reset !
16:42:16.92-[Information]-PgMain: addLog:Already Stopped !
16:42:17.86-[Information]-PgMain: addLog:Already Running!
16:42:18.19-[Information]-PgMain: addLog:Already Pause !
16:42:18.71-[Information]-PgMain: addLog:Already Reset !
16:43:41.11-[Information]-PgMain: addLog:Already Stopped !
16:43:43.48-[Information]-PgMain: addLog:Already Pause !
16:51:08.48-[Information]-UiManager: Startup:
16:51:09.18-[Information]-AlarmSQLDba:  ->  Database File SQLite Already Existed!
16:51:09.18-[Information]-Dba:  ->  Database File SQLite Already Existed!
16:52:29.63-[Information]-UiManager: Startup:
16:52:30.53-[Information]-AlarmSQLDba:  ->  Database File SQLite Already Existed!
16:52:30.54-[Information]-Dba:  ->  Database File SQLite Already Existed!
16:52:48.52-[Information]-UiManager: Startup:
16:52:50.18-[Information]-AlarmSQLDba:  ->  Database File SQLite Already Existed!
16:52:50.18-[Information]-Dba:  ->  Database File SQLite Already Existed!
16:54:02.75-[Information]-UiManager: Startup:
16:54:03.35-[Information]-AlarmSQLDba:  ->  Database File SQLite Already Existed!
16:54:03.36-[Information]-Dba:  ->  Database File SQLite Already Existed!
16:57:18.38-[Information]-UiManager: Startup:
16:57:19.10-[Information]-AlarmSQLDba:  ->  Database File SQLite Already Existed!
16:57:19.10-[Information]-Dba:  ->  Database File SQLite Already Existed!
16:58:29.82-[Information]-UiManager: Startup:
16:58:30.52-[Information]-AlarmSQLDba:  ->  Database File SQLite Already Existed!
16:58:30.52-[Information]-Dba:  ->  Database File SQLite Already Existed!
16:58:42.94-[Information]-PgMain: addLog:Already Stopped !
16:58:43.86-[Information]-PgMain: addLog:Already Pause !
16:58:44.69-[Information]-PgMain: addLog:Already Reset !
16:58:46.13-[Information]-PgMain: addLog:Already Pause !
16:58:47.15-[Information]-PgMain: addLog:Already Running!
17:00:28.72-[Information]-UiManager: Startup:
17:00:29.41-[Information]-AlarmSQLDba:  ->  Database File SQLite Already Existed!
17:00:29.41-[Information]-Dba:  ->  Database File SQLite Already Existed!
17:00:39.14-[Information]-PgMain: addLog:Already Stopped !
17:00:40.11-[Information]-PgMain: addLog:Already Pause !
17:00:40.60-[Information]-PgMain: addLog:Already Reset !
17:04:24.92-[Information]-UiManager: Startup:
17:04:25.62-[Information]-AlarmSQLDba:  ->  Database File SQLite Already Existed!
17:04:25.62-[Information]-Dba:  ->  Database File SQLite Already Existed!
17:04:42.14-[Information]-PgMain: addLog:Already Stopped !
17:04:42.56-[Information]-PgMain: addLog:Already Running!
17:04:42.96-[Information]-PgMain: addLog:Already Pause !
17:04:44.87-[Information]-PgMain: addLog:Already Reset !
18:13:46.06-[Information]-UiManager: Startup:
18:13:46.64-[Information]-AlarmSQLDba:  ->  Database File SQLite Already Existed!
18:13:46.65-[Information]-Dba:  ->  Database File SQLite Already Existed!
18:15:12.71-[Information]-PgMain: addLog:Already Pause !
18:15:15.14-[Information]-PgMain: addLog:Already Stopped !
18:22:32.86-[Information]-UiManager: Startup:
18:22:33.43-[Information]-AlarmSQLDba:  ->  Database File SQLite Already Existed!
18:22:33.43-[Information]-Dba:  ->  Database File SQLite Already Existed!
18:22:35.05-[Information]-PgMain: addLog:Already Stopped !
18:22:36.57-[Information]-PgMain: addLog:Already Pause !
18:22:38.46-[Information]-PgMain: addLog:Already Reset !
18:22:39.18-[Information]-PgMain: addLog:Already Running!