
09:15:34.14-[Information]-UiManager: Startup:
09:22:56.22-[Information]-UiManager: Startup:
09:23:32.68-[Information]-UiManager: Startup:
09:30:37.21-[Information]-UiManager: Startup:
09:32:19.14-[Information]-UiManager: Startup:
09:33:03.69-[Information]-UiManager: Startup:
09:33:28.81-[Information]-UserManager: LogOn: Manager/itm
09:33:28.81-[Information]-UserManager: LogOn: Manager/itm
09:33:34.41-[Information]-UserManager: LogOut
09:35:29.86-[Information]-UiManager: Startup:
09:40:16.61-[Information]-UiManager: Startup:
09:45:56.45-[Information]-UiManager: Startup:
09:47:36.09-[Information]-UiManager: Startup:
09:48:31.72-[Information]-UiManager: Startup:
09:50:07.99-[Information]-UiManager: Startup:
09:50:51.20-[Information]-UserManager: LogOn: Manager/itm
09:50:51.20-[Information]-UserManager: LogOn: Manager/itm
09:58:01.19-[Information]-UiManager: Startup:
09:59:20.80-[Information]-UiManager: Startup:
09:59:58.08-[Information]-UiManager: Startup:
10:02:08.30-[Information]-UiManager: Startup:
10:22:51.01-[Information]-UiManager: Startup:
10:23:02.84-[Information]-UserManager: LogOn: Manager/itm
10:23:02.84-[Information]-UserManager: LogOn: Manager/itm
10:31:34.86-[Information]-UiManager: Startup:
10:31:54.19-[Information]-UiManager: Startup:
10:32:31.17-[Information]-UiManager: Startup:
10:32:42.47-[Information]-UserManager: LogOn: AutoTeams/itm
10:32:42.47-[Information]-UserManager: LogOn: AutoTeams/itm
10:34:19.00-[Information]-UiManager: Startup:
10:34:28.96-[Information]-UserManager: LogOn: /itm
10:34:28.96-[Information]-UserManager: LogOn: /itm
10:34:31.38-[Information]-UserManager: LogOn: /itm
10:34:31.38-[Information]-UserManager: LogOn: /itm
10:34:37.32-[Information]-UserManager: LogOn: Manager/itm
10:34:37.32-[Information]-UserManager: LogOn: Manager/itm
10:34:39.26-[Information]-UserManager: LogOut
10:36:54.89-[Information]-UiManager: Startup:
10:37:02.86-[Information]-UserManager: LogOn: Manager/itm
10:37:02.86-[Information]-UserManager: LogOn: Manager/itm
10:37:11.39-[Information]-UserManager: LogOn: AutoTeams/itm
10:37:11.39-[Information]-UserManager: LogOn: AutoTeams/itm
10:37:34.22-[Information]-UserManager: LogOn: AutoTeams/itm
10:37:34.22-[Information]-UserManager: LogOn: AutoTeams/itm
10:37:36.53-[Information]-UserManager: LogOut
10:37:50.29-[Information]-UserManager: LogOn: AutoTeams/itm
10:37:50.29-[Information]-UserManager: LogOn: AutoTeams/itm
10:37:53.97-[Information]-UiManager: Startup:
10:37:58.36-[Information]-UserManager: LogOut
10:39:52.17-[Information]-UiManager: Startup:
10:39:57.77-[Information]-UserManager: LogOn: /
10:39:57.77-[Information]-UserManager: LogOn: /
10:41:50.63-[Information]-UiManager: Startup:
10:43:18.32-[Information]-UiManager: Startup:
10:45:17.08-[Information]-UiManager: Startup:
11:09:32.15-[Information]-UiManager: Startup:
11:09:40.36-[Information]-UserManager: LogOn: Manager/itm
11:09:40.37-[Information]-UserManager: LogOn: Manager/itm
11:31:28.65-[Information]-UiManager: Startup:
11:31:36.61-[Information]-UserManager: LogOn: Manager/itm
11:31:36.61-[Information]-UserManager: LogOn: Manager/itm
11:31:43.28-[Information]-UserManager: LogOn: AutoTeams/itm
11:31:43.28-[Information]-UserManager: LogOn: AutoTeams/itm
11:32:00.14-[Information]-UserManager: LogOut
11:45:38.79-[Information]-UiManager: Startup:
11:45:44.31-[Information]-UserManager: LogOn: Manager/ITM
11:45:44.31-[Information]-UserManager: LogOn: Manager/ITM
11:45:47.19-[Information]-UserManager: LogOn: Manager/ITM
11:45:47.19-[Information]-UserManager: LogOn: Manager/ITM
11:45:51.72-[Information]-UserManager: LogOn: /itm
11:45:51.73-[Information]-UserManager: LogOn: /itm
11:45:58.92-[Information]-UserManager: LogOn: Manager/itm
11:45:58.92-[Information]-UserManager: LogOn: Manager/itm
11:46:00.46-[Information]-UserManager: LogOut
11:46:51.11-[Information]-UiManager: Startup:
11:46:57.38-[Information]-UserManager: LogOn: Manager/itm
11:46:57.38-[Information]-UserManager: LogOn: Manager/itm
14:00:16.86-[Information]-UiManager: Startup:
14:00:21.17-[Information]-UserManager: LogOn: /itm
14:00:21.17-[Information]-UserManager: LogOn: /itm
14:00:25.68-[Information]-UserManager: LogOn: Manager/itm
14:00:25.68-[Information]-UserManager: LogOn: Manager/itm
14:00:30.28-[Information]-UserManager: LogOn: AutoTeams/itm
14:00:30.28-[Information]-UserManager: LogOn: AutoTeams/itm
14:00:31.55-[Information]-UserManager: LogOut
14:01:18.11-[Information]-UiManager: Startup:
14:03:44.29-[Information]-UiManager: Startup:
14:14:04.10-[Information]-UiManager: Startup:
14:14:17.30-[Information]-UserManager: LogOut
14:15:29.25-[Information]-UiManager: Startup:
15:19:22.07-[Information]-UiManager: Startup:
15:19:31.14-[Information]-UserManager: LogOn: Manager/itm
15:19:31.15-[Information]-UserManager: LogOn: Manager/itm
15:19:36.47-[Information]-UserManager: LogOut
15:55:54.66-[Information]-UiManager: Startup:
15:56:13.78-[Information]-UserManager: LogOn: Manager/itm
15:56:13.78-[Information]-UserManager: LogOn: Manager/itm
15:56:19.10-[Information]-UserManager: LogOn: AutoTeams/itm
15:56:19.10-[Information]-UserManager: LogOn: AutoTeams/itm
15:56:22.51-[Information]-UserManager: LogOut
15:56:30.37-[Information]-UserManager: LogOn: Manager/itm
15:56:30.37-[Information]-UserManager: LogOn: Manager/itm