
08:20:40.80-[Information]-UiManager: Startup:
08:20:42.20-[Information]-Dba:  ->  Database File SQLite Already Existed!
08:20:46.25-[Information]-PgMain: addLog:Already Home !
08:20:50.63-[Information]-PgMain: addLog:Already Stopped !
08:20:51.20-[Information]-PgMain: addLog:Already Home !
08:20:51.97-[Information]-PgMain: addLog:Already Pause !
08:20:52.35-[Information]-PgMain: addLog:Already Reset !
08:20:53.04-[Information]-PgMain: addLog:Already Running!
08:20:53.60-[Information]-PgMain: addLog:Already Stopped !
08:20:54.28-[Information]-PgMain: addLog:Already Home !
08:20:54.65-[Information]-PgMain: addLog:Already Pause !
08:20:54.94-[Information]-PgMain: addLog:Already Reset !
08:20:55.57-[Information]-PgMain: addLog:Already Running!
08:20:55.96-[Information]-PgMain: addLog:Already Stopped !
08:20:56.62-[Information]-PgMain: addLog:Already Home !
08:20:57.00-[Information]-PgMain: addLog:Already Reset !
08:20:58.08-[Information]-PgMain: addLog:Already Running!
08:21:00.47-[Information]-PgMain: addLog:Already Stopped !
08:21:01.66-[Information]-PgMain: addLog:Already Pause !
08:21:01.98-[Information]-PgMain: addLog:Already Reset !
08:21:02.26-[Information]-PgMain: addLog:Already Home !
08:21:02.80-[Information]-PgMain: addLog:Already Running!
08:21:09.68-[Information]-PgMain: addLog:Already Stopped !
08:39:10.62-[Information]-UiManager: Startup:
08:39:12.34-[Information]-Dba:  ->  Database File SQLite Already Existed!
08:39:14.91-[Information]-PgMain: addLog:Already Home !
08:39:15.75-[Information]-PgMain: addLog:Already Reset !
08:39:16.24-[Information]-PgMain: addLog:Already Pause !
08:39:16.96-[Information]-PgMain: addLog:Already Running!
08:39:17.62-[Information]-PgMain: addLog:Already Stopped !
08:39:18.24-[Information]-PgMain: addLog:Already Home !
08:39:18.58-[Information]-PgMain: addLog:Already Reset !
08:39:18.83-[Information]-PgMain: addLog:Already Pause !
08:39:19.17-[Information]-PgMain: addLog:Already Running!
08:39:19.56-[Information]-PgMain: addLog:Already Stopped !
08:39:20.11-[Information]-PgMain: addLog:Already Home !
08:39:20.52-[Information]-PgMain: addLog:Already Reset !
08:39:20.84-[Information]-PgMain: addLog:Already Pause !
08:39:21.14-[Information]-PgMain: addLog:Already Running!
08:39:21.76-[Information]-PgMain: addLog:Already Stopped !
08:39:22.33-[Information]-PgMain: addLog:Already Home !
08:39:22.70-[Information]-PgMain: addLog:Already Reset !
08:39:22.84-[Information]-PgMain: addLog:Already Pause !
08:39:23.10-[Information]-PgMain: addLog:Already Running!
08:39:25.84-[Information]-PgMain: addLog:Already Stopped !
08:39:26.99-[Information]-PgMain: addLog:Already Home !
08:39:27.28-[Information]-PgMain: addLog:Already Reset !
08:39:27.44-[Information]-PgMain: addLog:Already Pause !
08:39:27.82-[Information]-PgMain: addLog:Already Running!
11:26:33.81-[Information]-UiManager: Startup:
11:26:34.57-[Information]-Dba:  ->  Database File SQLite Already Existed!
11:26:37.72-[Information]-PgMain: addLog:Already Home !
11:26:41.40-[Information]-PgMain: addLog:Already Stopped !
11:26:42.52-[Information]-PgMain: addLog:Already Pause !
11:26:43.76-[Information]-PgMain: addLog:Already Stopped !
11:26:45.76-[Information]-PgMain: addLog:Already Running!
11:26:47.72-[Information]-PgMain: addLog:Already Stopped !
11:26:50.36-[Information]-PgMain: addLog:Already Home !
18:06:08.12-[Information]-UiManager: Startup:
18:06:09.74-[Information]-Dba:  ->  Database File SQLite Already Existed!
18:06:12.34-[Information]-PgMain: addLog:Already Home !
18:06:14.93-[Information]-PgMain: addLog:Already Running!
18:06:15.48-[Information]-PgMain: addLog:Already Pause !
18:06:15.79-[Information]-PgMain: addLog:Already Reset !
18:06:16.11-[Information]-PgMain: addLog:Already Home !
18:06:16.78-[Information]-PgMain: addLog:Already Stopped !
18:06:17.74-[Information]-PgMain: addLog:Already Pause !
18:06:18.10-[Information]-PgMain: addLog:Already Reset !
18:06:18.56-[Information]-PgMain: addLog:Already Home !
18:06:19.34-[Information]-PgMain: addLog:Already Running!
18:06:21.33-[Information]-PgMain: addLog:Already Stopped !
18:06:22.23-[Information]-PgMain: addLog:Already Home !
18:06:22.82-[Information]-PgMain: addLog:Already Stopped !
18:06:23.54-[Information]-PgMain: addLog:Already Pause !
18:06:23.84-[Information]-PgMain: addLog:Already Reset !
18:06:24.15-[Information]-PgMain: addLog:Already Home !
18:06:24.58-[Information]-PgMain: addLog:Already Running!
18:06:24.92-[Information]-PgMain: addLog:Already Stopped !
18:06:25.68-[Information]-PgMain: addLog:Already Pause !
18:06:25.96-[Information]-PgMain: addLog:Already Reset !
18:06:26.24-[Information]-PgMain: addLog:Already Home !
18:06:28.74-[Information]-PgMain: addLog:Already Stopped !
18:07:24.11-[Information]-UiManager: Startup:
18:07:25.73-[Information]-Dba:  ->  Database File SQLite Already Existed!
18:07:27.24-[Information]-PgMain: addLog:Already Home !
18:07:28.43-[Information]-PgMain: addLog:Already Pause !
18:07:29.56-[Information]-PgMain: addLog:Already Running!
18:07:30.51-[Information]-PgMain: addLog:Already Reset !
18:07:33.68-[Information]-PgMain: addLog:Already Stopped !
18:07:34.74-[Information]-PgMain: addLog:Already Home !
18:07:35.55-[Information]-PgMain: addLog:Already Reset !
18:07:37.13-[Information]-PgMain: addLog:Already Pause !
18:07:39.12-[Information]-PgMain: addLog:Already Running!
18:07:41.25-[Information]-PgMain: addLog:Already Stopped !
18:07:42.24-[Information]-PgMain: addLog:Already Home !
18:07:43.03-[Information]-PgMain: addLog:Already Reset !
18:07:44.62-[Information]-PgMain: addLog:Already Pause !
18:08:28.24-[Information]-UiManager: Startup:
18:08:29.63-[Information]-Dba:  ->  Database File SQLite Already Existed!
18:08:31.73-[Information]-PgMain: addLog:Already Home !
18:08:36.07-[Information]-PgMain: addLog:Already Running!
18:08:37.22-[Information]-PgMain: addLog:Already Pause !
18:08:42.50-[Information]-PgMain: addLog:Already Reset !
18:11:21.38-[Information]-UiManager: Startup:
18:11:22.63-[Information]-Dba:  ->  Database File SQLite Already Existed!
18:11:24.05-[Information]-PgMain: addLog:Already Home !
18:11:24.35-[Information]-PgMain: addLog:Already Reset !
18:11:24.79-[Information]-PgMain: addLog:Already Pause !
18:11:26.40-[Information]-PgMain: addLog:Already Running!
18:11:28.27-[Information]-PgMain: addLog:Already Stopped !
18:11:29.28-[Information]-PgMain: addLog:Already Home !
18:11:34.55-[Information]-PgMain: addLog:Already Pause !
18:11:35.44-[Information]-PgMain: addLog:Already Reset !
18:11:36.66-[Information]-PgMain: addLog:Already Running!
18:12:08.05-[Information]-PgMain: addLog:Already Stopped !
18:13:51.74-[Information]-PgMain: addLog:Already Reset !
18:13:51.99-[Information]-PgMain: addLog:Already Pause !
18:13:52.39-[Information]-PgMain: addLog:Already Running!
18:13:52.74-[Information]-PgMain: addLog:Already Home !
18:13:53.05-[Information]-PgMain: addLog:Already Stopped !
18:13:53.85-[Information]-PgMain: addLog:Already Home !
18:13:54.29-[Information]-PgMain: addLog:Already Reset !
18:13:54.58-[Information]-PgMain: addLog:Already Pause !
18:13:54.91-[Information]-PgMain: addLog:Already Running!
18:13:55.46-[Information]-PgMain: addLog:Already Stopped !
18:16:46.44-[Information]-UiManager: Startup:
18:16:47.73-[Information]-Dba:  ->  Database File SQLite Already Existed!
18:16:49.66-[Information]-PgMain: addLog:Already Running!
18:16:49.93-[Information]-PgMain: addLog:Already Pause !
18:16:50.23-[Information]-PgMain: addLog:Already Reset !
18:16:50.54-[Information]-PgMain: addLog:Already Home !
18:16:51.48-[Information]-PgMain: addLog:Already Stopped !
18:16:52.39-[Information]-PgMain: addLog:Already Home !
18:16:52.71-[Information]-PgMain: addLog:Already Reset !
18:16:54.30-[Information]-PgMain: addLog:Already Running!
18:16:54.63-[Information]-PgMain: addLog:Already Pause !
18:16:54.93-[Information]-PgMain: addLog:Already Reset !
18:16:55.53-[Information]-PgMain: addLog:Already Stopped !
18:23:39.50-[Information]-UiManager: Startup:
18:23:40.93-[Information]-Dba:  ->  Database File SQLite Already Existed!
18:23:42.24-[Information]-PgMain: addLog:Already Home !
18:23:43.11-[Information]-PgMain: addLog:Already Reset !
18:23:45.36-[Information]-PgMain: addLog:Already Pause !
18:23:47.10-[Information]-PgMain: addLog:Already Running!
18:23:50.43-[Information]-PgMain: addLog:Already Stopped !
18:23:51.22-[Information]-PgMain: addLog:Already Home !
18:23:52.72-[Information]-PgMain: addLog:Already Reset !
18:23:55.11-[Information]-PgMain: addLog:Already Pause !
18:23:57.13-[Information]-PgMain: addLog:Already Running!
18:23:59.56-[Information]-PgMain: addLog:Already Stopped !
18:24:00.76-[Information]-PgMain: addLog:Already Home !
18:24:01.48-[Information]-PgMain: addLog:Already Running!
18:24:02.81-[Information]-PgMain: addLog:Already Stopped !
18:24:03.27-[Information]-PgMain: addLog:Already Home !
18:24:04.05-[Information]-PgMain: addLog:Already Running!
18:24:05.28-[Information]-PgMain: addLog:Already Stopped !
18:24:05.84-[Information]-PgMain: addLog:Already Home !
18:24:06.55-[Information]-PgMain: addLog:Already Reset !
18:24:07.92-[Information]-PgMain: addLog:Already Stopped !
18:24:08.75-[Information]-PgMain: addLog:Already Home !
18:24:09.61-[Information]-PgMain: addLog:Already Reset !
18:24:10.96-[Information]-PgMain: addLog:Already Stopped !
18:24:13.04-[Information]-PgMain: addLog:Already Home !
18:24:14.12-[Information]-PgMain: addLog:Already Pause !
18:24:15.93-[Information]-PgMain: addLog:Already Running!
18:24:17.73-[Information]-PgMain: addLog:Already Reset !
18:24:22.90-[Information]-UiManager: Startup:
18:24:24.97-[Information]-Dba:  ->  Database File SQLite Already Existed!
18:24:26.30-[Information]-PgMain: addLog:Already Home !
18:24:27.52-[Information]-PgMain: addLog:Already Reset !
18:24:28.73-[Information]-PgMain: addLog:Already Pause !
18:24:29.46-[Information]-PgMain: addLog:Already Running!
18:24:32.78-[Information]-PgMain: addLog:Already Home !
18:24:33.36-[Information]-PgMain: addLog:Already Stopped !
18:24:34.26-[Information]-PgMain: addLog:Already Home !
18:24:34.91-[Information]-PgMain: addLog:Already Reset !
18:24:35.54-[Information]-PgMain: addLog:Already Pause !
18:24:36.28-[Information]-PgMain: addLog:Already Running!
18:24:52.96-[Information]-UiManager: Startup:
18:24:54.24-[Information]-Dba:  ->  Database File SQLite Already Existed!
18:24:55.77-[Information]-PgMain: addLog:Already Home !
18:24:57.08-[Information]-PgMain: addLog:Already Pause !
18:24:58.52-[Information]-PgMain: addLog:Already Running!
18:24:59.56-[Information]-PgMain: addLog:Already Reset !
18:27:25.31-[Information]-UiManager: Startup:
18:27:26.78-[Information]-Dba:  ->  Database File SQLite Already Existed!
18:27:28.08-[Information]-PgMain: addLog:Already Home !
18:27:28.89-[Information]-PgMain: addLog:Already Reset !
18:27:30.74-[Information]-PgMain: addLog:Already Pause !
18:27:32.85-[Information]-PgMain: addLog:Already Stopped !
18:27:33.81-[Information]-PgMain: addLog:Already Home !
18:27:35.12-[Information]-PgMain: addLog:Already Reset !
18:27:36.61-[Information]-PgMain: addLog:Already Pause !
18:27:37.44-[Information]-PgMain: addLog:Already Running!
18:27:41.93-[Information]-UiManager: Startup:
18:27:43.66-[Information]-Dba:  ->  Database File SQLite Already Existed!
18:27:44.86-[Information]-PgMain: addLog:Already Reset !
18:27:45.74-[Information]-PgMain: addLog:Already Pause !
18:29:07.15-[Information]-UiManager: Startup:
18:29:08.23-[Information]-Dba:  ->  Database File SQLite Already Existed!
18:29:14.33-[Information]-UiManager: Startup:
18:29:15.08-[Information]-Dba:  ->  Database File SQLite Already Existed!
18:29:49.67-[Information]-UiManager: Startup:
18:29:50.88-[Information]-Dba:  ->  Database File SQLite Already Existed!
18:29:52.67-[Information]-PgMain: addLog:Already Home !
18:29:53.27-[Information]-PgMain: addLog:Already Reset !
18:29:53.77-[Information]-PgMain: addLog:Already Pause !
18:29:54.78-[Information]-PgMain: addLog:Already Running!