
08:13:01.46-[Information]-UiManager: Startup:
08:13:02.68-[Information]-Dba:  ->  Database File SQLite Already Existed!
08:13:50.38-[Information]-UiManager: Startup:
08:13:51.74-[Information]-Dba:  ->  Database File SQLite Already Existed!
08:16:26.40-[Information]-UiManager: Startup:
08:16:28.56-[Information]-Dba:  ->  Database File SQLite Already Existed!
08:21:52.20-[Information]-UiManager: Startup:
08:21:54.77-[Information]-Dba:  ->  Database File SQLite Already Existed!
08:23:46.21-[Information]-UiManager: Startup:
08:23:49.29-[Information]-Dba:  ->  Database File SQLite Already Existed!
08:24:48.41-[Information]-UiManager: Startup:
08:24:50.91-[Information]-Dba:  ->  Database File SQLite Already Existed!
08:26:44.74-[Information]-UiManager: Startup:
08:26:46.28-[Information]-Dba:  ->  Database File SQLite Already Existed!
08:30:40.11-[Information]-UiManager: Startup:
08:30:41.84-[Information]-Dba:  ->  Database File SQLite Already Existed!
08:34:28.55-[Information]-UiManager: Startup:
08:34:30.18-[Information]-Dba:  ->  Database File SQLite Already Existed!
08:36:21.57-[Information]-UiManager: Startup:
08:36:23.09-[Information]-Dba:  ->  Database File SQLite Already Existed!
08:55:43.36-[Information]-UiManager: Startup:
08:55:45.45-[Information]-Dba:  ->  Database File SQLite Already Existed!
11:42:10.09-[Information]-UiManager: Startup:
11:42:11.84-[Information]-Dba:  ->  Database File SQLite Already Existed!
11:46:16.96-[Information]-UiManager: Startup:
11:46:18.77-[Information]-Dba:  ->  Database File SQLite Already Existed!
11:48:08.26-[Information]-UiManager: Startup:
11:48:09.91-[Information]-Dba:  ->  Database File SQLite Already Existed!
11:48:39.12-[Information]-UiManager: Startup:
11:48:40.71-[Information]-Dba:  ->  Database File SQLite Already Existed!
11:49:03.97-[Information]-UiManager: Startup:
11:49:05.58-[Information]-Dba:  ->  Database File SQLite Already Existed!
11:49:33.87-[Information]-UiManager: Startup:
11:49:34.99-[Information]-Dba:  ->  Database File SQLite Already Existed!
11:49:38.14-[Information]-PgMain: addLog:Already Stopped !
11:49:39.18-[Information]-PgMain: addLog:Already Home !
11:49:40.18-[Information]-PgMain: addLog:Already Running!
11:49:40.78-[Information]-PgMain: addLog:Already Pause !
11:50:14.38-[Information]-UiManager: Startup:
11:50:16.06-[Information]-Dba:  ->  Database File SQLite Already Existed!
11:50:48.28-[Information]-UiManager: Startup:
11:50:50.40-[Information]-Dba:  ->  Database File SQLite Already Existed!
11:51:13.68-[Information]-UserManager: LogOn: Manager/itm
11:51:47.86-[Information]-UiManager: Startup:
11:51:49.31-[Information]-Dba:  ->  Database File SQLite Already Existed!
11:52:28.82-[Information]-UserManager: LogOn: AutoTeams/itm
13:03:11.02-[Information]-UiManager: Startup:
13:03:12.77-[Information]-Dba:  ->  Database File SQLite Already Existed!
13:17:00.78-[Information]-UiManager: Startup:
13:17:03.30-[Information]-Dba:  ->  Database File SQLite Already Existed!
13:29:04.84-[Information]-UiManager: Startup:
13:29:06.90-[Information]-Dba:  ->  Database File SQLite Already Existed!
13:34:02.72-[Information]-UiManager: Startup:
13:34:04.56-[Information]-Dba:  ->  Database File SQLite Already Existed!
13:38:35.33-[Information]-UiManager: Startup:
13:38:37.21-[Information]-Dba:  ->  Database File SQLite Already Existed!
13:39:03.79-[Information]-UiManager: Startup:
13:39:06.01-[Information]-Dba:  ->  Database File SQLite Already Existed!
13:39:51.06-[Information]-UiManager: Startup:
13:39:52.48-[Information]-Dba:  ->  Database File SQLite Already Existed!
13:41:00.82-[Information]-UiManager: Startup:
13:41:02.74-[Information]-Dba:  ->  Database File SQLite Already Existed!
13:45:17.35-[Information]-UiManager: Startup:
13:45:19.89-[Information]-Dba:  ->  Database File SQLite Already Existed!
13:46:10.21-[Information]-UiManager: Startup:
13:46:11.54-[Information]-Dba:  ->  Database File SQLite Already Existed!
13:49:01.78-[Information]-UiManager: Startup:
13:49:03.81-[Information]-Dba:  ->  Database File SQLite Already Existed!
14:00:10.62-[Information]-UiManager: Startup:
14:00:12.22-[Information]-Dba:  ->  Database File SQLite Already Existed!
14:08:12.12-[Information]-UiManager: Startup:
14:08:14.19-[Information]-Dba:  ->  Database File SQLite Already Existed!
14:10:57.54-[Information]-UiManager: Startup:
14:10:59.74-[Information]-Dba:  ->  Database File SQLite Already Existed!
14:15:11.38-[Information]-UiManager: Startup:
14:15:13.55-[Information]-Dba:  ->  Database File SQLite Already Existed!
14:17:06.69-[Information]-UiManager: Startup:
14:17:09.09-[Information]-Dba:  ->  Database File SQLite Already Existed!
14:23:02.81-[Information]-UiManager: Startup:
14:23:04.57-[Information]-Dba:  ->  Database File SQLite Already Existed!
14:23:11.01-[Information]-PgMain: addLog:Already Stopped !
14:23:11.76-[Information]-PgMain: addLog:Already Running!
14:23:12.29-[Information]-PgMain: addLog:Already Pause !
14:23:12.78-[Information]-PgMain: addLog:Already Home !
14:23:13.18-[Information]-PgMain: addLog:Already Reset !
14:23:13.56-[Information]-PgMain: addLog:Already Pause !
14:23:14.02-[Information]-PgMain: addLog:Already Running!
14:23:14.24-[Information]-PgMain: addLog:Already Stopped !
14:23:15.39-[Information]-PgMain: addLog:Already Running!
14:23:15.66-[Information]-PgMain: addLog:Already Pause !
14:23:16.08-[Information]-PgMain: addLog:Already Reset !
14:23:16.59-[Information]-PgMain: addLog:Already Stopped !
14:23:18.33-[Information]-PgMain: addLog:Already Running!
14:23:24.85-[Information]-PgMain: addLog:Already Stopped !
14:49:20.85-[Information]-UiManager: Startup:
14:49:22.75-[Information]-Dba:  ->  Database File SQLite Already Existed!
14:51:06.08-[Information]-UiManager: Startup:
14:51:08.06-[Information]-Dba:  ->  Database File SQLite Already Existed!
14:51:34.58-[Information]-UiManager: Startup:
14:51:36.40-[Information]-Dba:  ->  Database File SQLite Already Existed!
15:55:25.89-[Information]-UiManager: Startup:
15:55:27.25-[Information]-Dba:  ->  Database File SQLite Already Existed!
16:12:43.98-[Information]-UiManager: Startup:
16:12:45.39-[Information]-Dba:  ->  Database File SQLite Already Existed!
16:18:17.00-[Information]-UiManager: Startup:
16:18:17.80-[Information]-Dba:  ->  Database File SQLite Already Existed!