
09:29:33.03-[Information]-UiManager: Startup:
09:29:35.15-[Information]-Dba:  ->  Database File SQLite Already Existed!
09:30:59.12-[Information]-UiManager: Startup:
09:31:00.60-[Information]-Dba:  ->  Database File SQLite Already Existed!
09:37:12.89-[Information]-UiManager: Startup:
09:37:13.94-[Information]-Dba:  ->  Database File SQLite Already Existed!
09:38:15.41-[Information]-UiManager: Startup:
09:38:16.36-[Information]-Dba:  ->  Database File SQLite Already Existed!
10:33:17.90-[Information]-UiManager: Startup:
10:33:19.17-[Information]-Dba:  ->  Database File SQLite Already Existed!
10:33:22.74-[Information]-PgMain: addLog:Already Home !
11:16:56.88-[Information]-UiManager: Startup:
11:16:57.81-[Information]-Dba:  ->  Database File SQLite Already Existed!
11:16:59.60-[Information]-PgMain: addLog:Already Home !
11:19:15.65-[Information]-UiManager: Startup:
11:19:17.32-[Information]-Dba:  ->  Database File SQLite Already Existed!
11:19:18.57-[Information]-PgMain: addLog:Already Home !
13:00:45.83-[Information]-UiManager: Startup:
13:00:46.91-[Information]-Dba:  ->  Database File SQLite Already Existed!
13:00:49.17-[Information]-PgMain: addLog:Already Home !
13:00:52.23-[Information]-PgMain: addLog:Already Stopped !
13:00:53.02-[Information]-PgMain: addLog:Already Home !
13:04:07.09-[Information]-UiManager: Startup:
13:04:08.35-[Information]-Dba:  ->  Database File SQLite Already Existed!
13:04:23.11-[Information]-UiManager: Startup:
13:04:23.81-[Information]-Dba:  ->  Database File SQLite Already Existed!
13:04:25.72-[Information]-PgMain: addLog:Already Home !
13:04:51.65-[Information]-UiManager: Startup:
13:04:52.74-[Information]-Dba:  ->  Database File SQLite Already Existed!
13:04:54.60-[Information]-PgMain: addLog:Already Home !
13:05:08.08-[Information]-UiManager: Startup:
13:05:09.17-[Information]-Dba:  ->  Database File SQLite Already Existed!
13:05:10.33-[Information]-PgMain: addLog:Already Home !
13:07:02.82-[Information]-UiManager: Startup:
13:07:03.96-[Information]-Dba:  ->  Database File SQLite Already Existed!
13:07:05.49-[Information]-PgMain: addLog:Already Home !
13:07:06.01-[Information]-PgMain: addLog:Already Stopped !
13:07:06.86-[Information]-PgMain: addLog:Already Running!
13:07:07.29-[Information]-PgMain: addLog:Already Pause !
13:07:09.69-[Information]-PgMain: addLog:Already Reset !
13:07:14.04-[Information]-PgMain: addLog:Already Running!
13:07:14.40-[Information]-PgMain: addLog:Already Pause !
13:07:36.70-[Information]-UiManager: Startup:
13:07:37.86-[Information]-Dba:  ->  Database File SQLite Already Existed!
13:07:39.37-[Information]-PgMain: addLog:Already Pause !
13:07:40.86-[Information]-PgMain: addLog:Already Home !
13:08:18.33-[Information]-UiManager: Startup:
13:08:19.71-[Information]-Dba:  ->  Database File SQLite Already Existed!
13:08:21.35-[Information]-PgMain: addLog:Already Home !
13:08:35.93-[Information]-PgMain: addLog:Already Pause !
13:08:54.68-[Information]-UiManager: Startup:
13:08:56.01-[Information]-Dba:  ->  Database File SQLite Already Existed!
13:08:57.85-[Information]-PgMain: addLog:Already Home !
13:08:58.66-[Information]-PgMain: addLog:Already Pause !
13:12:31.91-[Information]-UiManager: Startup:
13:12:32.88-[Information]-Dba:  ->  Database File SQLite Already Existed!
13:12:34.26-[Information]-PgMain: addLog:Already Home !
13:12:35.27-[Information]-PgMain: addLog:Already Pause !
13:16:05.16-[Information]-UiManager: Startup:
13:16:06.22-[Information]-Dba:  ->  Database File SQLite Already Existed!
13:16:07.70-[Information]-PgMain: addLog:Already Home !
13:16:08.48-[Information]-PgMain: addLog:Already Pause !
13:18:22.26-[Information]-UiManager: Startup:
13:18:23.34-[Information]-Dba:  ->  Database File SQLite Already Existed!
13:18:24.89-[Information]-PgMain: addLog:Already Stopped !
13:18:25.72-[Information]-PgMain: addLog:Already Home !
13:18:26.72-[Information]-PgMain: addLog:Already Pause !
13:18:27.36-[Information]-PgMain: addLog:Already Home !
13:18:27.84-[Information]-PgMain: addLog:Already Pause !
13:18:28.55-[Information]-PgMain: addLog:Already Home !
13:18:29.12-[Information]-PgMain: addLog:Already Pause !
13:18:30.14-[Information]-PgMain: addLog:Already Home !
13:18:30.86-[Information]-PgMain: addLog:Already Stopped !
13:18:31.35-[Information]-PgMain: addLog:Already Home !
13:18:31.63-[Information]-PgMain: addLog:Already Pause !
13:18:32.55-[Information]-PgMain: addLog:Already Home !
13:18:32.91-[Information]-PgMain: addLog:Already Pause !
13:18:33.29-[Information]-PgMain: addLog:Already Home !
13:18:33.57-[Information]-PgMain: addLog:Already Pause !
13:18:35.62-[Information]-PgMain: addLog:Already Home !
13:18:36.12-[Information]-PgMain: addLog:Already Pause !
13:19:47.00-[Information]-UiManager: Startup:
13:19:48.14-[Information]-Dba:  ->  Database File SQLite Already Existed!
13:19:50.56-[Information]-PgMain: addLog:Already Home !
13:19:51.03-[Information]-PgMain: addLog:Already Pause !
13:19:51.75-[Information]-PgMain: addLog:Already Stopped !
13:19:54.15-[Information]-PgMain: addLog:Already Home !
13:19:54.68-[Information]-PgMain: addLog:Already Pause !
13:19:55.55-[Information]-PgMain: addLog:Already Stopped !
13:20:19.78-[Information]-UiManager: Startup:
13:20:20.82-[Information]-Dba:  ->  Database File SQLite Already Existed!
13:20:22.52-[Information]-PgMain: addLog:Already Stopped !
13:20:23.33-[Information]-PgMain: addLog:Already Home !
13:20:23.95-[Information]-PgMain: addLog:Already Pause !
13:20:24.65-[Information]-PgMain: addLog:Already Stopped !
13:20:25.31-[Information]-PgMain: addLog:Already Home !
13:20:25.80-[Information]-PgMain: addLog:Already Pause !
13:20:26.78-[Information]-PgMain: addLog:Already Stopped !
13:29:03.60-[Information]-UiManager: Startup:
13:29:04.98-[Information]-Dba:  ->  Database File SQLite Already Existed!
13:29:06.99-[Information]-PgMain: addLog:Already Home !
13:29:07.40-[Information]-PgMain: addLog:Already Pause !
13:29:08.56-[Information]-PgMain: addLog:Already Stopped !
13:29:09.25-[Information]-PgMain: addLog:Already Home !
13:29:09.66-[Information]-PgMain: addLog:Already Pause !
13:29:10.01-[Information]-PgMain: addLog:Already Stopped !
13:29:10.49-[Information]-PgMain: addLog:Already Home !
13:29:10.79-[Information]-PgMain: addLog:Already Pause !
13:29:11.08-[Information]-PgMain: addLog:Already Stopped !
13:29:11.36-[Information]-PgMain: addLog:Already Home !
13:29:11.64-[Information]-PgMain: addLog:Already Pause !
13:29:11.90-[Information]-PgMain: addLog:Already Stopped !
13:29:12.16-[Information]-PgMain: addLog:Already Home !
13:29:12.41-[Information]-PgMain: addLog:Already Pause !
13:29:12.71-[Information]-PgMain: addLog:Already Stopped !
13:29:13.10-[Information]-PgMain: addLog:Already Home !
13:29:13.38-[Information]-PgMain: addLog:Already Pause !
13:29:13.64-[Information]-PgMain: addLog:Already Stopped !
13:29:13.89-[Information]-PgMain: addLog:Already Home !
13:29:14.15-[Information]-PgMain: addLog:Already Pause !
13:29:14.48-[Information]-PgMain: addLog:Already Stopped !
13:29:14.88-[Information]-PgMain: addLog:Already Home !
13:29:15.11-[Information]-PgMain: addLog:Already Pause !
13:29:15.95-[Information]-PgMain: addLog:Already Stopped !
13:29:16.20-[Information]-PgMain: addLog:Already Home !
13:29:16.40-[Information]-PgMain: addLog:Already Pause !
13:29:19.52-[Information]-PgMain: addLog:Already Home !
13:29:19.81-[Information]-PgMain: addLog:Already Pause !
13:29:20.22-[Information]-PgMain: addLog:Already Stopped !
13:30:03.33-[Information]-UiManager: Startup:
13:30:04.58-[Information]-Dba:  ->  Database File SQLite Already Existed!
13:30:06.00-[Information]-PgMain: addLog:Already Home !
13:30:06.34-[Information]-PgMain: addLog:Already Pause !
13:30:07.05-[Information]-PgMain: addLog:Already Stopped !
13:30:07.64-[Information]-PgMain: addLog:Already Home !
13:30:08.00-[Information]-PgMain: addLog:Already Pause !
13:30:08.44-[Information]-PgMain: addLog:Already Stopped !
13:30:08.74-[Information]-PgMain: addLog:Already Home !
13:30:09.10-[Information]-PgMain: addLog:Already Pause !
13:30:09.82-[Information]-PgMain: addLog:Already Stopped !
13:30:10.10-[Information]-PgMain: addLog:Already Home !
13:30:10.38-[Information]-PgMain: addLog:Already Pause !
13:30:23.48-[Information]-PgMain: addLog:Already Stopped !
13:30:23.99-[Information]-PgMain: addLog:Already Home !
13:30:24.25-[Information]-PgMain: addLog:Already Pause !
13:30:25.40-[Information]-PgMain: addLog:Already Home !
13:30:25.67-[Information]-PgMain: addLog:Already Pause !
13:30:26.08-[Information]-PgMain: addLog:Already Stopped !
13:30:26.63-[Information]-PgMain: addLog:Already Home !
13:30:27.09-[Information]-PgMain: addLog:Already Pause !
13:30:27.56-[Information]-PgMain: addLog:Already Stopped !
13:30:28.03-[Information]-PgMain: addLog:Already Home !
13:30:28.46-[Information]-PgMain: addLog:Already Pause !
13:30:28.92-[Information]-PgMain: addLog:Already Stopped !
13:30:29.31-[Information]-PgMain: addLog:Already Home !
13:30:29.72-[Information]-PgMain: addLog:Already Pause !
13:30:30.32-[Information]-PgMain: addLog:Already Stopped !
13:30:30.77-[Information]-PgMain: addLog:Already Home !
13:30:31.19-[Information]-PgMain: addLog:Already Pause !
13:30:31.67-[Information]-PgMain: addLog:Already Stopped !
13:30:32.07-[Information]-PgMain: addLog:Already Home !
13:30:32.48-[Information]-PgMain: addLog:Already Pause !
13:30:50.43-[Information]-UiManager: Startup:
13:30:51.78-[Information]-Dba:  ->  Database File SQLite Already Existed!
13:30:53.37-[Information]-PgMain: addLog:Already Home !
13:30:53.79-[Information]-PgMain: addLog:Already Pause !
13:30:56.87-[Information]-PgMain: addLog:Already Stopped !
13:30:57.55-[Information]-PgMain: addLog:Already Home !
13:30:58.28-[Information]-PgMain: addLog:Already Pause !
13:30:59.21-[Information]-PgMain: addLog:Already Stopped !
13:30:59.56-[Information]-PgMain: addLog:Already Home !
13:30:59.90-[Information]-PgMain: addLog:Already Pause !
13:31:05.72-[Information]-PgMain: addLog:Already Stopped !
13:31:06.09-[Information]-PgMain: addLog:Already Home !
13:31:06.41-[Information]-PgMain: addLog:Already Pause !
13:31:11.64-[Information]-PgMain: addLog:Already Stopped !
13:32:29.28-[Information]-UiManager: Startup:
13:32:30.33-[Information]-Dba:  ->  Database File SQLite Already Existed!
13:32:33.09-[Information]-PgMain: addLog:Already Home !
13:32:33.96-[Information]-PgMain: addLog:Already Pause !
13:32:34.66-[Information]-PgMain: addLog:Already Stopped !
13:32:35.25-[Information]-PgMain: addLog:Already Home !
13:32:35.67-[Information]-PgMain: addLog:Already Pause !
13:33:29.97-[Information]-UiManager: Startup:
13:33:31.11-[Information]-Dba:  ->  Database File SQLite Already Existed!
13:33:32.51-[Information]-PgMain: addLog:Already Home !
13:33:33.34-[Information]-PgMain: addLog:Already Pause !
13:34:08.01-[Information]-UiManager: Startup:
13:34:09.12-[Information]-Dba:  ->  Database File SQLite Already Existed!
13:34:11.63-[Information]-PgMain: addLog:Already Home !
13:34:12.06-[Information]-PgMain: addLog:Already Pause !
13:34:14.24-[Information]-PgMain: addLog:Already Running!
13:34:16.70-[Information]-PgMain: addLog:Already Pause !
13:34:17.74-[Information]-PgMain: addLog:Already Home !
13:34:18.32-[Information]-PgMain: addLog:Already Reset !
13:34:19.98-[Information]-PgMain: addLog:Already Pause !
13:34:20.70-[Information]-PgMain: addLog:Already Stopped !
13:34:21.12-[Information]-PgMain: addLog:Already Home !
13:34:21.46-[Information]-PgMain: addLog:Already Pause !
13:34:21.79-[Information]-PgMain: addLog:Already Reset !
13:34:22.59-[Information]-PgMain: addLog:Already Running!
13:34:22.96-[Information]-PgMain: addLog:Already Pause !
13:34:47.89-[Information]-PgMain: addLog:Already Stopped !
13:34:48.47-[Information]-PgMain: addLog:Already Home !
13:34:48.82-[Information]-PgMain: addLog:Already Pause !
13:34:49.17-[Information]-PgMain: addLog:Already Running!
13:34:50.01-[Information]-PgMain: addLog:Already Reset !
13:35:04.38-[Information]-PgMain: addLog:Already Stopped !
13:39:41.33-[Information]-UiManager: Startup:
13:39:42.71-[Information]-Dba:  ->  Database File SQLite Already Existed!
13:40:19.76-[Information]-PgMain: addLog:Already Home !
13:40:19.89-[Information]-PgMain: addLog:Already Pause !
13:40:20.24-[Information]-PgMain: addLog:Already Running!
13:40:20.69-[Information]-PgMain: addLog:Already Reset !
13:43:15.99-[Information]-UiManager: Startup:
13:43:17.05-[Information]-Dba:  ->  Database File SQLite Already Existed!
13:44:21.78-[Information]-UiManager: Startup:
13:44:22.96-[Information]-Dba:  ->  Database File SQLite Already Existed!
13:46:46.51-[Information]-UiManager: Startup:
13:46:47.62-[Information]-Dba:  ->  Database File SQLite Already Existed!
13:47:03.92-[Information]-UiManager: Startup:
13:47:05.26-[Information]-Dba:  ->  Database File SQLite Already Existed!
13:47:14.95-[Information]-PgMain: addLog:Already Home !
13:47:15.35-[Information]-PgMain: addLog:Already Pause !
13:47:15.85-[Information]-PgMain: addLog:Already Running!
13:47:17.05-[Information]-PgMain: addLog:Already Stopped !
13:52:06.46-[Information]-UiManager: Startup:
13:52:07.38-[Information]-Dba:  ->  Database File SQLite Already Existed!
13:52:11.08-[Information]-PgMain: addLog:Already Home !
13:52:14.63-[Information]-PgMain: addLog:Already Pause !
13:52:15.24-[Information]-PgMain: addLog:Already Running!
13:52:15.77-[Information]-PgMain: addLog:Already Pause !
13:52:17.52-[Information]-PgMain: addLog:Already Home !
13:52:18.36-[Information]-PgMain: addLog:Already Reset !
13:52:19.22-[Information]-PgMain: addLog:Already Stopped !
13:52:19.71-[Information]-PgMain: addLog:Already Home !
13:52:20.28-[Information]-PgMain: addLog:Already Pause !
13:52:20.90-[Information]-PgMain: addLog:Already Running!
13:52:21.38-[Information]-PgMain: addLog:Already Pause !
13:52:21.72-[Information]-PgMain: addLog:Already Home !
13:52:22.11-[Information]-PgMain: addLog:Already Reset !
13:52:22.77-[Information]-PgMain: addLog:Already Stopped !
13:52:23.38-[Information]-PgMain: addLog:Already Running!
13:52:23.78-[Information]-PgMain: addLog:Already Pause !
13:52:24.19-[Information]-PgMain: addLog:Already Home !
13:52:24.58-[Information]-PgMain: addLog:Already Reset !
13:52:25.30-[Information]-PgMain: addLog:Already Pause !
13:52:25.99-[Information]-PgMain: addLog:Already Home !
13:52:28.98-[Information]-PgMain: addLog:Already Stopped !
13:52:29.42-[Information]-PgMain: addLog:Already Running!
13:52:29.71-[Information]-PgMain: addLog:Already Pause !
13:52:30.02-[Information]-PgMain: addLog:Already Home !
13:52:30.33-[Information]-PgMain: addLog:Already Reset !
13:52:30.79-[Information]-PgMain: addLog:Already Stopped !
13:52:31.08-[Information]-PgMain: addLog:Already Running!
13:52:31.39-[Information]-PgMain: addLog:Already Pause !
13:52:31.67-[Information]-PgMain: addLog:Already Home !
13:52:31.95-[Information]-PgMain: addLog:Already Reset !
13:53:44.00-[Information]-UiManager: Startup:
13:53:45.36-[Information]-Dba:  ->  Database File SQLite Already Existed!
13:53:47.93-[Information]-PgMain: addLog:Already Home !
13:53:48.39-[Information]-PgMain: addLog:Already Pause !
13:53:49.07-[Information]-PgMain: addLog:Already Running!
13:53:49.66-[Information]-PgMain: addLog:Already Reset !
13:53:51.56-[Information]-PgMain: addLog:Already Stopped !
13:53:53.30-[Information]-PgMain: addLog:Already Home !
13:53:53.85-[Information]-PgMain: addLog:Already Pause !
13:53:54.44-[Information]-PgMain: addLog:Already Running!
13:53:55.16-[Information]-PgMain: addLog:Already Reset !
13:53:56.44-[Information]-PgMain: addLog:Already Stopped !
13:56:23.16-[Information]-UiManager: Startup:
13:56:24.16-[Information]-Dba:  ->  Database File SQLite Already Existed!
13:56:26.05-[Information]-PgMain: addLog:Already Home !
13:56:29.64-[Information]-PgMain: addLog:Already Pause !
13:56:32.35-[Information]-PgMain: addLog:Already Stopped !
13:56:40.48-[Information]-PgMain: addLog:Already Home !
13:56:45.90-[Information]-PgMain: addLog:Already Pause !
13:56:46.27-[Information]-PgMain: addLog:Already Running!
13:56:46.81-[Information]-PgMain: addLog:Already Reset !
13:56:48.49-[Information]-PgMain: addLog:Already Stopped !
14:01:08.92-[Information]-UiManager: Startup:
14:01:10.08-[Information]-Dba:  ->  Database File SQLite Already Existed!
14:01:12.65-[Information]-PgMain: addLog:Already Home !
14:01:14.38-[Information]-PgMain: addLog:Already Stopped !
14:01:20.60-[Information]-PgMain: addLog:Already Home !
14:01:23.98-[Information]-PgMain: addLog:Already Stopped !
14:05:18.82-[Information]-UiManager: Startup:
14:05:19.94-[Information]-Dba:  ->  Database File SQLite Already Existed!
14:05:23.06-[Information]-PgMain: addLog:Already Home !
14:05:24.39-[Information]-PgMain: addLog:Already Stopped !
14:07:01.10-[Information]-UiManager: Startup:
14:08:07.83-[Information]-UiManager: Startup:
14:08:09.07-[Information]-Dba:  ->  Database File SQLite Already Existed!
14:08:10.48-[Information]-PgMain: addLog:Already Home !
14:08:11.03-[Information]-PgMain: addLog:Already Pause !
14:08:11.61-[Information]-PgMain: addLog:Already Running!
14:08:17.47-[Information]-PgMain: addLog:Already Home !
14:08:20.15-[Information]-PgMain: addLog:Already Pause !
14:08:20.44-[Information]-PgMain: addLog:Already Running!
14:08:20.72-[Information]-PgMain: addLog:Already Stopped !
14:08:21.21-[Information]-PgMain: addLog:Already Home !
14:08:21.54-[Information]-PgMain: addLog:Already Pause !
14:08:21.86-[Information]-PgMain: addLog:Already Running!
14:08:22.49-[Information]-PgMain: addLog:Already Stopped !
14:08:23.85-[Information]-PgMain: addLog:Already Home !
14:08:24.18-[Information]-PgMain: addLog:Already Pause !
14:08:24.50-[Information]-PgMain: addLog:Already Running!
14:08:27.49-[Information]-PgMain: addLog:Already Home !
14:08:27.70-[Information]-PgMain: addLog:Already Pause !
14:08:28.02-[Information]-PgMain: addLog:Already Running!
14:09:05.39-[Information]-PgMain: addLog:Already Stopped !
14:09:06.15-[Information]-PgMain: addLog:Already Home !
14:09:06.46-[Information]-PgMain: addLog:Already Pause !
14:09:07.02-[Information]-PgMain: addLog:Already Running!
14:09:07.27-[Information]-PgMain: addLog:Already Pause !
14:09:07.51-[Information]-PgMain: addLog:Already Home !
14:09:08.15-[Information]-PgMain: addLog:Already Reset !
14:09:09.53-[Information]-PgMain: addLog:Already Stopped !
14:09:13.14-[Information]-PgMain: addLog:Already Home !
14:09:13.47-[Information]-PgMain: addLog:Already Pause !
14:09:13.79-[Information]-PgMain: addLog:Already Running!
14:09:14.09-[Information]-PgMain: addLog:Already Reset !
14:09:14.51-[Information]-PgMain: addLog:Already Stopped !
14:20:18.96-[Information]-UiManager: Startup:
14:20:20.06-[Information]-Dba:  ->  Database File SQLite Already Existed!
14:20:21.57-[Information]-PgMain: addLog:Already Home !
14:20:24.72-[Information]-PgMain: addLog:Already Pause !
14:20:27.01-[Information]-PgMain: addLog:Already Home !
14:33:21.79-[Information]-UiManager: Startup:
14:33:23.04-[Information]-Dba:  ->  Database File SQLite Already Existed!
14:33:24.57-[Information]-PgMain: addLog:Already Home !
14:33:26.68-[Information]-PgMain: addLog:Already Pause !
14:33:27.72-[Information]-PgMain: addLog:Already Running!
14:34:09.88-[Information]-UiManager: Startup:
14:34:11.09-[Information]-Dba:  ->  Database File SQLite Already Existed!
14:34:13.22-[Information]-PgMain: addLog:Already Home !
14:34:14.65-[Information]-PgMain: addLog:Already Pause !
14:34:15.43-[Information]-PgMain: addLog:Already Running!
14:34:16.22-[Information]-PgMain: addLog:Already Home !
14:35:25.06-[Information]-UiManager: Startup:
14:35:26.24-[Information]-Dba:  ->  Database File SQLite Already Existed!
14:35:28.06-[Information]-PgMain: addLog:Already Home !
14:35:29.70-[Information]-PgMain: addLog:Already Pause !
14:35:30.30-[Information]-PgMain: addLog:Already Running!
14:35:31.80-[Information]-PgMain: addLog:Already Reset !
14:35:37.97-[Information]-UiManager: Startup:
14:35:39.42-[Information]-Dba:  ->  Database File SQLite Already Existed!
14:35:41.09-[Information]-PgMain: addLog:Already Home !
14:37:10.36-[Information]-UiManager: Startup:
14:37:11.25-[Information]-Dba:  ->  Database File SQLite Already Existed!
14:37:12.81-[Information]-PgMain: addLog:Already Home !
14:41:45.27-[Information]-UiManager: Startup:
14:41:46.45-[Information]-Dba:  ->  Database File SQLite Already Existed!
14:41:47.81-[Information]-PgMain: addLog:Already Home !
16:28:31.94-[Information]-UiManager: Startup:
16:28:32.55-[Information]-Dba:  ->  Database File SQLite Already Existed!
16:29:11.32-[Information]-PgMain: addLog:Already Home !
16:29:14.33-[Information]-PgMain: addLog:Already Pause !
16:29:16.36-[Information]-PgMain: addLog:Already Stopped !
16:29:32.04-[Information]-PgMain: addLog:Already Home !
16:29:33.03-[Information]-PgMain: addLog:Already Running!
16:29:33.37-[Information]-PgMain: addLog:Already Pause !
16:29:33.85-[Information]-PgMain: addLog:Already Running!
16:29:34.31-[Information]-PgMain: addLog:Already Pause !
16:29:35.04-[Information]-PgMain: addLog:Already Running!
16:29:35.55-[Information]-PgMain: addLog:Already Pause !
16:29:36.80-[Information]-PgMain: addLog:Already Reset !
16:29:37.95-[Information]-PgMain: addLog:Already Stopped !
16:29:38.52-[Information]-PgMain: addLog:Already Reset !
16:29:38.87-[Information]-PgMain: addLog:Already Pause !
16:29:39.34-[Information]-PgMain: addLog:Already Running!
16:29:39.96-[Information]-PgMain: addLog:Already Home !
16:30:39.19-[Information]-PgMain: addLog:Already Stopped !
16:30:39.71-[Information]-PgMain: addLog:Already Pause !
16:30:40.60-[Information]-PgMain: addLog:Already Running!
16:30:40.91-[Information]-PgMain: addLog:Already Home !
16:30:41.25-[Information]-PgMain: addLog:Already Pause !
16:30:41.53-[Information]-PgMain: addLog:Already Reset !