
09:17:36.18-[Information]-UiManager: Startup:
09:17:37.33-[Information]-AlarmSQLDba:  ->  Database File SQLite Already Existed!
09:17:37.33-[Information]-Dba:  ->  Database File SQLite Already Existed!
09:17:52.28-[Information]-UserManager: LogOn: AutoTeams/itm
09:19:46.91-[Information]-UiManager: Startup:
09:19:47.89-[Information]-AlarmSQLDba:  ->  Database File SQLite Already Existed!
09:19:47.89-[Information]-Dba:  ->  Database File SQLite Already Existed!
09:20:11.52-[Error]-PLC Q_Enthernet: Q_Enthernet Readbit Error: An established connection was aborted by the software in your host machine
09:22:45.37-[Information]-UiManager: Startup:
09:22:46.35-[Information]-AlarmSQLDba:  ->  Database File SQLite Already Existed!
09:22:46.36-[Information]-Dba:  ->  Database File SQLite Already Existed!
09:24:05.22-[Information]-UiManager: Startup:
09:24:05.99-[Information]-AlarmSQLDba:  ->  Database File SQLite Already Existed!
09:24:05.99-[Information]-Dba:  ->  Database File SQLite Already Existed!
09:25:10.35-[Information]-UiManager: Startup:
09:25:11.34-[Information]-AlarmSQLDba:  ->  Database File SQLite Already Existed!
09:25:11.34-[Information]-Dba:  ->  Database File SQLite Already Existed!
09:25:31.20-[Information]-UiManager: Startup:
09:25:32.16-[Information]-AlarmSQLDba:  ->  Database File SQLite Already Existed!
09:25:32.16-[Information]-Dba:  ->  Database File SQLite Already Existed!
09:26:30.38-[Information]-UiManager: Startup:
09:26:31.11-[Information]-AlarmSQLDba:  ->  Database File SQLite Already Existed!
09:26:31.11-[Information]-Dba:  ->  Database File SQLite Already Existed!
09:27:42.64-[Information]-UiManager: Startup:
09:27:43.28-[Information]-AlarmSQLDba:  ->  Database File SQLite Already Existed!
09:27:43.28-[Information]-Dba:  ->  Database File SQLite Already Existed!
10:30:17.03-[Information]-UiManager: Startup:
10:30:18.06-[Information]-AlarmSQLDba:  ->  Database File SQLite Already Existed!
10:30:18.06-[Information]-Dba:  ->  Database File SQLite Already Existed!
10:34:25.07-[Information]-UiManager: Startup:
10:34:25.40-[Information]-AlarmSQLDba:  ->  Database File SQLite Already Existed!
10:34:25.40-[Information]-Dba:  ->  Database File SQLite Already Existed!
10:34:27.28-[Information]-PgMain: addLog:Already Pause !
10:34:34.43-[Information]-PgMain: addLog:Already Reset !
10:34:49.50-[Information]-PgMain: addLog:Already Stopped !
10:37:19.25-[Information]-UiManager: Startup:
10:37:19.86-[Information]-AlarmSQLDba:  ->  Database File SQLite Already Existed!
10:37:19.87-[Information]-Dba:  ->  Database File SQLite Already Existed!
10:37:25.56-[Information]-UiManager: Startup:
10:37:25.97-[Information]-AlarmSQLDba:  ->  Database File SQLite Already Existed!
10:37:25.97-[Information]-Dba:  ->  Database File SQLite Already Existed!
10:37:30.30-[Information]-UiManager: Startup:
10:37:30.92-[Information]-AlarmSQLDba:  ->  Database File SQLite Already Existed!
10:37:30.92-[Information]-Dba:  ->  Database File SQLite Already Existed!
10:37:43.05-[Information]-UiManager: Startup:
10:37:43.28-[Information]-AlarmSQLDba:  ->  Database File SQLite Already Existed!
10:37:43.29-[Information]-Dba:  ->  Database File SQLite Already Existed!
10:38:40.77-[Information]-UiManager: Startup:
10:38:40.99-[Information]-AlarmSQLDba:  ->  Database File SQLite Already Existed!
10:38:40.99-[Information]-Dba:  ->  Database File SQLite Already Existed!
10:38:46.09-[Information]-UiManager: Startup:
10:38:46.38-[Information]-AlarmSQLDba:  ->  Database File SQLite Already Existed!
10:38:46.38-[Information]-Dba:  ->  Database File SQLite Already Existed!
13:35:24.32-[Information]-UiManager: Startup:
13:35:25.25-[Information]-AlarmSQLDba:  ->  Database File SQLite Already Existed!
13:35:25.25-[Information]-Dba:  ->  Database File SQLite Already Existed!
13:36:37.69-[Information]-UiManager: Startup:
13:36:38.72-[Information]-AlarmSQLDba:  ->  Database File SQLite Already Existed!
13:36:38.72-[Information]-Dba:  ->  Database File SQLite Already Existed!
13:37:34.26-[Information]-UiManager: Startup:
13:37:35.44-[Information]-AlarmSQLDba:  ->  Database File SQLite Already Existed!
13:37:35.45-[Information]-Dba:  ->  Database File SQLite Already Existed!
13:37:51.20-[Information]-UiManager: Startup:
13:37:52.22-[Information]-AlarmSQLDba:  ->  Database File SQLite Already Existed!
13:37:52.22-[Information]-Dba:  ->  Database File SQLite Already Existed!
13:38:27.23-[Information]-UiManager: Startup:
13:38:28.36-[Information]-AlarmSQLDba:  ->  Database File SQLite Already Existed!
13:38:28.39-[Information]-Dba:  ->  Database File SQLite Already Existed!
13:38:28.57-[Error]-PLC Q_Enthernet: Q_Enthernet ReadDoubleWork Error: Get Error with error code: 86192
13:38:28.66-[Error]-PLC Q_Enthernet: Q_Enthernet ReadDoubleWork Error: Get Error with error code: 86192
13:38:28.69-[Error]-PLC Q_Enthernet: Q_Enthernet ReadDoubleWork Error: Get Error with error code: 86192
13:38:28.72-[Error]-PLC Q_Enthernet: Q_Enthernet ReadDoubleWork Error: Get Error with error code: 86192
13:38:28.80-[Error]-PLC Q_Enthernet: Q_Enthernet ReadDoubleWork Error: Get Error with error code: 86192
13:38:28.81-[Error]-PLC Q_Enthernet: Q_Enthernet ReadDoubleWork Error: Get Error with error code: 86192
13:38:28.83-[Error]-PLC Q_Enthernet: Q_Enthernet ReadDoubleWork Error: Get Error with error code: 86192
13:38:28.87-[Error]-PLC Q_Enthernet: Q_Enthernet ReadDoubleWork Error: Get Error with error code: 86192
13:38:28.89-[Error]-PLC Q_Enthernet: Q_Enthernet ReadDoubleWork Error: Get Error with error code: 86192
13:38:28.91-[Error]-PLC Q_Enthernet: Q_Enthernet ReadDoubleWork Error: Get Error with error code: 86192
13:38:28.93-[Error]-PLC Q_Enthernet: Q_Enthernet ReadDoubleWork Error: Get Error with error code: 86192
13:38:28.94-[Error]-PLC Q_Enthernet: Q_Enthernet ReadDoubleWork Error: Get Error with error code: 86192
13:38:28.96-[Error]-PLC Q_Enthernet: Q_Enthernet ReadDoubleWork Error: Get Error with error code: 86192
13:38:28.98-[Error]-PLC Q_Enthernet: Q_Enthernet ReadDoubleWork Error: Get Error with error code: 86192
13:38:28.99-[Error]-PLC Q_Enthernet: Q_Enthernet ReadDoubleWork Error: Get Error with error code: 86192
13:38:29.01-[Error]-PLC Q_Enthernet: Q_Enthernet ReadDoubleWork Error: Get Error with error code: 86192
13:38:29.03-[Error]-PLC Q_Enthernet: Q_Enthernet ReadDoubleWork Error: Get Error with error code: 86192
13:38:29.04-[Error]-PLC Q_Enthernet: Q_Enthernet ReadDoubleWork Error: Get Error with error code: 86192
13:38:29.06-[Error]-PLC Q_Enthernet: Q_Enthernet ReadDoubleWork Error: Get Error with error code: 86192
13:38:29.09-[Error]-PLC Q_Enthernet: Q_Enthernet ReadDoubleWork Error: Get Error with error code: 86192
13:38:29.11-[Error]-PLC Q_Enthernet: Q_Enthernet ReadDoubleWork Error: Get Error with error code: 86192
13:38:29.12-[Error]-PLC Q_Enthernet: Q_Enthernet ReadDoubleWork Error: Get Error with error code: 86192
13:38:29.14-[Error]-PLC Q_Enthernet: Q_Enthernet ReadDoubleWork Error: Get Error with error code: 86192
13:38:29.16-[Error]-PLC Q_Enthernet: Q_Enthernet ReadDoubleWork Error: Get Error with error code: 86192
13:38:29.18-[Error]-PLC Q_Enthernet: Q_Enthernet ReadDoubleWork Error: Get Error with error code: 86192
13:38:29.19-[Error]-PLC Q_Enthernet: Q_Enthernet ReadDoubleWork Error: Get Error with error code: 86192
13:38:29.21-[Error]-PLC Q_Enthernet: Q_Enthernet ReadDoubleWork Error: Get Error with error code: 86192
13:38:29.22-[Error]-PLC Q_Enthernet: Q_Enthernet ReadDoubleWork Error: Get Error with error code: 86192
13:38:29.24-[Error]-PLC Q_Enthernet: Q_Enthernet ReadDoubleWork Error: Get Error with error code: 86192
13:38:29.26-[Error]-PLC Q_Enthernet: Q_Enthernet ReadDoubleWork Error: Get Error with error code: 86192
13:38:29.27-[Error]-PLC Q_Enthernet: Q_Enthernet ReadDoubleWork Error: Get Error with error code: 86192
13:38:29.29-[Error]-PLC Q_Enthernet: Q_Enthernet ReadDoubleWork Error: Get Error with error code: 86192
13:38:29.31-[Error]-PLC Q_Enthernet: Q_Enthernet ReadDoubleWork Error: Get Error with error code: 86192
13:38:29.32-[Error]-PLC Q_Enthernet: Q_Enthernet ReadDoubleWork Error: Get Error with error code: 86192
13:38:29.34-[Error]-PLC Q_Enthernet: Q_Enthernet ReadDoubleWork Error: Get Error with error code: 86192
13:38:29.35-[Error]-PLC Q_Enthernet: Q_Enthernet ReadDoubleWork Error: Get Error with error code: 86192
13:38:29.37-[Error]-PLC Q_Enthernet: Q_Enthernet ReadDoubleWork Error: Get Error with error code: 86192
13:38:29.39-[Error]-PLC Q_Enthernet: Q_Enthernet ReadDoubleWork Error: Get Error with error code: 86192
13:38:29.41-[Error]-PLC Q_Enthernet: Q_Enthernet ReadDoubleWork Error: Get Error with error code: 86192
13:38:29.42-[Error]-PLC Q_Enthernet: Q_Enthernet ReadDoubleWork Error: Get Error with error code: 86192
13:38:29.44-[Error]-PLC Q_Enthernet: Q_Enthernet ReadDoubleWork Error: Get Error with error code: 86192
13:38:29.45-[Error]-PLC Q_Enthernet: Q_Enthernet ReadDoubleWork Error: Get Error with error code: 86192
13:38:29.47-[Error]-PLC Q_Enthernet: Q_Enthernet ReadDoubleWork Error: Get Error with error code: 86192
13:38:29.49-[Error]-PLC Q_Enthernet: Q_Enthernet ReadDoubleWork Error: Get Error with error code: 86192
13:38:29.50-[Error]-PLC Q_Enthernet: Q_Enthernet ReadDoubleWork Error: Get Error with error code: 86192
13:38:29.52-[Error]-PLC Q_Enthernet: Q_Enthernet ReadDoubleWork Error: Get Error with error code: 86192
13:38:29.54-[Error]-PLC Q_Enthernet: Q_Enthernet ReadDoubleWork Error: Get Error with error code: 86192
13:38:29.55-[Error]-PLC Q_Enthernet: Q_Enthernet ReadDoubleWork Error: Get Error with error code: 86192
13:38:29.57-[Error]-PLC Q_Enthernet: Q_Enthernet ReadDoubleWork Error: Get Error with error code: 86192
13:38:29.58-[Error]-PLC Q_Enthernet: Q_Enthernet ReadDoubleWork Error: Get Error with error code: 86192
13:38:29.60-[Error]-PLC Q_Enthernet: Q_Enthernet ReadDoubleWork Error: Get Error with error code: 86192
13:38:29.61-[Error]-PLC Q_Enthernet: Q_Enthernet ReadDoubleWork Error: Get Error with error code: 86192
13:38:29.63-[Error]-PLC Q_Enthernet: Q_Enthernet ReadDoubleWork Error: Get Error with error code: 86192
13:38:29.64-[Error]-PLC Q_Enthernet: Q_Enthernet ReadDoubleWork Error: Get Error with error code: 86192
13:38:29.66-[Error]-PLC Q_Enthernet: Q_Enthernet ReadDoubleWork Error: Get Error with error code: 86192
13:38:29.68-[Error]-PLC Q_Enthernet: Q_Enthernet ReadDoubleWork Error: Get Error with error code: 86192
13:38:29.69-[Error]-PLC Q_Enthernet: Q_Enthernet ReadDoubleWork Error: Get Error with error code: 86192
13:38:29.71-[Error]-PLC Q_Enthernet: Q_Enthernet ReadDoubleWork Error: Get Error with error code: 86192
13:38:29.72-[Error]-PLC Q_Enthernet: Q_Enthernet ReadDoubleWork Error: Get Error with error code: 86192
13:38:29.74-[Error]-PLC Q_Enthernet: Q_Enthernet ReadDoubleWork Error: Get Error with error code: 86192
13:38:29.76-[Error]-PLC Q_Enthernet: Q_Enthernet ReadDoubleWork Error: Get Error with error code: 86192
13:38:29.77-[Error]-PLC Q_Enthernet: Q_Enthernet ReadDoubleWork Error: Get Error with error code: 86192
13:38:29.79-[Error]-PLC Q_Enthernet: Q_Enthernet ReadDoubleWork Error: Get Error with error code: 86192
13:38:29.81-[Error]-PLC Q_Enthernet: Q_Enthernet ReadDoubleWork Error: Get Error with error code: 86192
13:38:29.86-[Error]-PLC Q_Enthernet: Q_Enthernet ReadDoubleWork Error: Get Error with error code: 86192
13:38:29.87-[Error]-PLC Q_Enthernet: Q_Enthernet ReadDoubleWork Error: Get Error with error code: 86192
13:38:29.89-[Error]-PLC Q_Enthernet: Q_Enthernet ReadDoubleWork Error: Get Error with error code: 86192
13:38:29.91-[Error]-PLC Q_Enthernet: Q_Enthernet ReadDoubleWork Error: Get Error with error code: 86192
13:38:29.92-[Error]-PLC Q_Enthernet: Q_Enthernet ReadDoubleWork Error: Get Error with error code: 86192
13:38:29.94-[Error]-PLC Q_Enthernet: Q_Enthernet ReadDoubleWork Error: Get Error with error code: 86192
13:38:29.95-[Error]-PLC Q_Enthernet: Q_Enthernet ReadDoubleWork Error: Get Error with error code: 86192
13:38:29.97-[Error]-PLC Q_Enthernet: Q_Enthernet ReadDoubleWork Error: Get Error with error code: 86192
13:38:29.99-[Error]-PLC Q_Enthernet: Q_Enthernet ReadDoubleWork Error: Get Error with error code: 86192
13:38:30.00-[Error]-PLC Q_Enthernet: Q_Enthernet ReadDoubleWork Error: Get Error with error code: 86192
13:38:30.02-[Error]-PLC Q_Enthernet: Q_Enthernet ReadDoubleWork Error: Get Error with error code: 86192
13:38:30.03-[Error]-PLC Q_Enthernet: Q_Enthernet ReadDoubleWork Error: Get Error with error code: 86192
13:38:30.05-[Error]-PLC Q_Enthernet: Q_Enthernet ReadDoubleWork Error: Get Error with error code: 86192
13:38:30.06-[Error]-PLC Q_Enthernet: Q_Enthernet ReadDoubleWork Error: Get Error with error code: 86192
13:38:30.08-[Error]-PLC Q_Enthernet: Q_Enthernet ReadDoubleWork Error: Get Error with error code: 86192
13:38:30.10-[Error]-PLC Q_Enthernet: Q_Enthernet ReadDoubleWork Error: Get Error with error code: 86192
13:38:30.11-[Error]-PLC Q_Enthernet: Q_Enthernet ReadDoubleWork Error: Get Error with error code: 86192
13:38:30.13-[Error]-PLC Q_Enthernet: Q_Enthernet ReadDoubleWork Error: Get Error with error code: 86192
13:38:30.14-[Error]-PLC Q_Enthernet: Q_Enthernet ReadDoubleWork Error: Get Error with error code: 86192
13:38:30.16-[Error]-PLC Q_Enthernet: Q_Enthernet ReadDoubleWork Error: Get Error with error code: 86192
13:38:30.18-[Error]-PLC Q_Enthernet: Q_Enthernet ReadDoubleWork Error: Get Error with error code: 86192
13:38:30.20-[Error]-PLC Q_Enthernet: Q_Enthernet ReadDoubleWork Error: Get Error with error code: 86192
13:38:30.21-[Error]-PLC Q_Enthernet: Q_Enthernet ReadDoubleWork Error: Get Error with error code: 86192
13:38:30.24-[Error]-PLC Q_Enthernet: Q_Enthernet ReadDoubleWork Error: Get Error with error code: 86192
13:38:30.26-[Error]-PLC Q_Enthernet: Q_Enthernet ReadDoubleWork Error: Get Error with error code: 86192
13:38:30.28-[Error]-PLC Q_Enthernet: Q_Enthernet ReadDoubleWork Error: Get Error with error code: 86192
13:38:30.29-[Error]-PLC Q_Enthernet: Q_Enthernet ReadDoubleWork Error: Get Error with error code: 86192
13:38:30.31-[Error]-PLC Q_Enthernet: Q_Enthernet ReadDoubleWork Error: Get Error with error code: 86192
13:38:30.33-[Error]-PLC Q_Enthernet: Q_Enthernet ReadDoubleWork Error: Get Error with error code: 86192
13:38:30.34-[Error]-PLC Q_Enthernet: Q_Enthernet ReadDoubleWork Error: Get Error with error code: 86192
13:38:30.36-[Error]-PLC Q_Enthernet: Q_Enthernet ReadDoubleWork Error: Get Error with error code: 86192
13:38:30.37-[Error]-PLC Q_Enthernet: Q_Enthernet ReadDoubleWork Error: Get Error with error code: 86192
13:38:30.39-[Error]-PLC Q_Enthernet: Q_Enthernet ReadDoubleWork Error: Get Error with error code: 86192
13:38:30.41-[Error]-PLC Q_Enthernet: Q_Enthernet ReadDoubleWork Error: Get Error with error code: 86192
13:38:30.42-[Error]-PLC Q_Enthernet: Q_Enthernet ReadDoubleWork Error: Get Error with error code: 86192
13:38:30.44-[Error]-PLC Q_Enthernet: Q_Enthernet ReadDoubleWork Error: Get Error with error code: 86192
13:38:30.46-[Error]-PLC Q_Enthernet: Q_Enthernet ReadDoubleWork Error: Get Error with error code: 86192
13:38:30.47-[Error]-PLC Q_Enthernet: Q_Enthernet ReadDoubleWork Error: Get Error with error code: 86192
13:38:30.49-[Error]-PLC Q_Enthernet: Q_Enthernet ReadDoubleWork Error: Get Error with error code: 86192
13:38:30.51-[Error]-PLC Q_Enthernet: Q_Enthernet ReadDoubleWork Error: Get Error with error code: 86192
13:38:30.52-[Error]-PLC Q_Enthernet: Q_Enthernet ReadDoubleWork Error: Get Error with error code: 86192
13:38:30.54-[Error]-PLC Q_Enthernet: Q_Enthernet ReadDoubleWork Error: Get Error with error code: 86192
13:38:30.55-[Error]-PLC Q_Enthernet: Q_Enthernet ReadDoubleWork Error: Get Error with error code: 86192
13:38:30.57-[Error]-PLC Q_Enthernet: Q_Enthernet ReadDoubleWork Error: Get Error with error code: 86192
13:38:30.58-[Error]-PLC Q_Enthernet: Q_Enthernet ReadDoubleWork Error: Get Error with error code: 86192
13:38:30.60-[Error]-PLC Q_Enthernet: Q_Enthernet ReadDoubleWork Error: Get Error with error code: 86192
13:38:30.62-[Error]-PLC Q_Enthernet: Q_Enthernet ReadDoubleWork Error: Get Error with error code: 86192
13:38:30.64-[Error]-PLC Q_Enthernet: Q_Enthernet ReadDoubleWork Error: Get Error with error code: 86192
13:38:30.65-[Error]-PLC Q_Enthernet: Q_Enthernet ReadDoubleWork Error: Get Error with error code: 86192
13:38:30.67-[Error]-PLC Q_Enthernet: Q_Enthernet ReadDoubleWork Error: Get Error with error code: 86192
13:38:30.68-[Error]-PLC Q_Enthernet: Q_Enthernet ReadDoubleWork Error: Get Error with error code: 86192
13:38:30.70-[Error]-PLC Q_Enthernet: Q_Enthernet ReadDoubleWork Error: Get Error with error code: 86192
13:38:30.72-[Error]-PLC Q_Enthernet: Q_Enthernet ReadDoubleWork Error: Get Error with error code: 86192
13:38:30.73-[Error]-PLC Q_Enthernet: Q_Enthernet ReadDoubleWork Error: Get Error with error code: 86192
13:38:30.75-[Error]-PLC Q_Enthernet: Q_Enthernet ReadDoubleWork Error: Get Error with error code: 86192
13:38:30.76-[Error]-PLC Q_Enthernet: Q_Enthernet ReadDoubleWork Error: Get Error with error code: 86192
13:38:30.78-[Error]-PLC Q_Enthernet: Q_Enthernet ReadDoubleWork Error: Get Error with error code: 86192
13:38:30.80-[Error]-PLC Q_Enthernet: Q_Enthernet ReadDoubleWork Error: Get Error with error code: 86192
13:38:30.81-[Error]-PLC Q_Enthernet: Q_Enthernet ReadDoubleWork Error: Get Error with error code: 86192
13:38:30.83-[Error]-PLC Q_Enthernet: Q_Enthernet ReadDoubleWork Error: Get Error with error code: 86192
13:38:30.85-[Error]-PLC Q_Enthernet: Q_Enthernet ReadDoubleWork Error: Get Error with error code: 86192
13:38:30.86-[Error]-PLC Q_Enthernet: Q_Enthernet ReadDoubleWork Error: Get Error with error code: 86192
13:38:30.88-[Error]-PLC Q_Enthernet: Q_Enthernet ReadDoubleWork Error: Get Error with error code: 86192
13:38:30.89-[Error]-PLC Q_Enthernet: Q_Enthernet ReadDoubleWork Error: Get Error with error code: 86192
13:38:30.91-[Error]-PLC Q_Enthernet: Q_Enthernet ReadDoubleWork Error: Get Error with error code: 86192
13:38:30.93-[Error]-PLC Q_Enthernet: Q_Enthernet ReadDoubleWork Error: Get Error with error code: 86192
13:38:30.94-[Error]-PLC Q_Enthernet: Q_Enthernet ReadDoubleWork Error: Get Error with error code: 86192
13:38:30.96-[Error]-PLC Q_Enthernet: Q_Enthernet ReadDoubleWork Error: Get Error with error code: 86192
13:38:30.98-[Error]-PLC Q_Enthernet: Q_Enthernet ReadDoubleWork Error: Get Error with error code: 86192
13:38:30.99-[Error]-PLC Q_Enthernet: Q_Enthernet ReadDoubleWork Error: Get Error with error code: 86192
13:38:31.01-[Error]-PLC Q_Enthernet: Q_Enthernet ReadDoubleWork Error: Get Error with error code: 86192
13:38:31.03-[Error]-PLC Q_Enthernet: Q_Enthernet ReadDoubleWork Error: Get Error with error code: 86192
13:38:31.04-[Error]-PLC Q_Enthernet: Q_Enthernet ReadDoubleWork Error: Get Error with error code: 86192
13:38:31.06-[Error]-PLC Q_Enthernet: Q_Enthernet ReadDoubleWork Error: Get Error with error code: 86192
13:38:31.07-[Error]-PLC Q_Enthernet: Q_Enthernet ReadDoubleWork Error: Get Error with error code: 86192
13:38:31.09-[Error]-PLC Q_Enthernet: Q_Enthernet ReadDoubleWork Error: Get Error with error code: 86192
13:38:31.11-[Error]-PLC Q_Enthernet: Q_Enthernet ReadDoubleWork Error: Get Error with error code: 86192
13:38:31.12-[Error]-PLC Q_Enthernet: Q_Enthernet ReadDoubleWork Error: Get Error with error code: 86192
13:38:31.14-[Error]-PLC Q_Enthernet: Q_Enthernet ReadDoubleWork Error: Get Error with error code: 86192
13:38:31.16-[Error]-PLC Q_Enthernet: Q_Enthernet ReadDoubleWork Error: Get Error with error code: 86192
13:38:31.17-[Error]-PLC Q_Enthernet: Q_Enthernet ReadDoubleWork Error: Get Error with error code: 86192
13:38:31.19-[Error]-PLC Q_Enthernet: Q_Enthernet ReadDoubleWork Error: Get Error with error code: 86192
13:38:31.20-[Error]-PLC Q_Enthernet: Q_Enthernet ReadDoubleWork Error: Get Error with error code: 86192
13:38:31.22-[Error]-PLC Q_Enthernet: Q_Enthernet ReadDoubleWork Error: Get Error with error code: 86192
13:38:31.24-[Error]-PLC Q_Enthernet: Q_Enthernet ReadDoubleWork Error: Get Error with error code: 86192
13:38:31.25-[Error]-PLC Q_Enthernet: Q_Enthernet ReadDoubleWork Error: Get Error with error code: 86192
13:38:31.27-[Error]-PLC Q_Enthernet: Q_Enthernet ReadDoubleWork Error: Get Error with error code: 86192
13:38:31.29-[Error]-PLC Q_Enthernet: Q_Enthernet ReadDoubleWork Error: Get Error with error code: 86192
13:38:31.31-[Error]-PLC Q_Enthernet: Q_Enthernet ReadDoubleWork Error: Get Error with error code: 86192
13:38:31.32-[Error]-PLC Q_Enthernet: Q_Enthernet ReadDoubleWork Error: Get Error with error code: 86192
13:38:31.34-[Error]-PLC Q_Enthernet: Q_Enthernet ReadDoubleWork Error: Get Error with error code: 86192
13:38:31.35-[Error]-PLC Q_Enthernet: Q_Enthernet ReadDoubleWork Error: Get Error with error code: 86192
13:38:31.37-[Error]-PLC Q_Enthernet: Q_Enthernet ReadDoubleWork Error: Get Error with error code: 86192
13:38:31.39-[Error]-PLC Q_Enthernet: Q_Enthernet ReadDoubleWork Error: Get Error with error code: 86192
13:38:31.41-[Error]-PLC Q_Enthernet: Q_Enthernet ReadDoubleWork Error: Get Error with error code: 86192
13:38:31.42-[Error]-PLC Q_Enthernet: Q_Enthernet ReadDoubleWork Error: Get Error with error code: 86192
13:38:31.44-[Error]-PLC Q_Enthernet: Q_Enthernet ReadDoubleWork Error: Get Error with error code: 86192
13:38:31.45-[Error]-PLC Q_Enthernet: Q_Enthernet ReadDoubleWork Error: Get Error with error code: 86192
13:38:31.47-[Error]-PLC Q_Enthernet: Q_Enthernet ReadDoubleWork Error: Get Error with error code: 86192
13:38:31.49-[Error]-PLC Q_Enthernet: Q_Enthernet ReadDoubleWork Error: Get Error with error code: 86192
13:38:31.50-[Error]-PLC Q_Enthernet: Q_Enthernet ReadDoubleWork Error: Get Error with error code: 86192
13:38:31.52-[Error]-PLC Q_Enthernet: Q_Enthernet ReadDoubleWork Error: Get Error with error code: 86192
13:38:31.54-[Error]-PLC Q_Enthernet: Q_Enthernet ReadDoubleWork Error: Get Error with error code: 86192
13:38:31.55-[Error]-PLC Q_Enthernet: Q_Enthernet ReadDoubleWork Error: Get Error with error code: 86192
13:38:31.57-[Error]-PLC Q_Enthernet: Q_Enthernet ReadDoubleWork Error: Get Error with error code: 86192
13:38:31.58-[Error]-PLC Q_Enthernet: Q_Enthernet ReadDoubleWork Error: Get Error with error code: 86192
13:38:31.60-[Error]-PLC Q_Enthernet: Q_Enthernet ReadDoubleWork Error: Get Error with error code: 86192
13:38:31.62-[Error]-PLC Q_Enthernet: Q_Enthernet ReadDoubleWork Error: Get Error with error code: 86192
13:38:31.63-[Error]-PLC Q_Enthernet: Q_Enthernet ReadDoubleWork Error: Get Error with error code: 86192
13:38:31.65-[Error]-PLC Q_Enthernet: Q_Enthernet ReadDoubleWork Error: Get Error with error code: 86192
13:38:31.66-[Error]-PLC Q_Enthernet: Q_Enthernet ReadDoubleWork Error: Get Error with error code: 86192
13:38:31.68-[Error]-PLC Q_Enthernet: Q_Enthernet ReadDoubleWork Error: Get Error with error code: 86192
13:38:31.69-[Error]-PLC Q_Enthernet: Q_Enthernet ReadDoubleWork Error: Get Error with error code: 86192
13:38:31.71-[Error]-PLC Q_Enthernet: Q_Enthernet ReadDoubleWork Error: Get Error with error code: 86192
13:38:31.73-[Error]-PLC Q_Enthernet: Q_Enthernet ReadDoubleWork Error: Get Error with error code: 86192
13:38:31.74-[Error]-PLC Q_Enthernet: Q_Enthernet ReadDoubleWork Error: Get Error with error code: 86192
13:38:31.76-[Error]-PLC Q_Enthernet: Q_Enthernet ReadDoubleWork Error: Get Error with error code: 86192
13:38:31.77-[Error]-PLC Q_Enthernet: Q_Enthernet ReadDoubleWork Error: Get Error with error code: 86192
13:38:31.79-[Error]-PLC Q_Enthernet: Q_Enthernet ReadDoubleWork Error: Get Error with error code: 86192
13:38:31.81-[Error]-PLC Q_Enthernet: Q_Enthernet ReadDoubleWork Error: Get Error with error code: 86192
13:38:31.82-[Error]-PLC Q_Enthernet: Q_Enthernet ReadDoubleWork Error: Get Error with error code: 86192
13:38:31.84-[Error]-PLC Q_Enthernet: Q_Enthernet ReadDoubleWork Error: Get Error with error code: 86192
13:38:31.85-[Error]-PLC Q_Enthernet: Q_Enthernet ReadDoubleWork Error: Get Error with error code: 86192
13:38:31.87-[Error]-PLC Q_Enthernet: Q_Enthernet ReadDoubleWork Error: Get Error with error code: 86192
13:38:31.89-[Error]-PLC Q_Enthernet: Q_Enthernet ReadDoubleWork Error: Get Error with error code: 86192
13:38:31.90-[Error]-PLC Q_Enthernet: Q_Enthernet ReadDoubleWork Error: Get Error with error code: 86192
13:38:31.92-[Error]-PLC Q_Enthernet: Q_Enthernet ReadDoubleWork Error: Get Error with error code: 86192
13:38:31.94-[Error]-PLC Q_Enthernet: Q_Enthernet ReadDoubleWork Error: Get Error with error code: 86192
13:38:31.95-[Error]-PLC Q_Enthernet: Q_Enthernet ReadDoubleWork Error: Get Error with error code: 86192
13:38:31.97-[Error]-PLC Q_Enthernet: Q_Enthernet ReadDoubleWork Error: Get Error with error code: 86192
13:38:31.99-[Error]-PLC Q_Enthernet: Q_Enthernet ReadDoubleWork Error: Get Error with error code: 86192
13:38:32.00-[Error]-PLC Q_Enthernet: Q_Enthernet ReadDoubleWork Error: Get Error with error code: 86192
13:38:32.02-[Error]-PLC Q_Enthernet: Q_Enthernet ReadDoubleWork Error: Get Error with error code: 86192
13:38:32.03-[Error]-PLC Q_Enthernet: Q_Enthernet ReadDoubleWork Error: Get Error with error code: 86192
13:38:32.05-[Error]-PLC Q_Enthernet: Q_Enthernet ReadDoubleWork Error: Get Error with error code: 86192
13:38:32.07-[Error]-PLC Q_Enthernet: Q_Enthernet ReadDoubleWork Error: Get Error with error code: 86192
13:38:32.08-[Error]-PLC Q_Enthernet: Q_Enthernet ReadDoubleWork Error: Get Error with error code: 86192
13:38:32.10-[Error]-PLC Q_Enthernet: Q_Enthernet ReadDoubleWork Error: Get Error with error code: 86192
13:38:32.11-[Error]-PLC Q_Enthernet: Q_Enthernet ReadDoubleWork Error: Get Error with error code: 86192
13:38:32.13-[Error]-PLC Q_Enthernet: Q_Enthernet ReadDoubleWork Error: Get Error with error code: 86192
13:38:32.14-[Error]-PLC Q_Enthernet: Q_Enthernet ReadDoubleWork Error: Get Error with error code: 86192
13:38:32.16-[Error]-PLC Q_Enthernet: Q_Enthernet ReadDoubleWork Error: Get Error with error code: 86192
13:38:32.17-[Error]-PLC Q_Enthernet: Q_Enthernet ReadDoubleWork Error: Get Error with error code: 86192
13:38:32.19-[Error]-PLC Q_Enthernet: Q_Enthernet ReadDoubleWork Error: Get Error with error code: 86192
13:38:32.21-[Error]-PLC Q_Enthernet: Q_Enthernet ReadDoubleWork Error: Get Error with error code: 86192
13:38:32.22-[Error]-PLC Q_Enthernet: Q_Enthernet ReadDoubleWork Error: Get Error with error code: 86192
13:38:32.26-[Error]-PLC Q_Enthernet: Q_Enthernet ReadDoubleWork Error: Get Error with error code: 86192
13:38:32.28-[Error]-PLC Q_Enthernet: Q_Enthernet ReadDoubleWork Error: Get Error with error code: 86192
13:38:32.29-[Error]-PLC Q_Enthernet: Q_Enthernet ReadDoubleWork Error: Get Error with error code: 86192
13:38:32.31-[Error]-PLC Q_Enthernet: Q_Enthernet ReadDoubleWork Error: Get Error with error code: 86192
13:38:32.32-[Error]-PLC Q_Enthernet: Q_Enthernet ReadDoubleWork Error: Get Error with error code: 86192
13:38:32.34-[Error]-PLC Q_Enthernet: Q_Enthernet ReadDoubleWork Error: Get Error with error code: 86192
13:38:32.35-[Error]-PLC Q_Enthernet: Q_Enthernet ReadDoubleWork Error: Get Error with error code: 86192
13:38:32.37-[Error]-PLC Q_Enthernet: Q_Enthernet ReadDoubleWork Error: Get Error with error code: 86192
13:38:32.38-[Error]-PLC Q_Enthernet: Q_Enthernet ReadDoubleWork Error: Get Error with error code: 86192
13:38:32.40-[Error]-PLC Q_Enthernet: Q_Enthernet ReadDoubleWork Error: Get Error with error code: 86192
13:38:32.42-[Error]-PLC Q_Enthernet: Q_Enthernet ReadDoubleWork Error: Get Error with error code: 86192
13:38:32.44-[Error]-PLC Q_Enthernet: Q_Enthernet ReadDoubleWork Error: Get Error with error code: 86192
13:38:32.45-[Error]-PLC Q_Enthernet: Q_Enthernet ReadDoubleWork Error: Get Error with error code: 86192
13:38:32.47-[Error]-PLC Q_Enthernet: Q_Enthernet ReadDoubleWork Error: Get Error with error code: 86192
13:38:32.48-[Error]-PLC Q_Enthernet: Q_Enthernet ReadDoubleWork Error: Get Error with error code: 86192
13:38:32.50-[Error]-PLC Q_Enthernet: Q_Enthernet ReadDoubleWork Error: Get Error with error code: 86192
13:38:32.52-[Error]-PLC Q_Enthernet: Q_Enthernet ReadDoubleWork Error: Get Error with error code: 86192
13:38:32.53-[Error]-PLC Q_Enthernet: Q_Enthernet ReadDoubleWork Error: Get Error with error code: 86192
13:38:32.55-[Error]-PLC Q_Enthernet: Q_Enthernet ReadDoubleWork Error: Get Error with error code: 86192
13:38:32.56-[Error]-PLC Q_Enthernet: Q_Enthernet ReadDoubleWork Error: Get Error with error code: 86192
13:38:32.58-[Error]-PLC Q_Enthernet: Q_Enthernet ReadDoubleWork Error: Get Error with error code: 86192
13:38:32.59-[Error]-PLC Q_Enthernet: Q_Enthernet ReadDoubleWork Error: Get Error with error code: 86192
13:38:32.61-[Error]-PLC Q_Enthernet: Q_Enthernet ReadDoubleWork Error: Get Error with error code: 86192
13:38:32.63-[Error]-PLC Q_Enthernet: Q_Enthernet ReadDoubleWork Error: Get Error with error code: 86192
13:38:32.64-[Error]-PLC Q_Enthernet: Q_Enthernet ReadDoubleWork Error: Get Error with error code: 86192
13:38:32.66-[Error]-PLC Q_Enthernet: Q_Enthernet ReadDoubleWork Error: Get Error with error code: 86192
13:38:32.67-[Error]-PLC Q_Enthernet: Q_Enthernet ReadDoubleWork Error: Get Error with error code: 86192
13:38:32.69-[Error]-PLC Q_Enthernet: Q_Enthernet ReadDoubleWork Error: Get Error with error code: 86192
13:38:32.71-[Error]-PLC Q_Enthernet: Q_Enthernet ReadDoubleWork Error: Get Error with error code: 86192
13:38:32.72-[Error]-PLC Q_Enthernet: Q_Enthernet ReadDoubleWork Error: Get Error with error code: 86192
13:38:32.74-[Error]-PLC Q_Enthernet: Q_Enthernet ReadDoubleWork Error: Get Error with error code: 86192
13:38:32.75-[Error]-PLC Q_Enthernet: Q_Enthernet ReadDoubleWork Error: Get Error with error code: 86192
13:38:32.77-[Error]-PLC Q_Enthernet: Q_Enthernet ReadDoubleWork Error: Get Error with error code: 86192
13:38:32.79-[Error]-PLC Q_Enthernet: Q_Enthernet ReadDoubleWork Error: Get Error with error code: 86192
13:38:32.80-[Error]-PLC Q_Enthernet: Q_Enthernet ReadDoubleWork Error: Get Error with error code: 86192
13:38:32.82-[Error]-PLC Q_Enthernet: Q_Enthernet ReadDoubleWork Error: Get Error with error code: 86192
13:38:32.84-[Error]-PLC Q_Enthernet: Q_Enthernet ReadDoubleWork Error: Get Error with error code: 86192
13:38:32.85-[Error]-PLC Q_Enthernet: Q_Enthernet ReadDoubleWork Error: Get Error with error code: 86192
13:38:32.87-[Error]-PLC Q_Enthernet: Q_Enthernet ReadDoubleWork Error: Get Error with error code: 86192
13:38:32.89-[Error]-PLC Q_Enthernet: Q_Enthernet ReadDoubleWork Error: Get Error with error code: 86192
13:38:32.90-[Error]-PLC Q_Enthernet: Q_Enthernet ReadDoubleWork Error: Get Error with error code: 86192
13:38:32.92-[Error]-PLC Q_Enthernet: Q_Enthernet ReadDoubleWork Error: Get Error with error code: 86192
13:38:32.93-[Error]-PLC Q_Enthernet: Q_Enthernet ReadDoubleWork Error: Get Error with error code: 86192
13:38:32.95-[Error]-PLC Q_Enthernet: Q_Enthernet ReadDoubleWork Error: Get Error with error code: 86192
13:38:32.97-[Error]-PLC Q_Enthernet: Q_Enthernet ReadDoubleWork Error: Get Error with error code: 86192
13:38:32.98-[Error]-PLC Q_Enthernet: Q_Enthernet ReadDoubleWork Error: Get Error with error code: 86192
13:38:33.00-[Error]-PLC Q_Enthernet: Q_Enthernet ReadDoubleWork Error: Get Error with error code: 86192
13:38:33.02-[Error]-PLC Q_Enthernet: Q_Enthernet ReadDoubleWork Error: Get Error with error code: 86192
13:38:33.03-[Error]-PLC Q_Enthernet: Q_Enthernet ReadDoubleWork Error: Get Error with error code: 86192
13:38:33.04-[Error]-PLC Q_Enthernet: Q_Enthernet ReadDoubleWork Error: Get Error with error code: 86192
13:38:33.06-[Error]-PLC Q_Enthernet: Q_Enthernet ReadDoubleWork Error: Get Error with error code: 86192
13:38:33.08-[Error]-PLC Q_Enthernet: Q_Enthernet ReadDoubleWork Error: Get Error with error code: 86192
13:38:33.09-[Error]-PLC Q_Enthernet: Q_Enthernet ReadDoubleWork Error: Get Error with error code: 86192
13:38:33.11-[Error]-PLC Q_Enthernet: Q_Enthernet ReadDoubleWork Error: Get Error with error code: 86192
13:38:33.12-[Error]-PLC Q_Enthernet: Q_Enthernet ReadDoubleWork Error: Get Error with error code: 86192
13:38:33.14-[Error]-PLC Q_Enthernet: Q_Enthernet ReadDoubleWork Error: Get Error with error code: 86192
13:38:33.16-[Error]-PLC Q_Enthernet: Q_Enthernet ReadDoubleWork Error: Get Error with error code: 86192
13:38:33.17-[Error]-PLC Q_Enthernet: Q_Enthernet ReadDoubleWork Error: Get Error with error code: 86192
13:38:33.19-[Error]-PLC Q_Enthernet: Q_Enthernet ReadDoubleWork Error: Get Error with error code: 86192
13:38:33.20-[Error]-PLC Q_Enthernet: Q_Enthernet ReadDoubleWork Error: Get Error with error code: 86192
13:38:33.22-[Error]-PLC Q_Enthernet: Q_Enthernet ReadDoubleWork Error: Get Error with error code: 86192
13:38:33.24-[Error]-PLC Q_Enthernet: Q_Enthernet ReadDoubleWork Error: Get Error with error code: 86192
13:38:33.25-[Error]-PLC Q_Enthernet: Q_Enthernet ReadDoubleWork Error: Get Error with error code: 86192
13:38:33.27-[Error]-PLC Q_Enthernet: Q_Enthernet ReadDoubleWork Error: Get Error with error code: 86192
13:38:33.29-[Error]-PLC Q_Enthernet: Q_Enthernet ReadDoubleWork Error: Get Error with error code: 86192
13:38:33.30-[Error]-PLC Q_Enthernet: Q_Enthernet ReadDoubleWork Error: Get Error with error code: 86192
13:38:33.32-[Error]-PLC Q_Enthernet: Q_Enthernet ReadDoubleWork Error: Get Error with error code: 86192
13:38:33.34-[Error]-PLC Q_Enthernet: Q_Enthernet ReadDoubleWork Error: Get Error with error code: 86192
13:38:33.35-[Error]-PLC Q_Enthernet: Q_Enthernet ReadDoubleWork Error: Get Error with error code: 86192
13:38:33.37-[Error]-PLC Q_Enthernet: Q_Enthernet ReadDoubleWork Error: Get Error with error code: 86192
13:38:33.39-[Error]-PLC Q_Enthernet: Q_Enthernet ReadDoubleWork Error: Get Error with error code: 86192
13:38:33.40-[Error]-PLC Q_Enthernet: Q_Enthernet ReadDoubleWork Error: Get Error with error code: 86192
13:38:33.42-[Error]-PLC Q_Enthernet: Q_Enthernet ReadDoubleWork Error: Get Error with error code: 86192
13:38:33.43-[Error]-PLC Q_Enthernet: Q_Enthernet ReadDoubleWork Error: Get Error with error code: 86192
13:38:33.45-[Error]-PLC Q_Enthernet: Q_Enthernet ReadDoubleWork Error: Get Error with error code: 86192
13:38:33.47-[Error]-PLC Q_Enthernet: Q_Enthernet ReadDoubleWork Error: Get Error with error code: 86192
13:38:33.48-[Error]-PLC Q_Enthernet: Q_Enthernet ReadDoubleWork Error: Get Error with error code: 86192
13:38:33.50-[Error]-PLC Q_Enthernet: Q_Enthernet ReadDoubleWork Error: Get Error with error code: 86192
13:38:33.51-[Error]-PLC Q_Enthernet: Q_Enthernet ReadDoubleWork Error: Get Error with error code: 86192
13:38:33.53-[Error]-PLC Q_Enthernet: Q_Enthernet ReadDoubleWork Error: Get Error with error code: 86192
13:38:33.55-[Error]-PLC Q_Enthernet: Q_Enthernet ReadDoubleWork Error: Get Error with error code: 86192
13:38:33.56-[Error]-PLC Q_Enthernet: Q_Enthernet ReadDoubleWork Error: Get Error with error code: 86192
13:38:33.58-[Error]-PLC Q_Enthernet: Q_Enthernet ReadDoubleWork Error: Get Error with error code: 86192
13:38:33.59-[Error]-PLC Q_Enthernet: Q_Enthernet ReadDoubleWork Error: Get Error with error code: 86192
13:38:33.61-[Error]-PLC Q_Enthernet: Q_Enthernet ReadDoubleWork Error: Get Error with error code: 86192
13:38:33.62-[Error]-PLC Q_Enthernet: Q_Enthernet ReadDoubleWork Error: Get Error with error code: 86192
13:38:33.64-[Error]-PLC Q_Enthernet: Q_Enthernet ReadDoubleWork Error: Get Error with error code: 86192
13:38:33.66-[Error]-PLC Q_Enthernet: Q_Enthernet ReadDoubleWork Error: Get Error with error code: 86192
13:38:33.67-[Error]-PLC Q_Enthernet: Q_Enthernet ReadDoubleWork Error: Get Error with error code: 86192
13:38:33.69-[Error]-PLC Q_Enthernet: Q_Enthernet ReadDoubleWork Error: Get Error with error code: 86192
13:38:33.70-[Error]-PLC Q_Enthernet: Q_Enthernet ReadDoubleWork Error: Get Error with error code: 86192
13:38:33.72-[Error]-PLC Q_Enthernet: Q_Enthernet ReadDoubleWork Error: Get Error with error code: 86192
13:38:33.74-[Error]-PLC Q_Enthernet: Q_Enthernet ReadDoubleWork Error: Get Error with error code: 86192
13:38:33.75-[Error]-PLC Q_Enthernet: Q_Enthernet ReadDoubleWork Error: Get Error with error code: 86192
13:38:33.77-[Error]-PLC Q_Enthernet: Q_Enthernet ReadDoubleWork Error: Get Error with error code: 86192
13:38:33.79-[Error]-PLC Q_Enthernet: Q_Enthernet ReadDoubleWork Error: Get Error with error code: 86192
13:38:33.80-[Error]-PLC Q_Enthernet: Q_Enthernet ReadDoubleWork Error: Get Error with error code: 86192
13:38:33.82-[Error]-PLC Q_Enthernet: Q_Enthernet ReadDoubleWork Error: Get Error with error code: 86192
13:38:33.83-[Error]-PLC Q_Enthernet: Q_Enthernet ReadDoubleWork Error: Get Error with error code: 86192
13:38:33.85-[Error]-PLC Q_Enthernet: Q_Enthernet ReadDoubleWork Error: Get Error with error code: 86192
13:38:33.87-[Error]-PLC Q_Enthernet: Q_Enthernet ReadDoubleWork Error: Get Error with error code: 86192
13:38:33.88-[Error]-PLC Q_Enthernet: Q_Enthernet ReadDoubleWork Error: Get Error with error code: 86192
13:38:33.90-[Error]-PLC Q_Enthernet: Q_Enthernet ReadDoubleWork Error: Get Error with error code: 86192
13:38:33.91-[Error]-PLC Q_Enthernet: Q_Enthernet ReadDoubleWork Error: Get Error with error code: 86192
13:38:33.93-[Error]-PLC Q_Enthernet: Q_Enthernet ReadDoubleWork Error: Get Error with error code: 86192
13:38:33.95-[Error]-PLC Q_Enthernet: Q_Enthernet ReadDoubleWork Error: Get Error with error code: 86192
13:38:33.96-[Error]-PLC Q_Enthernet: Q_Enthernet ReadDoubleWork Error: Get Error with error code: 86192
13:38:33.98-[Error]-PLC Q_Enthernet: Q_Enthernet ReadDoubleWork Error: Get Error with error code: 86192
13:38:34.00-[Error]-PLC Q_Enthernet: Q_Enthernet ReadDoubleWork Error: Get Error with error code: 86192
13:38:34.01-[Error]-PLC Q_Enthernet: Q_Enthernet ReadDoubleWork Error: Get Error with error code: 86192
13:38:34.03-[Error]-PLC Q_Enthernet: Q_Enthernet ReadDoubleWork Error: Get Error with error code: 86192
13:38:34.05-[Error]-PLC Q_Enthernet: Q_Enthernet ReadDoubleWork Error: Get Error with error code: 86192
13:38:34.06-[Error]-PLC Q_Enthernet: Q_Enthernet ReadDoubleWork Error: Get Error with error code: 86192
13:38:34.08-[Error]-PLC Q_Enthernet: Q_Enthernet ReadDoubleWork Error: Get Error with error code: 86192
13:38:34.09-[Error]-PLC Q_Enthernet: Q_Enthernet ReadDoubleWork Error: Get Error with error code: 86192
13:38:34.11-[Error]-PLC Q_Enthernet: Q_Enthernet ReadDoubleWork Error: Get Error with error code: 86192
13:38:34.12-[Error]-PLC Q_Enthernet: Q_Enthernet ReadDoubleWork Error: Get Error with error code: 86192
13:38:34.14-[Error]-PLC Q_Enthernet: Q_Enthernet ReadDoubleWork Error: Get Error with error code: 86192
13:38:34.15-[Error]-PLC Q_Enthernet: Q_Enthernet ReadDoubleWork Error: Get Error with error code: 86192
13:38:34.17-[Error]-PLC Q_Enthernet: Q_Enthernet ReadDoubleWork Error: Get Error with error code: 86192
13:38:34.19-[Error]-PLC Q_Enthernet: Q_Enthernet ReadDoubleWork Error: Get Error with error code: 86192
13:38:34.20-[Error]-PLC Q_Enthernet: Q_Enthernet ReadDoubleWork Error: Get Error with error code: 86192
13:38:34.22-[Error]-PLC Q_Enthernet: Q_Enthernet ReadDoubleWork Error: Get Error with error code: 86192
13:38:34.24-[Error]-PLC Q_Enthernet: Q_Enthernet ReadDoubleWork Error: Get Error with error code: 86192
13:38:34.25-[Error]-PLC Q_Enthernet: Q_Enthernet ReadDoubleWork Error: Get Error with error code: 86192
13:38:34.27-[Error]-PLC Q_Enthernet: Q_Enthernet ReadDoubleWork Error: Get Error with error code: 86192
13:38:34.28-[Error]-PLC Q_Enthernet: Q_Enthernet ReadDoubleWork Error: Get Error with error code: 86192
13:38:34.30-[Error]-PLC Q_Enthernet: Q_Enthernet ReadDoubleWork Error: Get Error with error code: 86192
13:38:34.32-[Error]-PLC Q_Enthernet: Q_Enthernet ReadDoubleWork Error: Get Error with error code: 86192
13:38:34.33-[Error]-PLC Q_Enthernet: Q_Enthernet ReadDoubleWork Error: Get Error with error code: 86192
13:38:34.35-[Error]-PLC Q_Enthernet: Q_Enthernet ReadDoubleWork Error: Get Error with error code: 86192
13:38:34.36-[Error]-PLC Q_Enthernet: Q_Enthernet ReadDoubleWork Error: Get Error with error code: 86192
13:38:34.38-[Error]-PLC Q_Enthernet: Q_Enthernet ReadDoubleWork Error: Get Error with error code: 86192
13:38:34.40-[Error]-PLC Q_Enthernet: Q_Enthernet ReadDoubleWork Error: Get Error with error code: 86192
13:38:34.41-[Error]-PLC Q_Enthernet: Q_Enthernet ReadDoubleWork Error: Get Error with error code: 86192
13:38:34.43-[Error]-PLC Q_Enthernet: Q_Enthernet ReadDoubleWork Error: Get Error with error code: 86192
13:38:34.44-[Error]-PLC Q_Enthernet: Q_Enthernet ReadDoubleWork Error: Get Error with error code: 86192
13:38:34.46-[Error]-PLC Q_Enthernet: Q_Enthernet ReadDoubleWork Error: Get Error with error code: 86192
13:38:34.48-[Error]-PLC Q_Enthernet: Q_Enthernet ReadDoubleWork Error: Get Error with error code: 86192
13:38:34.49-[Error]-PLC Q_Enthernet: Q_Enthernet ReadDoubleWork Error: Get Error with error code: 86192
13:38:34.51-[Error]-PLC Q_Enthernet: Q_Enthernet ReadDoubleWork Error: Get Error with error code: 86192
13:38:34.53-[Error]-PLC Q_Enthernet: Q_Enthernet ReadDoubleWork Error: Get Error with error code: 86192
13:38:34.54-[Error]-PLC Q_Enthernet: Q_Enthernet ReadDoubleWork Error: Get Error with error code: 86192
13:38:34.57-[Error]-PLC Q_Enthernet: Q_Enthernet ReadDoubleWork Error: Get Error with error code: 86192
13:38:34.58-[Error]-PLC Q_Enthernet: Q_Enthernet ReadDoubleWork Error: Get Error with error code: 86192
13:38:34.60-[Error]-PLC Q_Enthernet: Q_Enthernet ReadDoubleWork Error: Get Error with error code: 86192
13:38:34.61-[Error]-PLC Q_Enthernet: Q_Enthernet ReadDoubleWork Error: Get Error with error code: 86192
13:38:34.63-[Error]-PLC Q_Enthernet: Q_Enthernet ReadDoubleWork Error: Get Error with error code: 86192
13:38:34.64-[Error]-PLC Q_Enthernet: Q_Enthernet ReadDoubleWork Error: Get Error with error code: 86192
13:38:34.66-[Error]-PLC Q_Enthernet: Q_Enthernet ReadDoubleWork Error: Get Error with error code: 86192
13:38:34.67-[Error]-PLC Q_Enthernet: Q_Enthernet ReadDoubleWork Error: Get Error with error code: 86192
13:38:34.69-[Error]-PLC Q_Enthernet: Q_Enthernet ReadDoubleWork Error: Get Error with error code: 86192
13:38:34.71-[Error]-PLC Q_Enthernet: Q_Enthernet ReadDoubleWork Error: Get Error with error code: 86192
13:38:34.72-[Error]-PLC Q_Enthernet: Q_Enthernet ReadDoubleWork Error: Get Error with error code: 86192
13:38:34.74-[Error]-PLC Q_Enthernet: Q_Enthernet ReadDoubleWork Error: Get Error with error code: 86192
13:38:34.75-[Error]-PLC Q_Enthernet: Q_Enthernet ReadDoubleWork Error: Get Error with error code: 86192
13:38:34.77-[Error]-PLC Q_Enthernet: Q_Enthernet ReadDoubleWork Error: Get Error with error code: 86192
13:38:34.79-[Error]-PLC Q_Enthernet: Q_Enthernet ReadDoubleWork Error: Get Error with error code: 86192
13:38:34.80-[Error]-PLC Q_Enthernet: Q_Enthernet ReadDoubleWork Error: Get Error with error code: 86192
13:38:34.82-[Error]-PLC Q_Enthernet: Q_Enthernet ReadDoubleWork Error: Get Error with error code: 86192
13:38:34.84-[Error]-PLC Q_Enthernet: Q_Enthernet ReadDoubleWork Error: Get Error with error code: 86192
13:38:34.85-[Error]-PLC Q_Enthernet: Q_Enthernet ReadDoubleWork Error: Get Error with error code: 86192
13:38:34.87-[Error]-PLC Q_Enthernet: Q_Enthernet ReadDoubleWork Error: Get Error with error code: 86192
13:38:34.88-[Error]-PLC Q_Enthernet: Q_Enthernet ReadDoubleWork Error: Get Error with error code: 86192
13:38:34.90-[Error]-PLC Q_Enthernet: Q_Enthernet ReadDoubleWork Error: Get Error with error code: 86192
13:38:34.92-[Error]-PLC Q_Enthernet: Q_Enthernet ReadDoubleWork Error: Get Error with error code: 86192
13:38:34.93-[Error]-PLC Q_Enthernet: Q_Enthernet ReadDoubleWork Error: Get Error with error code: 86192
13:38:34.95-[Error]-PLC Q_Enthernet: Q_Enthernet ReadDoubleWork Error: Get Error with error code: 86192
13:38:34.97-[Error]-PLC Q_Enthernet: Q_Enthernet ReadDoubleWork Error: Get Error with error code: 86192
13:38:34.98-[Error]-PLC Q_Enthernet: Q_Enthernet ReadDoubleWork Error: Get Error with error code: 86192
13:38:35.00-[Error]-PLC Q_Enthernet: Q_Enthernet ReadDoubleWork Error: Get Error with error code: 86192
13:38:35.02-[Error]-PLC Q_Enthernet: Q_Enthernet ReadDoubleWork Error: Get Error with error code: 86192
13:38:35.03-[Error]-PLC Q_Enthernet: Q_Enthernet ReadDoubleWork Error: Get Error with error code: 86192
13:38:35.05-[Error]-PLC Q_Enthernet: Q_Enthernet ReadDoubleWork Error: Get Error with error code: 86192
13:38:35.06-[Error]-PLC Q_Enthernet: Q_Enthernet ReadDoubleWork Error: Get Error with error code: 86192
13:38:35.08-[Error]-PLC Q_Enthernet: Q_Enthernet ReadDoubleWork Error: Get Error with error code: 86192
13:38:35.09-[Error]-PLC Q_Enthernet: Q_Enthernet ReadDoubleWork Error: Get Error with error code: 86192
13:38:35.11-[Error]-PLC Q_Enthernet: Q_Enthernet ReadDoubleWork Error: Get Error with error code: 86192
13:38:35.12-[Error]-PLC Q_Enthernet: Q_Enthernet ReadDoubleWork Error: Get Error with error code: 86192
13:38:35.14-[Error]-PLC Q_Enthernet: Q_Enthernet ReadDoubleWork Error: Get Error with error code: 86192
13:38:35.16-[Error]-PLC Q_Enthernet: Q_Enthernet ReadDoubleWork Error: Get Error with error code: 86192
13:38:35.17-[Error]-PLC Q_Enthernet: Q_Enthernet ReadDoubleWork Error: Get Error with error code: 86192
13:38:35.19-[Error]-PLC Q_Enthernet: Q_Enthernet ReadDoubleWork Error: Get Error with error code: 86192
13:38:35.20-[Error]-PLC Q_Enthernet: Q_Enthernet ReadDoubleWork Error: Get Error with error code: 86192
13:38:35.22-[Error]-PLC Q_Enthernet: Q_Enthernet ReadDoubleWork Error: Get Error with error code: 86192
13:38:35.24-[Error]-PLC Q_Enthernet: Q_Enthernet ReadDoubleWork Error: Get Error with error code: 86192
13:38:35.25-[Error]-PLC Q_Enthernet: Q_Enthernet ReadDoubleWork Error: Get Error with error code: 86192
13:38:35.27-[Error]-PLC Q_Enthernet: Q_Enthernet ReadDoubleWork Error: Get Error with error code: 86192
13:38:35.28-[Error]-PLC Q_Enthernet: Q_Enthernet ReadDoubleWork Error: Get Error with error code: 86192
13:38:35.30-[Error]-PLC Q_Enthernet: Q_Enthernet ReadDoubleWork Error: Get Error with error code: 86192
13:38:35.32-[Error]-PLC Q_Enthernet: Q_Enthernet ReadDoubleWork Error: Get Error with error code: 86192
13:38:35.33-[Error]-PLC Q_Enthernet: Q_Enthernet ReadDoubleWork Error: Get Error with error code: 86192
13:38:35.35-[Error]-PLC Q_Enthernet: Q_Enthernet ReadDoubleWork Error: Get Error with error code: 86192
13:38:35.36-[Error]-PLC Q_Enthernet: Q_Enthernet ReadDoubleWork Error: Get Error with error code: 86192
13:38:35.38-[Error]-PLC Q_Enthernet: Q_Enthernet ReadDoubleWork Error: Get Error with error code: 86192
13:38:35.40-[Error]-PLC Q_Enthernet: Q_Enthernet ReadDoubleWork Error: Get Error with error code: 86192
13:38:35.41-[Error]-PLC Q_Enthernet: Q_Enthernet ReadDoubleWork Error: Get Error with error code: 86192
13:38:35.43-[Error]-PLC Q_Enthernet: Q_Enthernet ReadDoubleWork Error: Get Error with error code: 86192
13:38:35.44-[Error]-PLC Q_Enthernet: Q_Enthernet ReadDoubleWork Error: Get Error with error code: 86192
13:38:35.46-[Error]-PLC Q_Enthernet: Q_Enthernet ReadDoubleWork Error: Get Error with error code: 86192
13:38:35.48-[Error]-PLC Q_Enthernet: Q_Enthernet ReadDoubleWork Error: Get Error with error code: 86192
13:38:35.49-[Error]-PLC Q_Enthernet: Q_Enthernet ReadDoubleWork Error: Get Error with error code: 86192
13:38:35.51-[Error]-PLC Q_Enthernet: Q_Enthernet ReadDoubleWork Error: Get Error with error code: 86192
13:38:35.52-[Error]-PLC Q_Enthernet: Q_Enthernet ReadDoubleWork Error: Get Error with error code: 86192
13:38:35.54-[Error]-PLC Q_Enthernet: Q_Enthernet ReadDoubleWork Error: Get Error with error code: 86192
13:38:35.55-[Error]-PLC Q_Enthernet: Q_Enthernet ReadDoubleWork Error: Get Error with error code: 86192
13:38:35.57-[Error]-PLC Q_Enthernet: Q_Enthernet ReadDoubleWork Error: Get Error with error code: 86192
13:38:35.59-[Error]-PLC Q_Enthernet: Q_Enthernet ReadDoubleWork Error: Get Error with error code: 86192
13:38:35.60-[Error]-PLC Q_Enthernet: Q_Enthernet ReadDoubleWork Error: Get Error with error code: 86192
13:38:35.62-[Error]-PLC Q_Enthernet: Q_Enthernet ReadDoubleWork Error: Get Error with error code: 86192
13:38:35.63-[Error]-PLC Q_Enthernet: Q_Enthernet ReadDoubleWork Error: Get Error with error code: 86192
13:38:35.65-[Error]-PLC Q_Enthernet: Q_Enthernet ReadDoubleWork Error: Get Error with error code: 86192
13:38:35.67-[Error]-PLC Q_Enthernet: Q_Enthernet ReadDoubleWork Error: Get Error with error code: 86192
13:38:35.68-[Error]-PLC Q_Enthernet: Q_Enthernet ReadDoubleWork Error: Get Error with error code: 86192
13:38:35.70-[Error]-PLC Q_Enthernet: Q_Enthernet ReadDoubleWork Error: Get Error with error code: 86192
13:38:35.72-[Error]-PLC Q_Enthernet: Q_Enthernet ReadDoubleWork Error: Get Error with error code: 86192
13:38:35.73-[Error]-PLC Q_Enthernet: Q_Enthernet ReadDoubleWork Error: Get Error with error code: 86192
13:38:35.75-[Error]-PLC Q_Enthernet: Q_Enthernet ReadDoubleWork Error: Get Error with error code: 86192
13:38:35.76-[Error]-PLC Q_Enthernet: Q_Enthernet ReadDoubleWork Error: Get Error with error code: 86192
13:38:35.78-[Error]-PLC Q_Enthernet: Q_Enthernet ReadDoubleWork Error: Get Error with error code: 86192
13:38:35.80-[Error]-PLC Q_Enthernet: Q_Enthernet ReadDoubleWork Error: Get Error with error code: 86192
13:38:35.81-[Error]-PLC Q_Enthernet: Q_Enthernet ReadDoubleWork Error: Get Error with error code: 86192
13:38:35.83-[Error]-PLC Q_Enthernet: Q_Enthernet ReadDoubleWork Error: Get Error with error code: 86192
13:38:35.85-[Error]-PLC Q_Enthernet: Q_Enthernet ReadDoubleWork Error: Get Error with error code: 86192
13:38:35.86-[Error]-PLC Q_Enthernet: Q_Enthernet ReadDoubleWork Error: Get Error with error code: 86192
13:38:35.88-[Error]-PLC Q_Enthernet: Q_Enthernet ReadDoubleWork Error: Get Error with error code: 86192
13:38:35.89-[Error]-PLC Q_Enthernet: Q_Enthernet ReadDoubleWork Error: Get Error with error code: 86192
13:38:35.91-[Error]-PLC Q_Enthernet: Q_Enthernet ReadDoubleWork Error: Get Error with error code: 86192
13:38:35.93-[Error]-PLC Q_Enthernet: Q_Enthernet ReadDoubleWork Error: Get Error with error code: 86192
13:38:35.94-[Error]-PLC Q_Enthernet: Q_Enthernet ReadDoubleWork Error: Get Error with error code: 86192
13:38:35.96-[Error]-PLC Q_Enthernet: Q_Enthernet ReadDoubleWork Error: Get Error with error code: 86192
13:38:35.97-[Error]-PLC Q_Enthernet: Q_Enthernet ReadDoubleWork Error: Get Error with error code: 86192
13:38:35.99-[Error]-PLC Q_Enthernet: Q_Enthernet ReadDoubleWork Error: Get Error with error code: 86192
13:38:36.00-[Error]-PLC Q_Enthernet: Q_Enthernet ReadDoubleWork Error: Get Error with error code: 86192
13:38:36.02-[Error]-PLC Q_Enthernet: Q_Enthernet ReadDoubleWork Error: Get Error with error code: 86192
13:38:36.04-[Error]-PLC Q_Enthernet: Q_Enthernet ReadDoubleWork Error: Get Error with error code: 86192
13:38:36.06-[Error]-PLC Q_Enthernet: Q_Enthernet ReadDoubleWork Error: Get Error with error code: 86192
13:38:36.07-[Error]-PLC Q_Enthernet: Q_Enthernet ReadDoubleWork Error: Get Error with error code: 86192
13:38:36.08-[Error]-PLC Q_Enthernet: Q_Enthernet ReadDoubleWork Error: Get Error with error code: 86192
13:38:36.10-[Error]-PLC Q_Enthernet: Q_Enthernet ReadDoubleWork Error: Get Error with error code: 86192
13:38:36.12-[Error]-PLC Q_Enthernet: Q_Enthernet ReadDoubleWork Error: Get Error with error code: 86192
13:38:36.13-[Error]-PLC Q_Enthernet: Q_Enthernet ReadDoubleWork Error: Get Error with error code: 86192
13:38:36.15-[Error]-PLC Q_Enthernet: Q_Enthernet ReadDoubleWork Error: Get Error with error code: 86192
13:38:36.17-[Error]-PLC Q_Enthernet: Q_Enthernet ReadDoubleWork Error: Get Error with error code: 86192
13:38:36.18-[Error]-PLC Q_Enthernet: Q_Enthernet ReadDoubleWork Error: Get Error with error code: 86192
13:38:36.20-[Error]-PLC Q_Enthernet: Q_Enthernet ReadDoubleWork Error: Get Error with error code: 86192
13:38:36.21-[Error]-PLC Q_Enthernet: Q_Enthernet ReadDoubleWork Error: Get Error with error code: 86192
13:38:36.23-[Error]-PLC Q_Enthernet: Q_Enthernet ReadDoubleWork Error: Get Error with error code: 86192
13:38:36.24-[Error]-PLC Q_Enthernet: Q_Enthernet ReadDoubleWork Error: Get Error with error code: 86192
13:38:36.26-[Error]-PLC Q_Enthernet: Q_Enthernet ReadDoubleWork Error: Get Error with error code: 86192
13:38:36.28-[Error]-PLC Q_Enthernet: Q_Enthernet ReadDoubleWork Error: Get Error with error code: 86192
13:38:36.29-[Error]-PLC Q_Enthernet: Q_Enthernet ReadDoubleWork Error: Get Error with error code: 86192
13:38:36.31-[Error]-PLC Q_Enthernet: Q_Enthernet ReadDoubleWork Error: Get Error with error code: 86192
13:38:36.32-[Error]-PLC Q_Enthernet: Q_Enthernet ReadDoubleWork Error: Get Error with error code: 86192
13:38:36.34-[Error]-PLC Q_Enthernet: Q_Enthernet ReadDoubleWork Error: Get Error with error code: 86192
13:38:36.35-[Error]-PLC Q_Enthernet: Q_Enthernet ReadDoubleWork Error: Get Error with error code: 86192
13:38:36.37-[Error]-PLC Q_Enthernet: Q_Enthernet ReadDoubleWork Error: Get Error with error code: 86192
13:38:36.38-[Error]-PLC Q_Enthernet: Q_Enthernet ReadDoubleWork Error: Get Error with error code: 86192
13:38:36.40-[Error]-PLC Q_Enthernet: Q_Enthernet ReadDoubleWork Error: Get Error with error code: 86192
13:38:36.42-[Error]-PLC Q_Enthernet: Q_Enthernet ReadDoubleWork Error: Get Error with error code: 86192
13:38:36.43-[Error]-PLC Q_Enthernet: Q_Enthernet ReadDoubleWork Error: Get Error with error code: 86192
13:38:36.45-[Error]-PLC Q_Enthernet: Q_Enthernet ReadDoubleWork Error: Get Error with error code: 86192
13:38:36.47-[Error]-PLC Q_Enthernet: Q_Enthernet ReadDoubleWork Error: Get Error with error code: 86192
13:38:36.48-[Error]-PLC Q_Enthernet: Q_Enthernet ReadDoubleWork Error: Get Error with error code: 86192
13:38:36.50-[Error]-PLC Q_Enthernet: Q_Enthernet ReadDoubleWork Error: Get Error with error code: 86192
13:38:36.51-[Error]-PLC Q_Enthernet: Q_Enthernet ReadDoubleWork Error: Get Error with error code: 86192
13:38:36.53-[Error]-PLC Q_Enthernet: Q_Enthernet ReadDoubleWork Error: Get Error with error code: 86192
13:38:36.54-[Error]-PLC Q_Enthernet: Q_Enthernet ReadDoubleWork Error: Get Error with error code: 86192
13:38:36.56-[Error]-PLC Q_Enthernet: Q_Enthernet ReadDoubleWork Error: Get Error with error code: 86192
13:38:36.57-[Error]-PLC Q_Enthernet: Q_Enthernet ReadDoubleWork Error: Get Error with error code: 86192
13:38:36.59-[Error]-PLC Q_Enthernet: Q_Enthernet ReadDoubleWork Error: Get Error with error code: 86192
13:38:36.60-[Error]-PLC Q_Enthernet: Q_Enthernet ReadDoubleWork Error: Get Error with error code: 86192
13:38:36.62-[Error]-PLC Q_Enthernet: Q_Enthernet ReadDoubleWork Error: Get Error with error code: 86192
13:38:36.64-[Error]-PLC Q_Enthernet: Q_Enthernet ReadDoubleWork Error: Get Error with error code: 86192
13:38:36.65-[Error]-PLC Q_Enthernet: Q_Enthernet ReadDoubleWork Error: Get Error with error code: 86192
13:38:36.67-[Error]-PLC Q_Enthernet: Q_Enthernet ReadDoubleWork Error: Get Error with error code: 86192
13:38:36.68-[Error]-PLC Q_Enthernet: Q_Enthernet ReadDoubleWork Error: Get Error with error code: 86192
13:38:36.70-[Error]-PLC Q_Enthernet: Q_Enthernet ReadDoubleWork Error: Get Error with error code: 86192
13:38:36.72-[Error]-PLC Q_Enthernet: Q_Enthernet ReadDoubleWork Error: Get Error with error code: 86192
13:38:36.73-[Error]-PLC Q_Enthernet: Q_Enthernet ReadDoubleWork Error: Get Error with error code: 86192
13:38:36.75-[Error]-PLC Q_Enthernet: Q_Enthernet ReadDoubleWork Error: Get Error with error code: 86192
13:38:36.76-[Error]-PLC Q_Enthernet: Q_Enthernet ReadDoubleWork Error: Get Error with error code: 86192
13:38:36.78-[Error]-PLC Q_Enthernet: Q_Enthernet ReadDoubleWork Error: Get Error with error code: 86192
13:38:36.79-[Error]-PLC Q_Enthernet: Q_Enthernet ReadDoubleWork Error: Get Error with error code: 86192
13:38:36.81-[Error]-PLC Q_Enthernet: Q_Enthernet ReadDoubleWork Error: Get Error with error code: 86192
13:38:36.83-[Error]-PLC Q_Enthernet: Q_Enthernet ReadDoubleWork Error: Get Error with error code: 86192
13:38:36.84-[Error]-PLC Q_Enthernet: Q_Enthernet ReadDoubleWork Error: Get Error with error code: 86192
13:38:36.86-[Error]-PLC Q_Enthernet: Q_Enthernet ReadDoubleWork Error: Get Error with error code: 86192
13:38:36.88-[Error]-PLC Q_Enthernet: Q_Enthernet ReadDoubleWork Error: Get Error with error code: 86192
13:38:36.89-[Error]-PLC Q_Enthernet: Q_Enthernet ReadDoubleWork Error: Get Error with error code: 86192
13:38:36.91-[Error]-PLC Q_Enthernet: Q_Enthernet ReadDoubleWork Error: Get Error with error code: 86192
13:38:36.92-[Error]-PLC Q_Enthernet: Q_Enthernet ReadDoubleWork Error: Get Error with error code: 86192
13:38:36.94-[Error]-PLC Q_Enthernet: Q_Enthernet ReadDoubleWork Error: Get Error with error code: 86192
13:38:36.96-[Error]-PLC Q_Enthernet: Q_Enthernet ReadDoubleWork Error: Get Error with error code: 86192
13:38:36.97-[Error]-PLC Q_Enthernet: Q_Enthernet ReadDoubleWork Error: Get Error with error code: 86192
13:38:36.99-[Error]-PLC Q_Enthernet: Q_Enthernet ReadDoubleWork Error: Get Error with error code: 86192
13:38:37.00-[Error]-PLC Q_Enthernet: Q_Enthernet ReadDoubleWork Error: Get Error with error code: 86192
13:38:37.02-[Error]-PLC Q_Enthernet: Q_Enthernet ReadDoubleWork Error: Get Error with error code: 86192
13:38:37.03-[Error]-PLC Q_Enthernet: Q_Enthernet ReadDoubleWork Error: Get Error with error code: 86192
13:38:37.05-[Error]-PLC Q_Enthernet: Q_Enthernet ReadDoubleWork Error: Get Error with error code: 86192
13:38:37.07-[Error]-PLC Q_Enthernet: Q_Enthernet ReadDoubleWork Error: Get Error with error code: 86192
13:38:37.08-[Error]-PLC Q_Enthernet: Q_Enthernet ReadDoubleWork Error: Get Error with error code: 86192
13:38:37.10-[Error]-PLC Q_Enthernet: Q_Enthernet ReadDoubleWork Error: Get Error with error code: 86192
13:38:37.12-[Error]-PLC Q_Enthernet: Q_Enthernet ReadDoubleWork Error: Get Error with error code: 86192
13:38:37.13-[Error]-PLC Q_Enthernet: Q_Enthernet ReadDoubleWork Error: Get Error with error code: 86192
13:38:37.15-[Error]-PLC Q_Enthernet: Q_Enthernet ReadDoubleWork Error: Get Error with error code: 86192
13:38:37.16-[Error]-PLC Q_Enthernet: Q_Enthernet ReadDoubleWork Error: Get Error with error code: 86192
13:38:37.18-[Error]-PLC Q_Enthernet: Q_Enthernet ReadDoubleWork Error: Get Error with error code: 86192
13:38:37.20-[Error]-PLC Q_Enthernet: Q_Enthernet ReadDoubleWork Error: Get Error with error code: 86192
13:38:37.21-[Error]-PLC Q_Enthernet: Q_Enthernet ReadDoubleWork Error: Get Error with error code: 86192
13:38:37.23-[Error]-PLC Q_Enthernet: Q_Enthernet ReadDoubleWork Error: Get Error with error code: 86192
13:38:37.24-[Error]-PLC Q_Enthernet: Q_Enthernet ReadDoubleWork Error: Get Error with error code: 86192
13:38:37.26-[Error]-PLC Q_Enthernet: Q_Enthernet ReadDoubleWork Error: Get Error with error code: 86192
13:38:37.28-[Error]-PLC Q_Enthernet: Q_Enthernet ReadDoubleWork Error: Get Error with error code: 86192
13:38:37.29-[Error]-PLC Q_Enthernet: Q_Enthernet ReadDoubleWork Error: Get Error with error code: 86192
13:38:37.31-[Error]-PLC Q_Enthernet: Q_Enthernet ReadDoubleWork Error: Get Error with error code: 86192
13:38:37.32-[Error]-PLC Q_Enthernet: Q_Enthernet ReadDoubleWork Error: Get Error with error code: 86192
13:38:37.34-[Error]-PLC Q_Enthernet: Q_Enthernet ReadDoubleWork Error: Get Error with error code: 86192
13:38:37.36-[Error]-PLC Q_Enthernet: Q_Enthernet ReadDoubleWork Error: Get Error with error code: 86192
13:38:37.37-[Error]-PLC Q_Enthernet: Q_Enthernet ReadDoubleWork Error: Get Error with error code: 86192
13:38:37.39-[Error]-PLC Q_Enthernet: Q_Enthernet ReadDoubleWork Error: Get Error with error code: 86192
13:38:37.40-[Error]-PLC Q_Enthernet: Q_Enthernet ReadDoubleWork Error: Get Error with error code: 86192
13:38:37.42-[Error]-PLC Q_Enthernet: Q_Enthernet ReadDoubleWork Error: Get Error with error code: 86192
13:38:37.44-[Error]-PLC Q_Enthernet: Q_Enthernet ReadDoubleWork Error: Get Error with error code: 86192
13:38:37.45-[Error]-PLC Q_Enthernet: Q_Enthernet ReadDoubleWork Error: Get Error with error code: 86192
13:38:37.47-[Error]-PLC Q_Enthernet: Q_Enthernet ReadDoubleWork Error: Get Error with error code: 86192
13:38:37.48-[Error]-PLC Q_Enthernet: Q_Enthernet ReadDoubleWork Error: Get Error with error code: 86192
13:38:37.50-[Error]-PLC Q_Enthernet: Q_Enthernet ReadDoubleWork Error: Get Error with error code: 86192
13:38:37.51-[Error]-PLC Q_Enthernet: Q_Enthernet ReadDoubleWork Error: Get Error with error code: 86192
13:38:37.53-[Error]-PLC Q_Enthernet: Q_Enthernet ReadDoubleWork Error: Get Error with error code: 86192
13:38:37.55-[Error]-PLC Q_Enthernet: Q_Enthernet ReadDoubleWork Error: Get Error with error code: 86192
13:38:37.56-[Error]-PLC Q_Enthernet: Q_Enthernet ReadDoubleWork Error: Get Error with error code: 86192
13:38:37.58-[Error]-PLC Q_Enthernet: Q_Enthernet ReadDoubleWork Error: Get Error with error code: 86192
13:38:37.60-[Error]-PLC Q_Enthernet: Q_Enthernet ReadDoubleWork Error: Get Error with error code: 86192
13:38:37.61-[Error]-PLC Q_Enthernet: Q_Enthernet ReadDoubleWork Error: Get Error with error code: 86192
13:38:37.63-[Error]-PLC Q_Enthernet: Q_Enthernet ReadDoubleWork Error: Get Error with error code: 86192
13:38:37.64-[Error]-PLC Q_Enthernet: Q_Enthernet ReadDoubleWork Error: Get Error with error code: 86192
13:38:37.66-[Error]-PLC Q_Enthernet: Q_Enthernet ReadDoubleWork Error: Get Error with error code: 86192
13:38:37.67-[Error]-PLC Q_Enthernet: Q_Enthernet ReadDoubleWork Error: Get Error with error code: 86192
13:38:37.69-[Error]-PLC Q_Enthernet: Q_Enthernet ReadDoubleWork Error: Get Error with error code: 86192
13:38:37.70-[Error]-PLC Q_Enthernet: Q_Enthernet ReadDoubleWork Error: Get Error with error code: 86192
13:38:37.72-[Error]-PLC Q_Enthernet: Q_Enthernet ReadDoubleWork Error: Get Error with error code: 86192
13:38:37.74-[Error]-PLC Q_Enthernet: Q_Enthernet ReadDoubleWork Error: Get Error with error code: 86192
13:38:37.75-[Error]-PLC Q_Enthernet: Q_Enthernet ReadDoubleWork Error: Get Error with error code: 86192
13:38:37.77-[Error]-PLC Q_Enthernet: Q_Enthernet ReadDoubleWork Error: Get Error with error code: 86192
13:38:37.79-[Error]-PLC Q_Enthernet: Q_Enthernet ReadDoubleWork Error: Get Error with error code: 86192
13:38:37.80-[Error]-PLC Q_Enthernet: Q_Enthernet ReadDoubleWork Error: Get Error with error code: 86192
13:38:37.82-[Error]-PLC Q_Enthernet: Q_Enthernet ReadDoubleWork Error: Get Error with error code: 86192
13:38:37.83-[Error]-PLC Q_Enthernet: Q_Enthernet ReadDoubleWork Error: Get Error with error code: 86192
13:38:37.85-[Error]-PLC Q_Enthernet: Q_Enthernet ReadDoubleWork Error: Get Error with error code: 86192
13:38:37.86-[Error]-PLC Q_Enthernet: Q_Enthernet ReadDoubleWork Error: Get Error with error code: 86192
13:38:37.88-[Error]-PLC Q_Enthernet: Q_Enthernet ReadDoubleWork Error: Get Error with error code: 86192
13:38:37.89-[Error]-PLC Q_Enthernet: Q_Enthernet ReadDoubleWork Error: Get Error with error code: 86192
13:38:37.91-[Error]-PLC Q_Enthernet: Q_Enthernet ReadDoubleWork Error: Get Error with error code: 86192
13:38:37.92-[Error]-PLC Q_Enthernet: Q_Enthernet ReadDoubleWork Error: Get Error with error code: 86192
13:38:37.94-[Error]-PLC Q_Enthernet: Q_Enthernet ReadDoubleWork Error: Get Error with error code: 86192
13:38:37.96-[Error]-PLC Q_Enthernet: Q_Enthernet ReadDoubleWork Error: Get Error with error code: 86192
13:38:37.97-[Error]-PLC Q_Enthernet: Q_Enthernet ReadDoubleWork Error: Get Error with error code: 86192
13:38:37.99-[Error]-PLC Q_Enthernet: Q_Enthernet ReadDoubleWork Error: Get Error with error code: 86192
13:38:38.00-[Error]-PLC Q_Enthernet: Q_Enthernet ReadDoubleWork Error: Get Error with error code: 86192
13:38:38.02-[Error]-PLC Q_Enthernet: Q_Enthernet ReadDoubleWork Error: Get Error with error code: 86192
13:38:38.04-[Error]-PLC Q_Enthernet: Q_Enthernet ReadDoubleWork Error: Get Error with error code: 86192
13:38:38.05-[Error]-PLC Q_Enthernet: Q_Enthernet ReadDoubleWork Error: Get Error with error code: 86192
13:38:38.07-[Error]-PLC Q_Enthernet: Q_Enthernet ReadDoubleWork Error: Get Error with error code: 86192
13:38:38.09-[Error]-PLC Q_Enthernet: Q_Enthernet ReadDoubleWork Error: Get Error with error code: 86192
13:38:38.10-[Error]-PLC Q_Enthernet: Q_Enthernet ReadDoubleWork Error: Get Error with error code: 86192
13:38:38.12-[Error]-PLC Q_Enthernet: Q_Enthernet ReadDoubleWork Error: Get Error with error code: 86192
13:38:38.14-[Error]-PLC Q_Enthernet: Q_Enthernet ReadDoubleWork Error: Get Error with error code: 86192
13:38:38.15-[Error]-PLC Q_Enthernet: Q_Enthernet ReadDoubleWork Error: Get Error with error code: 86192
13:38:38.17-[Error]-PLC Q_Enthernet: Q_Enthernet ReadDoubleWork Error: Get Error with error code: 86192
13:38:38.18-[Error]-PLC Q_Enthernet: Q_Enthernet ReadDoubleWork Error: Get Error with error code: 86192
13:38:38.20-[Error]-PLC Q_Enthernet: Q_Enthernet ReadDoubleWork Error: Get Error with error code: 86192
13:38:38.22-[Error]-PLC Q_Enthernet: Q_Enthernet ReadDoubleWork Error: Get Error with error code: 86192
13:38:38.23-[Error]-PLC Q_Enthernet: Q_Enthernet ReadDoubleWork Error: Get Error with error code: 86192
13:38:38.25-[Error]-PLC Q_Enthernet: Q_Enthernet ReadDoubleWork Error: Get Error with error code: 86192
13:38:38.27-[Error]-PLC Q_Enthernet: Q_Enthernet ReadDoubleWork Error: Get Error with error code: 86192
13:38:38.28-[Error]-PLC Q_Enthernet: Q_Enthernet ReadDoubleWork Error: Get Error with error code: 86192
13:38:38.30-[Error]-PLC Q_Enthernet: Q_Enthernet ReadDoubleWork Error: Get Error with error code: 86192
13:38:38.44-[Error]-PLC Q_Enthernet: Q_Enthernet ReadDoubleWork Error: Get Error with error code: 86192
13:39:00.80-[Information]-UiManager: Startup:
13:39:01.86-[Information]-AlarmSQLDba:  ->  Database File SQLite Already Existed!
13:39:01.87-[Information]-Dba:  ->  Database File SQLite Already Existed!
13:39:47.32-[Information]-UiManager: Startup:
13:39:48.44-[Information]-AlarmSQLDba:  ->  Database File SQLite Already Existed!
13:39:48.46-[Information]-Dba:  ->  Database File SQLite Already Existed!
13:40:05.08-[Information]-UiManager: Startup:
13:40:06.38-[Information]-AlarmSQLDba:  ->  Database File SQLite Already Existed!
13:40:06.38-[Information]-Dba:  ->  Database File SQLite Already Existed!
13:40:26.44-[Error]-PLC Q_Enthernet: Q_Enthernet ReadDoubleWork Error: An established connection was aborted by the software in your host machine
13:43:06.64-[Information]-UiManager: Startup:
13:43:07.43-[Information]-AlarmSQLDba:  ->  Database File SQLite Already Existed!
13:43:07.43-[Information]-Dba:  ->  Database File SQLite Already Existed!
13:43:15.49-[Information]-PgMain: addLog:Already Stopped !
13:43:18.52-[Information]-PgMain: addLog:Already Running!
13:43:21.03-[Information]-PgMain: addLog:Already Stopped !
19:11:10.20-[Information]-UiManager: Startup:
19:11:10.95-[Information]-AlarmSQLDba:  ->  Database File SQLite Already Existed!
19:11:10.97-[Information]-Dba:  ->  Database File SQLite Already Existed!