
08:27:59.14-[Information]-UiManager: Startup:
08:28:00.26-[Information]-AlarmSQLDba:  ->  Database File SQLite Already Existed!
08:28:00.26-[Information]-Dba:  ->  Database File SQLite Already Existed!
08:28:06.93-[Information]-UserManager: LogOn: AutoTeams/itm
08:28:27.86-[Information]-UiManager: Startup:
08:28:29.04-[Information]-AlarmSQLDba:  ->  Database File SQLite Already Existed!
08:28:29.04-[Information]-Dba:  ->  Database File SQLite Already Existed!
08:28:36.51-[Error]-PLC Q_Enthernet: Q_Enthernet ReadNutiWork Error: Get Error with error code: 81192
08:28:36.52-[Error]-PLC Q_Enthernet: Q_Enthernet ReadNutiWork Error: Get Error with error code: 81192
08:28:36.54-[Error]-PLC Q_Enthernet: Q_Enthernet ReadNutiWork Error: Get Error with error code: 81192
08:28:36.54-[Error]-PLC Q_Enthernet: Q_Enthernet ReadNutiWork Error: Get Error with error code: 81192
08:28:36.55-[Error]-PLC Q_Enthernet: Q_Enthernet ReadNutiWork Error: Get Error with error code: 81192
08:28:36.56-[Error]-PLC Q_Enthernet: Q_Enthernet ReadNutiWork Error: Get Error with error code: 81192
08:28:36.57-[Error]-PLC Q_Enthernet: Q_Enthernet ReadNutiWork Error: Get Error with error code: 81192
08:28:36.58-[Error]-PLC Q_Enthernet: Q_Enthernet ReadNutiWork Error: Get Error with error code: 81192
08:28:36.59-[Error]-PLC Q_Enthernet: Q_Enthernet ReadNutiWork Error: Get Error with error code: 81192
08:28:36.60-[Error]-PLC Q_Enthernet: Q_Enthernet ReadNutiWork Error: Get Error with error code: 81192
08:28:36.61-[Error]-PLC Q_Enthernet: Q_Enthernet ReadNutiWork Error: Get Error with error code: 81192
08:28:36.62-[Error]-PLC Q_Enthernet: Q_Enthernet ReadNutiWork Error: Get Error with error code: 81192
08:28:36.63-[Error]-PLC Q_Enthernet: Q_Enthernet ReadNutiWork Error: Get Error with error code: 81192
08:28:36.64-[Error]-PLC Q_Enthernet: Q_Enthernet ReadNutiWork Error: Get Error with error code: 81192
08:28:36.65-[Error]-PLC Q_Enthernet: Q_Enthernet ReadNutiWork Error: Get Error with error code: 81192
08:28:36.66-[Error]-PLC Q_Enthernet: Q_Enthernet ReadNutiWork Error: Get Error with error code: 81192
08:28:36.67-[Error]-PLC Q_Enthernet: Q_Enthernet ReadNutiWork Error: Get Error with error code: 81192
08:28:36.68-[Error]-PLC Q_Enthernet: Q_Enthernet ReadNutiWork Error: Get Error with error code: 81192
08:28:36.69-[Error]-PLC Q_Enthernet: Q_Enthernet ReadNutiWork Error: Get Error with error code: 81192
08:28:36.70-[Error]-PLC Q_Enthernet: Q_Enthernet ReadNutiWork Error: Get Error with error code: 81192
08:28:36.70-[Error]-PLC Q_Enthernet: Q_Enthernet ReadNutiWork Error: Get Error with error code: 81192
08:28:36.71-[Error]-PLC Q_Enthernet: Q_Enthernet ReadNutiWork Error: Get Error with error code: 81192
08:28:36.72-[Error]-PLC Q_Enthernet: Q_Enthernet ReadNutiWork Error: Get Error with error code: 81192
08:28:36.73-[Error]-PLC Q_Enthernet: Q_Enthernet ReadNutiWork Error: Get Error with error code: 81192
08:28:36.74-[Error]-PLC Q_Enthernet: Q_Enthernet ReadNutiWork Error: Get Error with error code: 81192
08:28:36.75-[Error]-PLC Q_Enthernet: Q_Enthernet ReadNutiWork Error: Get Error with error code: 81192
08:28:36.76-[Error]-PLC Q_Enthernet: Q_Enthernet ReadNutiWork Error: Get Error with error code: 81192
08:28:36.77-[Error]-PLC Q_Enthernet: Q_Enthernet ReadNutiWork Error: Get Error with error code: 81192
08:28:36.78-[Error]-PLC Q_Enthernet: Q_Enthernet ReadNutiWork Error: Get Error with error code: 81192
08:28:36.78-[Error]-PLC Q_Enthernet: Q_Enthernet ReadNutiWork Error: Get Error with error code: 81192
08:28:36.79-[Error]-PLC Q_Enthernet: Q_Enthernet ReadNutiWork Error: Get Error with error code: 81192
08:28:36.80-[Error]-PLC Q_Enthernet: Q_Enthernet ReadNutiWork Error: Get Error with error code: 81192
08:28:36.81-[Error]-PLC Q_Enthernet: Q_Enthernet ReadNutiWork Error: Get Error with error code: 81192
08:28:36.82-[Error]-PLC Q_Enthernet: Q_Enthernet ReadNutiWork Error: Get Error with error code: 81192
08:28:36.83-[Error]-PLC Q_Enthernet: Q_Enthernet ReadNutiWork Error: Get Error with error code: 81192
08:28:36.83-[Error]-PLC Q_Enthernet: Q_Enthernet ReadNutiWork Error: Get Error with error code: 81192
08:28:36.84-[Error]-PLC Q_Enthernet: Q_Enthernet ReadNutiWork Error: Get Error with error code: 81192
08:28:36.85-[Error]-PLC Q_Enthernet: Q_Enthernet ReadNutiWork Error: Get Error with error code: 81192
08:28:36.86-[Error]-PLC Q_Enthernet: Q_Enthernet ReadNutiWork Error: Get Error with error code: 81192
08:28:36.87-[Error]-PLC Q_Enthernet: Q_Enthernet ReadNutiWork Error: Get Error with error code: 81192
08:28:36.87-[Error]-PLC Q_Enthernet: Q_Enthernet ReadNutiWork Error: Get Error with error code: 81192
08:28:36.88-[Error]-PLC Q_Enthernet: Q_Enthernet ReadNutiWork Error: Get Error with error code: 81192
08:28:36.89-[Error]-PLC Q_Enthernet: Q_Enthernet ReadNutiWork Error: Get Error with error code: 81192
08:28:36.91-[Error]-PLC Q_Enthernet: Q_Enthernet ReadNutiWork Error: Get Error with error code: 81192
08:28:36.92-[Error]-PLC Q_Enthernet: Q_Enthernet ReadNutiWork Error: Get Error with error code: 81192
08:28:36.93-[Error]-PLC Q_Enthernet: Q_Enthernet ReadNutiWork Error: Get Error with error code: 81192
08:28:36.93-[Error]-PLC Q_Enthernet: Q_Enthernet ReadNutiWork Error: Get Error with error code: 81192
08:28:36.94-[Error]-PLC Q_Enthernet: Q_Enthernet ReadNutiWork Error: Get Error with error code: 81192
08:28:36.95-[Error]-PLC Q_Enthernet: Q_Enthernet ReadNutiWork Error: Get Error with error code: 81192
08:28:36.95-[Error]-PLC Q_Enthernet: Q_Enthernet ReadNutiWork Error: Get Error with error code: 81192
08:28:36.96-[Error]-PLC Q_Enthernet: Q_Enthernet ReadNutiWork Error: Get Error with error code: 81192
08:28:36.97-[Error]-PLC Q_Enthernet: Q_Enthernet ReadNutiWork Error: Get Error with error code: 81192
08:28:36.97-[Error]-PLC Q_Enthernet: Q_Enthernet ReadNutiWork Error: Get Error with error code: 81192
08:28:36.98-[Error]-PLC Q_Enthernet: Q_Enthernet ReadNutiWork Error: Get Error with error code: 81192
08:28:36.99-[Error]-PLC Q_Enthernet: Q_Enthernet ReadNutiWork Error: Get Error with error code: 81192
08:28:37.00-[Error]-PLC Q_Enthernet: Q_Enthernet ReadNutiWork Error: Get Error with error code: 81192
08:28:37.00-[Error]-PLC Q_Enthernet: Q_Enthernet ReadNutiWork Error: Get Error with error code: 81192
08:28:37.01-[Error]-PLC Q_Enthernet: Q_Enthernet ReadNutiWork Error: Get Error with error code: 81192
08:28:37.02-[Error]-PLC Q_Enthernet: Q_Enthernet ReadNutiWork Error: Get Error with error code: 81192
08:28:37.03-[Error]-PLC Q_Enthernet: Q_Enthernet ReadNutiWork Error: Get Error with error code: 81192
08:28:37.03-[Error]-PLC Q_Enthernet: Q_Enthernet ReadNutiWork Error: Get Error with error code: 81192
08:28:37.04-[Error]-PLC Q_Enthernet: Q_Enthernet ReadNutiWork Error: Get Error with error code: 81192
08:28:37.05-[Error]-PLC Q_Enthernet: Q_Enthernet ReadNutiWork Error: Get Error with error code: 81192
08:28:37.05-[Error]-PLC Q_Enthernet: Q_Enthernet ReadNutiWork Error: Get Error with error code: 81192
08:28:37.06-[Error]-PLC Q_Enthernet: Q_Enthernet ReadNutiWork Error: Get Error with error code: 81192
08:28:37.07-[Error]-PLC Q_Enthernet: Q_Enthernet ReadNutiWork Error: Get Error with error code: 81192
08:28:37.08-[Error]-PLC Q_Enthernet: Q_Enthernet ReadNutiWork Error: Get Error with error code: 81192
08:28:37.09-[Error]-PLC Q_Enthernet: Q_Enthernet ReadNutiWork Error: Get Error with error code: 81192
08:28:37.09-[Error]-PLC Q_Enthernet: Q_Enthernet ReadNutiWork Error: Get Error with error code: 81192
08:28:37.10-[Error]-PLC Q_Enthernet: Q_Enthernet ReadNutiWork Error: Get Error with error code: 81192
08:28:37.11-[Error]-PLC Q_Enthernet: Q_Enthernet ReadNutiWork Error: Get Error with error code: 81192
08:28:37.12-[Error]-PLC Q_Enthernet: Q_Enthernet ReadNutiWork Error: Get Error with error code: 81192
08:28:37.13-[Error]-PLC Q_Enthernet: Q_Enthernet ReadNutiWork Error: Get Error with error code: 81192
08:28:37.13-[Error]-PLC Q_Enthernet: Q_Enthernet ReadNutiWork Error: Get Error with error code: 81192
08:28:37.14-[Error]-PLC Q_Enthernet: Q_Enthernet ReadNutiWork Error: Get Error with error code: 81192
08:28:37.15-[Error]-PLC Q_Enthernet: Q_Enthernet ReadNutiWork Error: Get Error with error code: 81192
08:28:37.16-[Error]-PLC Q_Enthernet: Q_Enthernet ReadNutiWork Error: Get Error with error code: 81192
08:28:37.17-[Error]-PLC Q_Enthernet: Q_Enthernet ReadNutiWork Error: Get Error with error code: 81192
08:28:37.17-[Error]-PLC Q_Enthernet: Q_Enthernet ReadNutiWork Error: Get Error with error code: 81192
08:28:37.18-[Error]-PLC Q_Enthernet: Q_Enthernet ReadNutiWork Error: Get Error with error code: 81192
08:28:37.19-[Error]-PLC Q_Enthernet: Q_Enthernet ReadNutiWork Error: Get Error with error code: 81192
08:28:37.20-[Error]-PLC Q_Enthernet: Q_Enthernet ReadNutiWork Error: Get Error with error code: 81192
08:28:37.21-[Error]-PLC Q_Enthernet: Q_Enthernet ReadNutiWork Error: Get Error with error code: 81192
08:28:37.21-[Error]-PLC Q_Enthernet: Q_Enthernet ReadNutiWork Error: Get Error with error code: 81192
08:28:37.22-[Error]-PLC Q_Enthernet: Q_Enthernet ReadNutiWork Error: Get Error with error code: 81192
08:28:37.23-[Error]-PLC Q_Enthernet: Q_Enthernet ReadNutiWork Error: Get Error with error code: 81192
08:28:37.24-[Error]-PLC Q_Enthernet: Q_Enthernet ReadNutiWork Error: Get Error with error code: 81192
08:28:37.24-[Error]-PLC Q_Enthernet: Q_Enthernet ReadNutiWork Error: Get Error with error code: 81192
08:28:37.25-[Error]-PLC Q_Enthernet: Q_Enthernet ReadNutiWork Error: Get Error with error code: 81192
08:28:37.26-[Error]-PLC Q_Enthernet: Q_Enthernet ReadNutiWork Error: Get Error with error code: 81192
08:28:37.26-[Error]-PLC Q_Enthernet: Q_Enthernet ReadNutiWork Error: Get Error with error code: 81192
08:28:37.28-[Error]-PLC Q_Enthernet: Q_Enthernet ReadNutiWork Error: Get Error with error code: 81192
08:28:37.28-[Error]-PLC Q_Enthernet: Q_Enthernet ReadNutiWork Error: Get Error with error code: 81192
08:28:37.29-[Error]-PLC Q_Enthernet: Q_Enthernet ReadNutiWork Error: Get Error with error code: 81192
08:28:37.30-[Error]-PLC Q_Enthernet: Q_Enthernet ReadNutiWork Error: Get Error with error code: 81192
08:28:37.31-[Error]-PLC Q_Enthernet: Q_Enthernet ReadNutiWork Error: Get Error with error code: 81192
08:28:37.32-[Error]-PLC Q_Enthernet: Q_Enthernet ReadNutiWork Error: Get Error with error code: 81192
08:28:37.32-[Error]-PLC Q_Enthernet: Q_Enthernet ReadNutiWork Error: Get Error with error code: 81192
08:28:37.33-[Error]-PLC Q_Enthernet: Q_Enthernet ReadNutiWork Error: Get Error with error code: 81192
08:28:37.34-[Error]-PLC Q_Enthernet: Q_Enthernet ReadNutiWork Error: Get Error with error code: 81192
08:28:37.35-[Error]-PLC Q_Enthernet: Q_Enthernet ReadNutiWork Error: Get Error with error code: 81192
08:28:37.36-[Error]-PLC Q_Enthernet: Q_Enthernet ReadNutiWork Error: Get Error with error code: 81192
08:28:37.36-[Error]-PLC Q_Enthernet: Q_Enthernet ReadNutiWork Error: Get Error with error code: 81192
08:28:37.37-[Error]-PLC Q_Enthernet: Q_Enthernet ReadNutiWork Error: Get Error with error code: 81192
08:28:37.38-[Error]-PLC Q_Enthernet: Q_Enthernet ReadNutiWork Error: Get Error with error code: 81192
08:28:37.39-[Error]-PLC Q_Enthernet: Q_Enthernet ReadNutiWork Error: Get Error with error code: 81192
08:28:37.39-[Error]-PLC Q_Enthernet: Q_Enthernet ReadNutiWork Error: Get Error with error code: 81192
08:28:37.40-[Error]-PLC Q_Enthernet: Q_Enthernet ReadNutiWork Error: Get Error with error code: 81192
08:28:37.41-[Error]-PLC Q_Enthernet: Q_Enthernet ReadNutiWork Error: Get Error with error code: 81192
08:28:37.42-[Error]-PLC Q_Enthernet: Q_Enthernet ReadNutiWork Error: Get Error with error code: 81192
08:28:37.42-[Error]-PLC Q_Enthernet: Q_Enthernet ReadNutiWork Error: Get Error with error code: 81192
08:28:37.43-[Error]-PLC Q_Enthernet: Q_Enthernet ReadNutiWork Error: Get Error with error code: 81192
08:28:37.44-[Error]-PLC Q_Enthernet: Q_Enthernet ReadNutiWork Error: Get Error with error code: 81192
08:28:37.45-[Error]-PLC Q_Enthernet: Q_Enthernet ReadNutiWork Error: Get Error with error code: 81192
08:28:37.45-[Error]-PLC Q_Enthernet: Q_Enthernet ReadNutiWork Error: Get Error with error code: 81192
08:28:37.47-[Error]-PLC Q_Enthernet: Q_Enthernet ReadNutiWork Error: Get Error with error code: 81192
08:28:37.47-[Error]-PLC Q_Enthernet: Q_Enthernet ReadNutiWork Error: Get Error with error code: 81192
08:28:37.48-[Error]-PLC Q_Enthernet: Q_Enthernet ReadNutiWork Error: Get Error with error code: 81192
08:28:37.49-[Error]-PLC Q_Enthernet: Q_Enthernet ReadNutiWork Error: Get Error with error code: 81192
08:28:37.50-[Error]-PLC Q_Enthernet: Q_Enthernet ReadNutiWork Error: Get Error with error code: 81192
08:28:37.51-[Error]-PLC Q_Enthernet: Q_Enthernet ReadNutiWork Error: Get Error with error code: 81192
08:28:37.52-[Error]-PLC Q_Enthernet: Q_Enthernet ReadNutiWork Error: Get Error with error code: 81192
08:28:37.53-[Error]-PLC Q_Enthernet: Q_Enthernet ReadNutiWork Error: Get Error with error code: 81192
08:28:37.54-[Error]-PLC Q_Enthernet: Q_Enthernet ReadNutiWork Error: Get Error with error code: 81192
08:28:37.55-[Error]-PLC Q_Enthernet: Q_Enthernet ReadNutiWork Error: Get Error with error code: 81192
08:28:37.56-[Error]-PLC Q_Enthernet: Q_Enthernet ReadNutiWork Error: Get Error with error code: 81192
08:28:37.56-[Error]-PLC Q_Enthernet: Q_Enthernet ReadNutiWork Error: Get Error with error code: 81192
08:28:37.57-[Error]-PLC Q_Enthernet: Q_Enthernet ReadNutiWork Error: Get Error with error code: 81192
08:28:37.58-[Error]-PLC Q_Enthernet: Q_Enthernet ReadNutiWork Error: Get Error with error code: 81192
08:28:37.59-[Error]-PLC Q_Enthernet: Q_Enthernet ReadNutiWork Error: Get Error with error code: 81192
08:28:37.60-[Error]-PLC Q_Enthernet: Q_Enthernet ReadNutiWork Error: Get Error with error code: 81192
08:28:37.61-[Error]-PLC Q_Enthernet: Q_Enthernet ReadNutiWork Error: Get Error with error code: 81192
08:28:37.62-[Error]-PLC Q_Enthernet: Q_Enthernet ReadNutiWork Error: Get Error with error code: 81192
08:28:37.63-[Error]-PLC Q_Enthernet: Q_Enthernet ReadNutiWork Error: Get Error with error code: 81192
08:28:37.63-[Error]-PLC Q_Enthernet: Q_Enthernet ReadNutiWork Error: Get Error with error code: 81192
08:28:37.64-[Error]-PLC Q_Enthernet: Q_Enthernet ReadNutiWork Error: Get Error with error code: 81192
08:28:37.65-[Error]-PLC Q_Enthernet: Q_Enthernet ReadNutiWork Error: Get Error with error code: 81192
08:28:37.66-[Error]-PLC Q_Enthernet: Q_Enthernet ReadNutiWork Error: Get Error with error code: 81192
08:28:37.67-[Error]-PLC Q_Enthernet: Q_Enthernet ReadNutiWork Error: Get Error with error code: 81192
08:28:37.68-[Error]-PLC Q_Enthernet: Q_Enthernet ReadNutiWork Error: Get Error with error code: 81192
08:28:37.69-[Error]-PLC Q_Enthernet: Q_Enthernet ReadNutiWork Error: Get Error with error code: 81192
08:28:37.70-[Error]-PLC Q_Enthernet: Q_Enthernet ReadNutiWork Error: Get Error with error code: 81192
08:28:37.71-[Error]-PLC Q_Enthernet: Q_Enthernet ReadNutiWork Error: Get Error with error code: 81192
08:28:37.72-[Error]-PLC Q_Enthernet: Q_Enthernet ReadNutiWork Error: Get Error with error code: 81192
08:28:37.75-[Error]-PLC Q_Enthernet: Q_Enthernet ReadNutiWork Error: Get Error with error code: 81192
08:28:37.76-[Error]-PLC Q_Enthernet: Q_Enthernet ReadNutiWork Error: Get Error with error code: 81192
08:28:37.76-[Error]-PLC Q_Enthernet: Q_Enthernet ReadNutiWork Error: Get Error with error code: 81192
08:28:37.77-[Error]-PLC Q_Enthernet: Q_Enthernet ReadNutiWork Error: Get Error with error code: 81192
08:28:37.78-[Error]-PLC Q_Enthernet: Q_Enthernet ReadNutiWork Error: Get Error with error code: 81192
08:28:37.79-[Error]-PLC Q_Enthernet: Q_Enthernet ReadNutiWork Error: Get Error with error code: 81192
08:28:37.80-[Error]-PLC Q_Enthernet: Q_Enthernet ReadNutiWork Error: Get Error with error code: 81192
08:28:37.81-[Error]-PLC Q_Enthernet: Q_Enthernet ReadNutiWork Error: Get Error with error code: 81192
08:28:37.82-[Error]-PLC Q_Enthernet: Q_Enthernet ReadNutiWork Error: Get Error with error code: 81192
08:28:37.83-[Error]-PLC Q_Enthernet: Q_Enthernet ReadNutiWork Error: Get Error with error code: 81192
08:28:37.84-[Error]-PLC Q_Enthernet: Q_Enthernet ReadNutiWork Error: Get Error with error code: 81192
08:28:37.85-[Error]-PLC Q_Enthernet: Q_Enthernet ReadNutiWork Error: Get Error with error code: 81192
08:28:37.86-[Error]-PLC Q_Enthernet: Q_Enthernet ReadNutiWork Error: Get Error with error code: 81192
08:28:37.88-[Error]-PLC Q_Enthernet: Q_Enthernet ReadNutiWork Error: Get Error with error code: 81192
08:28:37.89-[Error]-PLC Q_Enthernet: Q_Enthernet ReadNutiWork Error: Get Error with error code: 81192
08:28:38.48-[Error]-PLC Q_Enthernet: Q_Enthernet ReadNutiWork Error: Get Error with error code: 81192
08:28:38.49-[Error]-PLC Q_Enthernet: Q_Enthernet ReadNutiWork Error: Get Error with error code: 81192
08:28:38.50-[Error]-PLC Q_Enthernet: Q_Enthernet ReadNutiWork Error: Get Error with error code: 81192
08:28:38.52-[Error]-PLC Q_Enthernet: Q_Enthernet ReadNutiWork Error: Get Error with error code: 81192
08:28:38.53-[Error]-PLC Q_Enthernet: Q_Enthernet ReadNutiWork Error: Get Error with error code: 81192
08:28:38.54-[Error]-PLC Q_Enthernet: Q_Enthernet ReadNutiWork Error: Get Error with error code: 81192
08:28:38.55-[Error]-PLC Q_Enthernet: Q_Enthernet ReadNutiWork Error: Get Error with error code: 81192
08:28:38.56-[Error]-PLC Q_Enthernet: Q_Enthernet ReadNutiWork Error: Get Error with error code: 81192
08:28:38.57-[Error]-PLC Q_Enthernet: Q_Enthernet ReadNutiWork Error: Get Error with error code: 81192
08:28:38.58-[Error]-PLC Q_Enthernet: Q_Enthernet ReadNutiWork Error: Get Error with error code: 81192
08:28:38.59-[Error]-PLC Q_Enthernet: Q_Enthernet ReadNutiWork Error: Get Error with error code: 81192
08:28:38.59-[Error]-PLC Q_Enthernet: Q_Enthernet ReadNutiWork Error: Get Error with error code: 81192
08:28:38.60-[Error]-PLC Q_Enthernet: Q_Enthernet ReadNutiWork Error: Get Error with error code: 81192
08:28:38.61-[Error]-PLC Q_Enthernet: Q_Enthernet ReadNutiWork Error: Get Error with error code: 81192
08:28:38.62-[Error]-PLC Q_Enthernet: Q_Enthernet ReadNutiWork Error: Get Error with error code: 81192
08:28:38.63-[Error]-PLC Q_Enthernet: Q_Enthernet ReadNutiWork Error: Get Error with error code: 81192
08:28:38.63-[Error]-PLC Q_Enthernet: Q_Enthernet ReadNutiWork Error: Get Error with error code: 81192
08:28:38.64-[Error]-PLC Q_Enthernet: Q_Enthernet ReadNutiWork Error: Get Error with error code: 81192
08:28:38.65-[Error]-PLC Q_Enthernet: Q_Enthernet ReadNutiWork Error: Get Error with error code: 81192
08:28:38.66-[Error]-PLC Q_Enthernet: Q_Enthernet ReadNutiWork Error: Get Error with error code: 81192
08:28:38.67-[Error]-PLC Q_Enthernet: Q_Enthernet ReadNutiWork Error: Get Error with error code: 81192
08:28:38.68-[Error]-PLC Q_Enthernet: Q_Enthernet ReadNutiWork Error: Get Error with error code: 81192
08:28:38.69-[Error]-PLC Q_Enthernet: Q_Enthernet ReadNutiWork Error: Get Error with error code: 81192
08:28:38.70-[Error]-PLC Q_Enthernet: Q_Enthernet ReadNutiWork Error: Get Error with error code: 81192
08:28:38.71-[Error]-PLC Q_Enthernet: Q_Enthernet ReadNutiWork Error: Get Error with error code: 81192
08:28:38.71-[Error]-PLC Q_Enthernet: Q_Enthernet ReadNutiWork Error: Get Error with error code: 81192
08:28:38.72-[Error]-PLC Q_Enthernet: Q_Enthernet ReadNutiWork Error: Get Error with error code: 81192
08:28:38.73-[Error]-PLC Q_Enthernet: Q_Enthernet ReadNutiWork Error: Get Error with error code: 81192
08:28:38.74-[Error]-PLC Q_Enthernet: Q_Enthernet ReadNutiWork Error: Get Error with error code: 81192
08:28:38.75-[Error]-PLC Q_Enthernet: Q_Enthernet ReadNutiWork Error: Get Error with error code: 81192
08:28:38.76-[Error]-PLC Q_Enthernet: Q_Enthernet ReadNutiWork Error: Get Error with error code: 81192
08:28:38.77-[Error]-PLC Q_Enthernet: Q_Enthernet ReadNutiWork Error: Get Error with error code: 81192
08:28:38.77-[Error]-PLC Q_Enthernet: Q_Enthernet ReadNutiWork Error: Get Error with error code: 81192
08:28:38.78-[Error]-PLC Q_Enthernet: Q_Enthernet ReadNutiWork Error: Get Error with error code: 81192
08:28:38.79-[Error]-PLC Q_Enthernet: Q_Enthernet ReadNutiWork Error: Get Error with error code: 81192
08:28:38.80-[Error]-PLC Q_Enthernet: Q_Enthernet ReadNutiWork Error: Get Error with error code: 81192
08:28:38.81-[Error]-PLC Q_Enthernet: Q_Enthernet ReadNutiWork Error: Get Error with error code: 81192
08:28:38.82-[Error]-PLC Q_Enthernet: Q_Enthernet ReadNutiWork Error: Get Error with error code: 81192
08:28:38.83-[Error]-PLC Q_Enthernet: Q_Enthernet ReadNutiWork Error: Get Error with error code: 81192
08:28:38.84-[Error]-PLC Q_Enthernet: Q_Enthernet ReadNutiWork Error: Get Error with error code: 81192
08:28:38.85-[Error]-PLC Q_Enthernet: Q_Enthernet ReadNutiWork Error: Get Error with error code: 81192
08:28:38.85-[Error]-PLC Q_Enthernet: Q_Enthernet ReadNutiWork Error: Get Error with error code: 81192
08:28:38.86-[Error]-PLC Q_Enthernet: Q_Enthernet ReadNutiWork Error: Get Error with error code: 81192
08:28:38.87-[Error]-PLC Q_Enthernet: Q_Enthernet ReadNutiWork Error: Get Error with error code: 81192
08:28:38.88-[Error]-PLC Q_Enthernet: Q_Enthernet ReadNutiWork Error: Get Error with error code: 81192
08:28:38.89-[Error]-PLC Q_Enthernet: Q_Enthernet ReadNutiWork Error: Get Error with error code: 81192
08:28:38.90-[Error]-PLC Q_Enthernet: Q_Enthernet ReadNutiWork Error: Get Error with error code: 81192
08:28:38.91-[Error]-PLC Q_Enthernet: Q_Enthernet ReadNutiWork Error: Get Error with error code: 81192
08:28:38.92-[Error]-PLC Q_Enthernet: Q_Enthernet ReadNutiWork Error: Get Error with error code: 81192
08:28:38.93-[Error]-PLC Q_Enthernet: Q_Enthernet ReadNutiWork Error: Get Error with error code: 81192
08:28:38.94-[Error]-PLC Q_Enthernet: Q_Enthernet ReadNutiWork Error: Get Error with error code: 81192
08:28:38.95-[Error]-PLC Q_Enthernet: Q_Enthernet ReadNutiWork Error: Get Error with error code: 81192
08:28:38.96-[Error]-PLC Q_Enthernet: Q_Enthernet ReadNutiWork Error: Get Error with error code: 81192
08:28:38.97-[Error]-PLC Q_Enthernet: Q_Enthernet ReadNutiWork Error: Get Error with error code: 81192
08:28:38.99-[Error]-PLC Q_Enthernet: Q_Enthernet ReadNutiWork Error: Get Error with error code: 81192
08:28:39.00-[Error]-PLC Q_Enthernet: Q_Enthernet ReadNutiWork Error: Get Error with error code: 81192
08:28:39.01-[Error]-PLC Q_Enthernet: Q_Enthernet ReadNutiWork Error: Get Error with error code: 81192
08:28:39.03-[Error]-PLC Q_Enthernet: Q_Enthernet ReadNutiWork Error: Get Error with error code: 81192
08:28:39.04-[Error]-PLC Q_Enthernet: Q_Enthernet ReadNutiWork Error: Get Error with error code: 81192
08:28:39.05-[Error]-PLC Q_Enthernet: Q_Enthernet ReadNutiWork Error: Get Error with error code: 81192
08:28:39.06-[Error]-PLC Q_Enthernet: Q_Enthernet ReadNutiWork Error: Get Error with error code: 81192
08:28:39.07-[Error]-PLC Q_Enthernet: Q_Enthernet ReadNutiWork Error: Get Error with error code: 81192
08:28:39.09-[Error]-PLC Q_Enthernet: Q_Enthernet ReadNutiWork Error: Get Error with error code: 81192
08:28:39.10-[Error]-PLC Q_Enthernet: Q_Enthernet ReadNutiWork Error: Get Error with error code: 81192
08:28:39.11-[Error]-PLC Q_Enthernet: Q_Enthernet ReadNutiWork Error: Get Error with error code: 81192
08:28:39.13-[Error]-PLC Q_Enthernet: Q_Enthernet ReadNutiWork Error: Get Error with error code: 81192
08:28:39.14-[Error]-PLC Q_Enthernet: Q_Enthernet ReadNutiWork Error: Get Error with error code: 81192
08:28:39.15-[Error]-PLC Q_Enthernet: Q_Enthernet ReadNutiWork Error: Get Error with error code: 81192
08:28:39.16-[Error]-PLC Q_Enthernet: Q_Enthernet ReadNutiWork Error: Get Error with error code: 81192
08:28:39.17-[Error]-PLC Q_Enthernet: Q_Enthernet ReadNutiWork Error: Get Error with error code: 81192
08:28:39.18-[Error]-PLC Q_Enthernet: Q_Enthernet ReadNutiWork Error: Get Error with error code: 81192
08:28:39.19-[Error]-PLC Q_Enthernet: Q_Enthernet ReadNutiWork Error: Get Error with error code: 81192
08:28:39.20-[Error]-PLC Q_Enthernet: Q_Enthernet ReadNutiWork Error: Get Error with error code: 81192
08:28:39.21-[Error]-PLC Q_Enthernet: Q_Enthernet ReadNutiWork Error: Get Error with error code: 81192
08:28:39.22-[Error]-PLC Q_Enthernet: Q_Enthernet ReadNutiWork Error: Get Error with error code: 81192
08:28:39.23-[Error]-PLC Q_Enthernet: Q_Enthernet ReadNutiWork Error: Get Error with error code: 81192
08:28:39.24-[Error]-PLC Q_Enthernet: Q_Enthernet ReadNutiWork Error: Get Error with error code: 81192
08:28:39.25-[Error]-PLC Q_Enthernet: Q_Enthernet ReadNutiWork Error: Get Error with error code: 81192
08:28:39.26-[Error]-PLC Q_Enthernet: Q_Enthernet ReadNutiWork Error: Get Error with error code: 81192
08:28:39.27-[Error]-PLC Q_Enthernet: Q_Enthernet ReadNutiWork Error: Get Error with error code: 81192
08:28:39.29-[Error]-PLC Q_Enthernet: Q_Enthernet ReadNutiWork Error: Get Error with error code: 81192
08:28:39.30-[Error]-PLC Q_Enthernet: Q_Enthernet ReadNutiWork Error: Get Error with error code: 81192
08:28:39.31-[Error]-PLC Q_Enthernet: Q_Enthernet ReadNutiWork Error: Get Error with error code: 81192
08:28:39.32-[Error]-PLC Q_Enthernet: Q_Enthernet ReadNutiWork Error: Get Error with error code: 81192
08:28:39.34-[Error]-PLC Q_Enthernet: Q_Enthernet ReadNutiWork Error: Get Error with error code: 81192
08:28:39.35-[Error]-PLC Q_Enthernet: Q_Enthernet ReadNutiWork Error: Get Error with error code: 81192
08:28:39.37-[Error]-PLC Q_Enthernet: Q_Enthernet ReadNutiWork Error: Get Error with error code: 81192
08:28:39.38-[Error]-PLC Q_Enthernet: Q_Enthernet ReadNutiWork Error: Get Error with error code: 81192
08:28:39.39-[Error]-PLC Q_Enthernet: Q_Enthernet ReadNutiWork Error: Get Error with error code: 81192
08:28:39.40-[Error]-PLC Q_Enthernet: Q_Enthernet ReadNutiWork Error: Get Error with error code: 81192
08:28:39.41-[Error]-PLC Q_Enthernet: Q_Enthernet ReadNutiWork Error: Get Error with error code: 81192
08:28:39.43-[Error]-PLC Q_Enthernet: Q_Enthernet ReadNutiWork Error: Get Error with error code: 81192
08:28:39.44-[Error]-PLC Q_Enthernet: Q_Enthernet ReadNutiWork Error: Get Error with error code: 81192
08:28:39.45-[Error]-PLC Q_Enthernet: Q_Enthernet ReadNutiWork Error: Get Error with error code: 81192
08:28:39.46-[Error]-PLC Q_Enthernet: Q_Enthernet ReadNutiWork Error: Get Error with error code: 81192
08:28:39.47-[Error]-PLC Q_Enthernet: Q_Enthernet ReadNutiWork Error: Get Error with error code: 81192
08:28:39.48-[Error]-PLC Q_Enthernet: Q_Enthernet ReadNutiWork Error: Get Error with error code: 81192
08:28:39.49-[Error]-PLC Q_Enthernet: Q_Enthernet ReadNutiWork Error: Get Error with error code: 81192
08:28:39.50-[Error]-PLC Q_Enthernet: Q_Enthernet ReadNutiWork Error: Get Error with error code: 81192
08:28:39.51-[Error]-PLC Q_Enthernet: Q_Enthernet ReadNutiWork Error: Get Error with error code: 81192
08:28:39.52-[Error]-PLC Q_Enthernet: Q_Enthernet ReadNutiWork Error: Get Error with error code: 81192
08:28:39.53-[Error]-PLC Q_Enthernet: Q_Enthernet ReadNutiWork Error: Get Error with error code: 81192
08:28:39.54-[Error]-PLC Q_Enthernet: Q_Enthernet ReadNutiWork Error: Get Error with error code: 81192
08:28:39.55-[Error]-PLC Q_Enthernet: Q_Enthernet ReadNutiWork Error: Get Error with error code: 81192
08:28:39.56-[Error]-PLC Q_Enthernet: Q_Enthernet ReadNutiWork Error: Get Error with error code: 81192
08:28:39.57-[Error]-PLC Q_Enthernet: Q_Enthernet ReadNutiWork Error: Get Error with error code: 81192
08:28:39.58-[Error]-PLC Q_Enthernet: Q_Enthernet ReadNutiWork Error: Get Error with error code: 81192
08:28:39.59-[Error]-PLC Q_Enthernet: Q_Enthernet ReadNutiWork Error: Get Error with error code: 81192
08:28:39.60-[Error]-PLC Q_Enthernet: Q_Enthernet ReadNutiWork Error: Get Error with error code: 81192
08:28:39.61-[Error]-PLC Q_Enthernet: Q_Enthernet ReadNutiWork Error: Get Error with error code: 81192
08:28:39.62-[Error]-PLC Q_Enthernet: Q_Enthernet ReadNutiWork Error: Get Error with error code: 81192
08:28:39.63-[Error]-PLC Q_Enthernet: Q_Enthernet ReadNutiWork Error: Get Error with error code: 81192
08:28:39.64-[Error]-PLC Q_Enthernet: Q_Enthernet ReadNutiWork Error: Get Error with error code: 81192
08:28:39.65-[Error]-PLC Q_Enthernet: Q_Enthernet ReadNutiWork Error: Get Error with error code: 81192
08:28:39.66-[Error]-PLC Q_Enthernet: Q_Enthernet ReadNutiWork Error: Get Error with error code: 81192
08:28:39.67-[Error]-PLC Q_Enthernet: Q_Enthernet ReadNutiWork Error: Get Error with error code: 81192
08:28:39.68-[Error]-PLC Q_Enthernet: Q_Enthernet ReadNutiWork Error: Get Error with error code: 81192
08:28:39.69-[Error]-PLC Q_Enthernet: Q_Enthernet ReadNutiWork Error: Get Error with error code: 81192
08:28:39.70-[Error]-PLC Q_Enthernet: Q_Enthernet ReadNutiWork Error: Get Error with error code: 81192
08:28:39.71-[Error]-PLC Q_Enthernet: Q_Enthernet ReadNutiWork Error: Get Error with error code: 81192
08:28:39.72-[Error]-PLC Q_Enthernet: Q_Enthernet ReadNutiWork Error: Get Error with error code: 81192
08:28:39.73-[Error]-PLC Q_Enthernet: Q_Enthernet ReadNutiWork Error: Get Error with error code: 81192
08:28:39.74-[Error]-PLC Q_Enthernet: Q_Enthernet ReadNutiWork Error: Get Error with error code: 81192
08:28:39.75-[Error]-PLC Q_Enthernet: Q_Enthernet ReadNutiWork Error: Get Error with error code: 81192
08:28:39.76-[Error]-PLC Q_Enthernet: Q_Enthernet ReadNutiWork Error: Get Error with error code: 81192
08:28:39.77-[Error]-PLC Q_Enthernet: Q_Enthernet ReadNutiWork Error: Get Error with error code: 81192
08:28:39.78-[Error]-PLC Q_Enthernet: Q_Enthernet ReadNutiWork Error: Get Error with error code: 81192
08:28:39.78-[Error]-PLC Q_Enthernet: Q_Enthernet ReadNutiWork Error: Get Error with error code: 81192
08:28:39.79-[Error]-PLC Q_Enthernet: Q_Enthernet ReadNutiWork Error: Get Error with error code: 81192
08:28:39.80-[Error]-PLC Q_Enthernet: Q_Enthernet ReadNutiWork Error: Get Error with error code: 81192
08:28:39.81-[Error]-PLC Q_Enthernet: Q_Enthernet ReadNutiWork Error: Get Error with error code: 81192
08:28:39.82-[Error]-PLC Q_Enthernet: Q_Enthernet ReadNutiWork Error: Get Error with error code: 81192
08:28:39.84-[Error]-PLC Q_Enthernet: Q_Enthernet ReadNutiWork Error: Get Error with error code: 81192
08:28:39.85-[Error]-PLC Q_Enthernet: Q_Enthernet ReadNutiWork Error: Get Error with error code: 81192
08:28:39.86-[Error]-PLC Q_Enthernet: Q_Enthernet ReadNutiWork Error: Get Error with error code: 81192
08:28:39.87-[Error]-PLC Q_Enthernet: Q_Enthernet ReadNutiWork Error: Get Error with error code: 81192
08:28:39.88-[Error]-PLC Q_Enthernet: Q_Enthernet ReadNutiWork Error: Get Error with error code: 81192
08:28:39.89-[Error]-PLC Q_Enthernet: Q_Enthernet ReadNutiWork Error: Get Error with error code: 81192
08:28:39.89-[Error]-PLC Q_Enthernet: Q_Enthernet ReadNutiWork Error: Get Error with error code: 81192
08:28:39.90-[Error]-PLC Q_Enthernet: Q_Enthernet ReadNutiWork Error: Get Error with error code: 81192
08:28:39.91-[Error]-PLC Q_Enthernet: Q_Enthernet ReadNutiWork Error: Get Error with error code: 81192
08:28:39.92-[Error]-PLC Q_Enthernet: Q_Enthernet ReadNutiWork Error: Get Error with error code: 81192
08:28:39.93-[Error]-PLC Q_Enthernet: Q_Enthernet ReadNutiWork Error: Get Error with error code: 81192
08:28:39.94-[Error]-PLC Q_Enthernet: Q_Enthernet ReadNutiWork Error: Get Error with error code: 81192
08:28:39.95-[Error]-PLC Q_Enthernet: Q_Enthernet ReadNutiWork Error: Get Error with error code: 81192
08:28:39.96-[Error]-PLC Q_Enthernet: Q_Enthernet ReadNutiWork Error: Get Error with error code: 81192
08:28:39.97-[Error]-PLC Q_Enthernet: Q_Enthernet ReadNutiWork Error: Get Error with error code: 81192
08:28:39.98-[Error]-PLC Q_Enthernet: Q_Enthernet ReadNutiWork Error: Get Error with error code: 81192
08:28:39.99-[Error]-PLC Q_Enthernet: Q_Enthernet ReadNutiWork Error: Get Error with error code: 81192
08:28:40.00-[Error]-PLC Q_Enthernet: Q_Enthernet ReadNutiWork Error: Get Error with error code: 81192
08:28:40.01-[Error]-PLC Q_Enthernet: Q_Enthernet ReadNutiWork Error: Get Error with error code: 81192
08:28:40.02-[Error]-PLC Q_Enthernet: Q_Enthernet ReadNutiWork Error: Get Error with error code: 81192
08:28:40.03-[Error]-PLC Q_Enthernet: Q_Enthernet ReadNutiWork Error: Get Error with error code: 81192
08:28:40.04-[Error]-PLC Q_Enthernet: Q_Enthernet ReadNutiWork Error: Get Error with error code: 81192
08:28:40.05-[Error]-PLC Q_Enthernet: Q_Enthernet ReadNutiWork Error: Get Error with error code: 81192
08:28:40.06-[Error]-PLC Q_Enthernet: Q_Enthernet ReadNutiWork Error: Get Error with error code: 81192
08:28:40.07-[Error]-PLC Q_Enthernet: Q_Enthernet ReadNutiWork Error: Get Error with error code: 81192
08:28:40.08-[Error]-PLC Q_Enthernet: Q_Enthernet ReadNutiWork Error: Get Error with error code: 81192
08:28:40.09-[Error]-PLC Q_Enthernet: Q_Enthernet ReadNutiWork Error: Get Error with error code: 81192
08:28:40.10-[Error]-PLC Q_Enthernet: Q_Enthernet ReadNutiWork Error: Get Error with error code: 81192
08:28:40.11-[Error]-PLC Q_Enthernet: Q_Enthernet ReadNutiWork Error: Get Error with error code: 81192
08:28:40.11-[Error]-PLC Q_Enthernet: Q_Enthernet ReadNutiWork Error: Get Error with error code: 81192
08:28:40.12-[Error]-PLC Q_Enthernet: Q_Enthernet ReadNutiWork Error: Get Error with error code: 81192
08:28:40.13-[Error]-PLC Q_Enthernet: Q_Enthernet ReadNutiWork Error: Get Error with error code: 81192
08:28:40.14-[Error]-PLC Q_Enthernet: Q_Enthernet ReadNutiWork Error: Get Error with error code: 81192
08:28:40.15-[Error]-PLC Q_Enthernet: Q_Enthernet ReadNutiWork Error: Get Error with error code: 81192
08:28:40.16-[Error]-PLC Q_Enthernet: Q_Enthernet ReadNutiWork Error: Get Error with error code: 81192
08:28:40.17-[Error]-PLC Q_Enthernet: Q_Enthernet ReadNutiWork Error: Get Error with error code: 81192
08:28:40.18-[Error]-PLC Q_Enthernet: Q_Enthernet ReadNutiWork Error: Get Error with error code: 81192
08:28:40.19-[Error]-PLC Q_Enthernet: Q_Enthernet ReadNutiWork Error: Get Error with error code: 81192
08:28:40.20-[Error]-PLC Q_Enthernet: Q_Enthernet ReadNutiWork Error: Get Error with error code: 81192
08:28:40.21-[Error]-PLC Q_Enthernet: Q_Enthernet ReadNutiWork Error: Get Error with error code: 81192
08:28:40.22-[Error]-PLC Q_Enthernet: Q_Enthernet ReadNutiWork Error: Get Error with error code: 81192
08:28:40.22-[Error]-PLC Q_Enthernet: Q_Enthernet ReadNutiWork Error: Get Error with error code: 81192
08:28:40.23-[Error]-PLC Q_Enthernet: Q_Enthernet ReadNutiWork Error: Get Error with error code: 81192
08:28:40.24-[Error]-PLC Q_Enthernet: Q_Enthernet ReadNutiWork Error: Get Error with error code: 81192
08:28:40.25-[Error]-PLC Q_Enthernet: Q_Enthernet ReadNutiWork Error: Get Error with error code: 81192
08:28:40.26-[Error]-PLC Q_Enthernet: Q_Enthernet ReadNutiWork Error: Get Error with error code: 81192
08:28:40.27-[Error]-PLC Q_Enthernet: Q_Enthernet ReadNutiWork Error: Get Error with error code: 81192
08:28:40.28-[Error]-PLC Q_Enthernet: Q_Enthernet ReadNutiWork Error: Get Error with error code: 81192
08:28:40.29-[Error]-PLC Q_Enthernet: Q_Enthernet ReadNutiWork Error: Get Error with error code: 81192
08:28:40.30-[Error]-PLC Q_Enthernet: Q_Enthernet ReadNutiWork Error: Get Error with error code: 81192
08:28:40.31-[Error]-PLC Q_Enthernet: Q_Enthernet ReadNutiWork Error: Get Error with error code: 81192
08:28:40.32-[Error]-PLC Q_Enthernet: Q_Enthernet ReadNutiWork Error: Get Error with error code: 81192
08:28:40.33-[Error]-PLC Q_Enthernet: Q_Enthernet ReadNutiWork Error: Get Error with error code: 81192
08:28:40.34-[Error]-PLC Q_Enthernet: Q_Enthernet ReadNutiWork Error: Get Error with error code: 81192
08:28:40.35-[Error]-PLC Q_Enthernet: Q_Enthernet ReadNutiWork Error: Get Error with error code: 81192
08:28:40.36-[Error]-PLC Q_Enthernet: Q_Enthernet ReadNutiWork Error: Get Error with error code: 81192
08:28:40.37-[Error]-PLC Q_Enthernet: Q_Enthernet ReadNutiWork Error: Get Error with error code: 81192
08:28:40.38-[Error]-PLC Q_Enthernet: Q_Enthernet ReadNutiWork Error: Get Error with error code: 81192
08:28:40.39-[Error]-PLC Q_Enthernet: Q_Enthernet ReadNutiWork Error: Get Error with error code: 81192
08:28:40.40-[Error]-PLC Q_Enthernet: Q_Enthernet ReadNutiWork Error: Get Error with error code: 81192
08:28:40.41-[Error]-PLC Q_Enthernet: Q_Enthernet ReadNutiWork Error: Get Error with error code: 81192
08:28:40.41-[Error]-PLC Q_Enthernet: Q_Enthernet ReadNutiWork Error: Get Error with error code: 81192
08:28:40.42-[Error]-PLC Q_Enthernet: Q_Enthernet ReadNutiWork Error: Get Error with error code: 81192
08:28:40.43-[Error]-PLC Q_Enthernet: Q_Enthernet ReadNutiWork Error: Get Error with error code: 81192
08:28:40.44-[Error]-PLC Q_Enthernet: Q_Enthernet ReadNutiWork Error: Get Error with error code: 81192
08:28:40.45-[Error]-PLC Q_Enthernet: Q_Enthernet ReadNutiWork Error: Get Error with error code: 81192
08:28:40.46-[Error]-PLC Q_Enthernet: Q_Enthernet ReadNutiWork Error: Get Error with error code: 81192
08:28:40.47-[Error]-PLC Q_Enthernet: Q_Enthernet ReadNutiWork Error: Get Error with error code: 81192
08:28:40.48-[Error]-PLC Q_Enthernet: Q_Enthernet ReadNutiWork Error: Get Error with error code: 81192
08:28:40.50-[Error]-PLC Q_Enthernet: Q_Enthernet ReadNutiWork Error: Get Error with error code: 81192
08:28:40.50-[Error]-PLC Q_Enthernet: Q_Enthernet ReadNutiWork Error: Get Error with error code: 81192
08:28:40.51-[Error]-PLC Q_Enthernet: Q_Enthernet ReadNutiWork Error: Get Error with error code: 81192
08:28:40.52-[Error]-PLC Q_Enthernet: Q_Enthernet ReadNutiWork Error: Get Error with error code: 81192
08:28:40.53-[Error]-PLC Q_Enthernet: Q_Enthernet ReadNutiWork Error: Get Error with error code: 81192
08:28:40.54-[Error]-PLC Q_Enthernet: Q_Enthernet ReadNutiWork Error: Get Error with error code: 81192
08:28:40.55-[Error]-PLC Q_Enthernet: Q_Enthernet ReadNutiWork Error: Get Error with error code: 81192
08:28:40.56-[Error]-PLC Q_Enthernet: Q_Enthernet ReadNutiWork Error: Get Error with error code: 81192
08:28:40.57-[Error]-PLC Q_Enthernet: Q_Enthernet ReadNutiWork Error: Get Error with error code: 81192
08:28:40.58-[Error]-PLC Q_Enthernet: Q_Enthernet ReadNutiWork Error: Get Error with error code: 81192
08:28:40.59-[Error]-PLC Q_Enthernet: Q_Enthernet ReadNutiWork Error: Get Error with error code: 81192
08:28:40.60-[Error]-PLC Q_Enthernet: Q_Enthernet ReadNutiWork Error: Get Error with error code: 81192
08:28:40.61-[Error]-PLC Q_Enthernet: Q_Enthernet ReadNutiWork Error: Get Error with error code: 81192
08:28:40.62-[Error]-PLC Q_Enthernet: Q_Enthernet ReadNutiWork Error: Get Error with error code: 81192
08:28:40.63-[Error]-PLC Q_Enthernet: Q_Enthernet ReadNutiWork Error: Get Error with error code: 81192
08:28:40.64-[Error]-PLC Q_Enthernet: Q_Enthernet ReadNutiWork Error: Get Error with error code: 81192
08:28:40.65-[Error]-PLC Q_Enthernet: Q_Enthernet ReadNutiWork Error: Get Error with error code: 81192
08:28:40.66-[Error]-PLC Q_Enthernet: Q_Enthernet ReadNutiWork Error: Get Error with error code: 81192
08:28:40.66-[Error]-PLC Q_Enthernet: Q_Enthernet ReadNutiWork Error: Get Error with error code: 81192
08:28:40.67-[Error]-PLC Q_Enthernet: Q_Enthernet ReadNutiWork Error: Get Error with error code: 81192
08:28:40.68-[Error]-PLC Q_Enthernet: Q_Enthernet ReadNutiWork Error: Get Error with error code: 81192
08:28:40.69-[Error]-PLC Q_Enthernet: Q_Enthernet ReadNutiWork Error: Get Error with error code: 81192
08:28:40.71-[Error]-PLC Q_Enthernet: Q_Enthernet ReadNutiWork Error: Get Error with error code: 81192
08:28:40.71-[Error]-PLC Q_Enthernet: Q_Enthernet ReadNutiWork Error: Get Error with error code: 81192
08:28:40.72-[Error]-PLC Q_Enthernet: Q_Enthernet ReadNutiWork Error: Get Error with error code: 81192
08:28:40.73-[Error]-PLC Q_Enthernet: Q_Enthernet ReadNutiWork Error: Get Error with error code: 81192
08:28:40.74-[Error]-PLC Q_Enthernet: Q_Enthernet ReadNutiWork Error: Get Error with error code: 81192
08:28:40.75-[Error]-PLC Q_Enthernet: Q_Enthernet ReadNutiWork Error: Get Error with error code: 81192
08:28:40.76-[Error]-PLC Q_Enthernet: Q_Enthernet ReadNutiWork Error: Get Error with error code: 81192
08:28:40.77-[Error]-PLC Q_Enthernet: Q_Enthernet ReadNutiWork Error: Get Error with error code: 81192
08:28:40.78-[Error]-PLC Q_Enthernet: Q_Enthernet ReadNutiWork Error: Get Error with error code: 81192
08:28:40.79-[Error]-PLC Q_Enthernet: Q_Enthernet ReadNutiWork Error: Get Error with error code: 81192
08:28:40.80-[Error]-PLC Q_Enthernet: Q_Enthernet ReadNutiWork Error: Get Error with error code: 81192
08:28:40.81-[Error]-PLC Q_Enthernet: Q_Enthernet ReadNutiWork Error: Get Error with error code: 81192
08:28:40.82-[Error]-PLC Q_Enthernet: Q_Enthernet ReadNutiWork Error: Get Error with error code: 81192
08:28:40.82-[Error]-PLC Q_Enthernet: Q_Enthernet ReadNutiWork Error: Get Error with error code: 81192
08:28:40.84-[Error]-PLC Q_Enthernet: Q_Enthernet ReadNutiWork Error: Get Error with error code: 81192
08:28:40.84-[Error]-PLC Q_Enthernet: Q_Enthernet ReadNutiWork Error: Get Error with error code: 81192
08:28:40.85-[Error]-PLC Q_Enthernet: Q_Enthernet ReadNutiWork Error: Get Error with error code: 81192
08:28:40.86-[Error]-PLC Q_Enthernet: Q_Enthernet ReadNutiWork Error: Get Error with error code: 81192
08:28:40.87-[Error]-PLC Q_Enthernet: Q_Enthernet ReadNutiWork Error: Get Error with error code: 81192
08:28:40.88-[Error]-PLC Q_Enthernet: Q_Enthernet ReadNutiWork Error: Get Error with error code: 81192
08:28:40.89-[Error]-PLC Q_Enthernet: Q_Enthernet ReadNutiWork Error: Get Error with error code: 81192
08:28:40.90-[Error]-PLC Q_Enthernet: Q_Enthernet ReadNutiWork Error: Get Error with error code: 81192
08:28:40.91-[Error]-PLC Q_Enthernet: Q_Enthernet ReadNutiWork Error: Get Error with error code: 81192
08:28:40.92-[Error]-PLC Q_Enthernet: Q_Enthernet ReadNutiWork Error: Get Error with error code: 81192
08:28:40.93-[Error]-PLC Q_Enthernet: Q_Enthernet ReadNutiWork Error: Get Error with error code: 81192
08:28:40.94-[Error]-PLC Q_Enthernet: Q_Enthernet ReadNutiWork Error: Get Error with error code: 81192
08:28:40.95-[Error]-PLC Q_Enthernet: Q_Enthernet ReadNutiWork Error: Get Error with error code: 81192
08:28:40.96-[Error]-PLC Q_Enthernet: Q_Enthernet ReadNutiWork Error: Get Error with error code: 81192
08:28:40.97-[Error]-PLC Q_Enthernet: Q_Enthernet ReadNutiWork Error: Get Error with error code: 81192
08:28:40.98-[Error]-PLC Q_Enthernet: Q_Enthernet ReadNutiWork Error: Get Error with error code: 81192
08:28:40.99-[Error]-PLC Q_Enthernet: Q_Enthernet ReadNutiWork Error: Get Error with error code: 81192
08:28:41.00-[Error]-PLC Q_Enthernet: Q_Enthernet ReadNutiWork Error: Get Error with error code: 81192
08:28:41.01-[Error]-PLC Q_Enthernet: Q_Enthernet ReadNutiWork Error: Get Error with error code: 81192
08:28:41.02-[Error]-PLC Q_Enthernet: Q_Enthernet ReadNutiWork Error: Get Error with error code: 81192
08:28:41.03-[Error]-PLC Q_Enthernet: Q_Enthernet ReadNutiWork Error: Get Error with error code: 81192
08:28:41.04-[Error]-PLC Q_Enthernet: Q_Enthernet ReadNutiWork Error: Get Error with error code: 81192
08:28:41.05-[Error]-PLC Q_Enthernet: Q_Enthernet ReadNutiWork Error: Get Error with error code: 81192
08:28:41.06-[Error]-PLC Q_Enthernet: Q_Enthernet ReadNutiWork Error: Get Error with error code: 81192
08:28:41.07-[Error]-PLC Q_Enthernet: Q_Enthernet ReadNutiWork Error: Get Error with error code: 81192
08:28:41.08-[Error]-PLC Q_Enthernet: Q_Enthernet ReadNutiWork Error: Get Error with error code: 81192
08:28:41.09-[Error]-PLC Q_Enthernet: Q_Enthernet ReadNutiWork Error: Get Error with error code: 81192
08:28:41.10-[Error]-PLC Q_Enthernet: Q_Enthernet ReadNutiWork Error: Get Error with error code: 81192
08:28:41.11-[Error]-PLC Q_Enthernet: Q_Enthernet ReadNutiWork Error: Get Error with error code: 81192
08:28:41.12-[Error]-PLC Q_Enthernet: Q_Enthernet ReadNutiWork Error: Get Error with error code: 81192
08:28:41.13-[Error]-PLC Q_Enthernet: Q_Enthernet ReadNutiWork Error: Get Error with error code: 81192
08:28:41.14-[Error]-PLC Q_Enthernet: Q_Enthernet ReadNutiWork Error: Get Error with error code: 81192
08:28:41.15-[Error]-PLC Q_Enthernet: Q_Enthernet ReadNutiWork Error: Get Error with error code: 81192
08:28:41.16-[Error]-PLC Q_Enthernet: Q_Enthernet ReadNutiWork Error: Get Error with error code: 81192
08:28:41.17-[Error]-PLC Q_Enthernet: Q_Enthernet ReadNutiWork Error: Get Error with error code: 81192
08:28:41.17-[Error]-PLC Q_Enthernet: Q_Enthernet ReadNutiWork Error: Get Error with error code: 81192
08:28:41.18-[Error]-PLC Q_Enthernet: Q_Enthernet ReadNutiWork Error: Get Error with error code: 81192
08:28:41.19-[Error]-PLC Q_Enthernet: Q_Enthernet ReadNutiWork Error: Get Error with error code: 81192
08:28:41.20-[Error]-PLC Q_Enthernet: Q_Enthernet ReadNutiWork Error: Get Error with error code: 81192
08:28:41.21-[Error]-PLC Q_Enthernet: Q_Enthernet ReadNutiWork Error: Get Error with error code: 81192
08:28:41.22-[Error]-PLC Q_Enthernet: Q_Enthernet ReadNutiWork Error: Get Error with error code: 81192
08:28:41.23-[Error]-PLC Q_Enthernet: Q_Enthernet ReadNutiWork Error: Get Error with error code: 81192
08:28:41.24-[Error]-PLC Q_Enthernet: Q_Enthernet ReadNutiWork Error: Get Error with error code: 81192
08:28:41.25-[Error]-PLC Q_Enthernet: Q_Enthernet ReadNutiWork Error: Get Error with error code: 81192
08:28:41.26-[Error]-PLC Q_Enthernet: Q_Enthernet ReadNutiWork Error: Get Error with error code: 81192
08:28:41.27-[Error]-PLC Q_Enthernet: Q_Enthernet ReadNutiWork Error: Get Error with error code: 81192
08:28:41.28-[Error]-PLC Q_Enthernet: Q_Enthernet ReadNutiWork Error: Get Error with error code: 81192
08:28:41.29-[Error]-PLC Q_Enthernet: Q_Enthernet ReadNutiWork Error: Get Error with error code: 81192
08:28:41.30-[Error]-PLC Q_Enthernet: Q_Enthernet ReadNutiWork Error: Get Error with error code: 81192
08:28:41.31-[Error]-PLC Q_Enthernet: Q_Enthernet ReadNutiWork Error: Get Error with error code: 81192
08:28:41.32-[Error]-PLC Q_Enthernet: Q_Enthernet ReadNutiWork Error: Get Error with error code: 81192
08:28:41.33-[Error]-PLC Q_Enthernet: Q_Enthernet ReadNutiWork Error: Get Error with error code: 81192
08:28:41.34-[Error]-PLC Q_Enthernet: Q_Enthernet ReadNutiWork Error: Get Error with error code: 81192
08:28:41.36-[Error]-PLC Q_Enthernet: Q_Enthernet ReadNutiWork Error: Get Error with error code: 81192
08:28:41.37-[Error]-PLC Q_Enthernet: Q_Enthernet ReadNutiWork Error: Get Error with error code: 81192
08:28:41.38-[Error]-PLC Q_Enthernet: Q_Enthernet ReadNutiWork Error: Get Error with error code: 81192
08:28:41.39-[Error]-PLC Q_Enthernet: Q_Enthernet ReadNutiWork Error: Get Error with error code: 81192
08:28:41.40-[Error]-PLC Q_Enthernet: Q_Enthernet ReadNutiWork Error: Get Error with error code: 81192
08:28:41.41-[Error]-PLC Q_Enthernet: Q_Enthernet ReadNutiWork Error: Get Error with error code: 81192
08:28:41.41-[Error]-PLC Q_Enthernet: Q_Enthernet ReadNutiWork Error: Get Error with error code: 81192
08:28:41.42-[Error]-PLC Q_Enthernet: Q_Enthernet ReadNutiWork Error: Get Error with error code: 81192
08:28:41.43-[Error]-PLC Q_Enthernet: Q_Enthernet ReadNutiWork Error: Get Error with error code: 81192
08:28:41.44-[Error]-PLC Q_Enthernet: Q_Enthernet ReadNutiWork Error: Get Error with error code: 81192
08:28:41.45-[Error]-PLC Q_Enthernet: Q_Enthernet ReadNutiWork Error: Get Error with error code: 81192
08:28:41.46-[Error]-PLC Q_Enthernet: Q_Enthernet ReadNutiWork Error: Get Error with error code: 81192
08:28:41.47-[Error]-PLC Q_Enthernet: Q_Enthernet ReadNutiWork Error: Get Error with error code: 81192
08:28:41.48-[Error]-PLC Q_Enthernet: Q_Enthernet ReadNutiWork Error: Get Error with error code: 81192
08:28:41.48-[Error]-PLC Q_Enthernet: Q_Enthernet ReadNutiWork Error: Get Error with error code: 81192
08:28:41.50-[Error]-PLC Q_Enthernet: Q_Enthernet ReadNutiWork Error: Get Error with error code: 81192
08:28:41.51-[Error]-PLC Q_Enthernet: Q_Enthernet ReadNutiWork Error: Get Error with error code: 81192
08:28:41.51-[Error]-PLC Q_Enthernet: Q_Enthernet ReadNutiWork Error: Get Error with error code: 81192
08:28:41.53-[Error]-PLC Q_Enthernet: Q_Enthernet ReadNutiWork Error: Get Error with error code: 81192
08:28:41.54-[Error]-PLC Q_Enthernet: Q_Enthernet ReadNutiWork Error: Get Error with error code: 81192
08:28:41.55-[Error]-PLC Q_Enthernet: Q_Enthernet ReadNutiWork Error: Get Error with error code: 81192
08:28:41.56-[Error]-PLC Q_Enthernet: Q_Enthernet ReadNutiWork Error: Get Error with error code: 81192
08:28:41.57-[Error]-PLC Q_Enthernet: Q_Enthernet ReadNutiWork Error: Get Error with error code: 81192
08:28:41.58-[Error]-PLC Q_Enthernet: Q_Enthernet ReadNutiWork Error: Get Error with error code: 81192
08:28:41.59-[Error]-PLC Q_Enthernet: Q_Enthernet ReadNutiWork Error: Get Error with error code: 81192
08:28:41.60-[Error]-PLC Q_Enthernet: Q_Enthernet ReadNutiWork Error: Get Error with error code: 81192
08:28:41.61-[Error]-PLC Q_Enthernet: Q_Enthernet ReadNutiWork Error: Get Error with error code: 81192
08:28:41.62-[Error]-PLC Q_Enthernet: Q_Enthernet ReadNutiWork Error: Get Error with error code: 81192
08:28:41.63-[Error]-PLC Q_Enthernet: Q_Enthernet ReadNutiWork Error: Get Error with error code: 81192
08:28:41.64-[Error]-PLC Q_Enthernet: Q_Enthernet ReadNutiWork Error: Get Error with error code: 81192
08:28:41.65-[Error]-PLC Q_Enthernet: Q_Enthernet ReadNutiWork Error: Get Error with error code: 81192
08:28:41.66-[Error]-PLC Q_Enthernet: Q_Enthernet ReadNutiWork Error: Get Error with error code: 81192
08:28:41.67-[Error]-PLC Q_Enthernet: Q_Enthernet ReadNutiWork Error: Get Error with error code: 81192
08:28:41.68-[Error]-PLC Q_Enthernet: Q_Enthernet ReadNutiWork Error: Get Error with error code: 81192
08:28:41.69-[Error]-PLC Q_Enthernet: Q_Enthernet ReadNutiWork Error: Get Error with error code: 81192
08:28:41.70-[Error]-PLC Q_Enthernet: Q_Enthernet ReadNutiWork Error: Get Error with error code: 81192
08:28:41.71-[Error]-PLC Q_Enthernet: Q_Enthernet ReadNutiWork Error: Get Error with error code: 81192
08:28:41.72-[Error]-PLC Q_Enthernet: Q_Enthernet ReadNutiWork Error: Get Error with error code: 81192
08:28:41.73-[Error]-PLC Q_Enthernet: Q_Enthernet ReadNutiWork Error: Get Error with error code: 81192
08:28:41.74-[Error]-PLC Q_Enthernet: Q_Enthernet ReadNutiWork Error: Get Error with error code: 81192
08:28:41.75-[Error]-PLC Q_Enthernet: Q_Enthernet ReadNutiWork Error: Get Error with error code: 81192
08:28:41.76-[Error]-PLC Q_Enthernet: Q_Enthernet ReadNutiWork Error: Get Error with error code: 81192
08:28:41.77-[Error]-PLC Q_Enthernet: Q_Enthernet ReadNutiWork Error: Get Error with error code: 81192
08:28:41.78-[Error]-PLC Q_Enthernet: Q_Enthernet ReadNutiWork Error: Get Error with error code: 81192
08:28:41.79-[Error]-PLC Q_Enthernet: Q_Enthernet ReadNutiWork Error: Get Error with error code: 81192
08:28:41.80-[Error]-PLC Q_Enthernet: Q_Enthernet ReadNutiWork Error: Get Error with error code: 81192
08:28:41.81-[Error]-PLC Q_Enthernet: Q_Enthernet ReadNutiWork Error: Get Error with error code: 81192
08:28:41.82-[Error]-PLC Q_Enthernet: Q_Enthernet ReadNutiWork Error: Get Error with error code: 81192
08:28:41.83-[Error]-PLC Q_Enthernet: Q_Enthernet ReadNutiWork Error: Get Error with error code: 81192
08:28:41.84-[Error]-PLC Q_Enthernet: Q_Enthernet ReadNutiWork Error: Get Error with error code: 81192
08:28:41.85-[Error]-PLC Q_Enthernet: Q_Enthernet ReadNutiWork Error: Get Error with error code: 81192
08:28:41.86-[Error]-PLC Q_Enthernet: Q_Enthernet ReadNutiWork Error: Get Error with error code: 81192
08:28:41.87-[Error]-PLC Q_Enthernet: Q_Enthernet ReadNutiWork Error: Get Error with error code: 81192
08:28:41.88-[Error]-PLC Q_Enthernet: Q_Enthernet ReadNutiWork Error: Get Error with error code: 81192
08:28:41.89-[Error]-PLC Q_Enthernet: Q_Enthernet ReadNutiWork Error: Get Error with error code: 81192
08:28:41.90-[Error]-PLC Q_Enthernet: Q_Enthernet ReadNutiWork Error: Get Error with error code: 81192
08:28:41.91-[Error]-PLC Q_Enthernet: Q_Enthernet ReadNutiWork Error: Get Error with error code: 81192
08:28:41.92-[Error]-PLC Q_Enthernet: Q_Enthernet ReadNutiWork Error: Get Error with error code: 81192
08:28:41.93-[Error]-PLC Q_Enthernet: Q_Enthernet ReadNutiWork Error: Get Error with error code: 81192
08:28:41.94-[Error]-PLC Q_Enthernet: Q_Enthernet ReadNutiWork Error: Get Error with error code: 81192
08:28:41.95-[Error]-PLC Q_Enthernet: Q_Enthernet ReadNutiWork Error: Get Error with error code: 81192
08:28:41.96-[Error]-PLC Q_Enthernet: Q_Enthernet ReadNutiWork Error: Get Error with error code: 81192
08:28:41.97-[Error]-PLC Q_Enthernet: Q_Enthernet ReadNutiWork Error: Get Error with error code: 81192
08:28:41.98-[Error]-PLC Q_Enthernet: Q_Enthernet ReadNutiWork Error: Get Error with error code: 81192
08:28:41.99-[Error]-PLC Q_Enthernet: Q_Enthernet ReadNutiWork Error: Get Error with error code: 81192
08:28:42.02-[Error]-PLC Q_Enthernet: Q_Enthernet ReadNutiWork Error: Get Error with error code: 81192
08:28:42.03-[Error]-PLC Q_Enthernet: Q_Enthernet ReadNutiWork Error: Get Error with error code: 81192
08:28:42.04-[Error]-PLC Q_Enthernet: Q_Enthernet ReadNutiWork Error: Get Error with error code: 81192
08:28:42.05-[Error]-PLC Q_Enthernet: Q_Enthernet ReadNutiWork Error: Get Error with error code: 81192
08:28:42.06-[Error]-PLC Q_Enthernet: Q_Enthernet ReadNutiWork Error: Get Error with error code: 81192
08:28:42.07-[Error]-PLC Q_Enthernet: Q_Enthernet ReadNutiWork Error: Get Error with error code: 81192
08:28:42.08-[Error]-PLC Q_Enthernet: Q_Enthernet ReadNutiWork Error: Get Error with error code: 81192
08:28:42.09-[Error]-PLC Q_Enthernet: Q_Enthernet ReadNutiWork Error: Get Error with error code: 81192
08:28:42.10-[Error]-PLC Q_Enthernet: Q_Enthernet ReadNutiWork Error: Get Error with error code: 81192
08:28:42.11-[Error]-PLC Q_Enthernet: Q_Enthernet ReadNutiWork Error: Get Error with error code: 81192
08:28:42.12-[Error]-PLC Q_Enthernet: Q_Enthernet ReadNutiWork Error: Get Error with error code: 81192
08:28:42.14-[Error]-PLC Q_Enthernet: Q_Enthernet ReadNutiWork Error: Get Error with error code: 81192
08:28:42.15-[Error]-PLC Q_Enthernet: Q_Enthernet ReadNutiWork Error: Get Error with error code: 81192
08:28:42.16-[Error]-PLC Q_Enthernet: Q_Enthernet ReadNutiWork Error: Get Error with error code: 81192
08:28:42.17-[Error]-PLC Q_Enthernet: Q_Enthernet ReadNutiWork Error: Get Error with error code: 81192
08:28:42.18-[Error]-PLC Q_Enthernet: Q_Enthernet ReadNutiWork Error: Get Error with error code: 81192
08:28:42.19-[Error]-PLC Q_Enthernet: Q_Enthernet ReadNutiWork Error: Get Error with error code: 81192
08:28:42.20-[Error]-PLC Q_Enthernet: Q_Enthernet ReadNutiWork Error: Get Error with error code: 81192
08:28:42.21-[Error]-PLC Q_Enthernet: Q_Enthernet ReadNutiWork Error: Get Error with error code: 81192
08:28:42.23-[Error]-PLC Q_Enthernet: Q_Enthernet ReadNutiWork Error: Get Error with error code: 81192
08:28:42.24-[Error]-PLC Q_Enthernet: Q_Enthernet ReadNutiWork Error: Get Error with error code: 81192
08:28:42.25-[Error]-PLC Q_Enthernet: Q_Enthernet ReadNutiWork Error: Get Error with error code: 81192
08:28:42.26-[Error]-PLC Q_Enthernet: Q_Enthernet ReadNutiWork Error: Get Error with error code: 81192
08:28:42.27-[Error]-PLC Q_Enthernet: Q_Enthernet ReadNutiWork Error: Get Error with error code: 81192
08:28:42.27-[Error]-PLC Q_Enthernet: Q_Enthernet ReadNutiWork Error: Get Error with error code: 81192
08:28:42.28-[Error]-PLC Q_Enthernet: Q_Enthernet ReadNutiWork Error: Get Error with error code: 81192
08:28:42.29-[Error]-PLC Q_Enthernet: Q_Enthernet ReadNutiWork Error: Get Error with error code: 81192
08:28:42.30-[Error]-PLC Q_Enthernet: Q_Enthernet ReadNutiWork Error: Get Error with error code: 81192
08:28:42.31-[Error]-PLC Q_Enthernet: Q_Enthernet ReadNutiWork Error: Get Error with error code: 81192
08:28:42.32-[Error]-PLC Q_Enthernet: Q_Enthernet ReadNutiWork Error: Get Error with error code: 81192
08:28:42.33-[Error]-PLC Q_Enthernet: Q_Enthernet ReadNutiWork Error: Get Error with error code: 81192
08:28:42.34-[Error]-PLC Q_Enthernet: Q_Enthernet ReadNutiWork Error: Get Error with error code: 81192
08:28:42.35-[Error]-PLC Q_Enthernet: Q_Enthernet ReadNutiWork Error: Get Error with error code: 81192
08:28:42.37-[Error]-PLC Q_Enthernet: Q_Enthernet ReadNutiWork Error: Get Error with error code: 81192
08:28:42.38-[Error]-PLC Q_Enthernet: Q_Enthernet ReadNutiWork Error: Get Error with error code: 81192
08:28:42.39-[Error]-PLC Q_Enthernet: Q_Enthernet ReadNutiWork Error: Get Error with error code: 81192
08:28:42.40-[Error]-PLC Q_Enthernet: Q_Enthernet ReadNutiWork Error: Get Error with error code: 81192
08:28:42.41-[Error]-PLC Q_Enthernet: Q_Enthernet ReadNutiWork Error: Get Error with error code: 81192
08:28:42.42-[Error]-PLC Q_Enthernet: Q_Enthernet ReadNutiWork Error: Get Error with error code: 81192
08:28:42.43-[Error]-PLC Q_Enthernet: Q_Enthernet ReadNutiWork Error: Get Error with error code: 81192
08:28:42.44-[Error]-PLC Q_Enthernet: Q_Enthernet ReadNutiWork Error: Get Error with error code: 81192
08:28:42.45-[Error]-PLC Q_Enthernet: Q_Enthernet ReadNutiWork Error: Get Error with error code: 81192
08:28:42.46-[Error]-PLC Q_Enthernet: Q_Enthernet ReadNutiWork Error: Get Error with error code: 81192
08:28:42.47-[Error]-PLC Q_Enthernet: Q_Enthernet ReadNutiWork Error: Get Error with error code: 81192
08:28:42.48-[Error]-PLC Q_Enthernet: Q_Enthernet ReadNutiWork Error: Get Error with error code: 81192
08:28:42.49-[Error]-PLC Q_Enthernet: Q_Enthernet ReadNutiWork Error: Get Error with error code: 81192
08:28:42.50-[Error]-PLC Q_Enthernet: Q_Enthernet ReadNutiWork Error: Get Error with error code: 81192
08:28:42.51-[Error]-PLC Q_Enthernet: Q_Enthernet ReadNutiWork Error: Get Error with error code: 81192
08:28:42.52-[Error]-PLC Q_Enthernet: Q_Enthernet ReadNutiWork Error: Get Error with error code: 81192
08:28:42.54-[Error]-PLC Q_Enthernet: Q_Enthernet ReadNutiWork Error: Get Error with error code: 81192
08:28:42.55-[Error]-PLC Q_Enthernet: Q_Enthernet ReadNutiWork Error: Get Error with error code: 81192
08:28:42.56-[Error]-PLC Q_Enthernet: Q_Enthernet ReadNutiWork Error: Get Error with error code: 81192
08:28:42.57-[Error]-PLC Q_Enthernet: Q_Enthernet ReadNutiWork Error: Get Error with error code: 81192
08:28:42.58-[Error]-PLC Q_Enthernet: Q_Enthernet ReadNutiWork Error: Get Error with error code: 81192
08:28:42.59-[Error]-PLC Q_Enthernet: Q_Enthernet ReadNutiWork Error: Get Error with error code: 81192
08:28:42.60-[Error]-PLC Q_Enthernet: Q_Enthernet ReadNutiWork Error: Get Error with error code: 81192
08:28:42.61-[Error]-PLC Q_Enthernet: Q_Enthernet ReadNutiWork Error: Get Error with error code: 81192
08:28:42.62-[Error]-PLC Q_Enthernet: Q_Enthernet ReadNutiWork Error: Get Error with error code: 81192
08:28:42.63-[Error]-PLC Q_Enthernet: Q_Enthernet ReadNutiWork Error: Get Error with error code: 81192
08:28:42.64-[Error]-PLC Q_Enthernet: Q_Enthernet ReadNutiWork Error: Get Error with error code: 81192
08:28:42.66-[Error]-PLC Q_Enthernet: Q_Enthernet ReadNutiWork Error: Get Error with error code: 81192
08:28:42.67-[Error]-PLC Q_Enthernet: Q_Enthernet ReadNutiWork Error: Get Error with error code: 81192
08:28:42.68-[Error]-PLC Q_Enthernet: Q_Enthernet ReadNutiWork Error: Get Error with error code: 81192
08:28:42.69-[Error]-PLC Q_Enthernet: Q_Enthernet ReadNutiWork Error: Get Error with error code: 81192
08:28:42.70-[Error]-PLC Q_Enthernet: Q_Enthernet ReadNutiWork Error: Get Error with error code: 81192
08:28:42.71-[Error]-PLC Q_Enthernet: Q_Enthernet ReadNutiWork Error: Get Error with error code: 81192
08:28:42.73-[Error]-PLC Q_Enthernet: Q_Enthernet ReadNutiWork Error: Get Error with error code: 81192
08:28:42.74-[Error]-PLC Q_Enthernet: Q_Enthernet ReadNutiWork Error: Get Error with error code: 81192
08:28:42.75-[Error]-PLC Q_Enthernet: Q_Enthernet ReadNutiWork Error: Get Error with error code: 81192
08:28:42.76-[Error]-PLC Q_Enthernet: Q_Enthernet ReadNutiWork Error: Get Error with error code: 81192
08:28:42.76-[Error]-PLC Q_Enthernet: Q_Enthernet ReadNutiWork Error: Get Error with error code: 81192
08:28:42.77-[Error]-PLC Q_Enthernet: Q_Enthernet ReadNutiWork Error: Get Error with error code: 81192
08:28:42.78-[Error]-PLC Q_Enthernet: Q_Enthernet ReadNutiWork Error: Get Error with error code: 81192
08:28:42.79-[Error]-PLC Q_Enthernet: Q_Enthernet ReadNutiWork Error: Get Error with error code: 81192
08:28:42.80-[Error]-PLC Q_Enthernet: Q_Enthernet ReadNutiWork Error: Get Error with error code: 81192
08:28:42.81-[Error]-PLC Q_Enthernet: Q_Enthernet ReadNutiWork Error: Get Error with error code: 81192
08:28:42.82-[Error]-PLC Q_Enthernet: Q_Enthernet ReadNutiWork Error: Get Error with error code: 81192
08:28:42.83-[Error]-PLC Q_Enthernet: Q_Enthernet ReadNutiWork Error: Get Error with error code: 81192
08:28:42.84-[Error]-PLC Q_Enthernet: Q_Enthernet ReadNutiWork Error: Get Error with error code: 81192
08:28:42.85-[Error]-PLC Q_Enthernet: Q_Enthernet ReadNutiWork Error: Get Error with error code: 81192
08:28:42.86-[Error]-PLC Q_Enthernet: Q_Enthernet ReadNutiWork Error: Get Error with error code: 81192
08:28:42.87-[Error]-PLC Q_Enthernet: Q_Enthernet ReadNutiWork Error: Get Error with error code: 81192
08:28:42.88-[Error]-PLC Q_Enthernet: Q_Enthernet ReadNutiWork Error: Get Error with error code: 81192
08:28:42.89-[Error]-PLC Q_Enthernet: Q_Enthernet ReadNutiWork Error: Get Error with error code: 81192
08:28:42.90-[Error]-PLC Q_Enthernet: Q_Enthernet ReadNutiWork Error: Get Error with error code: 81192
08:28:42.91-[Error]-PLC Q_Enthernet: Q_Enthernet ReadNutiWork Error: Get Error with error code: 81192
08:28:42.92-[Error]-PLC Q_Enthernet: Q_Enthernet ReadNutiWork Error: Get Error with error code: 81192
08:28:42.93-[Error]-PLC Q_Enthernet: Q_Enthernet ReadNutiWork Error: Get Error with error code: 81192
08:28:42.94-[Error]-PLC Q_Enthernet: Q_Enthernet ReadNutiWork Error: Get Error with error code: 81192
08:28:42.95-[Error]-PLC Q_Enthernet: Q_Enthernet ReadNutiWork Error: Get Error with error code: 81192
08:28:42.96-[Error]-PLC Q_Enthernet: Q_Enthernet ReadNutiWork Error: Get Error with error code: 81192
08:28:42.98-[Error]-PLC Q_Enthernet: Q_Enthernet ReadNutiWork Error: Get Error with error code: 81192
08:28:42.99-[Error]-PLC Q_Enthernet: Q_Enthernet ReadNutiWork Error: Get Error with error code: 81192
08:28:43.00-[Error]-PLC Q_Enthernet: Q_Enthernet ReadNutiWork Error: Get Error with error code: 81192
08:28:43.01-[Error]-PLC Q_Enthernet: Q_Enthernet ReadNutiWork Error: Get Error with error code: 81192
08:28:43.02-[Error]-PLC Q_Enthernet: Q_Enthernet ReadNutiWork Error: Get Error with error code: 81192
08:28:43.03-[Error]-PLC Q_Enthernet: Q_Enthernet ReadNutiWork Error: Get Error with error code: 81192
08:28:43.04-[Error]-PLC Q_Enthernet: Q_Enthernet ReadNutiWork Error: Get Error with error code: 81192
08:28:43.05-[Error]-PLC Q_Enthernet: Q_Enthernet ReadNutiWork Error: Get Error with error code: 81192
08:28:43.06-[Error]-PLC Q_Enthernet: Q_Enthernet ReadNutiWork Error: Get Error with error code: 81192
08:28:43.07-[Error]-PLC Q_Enthernet: Q_Enthernet ReadNutiWork Error: Get Error with error code: 81192
08:28:43.08-[Error]-PLC Q_Enthernet: Q_Enthernet ReadNutiWork Error: Get Error with error code: 81192
08:28:43.09-[Error]-PLC Q_Enthernet: Q_Enthernet ReadNutiWork Error: Get Error with error code: 81192
08:28:43.11-[Error]-PLC Q_Enthernet: Q_Enthernet ReadNutiWork Error: Get Error with error code: 81192
08:28:43.12-[Error]-PLC Q_Enthernet: Q_Enthernet ReadNutiWork Error: Get Error with error code: 81192
08:28:43.13-[Error]-PLC Q_Enthernet: Q_Enthernet ReadNutiWork Error: Get Error with error code: 81192
08:28:43.13-[Error]-PLC Q_Enthernet: Q_Enthernet ReadNutiWork Error: Get Error with error code: 81192
08:28:43.14-[Error]-PLC Q_Enthernet: Q_Enthernet ReadNutiWork Error: Get Error with error code: 81192
08:28:43.16-[Error]-PLC Q_Enthernet: Q_Enthernet ReadNutiWork Error: Get Error with error code: 81192
08:28:43.17-[Error]-PLC Q_Enthernet: Q_Enthernet ReadNutiWork Error: Get Error with error code: 81192
08:28:43.18-[Error]-PLC Q_Enthernet: Q_Enthernet ReadNutiWork Error: Get Error with error code: 81192
08:28:43.19-[Error]-PLC Q_Enthernet: Q_Enthernet ReadNutiWork Error: Get Error with error code: 81192
08:28:43.20-[Error]-PLC Q_Enthernet: Q_Enthernet ReadNutiWork Error: Get Error with error code: 81192
08:28:43.21-[Error]-PLC Q_Enthernet: Q_Enthernet ReadNutiWork Error: Get Error with error code: 81192
08:28:43.22-[Error]-PLC Q_Enthernet: Q_Enthernet ReadNutiWork Error: Get Error with error code: 81192
08:28:43.23-[Error]-PLC Q_Enthernet: Q_Enthernet ReadNutiWork Error: Get Error with error code: 81192
08:28:43.24-[Error]-PLC Q_Enthernet: Q_Enthernet ReadNutiWork Error: Get Error with error code: 81192
08:28:43.25-[Error]-PLC Q_Enthernet: Q_Enthernet ReadNutiWork Error: Get Error with error code: 81192
08:28:43.26-[Error]-PLC Q_Enthernet: Q_Enthernet ReadNutiWork Error: Get Error with error code: 81192
08:28:43.28-[Error]-PLC Q_Enthernet: Q_Enthernet ReadNutiWork Error: Get Error with error code: 81192
08:28:43.29-[Error]-PLC Q_Enthernet: Q_Enthernet ReadNutiWork Error: Get Error with error code: 81192
08:28:43.30-[Error]-PLC Q_Enthernet: Q_Enthernet ReadNutiWork Error: Get Error with error code: 81192
08:28:43.32-[Error]-PLC Q_Enthernet: Q_Enthernet ReadNutiWork Error: Get Error with error code: 81192
08:28:55.12-[Information]-UiManager: Startup:
08:28:56.29-[Information]-AlarmSQLDba:  ->  Database File SQLite Already Existed!
08:28:56.29-[Information]-Dba:  ->  Database File SQLite Already Existed!
08:52:43.41-[Information]-UiManager: Startup:
08:52:44.96-[Information]-AlarmSQLDba:  ->  Database File SQLite Already Existed!
08:52:44.96-[Information]-Dba:  ->  Database File SQLite Already Existed!
08:54:10.88-[Information]-UserManager: LogOn: Operator/
08:54:31.42-[Information]-UserManager: LogOut
08:54:31.62-[Information]-UserManager: LogOut
08:54:50.49-[Information]-PgMain: addLog:Already Running!
08:55:03.80-[Information]-PgMain: addLog:Already Pause !
08:55:10.72-[Information]-PgMain: addLog:Already Reset !
08:55:25.20-[Information]-PgMain: addLog:Already Running!
10:48:14.07-[Information]-UiManager: Startup:
10:48:15.01-[Information]-AlarmSQLDba:  ->  Database File SQLite Already Existed!
10:48:15.01-[Information]-Dba:  ->  Database File SQLite Already Existed!
10:48:21.33-[Information]-UserManager: LogOn: AutoTeams/itm
11:32:01.05-[Information]-UiManager: Startup:
11:32:02.17-[Information]-AlarmSQLDba:  ->  Database File SQLite Already Existed!
11:32:02.17-[Information]-Dba:  ->  Database File SQLite Already Existed!
11:32:06.94-[Information]-UserManager: LogOn: AutoTeams/itm
11:44:30.61-[Information]-UiManager: Startup:
11:44:31.62-[Information]-AlarmSQLDba:  ->  Database File SQLite Already Existed!
11:44:31.62-[Information]-Dba:  ->  Database File SQLite Already Existed!
11:44:37.75-[Information]-UserManager: LogOn: AutoTeams/itm
11:53:30.32-[Information]-UiManager: Startup:
11:53:31.00-[Information]-AlarmSQLDba:  ->  Database File SQLite Already Existed!
11:53:31.00-[Information]-Dba:  ->  Database File SQLite Already Existed!
11:53:35.73-[Information]-UserManager: LogOn: AutoTeams/itm
13:07:42.97-[Information]-UiManager: Startup:
13:07:43.81-[Information]-AlarmSQLDba:  ->  Database File SQLite Already Existed!
13:07:43.82-[Information]-Dba:  ->  Database File SQLite Already Existed!
13:07:49.44-[Information]-UserManager: LogOn: AutoTeams/itm
13:08:22.29-[Information]-UiManager: Startup:
13:08:23.55-[Information]-AlarmSQLDba:  ->  Database File SQLite Already Existed!
13:08:23.55-[Information]-Dba:  ->  Database File SQLite Already Existed!
13:08:28.43-[Information]-UserManager: LogOn: AutoTeams/itm
19:02:13.64-[Information]-UiManager: Startup:
19:02:14.71-[Information]-AlarmSQLDba:  ->  Database File SQLite Already Existed!
19:02:14.71-[Information]-Dba:  ->  Database File SQLite Already Existed!
19:02:20.67-[Information]-UserManager: LogOn: AutoTeams/itm
19:12:09.98-[Information]-UiManager: Startup:
19:12:11.07-[Information]-AlarmSQLDba:  ->  Database File SQLite Already Existed!
19:12:11.08-[Information]-Dba:  ->  Database File SQLite Already Existed!
19:12:17.08-[Information]-UserManager: LogOn: AutoTeams/itm
19:13:47.58-[Information]-UiManager: Startup:
19:13:48.65-[Information]-AlarmSQLDba:  ->  Database File SQLite Already Existed!
19:13:48.65-[Information]-Dba:  ->  Database File SQLite Already Existed!
19:17:16.70-[Information]-UiManager: Startup:
19:17:17.74-[Information]-AlarmSQLDba:  ->  Database File SQLite Already Existed!
19:17:17.74-[Information]-Dba:  ->  Database File SQLite Already Existed!
19:17:22.82-[Information]-UserManager: LogOn: AutoTeams/ITM
19:17:26.41-[Information]-UserManager: LogOn: AutoTeams/itm
19:27:36.58-[Information]-UiManager: Startup:
19:27:37.60-[Information]-AlarmSQLDba:  ->  Database File SQLite Already Existed!
19:27:37.61-[Information]-Dba:  ->  Database File SQLite Already Existed!
19:27:42.87-[Information]-UserManager: LogOn: AutoTeams/ITM
19:27:47.32-[Information]-UserManager: LogOn: AutoTeams/itm