
08:18:57.30-[Information]-UiManager: Startup:
08:18:58.38-[Information]-Dba:  ->  Database File SQLite Already Existed!
08:19:01.33-[Information]-PgMain: addLog:Already Home !
08:19:02.92-[Information]-PgMain: addLog:Already Pause !
08:19:03.32-[Information]-PgMain: addLog:Already Running!
08:23:59.10-[Information]-UiManager: Startup:
08:23:59.84-[Information]-Dba:  ->  Database File SQLite Already Existed!
08:24:09.71-[Information]-PgMain: addLog:Already Home !
08:24:10.37-[Information]-PgMain: addLog:Already Reset !
08:24:11.60-[Information]-PgMain: addLog:Already Pause !
08:24:12.53-[Information]-PgMain: addLog:Already Running!
08:24:15.45-[Information]-PgMain: addLog:Already Stopped !
08:24:16.42-[Information]-PgMain: addLog:Already Home !
08:24:17.00-[Information]-PgMain: addLog:Already Reset !
08:24:17.53-[Information]-PgMain: addLog:Already Pause !
08:24:18.08-[Information]-PgMain: addLog:Already Running!
08:24:22.71-[Information]-PgMain: addLog:Already Stopped !
08:24:23.10-[Information]-PgMain: addLog:Already Home !
08:24:23.45-[Information]-PgMain: addLog:Already Reset !
08:24:23.84-[Information]-PgMain: addLog:Already Pause !
08:24:24.65-[Information]-PgMain: addLog:Already Running!
08:44:19.35-[Information]-UiManager: Startup:
08:44:20.22-[Information]-Dba:  ->  Database File SQLite Already Existed!
08:45:29.69-[Information]-UiManager: Startup:
08:45:30.66-[Information]-Dba:  ->  Database File SQLite Already Existed!
08:46:48.45-[Information]-PgMain: addLog:Already Home !
08:46:48.81-[Information]-PgMain: addLog:Already Pause !
08:46:49.15-[Information]-PgMain: addLog:Already Reset !
08:46:49.71-[Information]-PgMain: addLog:Already Running!
08:46:50.06-[Information]-PgMain: addLog:Already Pause !
08:46:50.42-[Information]-PgMain: addLog:Already Reset !
08:46:50.75-[Information]-PgMain: addLog:Already Home !
08:46:51.24-[Information]-PgMain: addLog:Already Running!
08:46:53.93-[Information]-PgMain: addLog:Already Home !
08:46:56.12-[Information]-PgMain: addLog:Already Stopped !
09:01:11.20-[Information]-UiManager: Startup:
09:01:11.91-[Information]-Dba:  ->  Database File SQLite Already Existed!
09:01:13.23-[Information]-PgMain: addLog:Already Home !
09:01:16.06-[Information]-PgMain: addLog:Already Pause !
09:01:16.73-[Information]-PgMain: addLog:Already Reset !
09:01:17.98-[Information]-PgMain: addLog:Already Running!
09:01:24.44-[Information]-PgMain: addLog:Already Stopped !
09:01:33.21-[Information]-PgMain: addLog:Already Home !
09:01:33.59-[Information]-PgMain: addLog:Already Reset !
09:01:33.93-[Information]-PgMain: addLog:Already Pause !
09:01:34.30-[Information]-PgMain: addLog:Already Running!
09:01:34.78-[Information]-PgMain: addLog:Already Stopped !
09:01:35.56-[Information]-PgMain: addLog:Already Home !
09:01:35.85-[Information]-PgMain: addLog:Already Pause !
09:01:36.21-[Information]-PgMain: addLog:Already Running!
09:01:37.72-[Information]-PgMain: addLog:Already Reset !
09:01:43.42-[Information]-PgMain: addLog:Already Stopped !
09:06:05.82-[Information]-PgMain: addLog:Already Home !
09:06:07.56-[Information]-PgMain: addLog:Already Running!
09:06:07.94-[Information]-PgMain: addLog:Already Pause !
09:06:08.29-[Information]-PgMain: addLog:Already Reset !
09:06:10.64-[Information]-PgMain: addLog:Already Stopped !
09:06:11.26-[Information]-PgMain: addLog:Already Home !
09:06:11.61-[Information]-PgMain: addLog:Already Reset !
09:06:11.90-[Information]-PgMain: addLog:Already Pause !
09:06:12.28-[Information]-PgMain: addLog:Already Running!
09:06:13.51-[Information]-PgMain: addLog:Already Home !
09:06:13.80-[Information]-PgMain: addLog:Already Pause !
09:06:14.11-[Information]-PgMain: addLog:Already Running!
09:06:14.41-[Information]-PgMain: addLog:Already Reset !
09:07:09.04-[Information]-PgMain: addLog:Already Home !
09:07:15.12-[Information]-PgMain: addLog:Already Running!
09:07:15.76-[Information]-PgMain: addLog:Already Stopped !
09:07:16.45-[Information]-PgMain: addLog:Already Home !
09:07:16.84-[Information]-PgMain: addLog:Already Pause !
09:07:17.47-[Information]-PgMain: addLog:Already Running!
09:07:18.19-[Information]-PgMain: addLog:Already Reset !
09:07:57.66-[Information]-UiManager: Startup:
09:07:58.55-[Information]-Dba:  ->  Database File SQLite Already Existed!
09:08:00.90-[Information]-PgMain: addLog:Already Home !
09:08:06.01-[Information]-PgMain: addLog:Already Running!
09:08:06.34-[Information]-PgMain: addLog:Already Pause !
09:08:06.68-[Information]-PgMain: addLog:Already Reset !
09:08:12.27-[Information]-PgMain: addLog:Already Stopped !
09:08:23.03-[Information]-PgMain: addLog:Already Home !
09:08:24.79-[Information]-PgMain: addLog:Already Running!
09:08:25.33-[Information]-PgMain: addLog:Already Pause !
09:08:31.83-[Information]-PgMain: addLog:Already Home !
09:08:34.04-[Information]-PgMain: addLog:Already Stopped !
09:08:36.67-[Information]-PgMain: addLog:Already Home !
09:08:39.72-[Information]-PgMain: addLog:Already Stopped !
09:08:40.28-[Information]-PgMain: addLog:Already Running!
09:08:40.59-[Information]-PgMain: addLog:Already Pause !
09:08:40.92-[Information]-PgMain: addLog:Already Reset !
09:08:41.20-[Information]-PgMain: addLog:Already Home !
09:08:43.66-[Information]-PgMain: addLog:Already Stopped !
09:08:51.73-[Information]-PgMain: addLog:Already Home !
09:08:52.12-[Information]-PgMain: addLog:Already Reset !
09:08:52.41-[Information]-PgMain: addLog:Already Pause !
09:08:52.86-[Information]-PgMain: addLog:Already Running!
09:08:53.36-[Information]-PgMain: addLog:Already Stopped !
09:08:54.20-[Information]-PgMain: addLog:Already Home !
09:08:54.53-[Information]-PgMain: addLog:Already Reset !
09:08:54.85-[Information]-PgMain: addLog:Already Pause !
09:08:55.36-[Information]-PgMain: addLog:Already Running!
09:08:59.06-[Information]-PgMain: addLog:Already Home !
09:09:00.92-[Information]-PgMain: addLog:Already Stopped !
09:09:01.54-[Information]-PgMain: addLog:Already Home !
09:09:01.89-[Information]-PgMain: addLog:Already Reset !
09:09:02.17-[Information]-PgMain: addLog:Already Pause !
09:09:02.53-[Information]-PgMain: addLog:Already Running!
09:09:04.32-[Information]-PgMain: addLog:Already Home !
09:09:07.95-[Information]-PgMain: addLog:Already Stopped !
09:09:57.59-[Information]-PgMain: addLog:Already Home !
09:10:34.44-[Information]-UiManager: Startup:
09:10:35.21-[Information]-Dba:  ->  Database File SQLite Already Existed!
09:11:01.89-[Information]-PgMain: addLog:Already Home !
09:11:11.51-[Information]-PgMain: addLog:Already Running!
09:11:11.82-[Information]-PgMain: addLog:Already Pause !
09:11:12.09-[Information]-PgMain: addLog:Already Reset !
09:11:12.38-[Information]-PgMain: addLog:Already Home !
09:14:36.19-[Information]-UiManager: Startup:
09:14:36.94-[Information]-Dba:  ->  Database File SQLite Already Existed!
09:14:38.54-[Information]-PgMain: addLog:Already Home !
09:14:39.84-[Information]-PgMain: addLog:Already Stopped !
09:14:41.73-[Information]-PgMain: addLog:Already Home !
09:14:42.27-[Information]-PgMain: addLog:Already Stopped !
09:14:43.76-[Information]-PgMain: addLog:Already Home !
09:14:44.17-[Information]-PgMain: addLog:Already Pause !
09:14:44.65-[Information]-PgMain: addLog:Already Reset !
09:14:45.48-[Information]-PgMain: addLog:Already Stopped !
09:14:59.21-[Information]-UiManager: Startup:
09:15:04.89-[Information]-Dba:  ->  Database File SQLite Already Existed!
09:15:06.64-[Information]-PgMain: addLog:Already Home !
09:15:18.23-[Information]-PgMain: addLog:Already Running!
09:15:27.39-[Information]-PgMain: addLog:Already Stopped !
09:16:01.51-[Information]-UiManager: Startup:
09:16:02.25-[Information]-Dba:  ->  Database File SQLite Already Existed!
09:16:03.68-[Information]-PgMain: addLog:Already Home !
09:16:04.59-[Information]-PgMain: addLog:Already Stopped !
09:20:55.28-[Information]-UiManager: Startup:
09:20:55.99-[Information]-Dba:  ->  Database File SQLite Already Existed!
09:20:57.66-[Information]-PgMain: addLog:Already Home !
09:20:59.15-[Information]-PgMain: addLog:Already Pause !
09:21:00.22-[Information]-PgMain: addLog:Already Running!
09:51:38.80-[Information]-PgMain: addLog:Already Home !
09:51:39.65-[Information]-PgMain: addLog:Already Pause !
09:51:41.87-[Information]-PgMain: addLog:Already Reset !
09:51:45.45-[Information]-PgMain: addLog:Already Stopped !
09:51:55.75-[Information]-PgMain: addLog:Already Home !
09:51:56.19-[Information]-PgMain: addLog:Already Pause !
09:51:56.50-[Information]-PgMain: addLog:Already Running!
09:51:56.88-[Information]-PgMain: addLog:Already Reset !
15:22:02.15-[Information]-UiManager: Startup:
15:22:03.48-[Information]-Dba:  ->  Database File SQLite Already Existed!
15:22:05.98-[Information]-PgMain: addLog:Already Running!
15:22:08.29-[Information]-PgMain: addLog:Already Pause !
15:22:09.50-[Information]-PgMain: addLog:Already Stopped !
15:22:16.09-[Information]-PgMain: addLog:Already Home !
15:22:17.63-[Information]-PgMain: addLog:Already Pause !
15:22:18.79-[Information]-PgMain: addLog:Already Reset !
15:22:22.10-[Information]-PgMain: addLog:Already Home !
15:22:23.44-[Information]-PgMain: addLog:Already Stopped !
15:22:26.55-[Information]-PgMain: addLog:Already Running!
15:22:35.29-[Information]-PgMain: addLog:Already Home !
15:22:37.85-[Information]-PgMain: addLog:Already Reset !
15:22:39.41-[Information]-PgMain: addLog:Already Stopped !
15:22:51.86-[Information]-PgMain: addLog:Already Pause !
15:22:53.05-[Information]-PgMain: addLog:Already Running!
15:22:57.90-[Information]-PgMain: addLog:Already Stopped !
15:23:02.57-[Information]-PgMain: addLog:Already Home !
15:23:07.18-[Information]-PgMain: addLog:Already Pause !
15:23:09.03-[Information]-PgMain: addLog:Already Reset !
15:23:10.48-[Information]-PgMain: addLog:Already Running!