
00:01:50.66-[Information]-UiManager: Startup:
00:01:51.11-[Information]-Dba:  ->  Database File SQLite Already Existed!
00:02:35.11-[Information]-UiManager: Startup:
00:02:35.56-[Information]-Dba:  ->  Database File SQLite Already Existed!
00:04:55.16-[Information]-UiManager: Startup:
00:04:55.74-[Information]-Dba:  ->  Database File SQLite Already Existed!
00:05:05.53-[Information]-UiManager: Startup:
00:05:06.13-[Information]-Dba:  ->  Database File SQLite Already Existed!
00:05:33.64-[Information]-UiManager: Startup:
00:05:34.08-[Information]-Dba:  ->  Database File SQLite Already Existed!
00:06:19.64-[Information]-UiManager: Startup:
00:06:20.24-[Information]-Dba:  ->  Database File SQLite Already Existed!
00:06:46.36-[Information]-UiManager: Startup:
00:06:46.88-[Information]-Dba:  ->  Database File SQLite Already Existed!
00:07:16.83-[Information]-UiManager: Startup:
00:07:17.31-[Information]-Dba:  ->  Database File SQLite Already Existed!
00:08:24.20-[Information]-UiManager: Startup:
00:08:24.81-[Information]-Dba:  ->  Database File SQLite Already Existed!
00:09:22.37-[Information]-UiManager: Startup:
00:09:22.96-[Information]-Dba:  ->  Database File SQLite Already Existed!
00:10:38.95-[Information]-UiManager: Startup:
00:10:39.47-[Information]-Dba:  ->  Database File SQLite Already Existed!
00:10:57.13-[Information]-UiManager: Startup:
00:10:57.63-[Information]-Dba:  ->  Database File SQLite Already Existed!
00:11:08.54-[Information]-UiManager: Startup:
00:11:09.08-[Information]-Dba:  ->  Database File SQLite Already Existed!
00:11:52.18-[Information]-UiManager: Startup:
00:11:52.62-[Information]-Dba:  ->  Database File SQLite Already Existed!
00:14:52.40-[Information]-UiManager: Startup:
00:14:52.88-[Information]-Dba:  ->  Database File SQLite Already Existed!
00:15:52.97-[Information]-UiManager: Startup:
00:15:53.41-[Information]-Dba:  ->  Database File SQLite Already Existed!
00:16:19.46-[Information]-UiManager: Startup:
00:16:20.04-[Information]-Dba:  ->  Database File SQLite Already Existed!
00:18:46.66-[Information]-UiManager: Startup:
00:18:47.17-[Information]-Dba:  ->  Database File SQLite Already Existed!
00:19:01.33-[Information]-UiManager: Startup:
00:19:01.81-[Information]-Dba:  ->  Database File SQLite Already Existed!
00:19:44.27-[Information]-UiManager: Startup:
00:19:44.80-[Information]-Dba:  ->  Database File SQLite Already Existed!
00:19:46.19-[Information]-PgMain: addLog:Already Home !
00:20:30.23-[Information]-UiManager: Startup:
00:20:30.82-[Information]-Dba:  ->  Database File SQLite Already Existed!
00:20:55.46-[Information]-UiManager: Startup:
00:20:55.92-[Information]-Dba:  ->  Database File SQLite Already Existed!
00:21:21.58-[Information]-UiManager: Startup:
00:21:22.06-[Information]-Dba:  ->  Database File SQLite Already Existed!
00:21:50.00-[Information]-UiManager: Startup:
00:21:50.47-[Information]-Dba:  ->  Database File SQLite Already Existed!
00:22:44.15-[Information]-UiManager: Startup:
00:22:44.74-[Information]-Dba:  ->  Database File SQLite Already Existed!
00:23:02.80-[Information]-UiManager: Startup:
00:23:03.29-[Information]-Dba:  ->  Database File SQLite Already Existed!
00:23:22.09-[Information]-UiManager: Startup:
00:23:22.61-[Information]-Dba:  ->  Database File SQLite Already Existed!
00:23:36.61-[Information]-UiManager: Startup:
00:23:37.17-[Information]-Dba:  ->  Database File SQLite Already Existed!
00:23:49.46-[Information]-UiManager: Startup:
00:23:50.01-[Information]-Dba:  ->  Database File SQLite Already Existed!
00:24:01.94-[Information]-UiManager: Startup:
00:24:02.55-[Information]-Dba:  ->  Database File SQLite Already Existed!
00:25:08.43-[Information]-UiManager: Startup:
00:25:08.98-[Information]-Dba:  ->  Database File SQLite Already Existed!
00:25:30.44-[Information]-UiManager: Startup:
00:25:30.97-[Information]-Dba:  ->  Database File SQLite Already Existed!
00:26:19.79-[Information]-UiManager: Startup:
00:26:20.42-[Information]-Dba:  ->  Database File SQLite Already Existed!
00:26:45.32-[Information]-UiManager: Startup:
00:26:45.88-[Information]-Dba:  ->  Database File SQLite Already Existed!
00:27:02.81-[Information]-UiManager: Startup:
00:27:03.30-[Information]-Dba:  ->  Database File SQLite Already Existed!
00:27:38.84-[Information]-PgMain: addLog:Already Home !
00:27:39.14-[Information]-PgMain: addLog:Already Pause !
00:27:39.40-[Information]-PgMain: addLog:Already Reset !
00:27:39.86-[Information]-PgMain: addLog:Already Running!
00:27:59.08-[Information]-PgMain: addLog:Already Home !
00:28:00.11-[Information]-PgMain: addLog:Already Stopped !
00:28:01.51-[Information]-PgMain: addLog:Already Home !
00:28:04.16-[Information]-PgMain: addLog:Already Reset !
00:28:06.04-[Information]-PgMain: addLog:Already Running!
00:28:07.18-[Information]-PgMain: addLog:Already Pause !
00:28:31.71-[Information]-PgMain: addLog:Already Home !
00:28:33.57-[Information]-PgMain: addLog:Already Stopped !
00:28:34.08-[Information]-PgMain: addLog:Already Home !
00:28:37.00-[Information]-PgMain: addLog:Already Reset !
00:28:37.91-[Information]-PgMain: addLog:Already Stopped !
00:29:44.78-[Information]-UiManager: Startup:
00:29:45.32-[Information]-Dba:  ->  Database File SQLite Already Existed!
00:29:46.35-[Information]-PgMain: addLog:Already Home !
00:30:21.42-[Information]-PgMain: addLog:Already Reset !
00:30:21.92-[Information]-PgMain: addLog:Already Pause !
00:30:22.31-[Information]-PgMain: addLog:Already Running!
00:30:22.72-[Information]-PgMain: addLog:Already Stopped !
00:30:23.24-[Information]-PgMain: addLog:Already Reset !
00:30:24.32-[Information]-PgMain: addLog:Already Pause !
00:30:24.63-[Information]-PgMain: addLog:Already Running!
00:30:26.15-[Information]-PgMain: addLog:Already Stopped !
08:05:28.28-[Information]-UiManager: Startup:
08:05:29.44-[Information]-Dba:  ->  Database File SQLite Already Existed!
08:05:56.68-[Information]-PgMain: addLog:Already Home !
08:05:57.11-[Information]-PgMain: addLog:Already Reset !
08:05:57.49-[Information]-PgMain: addLog:Already Pause !
08:05:57.92-[Information]-PgMain: addLog:Already Running!
08:05:59.53-[Information]-PgMain: addLog:Already Home !
08:06:00.57-[Information]-PgMain: addLog:Already Running!
08:06:00.95-[Information]-PgMain: addLog:Already Home !
08:06:01.14-[Information]-PgMain: addLog:Already Reset !
08:06:01.33-[Information]-PgMain: addLog:Already Pause !
08:06:44.72-[Information]-UiManager: Startup:
08:06:46.45-[Information]-Dba:  ->  Database File SQLite Already Existed!
08:09:10.98-[Information]-UiManager: Startup:
08:09:11.77-[Information]-Dba:  ->  Database File SQLite Already Existed!
08:10:31.75-[Information]-UiManager: Startup:
08:10:32.67-[Information]-Dba:  ->  Database File SQLite Already Existed!
08:11:52.19-[Information]-UiManager: Startup:
08:11:52.93-[Information]-Dba:  ->  Database File SQLite Already Existed!
08:32:59.28-[Information]-UiManager: Startup:
08:32:59.94-[Information]-Dba:  ->  Database File SQLite Already Existed!
11:52:17.65-[Information]-UiManager: Startup:
11:52:18.91-[Information]-Dba:  ->  Database File SQLite Already Existed!
11:52:26.47-[Information]-PgMain: addLog:Already Home !
11:52:27.20-[Information]-PgMain: addLog:Already Reset !
11:52:27.61-[Information]-PgMain: addLog:Already Pause !
11:52:28.14-[Information]-PgMain: addLog:Already Running!
11:52:28.51-[Information]-PgMain: addLog:Already Stopped !
11:52:29.32-[Information]-PgMain: addLog:Already Home !
11:52:29.64-[Information]-PgMain: addLog:Already Reset !
11:52:29.95-[Information]-PgMain: addLog:Already Pause !
11:52:30.25-[Information]-PgMain: addLog:Already Running!
11:52:30.57-[Information]-PgMain: addLog:Already Stopped !
11:54:30.04-[Information]-UiManager: Startup:
11:54:30.96-[Information]-Dba:  ->  Database File SQLite Already Existed!
11:55:25.09-[Information]-UiManager: Startup:
11:55:26.15-[Information]-Dba:  ->  Database File SQLite Already Existed!
13:28:51.80-[Information]-UiManager: Startup:
13:28:52.63-[Information]-Dba:  ->  Database File SQLite Already Existed!
13:28:56.69-[Information]-PgMain: addLog:Already Reset !
13:28:58.21-[Information]-PgMain: addLog:Already Home !
13:28:59.10-[Information]-PgMain: addLog:Already Pause !
13:28:59.83-[Information]-PgMain: addLog:Already Running!
13:29:01.01-[Information]-PgMain: addLog:Already Stopped !
13:29:03.25-[Information]-PgMain: addLog:Already Home !
13:29:03.98-[Information]-PgMain: addLog:Already Reset !
13:29:04.97-[Information]-PgMain: addLog:Already Running!
13:29:08.01-[Information]-PgMain: addLog:Already Stopped !
13:29:25.02-[Information]-PgMain: addLog:Already Home !
13:29:26.30-[Information]-PgMain: addLog:Already Running!
13:29:26.58-[Information]-PgMain: addLog:Already Pause !
13:29:26.91-[Information]-PgMain: addLog:Already Reset !
13:29:28.30-[Information]-PgMain: addLog:Already Stopped !
13:29:58.07-[Information]-UserManager: LogOn: AutoTeams/itm
13:30:09.98-[Information]-PgMain: addLog:Already Home !
13:30:12.76-[Information]-PgMain: addLog:Already Pause !
13:30:13.41-[Information]-PgMain: addLog:Already Reset !
13:30:13.92-[Information]-PgMain: addLog:Already Running!
13:38:01.89-[Information]-UiManager: Startup:
13:38:02.63-[Information]-Dba:  ->  Database File SQLite Already Existed!
13:45:48.61-[Information]-UiManager: Startup:
13:45:49.03-[Information]-Dba:  ->  Database File SQLite Already Existed!
13:45:50.47-[Information]-PgMain: addLog:Already Home !
13:45:52.43-[Information]-PgMain: addLog:Already Pause !
13:45:52.79-[Information]-PgMain: addLog:Already Running!
13:45:53.19-[Information]-PgMain: addLog:Already Reset !
13:46:06.27-[Information]-PgMain: addLog:Already Stopped !
13:46:06.88-[Information]-PgMain: addLog:Already Home !
13:46:07.36-[Information]-PgMain: addLog:Already Pause !
13:46:08.58-[Information]-PgMain: addLog:Already Stopped !
13:46:29.25-[Information]-UserManager: LogOn: AutoTeams/itm
16:28:14.46-[Information]-UiManager: Startup:
16:28:14.82-[Information]-Dba:  ->  Database File SQLite Already Existed!
16:28:43.54-[Information]-UserManager: LogOn: AutoTeams/itn
16:28:45.39-[Information]-UserManager: LogOn: AutoTeams/itn
16:28:48.09-[Information]-UserManager: LogOn: AutoTeams/itm
16:52:14.37-[Information]-UiManager: Startup:
16:52:15.11-[Information]-Dba:  ->  Database File SQLite Already Existed!
16:52:16.48-[Information]-PgMain: addLog:Already Home !
16:52:16.91-[Information]-PgMain: addLog:Already Reset !
16:52:17.29-[Information]-PgMain: addLog:Already Pause !
16:52:20.95-[Information]-PgMain: addLog:Already Running!
16:52:21.28-[Information]-PgMain: addLog:Already Reset !
16:52:30.64-[Information]-PgMain: addLog:Already Stopped !
19:42:06.57-[Information]-UiManager: Startup:
19:42:07.66-[Information]-Dba:  ->  Database File SQLite Already Existed!
19:42:18.40-[Information]-PgMain: addLog:Already Pause !
19:42:18.70-[Information]-PgMain: addLog:Already Home !
19:42:19.10-[Information]-PgMain: addLog:Already Reset !
19:42:21.03-[Information]-PgMain: addLog:Already Running!