
00:00:01.35-[Information]-UiManager: Startup:
00:00:01.65-[Information]-Dba:  ->  Database File SQLite Already Existed!
08:12:37.60-[Information]-UiManager: Startup:
08:12:38.28-[Information]-Dba:  ->  Database File SQLite Already Existed!
08:12:41.20-[Information]-PgMain: addLog:Already Home !
08:12:41.89-[Information]-PgMain: addLog:Already Stopped !
08:22:25.47-[Information]-UiManager: Startup:
08:22:25.93-[Information]-Dba:  ->  Database File SQLite Already Existed!
08:54:23.11-[Information]-UiManager: Startup:
08:54:23.67-[Information]-Dba:  ->  Database File SQLite Already Existed!
08:54:49.15-[Information]-UiManager: Startup:
08:54:49.66-[Information]-Dba:  ->  Database File SQLite Already Existed!
08:55:12.48-[Information]-UiManager: Startup:
08:55:12.96-[Information]-Dba:  ->  Database File SQLite Already Existed!
08:56:13.63-[Information]-UiManager: Startup:
08:56:14.14-[Information]-Dba:  ->  Database File SQLite Already Existed!
08:57:11.57-[Information]-UiManager: Startup:
08:57:12.08-[Information]-Dba:  ->  Database File SQLite Already Existed!
09:03:40.03-[Information]-UiManager: Startup:
09:03:40.48-[Information]-Dba:  ->  Database File SQLite Already Existed!
09:11:07.71-[Information]-UiManager: Startup:
09:11:08.20-[Information]-Dba:  ->  Database File SQLite Already Existed!
09:11:32.39-[Information]-PgMain: addLog:Already Stopped !
09:11:33.04-[Information]-PgMain: addLog:Already Running!
09:11:33.68-[Information]-PgMain: addLog:Already Pause !
09:11:34.62-[Information]-PgMain: addLog:Already Home !
09:11:35.62-[Information]-PgMain: addLog:Already Running!
09:11:36.40-[Information]-PgMain: addLog:Already Stopped !
09:11:37.26-[Information]-PgMain: addLog:Already Running!
09:11:37.85-[Information]-PgMain: addLog:Already Pause !
09:11:38.53-[Information]-PgMain: addLog:Already Stopped !
09:11:39.34-[Information]-PgMain: addLog:Already Running!
09:11:39.88-[Information]-PgMain: addLog:Already Stopped !
09:12:14.99-[Information]-UiManager: Startup:
09:12:15.68-[Information]-Dba:  ->  Database File SQLite Already Existed!
09:13:11.18-[Information]-UiManager: Startup:
09:13:11.68-[Information]-Dba:  ->  Database File SQLite Already Existed!
09:13:39.74-[Information]-UiManager: Startup:
09:13:40.24-[Information]-Dba:  ->  Database File SQLite Already Existed!
09:14:18.26-[Information]-UiManager: Startup:
09:14:18.77-[Information]-Dba:  ->  Database File SQLite Already Existed!
09:14:45.68-[Information]-UserManager: LogOn: Manager/itm
09:14:45.68-[Information]-UserManager: LogOn: Manager/itm
09:14:51.69-[Information]-UserManager: LogOn: AutoTeams/itm
09:14:51.69-[Information]-UserManager: LogOn: AutoTeams/itm
09:17:58.60-[Information]-UiManager: Startup:
09:17:59.04-[Information]-Dba:  ->  Database File SQLite Already Existed!
09:18:42.48-[Information]-UserManager: LogOn: AutoTeams/itm
09:18:42.48-[Information]-UserManager: LogOn: AutoTeams/itm
09:19:30.55-[Information]-UiManager: Startup:
09:19:31.23-[Information]-Dba:  ->  Database File SQLite Already Existed!
09:20:43.37-[Information]-UiManager: Startup:
09:20:43.90-[Information]-Dba:  ->  Database File SQLite Already Existed!
09:29:05.43-[Information]-UiManager: Startup:
09:29:05.86-[Information]-Dba:  ->  Database File SQLite Already Existed!
09:30:14.05-[Information]-UiManager: Startup:
09:30:14.49-[Information]-Dba:  ->  Database File SQLite Already Existed!
09:30:49.15-[Information]-UiManager: Startup:
09:30:49.75-[Information]-Dba:  ->  Database File SQLite Already Existed!
09:31:09.26-[Information]-UiManager: Startup:
09:31:10.07-[Information]-Dba:  ->  Database File SQLite Already Existed!
09:33:08.04-[Information]-UiManager: Startup:
09:33:08.76-[Information]-Dba:  ->  Database File SQLite Already Existed!
09:35:24.60-[Information]-UiManager: Startup:
09:35:25.16-[Information]-Dba:  ->  Database File SQLite Already Existed!
09:36:00.43-[Information]-UiManager: Startup:
09:36:00.90-[Information]-Dba:  ->  Database File SQLite Already Existed!
09:36:50.79-[Information]-UiManager: Startup:
09:36:51.46-[Information]-Dba:  ->  Database File SQLite Already Existed!
09:39:22.42-[Information]-UiManager: Startup:
09:39:22.90-[Information]-Dba:  ->  Database File SQLite Already Existed!
09:40:08.60-[Information]-UiManager: Startup:
09:40:09.04-[Information]-Dba:  ->  Database File SQLite Already Existed!
09:40:41.28-[Information]-UiManager: Startup:
09:40:41.71-[Information]-Dba:  ->  Database File SQLite Already Existed!
09:42:21.45-[Information]-UiManager: Startup:
09:42:21.98-[Information]-Dba:  ->  Database File SQLite Already Existed!
09:42:27.67-[Information]-UserManager: LogOn: Manager/itm
09:42:27.67-[Information]-UserManager: LogOn: Manager/itm
09:42:35.83-[Information]-UserManager: LogOn: AutoTeams/itm
09:42:35.83-[Information]-UserManager: LogOn: AutoTeams/itm
09:42:37.48-[Information]-UserManager: LogOut
09:47:01.01-[Information]-UiManager: Startup:
09:47:01.77-[Information]-Dba:  ->  Database File SQLite Already Existed!
09:47:49.97-[Information]-UiManager: Startup:
09:47:50.55-[Information]-Dba:  ->  Database File SQLite Already Existed!
09:48:54.42-[Information]-UiManager: Startup:
09:48:55.00-[Information]-Dba:  ->  Database File SQLite Already Existed!
09:49:14.93-[Information]-UiManager: Startup:
09:49:15.55-[Information]-Dba:  ->  Database File SQLite Already Existed!
09:50:15.95-[Information]-UiManager: Startup:
09:50:16.61-[Information]-Dba:  ->  Database File SQLite Already Existed!
09:51:25.27-[Information]-UiManager: Startup:
09:51:25.91-[Information]-Dba:  ->  Database File SQLite Already Existed!
09:51:57.87-[Information]-UiManager: Startup:
09:51:58.49-[Information]-Dba:  ->  Database File SQLite Already Existed!
09:53:04.50-[Information]-UiManager: Startup:
09:53:05.16-[Information]-Dba:  ->  Database File SQLite Already Existed!
09:55:44.18-[Information]-UiManager: Startup:
09:55:44.87-[Information]-Dba:  ->  Database File SQLite Already Existed!
09:55:54.33-[Information]-UserManager: LogOn: Manager/itm
09:55:54.34-[Information]-UserManager: LogOn: Manager/itm
09:56:05.16-[Information]-PgMain: addLog:Already Stopped !
09:56:06.17-[Information]-PgMain: addLog:Already Running!
09:56:07.61-[Information]-PgMain: addLog:Already Pause !
09:56:08.42-[Information]-PgMain: addLog:Already Stopped !
09:56:08.63-[Information]-PgMain: addLog:Already Running!
09:56:08.90-[Information]-PgMain: addLog:Already Stopped !
09:56:09.16-[Information]-PgMain: addLog:Already Running!
09:56:09.39-[Information]-PgMain: addLog:Already Stopped !
09:56:09.59-[Information]-PgMain: addLog:Already Running!
09:56:09.85-[Information]-PgMain: addLog:Already Stopped !
09:56:10.05-[Information]-PgMain: addLog:Already Running!
09:56:10.30-[Information]-PgMain: addLog:Already Stopped !
09:56:10.52-[Information]-PgMain: addLog:Already Running!
09:57:47.10-[Information]-UiManager: Startup:
09:57:47.62-[Information]-Dba:  ->  Database File SQLite Already Existed!
09:59:19.27-[Information]-UiManager: Startup:
09:59:19.86-[Information]-Dba:  ->  Database File SQLite Already Existed!
10:00:53.72-[Information]-UiManager: Startup:
10:00:54.38-[Information]-Dba:  ->  Database File SQLite Already Existed!
10:02:27.52-[Information]-UiManager: Startup:
10:02:28.19-[Information]-Dba:  ->  Database File SQLite Already Existed!
10:10:00.33-[Information]-UiManager: Startup:
10:10:01.00-[Information]-Dba:  ->  Database File SQLite Already Existed!
10:11:13.52-[Information]-UiManager: Startup:
10:11:14.13-[Information]-Dba:  ->  Database File SQLite Already Existed!
10:11:44.54-[Information]-UiManager: Startup:
10:11:45.13-[Information]-Dba:  ->  Database File SQLite Already Existed!
10:11:51.59-[Information]-UserManager: LogOn: Manager/itm
10:11:51.59-[Information]-UserManager: LogOn: Manager/itm
10:12:02.28-[Information]-UserManager: LogOn: AutoTeams/itm
10:12:02.28-[Information]-UserManager: LogOn: AutoTeams/itm
10:12:29.57-[Information]-PgMain: addLog:Already Stopped !
10:12:30.05-[Information]-PgMain: addLog:Already Running!
10:12:30.83-[Information]-PgMain: addLog:Already Pause !
10:12:31.14-[Information]-PgMain: addLog:Already Reset !
10:12:31.66-[Information]-PgMain: addLog:Already Home !
10:12:32.08-[Information]-PgMain: addLog:Already Stopped !
10:12:32.68-[Information]-PgMain: addLog:Already Pause !
10:14:08.12-[Information]-UiManager: Startup:
10:14:08.97-[Information]-Dba:  ->  Database File SQLite Already Existed!
10:16:48.11-[Information]-UiManager: Startup:
10:16:48.70-[Information]-Dba:  ->  Database File SQLite Already Existed!
10:19:27.79-[Information]-UiManager: Startup:
10:19:28.35-[Information]-Dba:  ->  Database File SQLite Already Existed!
10:21:42.81-[Information]-UiManager: Startup:
10:21:43.38-[Information]-Dba:  ->  Database File SQLite Already Existed!
10:22:59.12-[Information]-UiManager: Startup:
10:23:00.12-[Information]-Dba:  ->  Database File SQLite Already Existed!
10:24:38.09-[Information]-UiManager: Startup:
10:24:38.65-[Information]-Dba:  ->  Database File SQLite Already Existed!
10:25:30.12-[Information]-UiManager: Startup:
10:25:30.71-[Information]-Dba:  ->  Database File SQLite Already Existed!
10:26:10.73-[Information]-UiManager: Startup:
10:26:11.76-[Information]-Dba:  ->  Database File SQLite Already Existed!
10:26:26.22-[Information]-UserManager: LogOn: Manager/itm
10:26:26.22-[Information]-UserManager: LogOn: Manager/itm
10:26:32.00-[Information]-UserManager: LogOn: AutoTeams/itm
10:26:32.00-[Information]-UserManager: LogOn: AutoTeams/itm
10:26:38.58-[Information]-UserManager: LogOut
10:26:39.26-[Information]-UserManager: LogOut
10:26:44.41-[Information]-UserManager: LogOn: AutoTeams/itm
10:26:44.41-[Information]-UserManager: LogOn: AutoTeams/itm
10:29:05.70-[Information]-UiManager: Startup:
10:29:06.28-[Information]-Dba:  ->  Database File SQLite Already Existed!
10:29:17.45-[Information]-UiManager: Startup:
10:29:17.99-[Information]-Dba:  ->  Database File SQLite Already Existed!
10:29:46.74-[Information]-UiManager: Startup:
10:29:47.74-[Information]-Dba:  ->  Database File SQLite Already Existed!
10:34:40.05-[Information]-UiManager: Startup:
10:34:40.55-[Information]-Dba:  ->  Database File SQLite Already Existed!
10:34:49.09-[Information]-UserManager: LogOn: Manager/itm
10:34:49.09-[Information]-UserManager: LogOn: Manager/itm
10:36:35.30-[Information]-UiManager: Startup:
10:36:35.92-[Information]-Dba:  ->  Database File SQLite Already Existed!
10:36:45.12-[Information]-UserManager: LogOut
10:37:25.13-[Information]-UiManager: Startup:
10:37:25.65-[Information]-Dba:  ->  Database File SQLite Already Existed!
10:37:54.36-[Information]-UiManager: Startup:
10:37:54.88-[Information]-Dba:  ->  Database File SQLite Already Existed!
10:41:00.08-[Information]-UiManager: Startup:
10:41:00.65-[Information]-Dba:  ->  Database File SQLite Already Existed!
10:44:39.33-[Information]-UiManager: Startup:
10:44:39.97-[Information]-Dba:  ->  Database File SQLite Already Existed!
10:45:30.35-[Information]-UiManager: Startup:
10:45:31.08-[Information]-Dba:  ->  Database File SQLite Already Existed!
10:46:20.68-[Information]-UiManager: Startup:
10:46:21.17-[Information]-Dba:  ->  Database File SQLite Already Existed!
10:47:20.44-[Information]-UiManager: Startup:
10:47:21.36-[Information]-Dba:  ->  Database File SQLite Already Existed!
10:49:37.51-[Information]-UiManager: Startup:
10:49:38.44-[Information]-Dba:  ->  Database File SQLite Already Existed!
10:50:15.86-[Information]-UiManager: Startup:
10:50:16.38-[Information]-Dba:  ->  Database File SQLite Already Existed!
10:51:07.59-[Information]-UiManager: Startup:
10:51:08.41-[Information]-Dba:  ->  Database File SQLite Already Existed!
10:51:14.08-[Information]-UserManager: LogOut
10:51:38.21-[Information]-UiManager: Startup:
10:51:38.87-[Information]-Dba:  ->  Database File SQLite Already Existed!
10:51:45.88-[Information]-UserManager: LogOut
10:51:46.30-[Information]-UserManager: LogOut
10:51:46.68-[Information]-UserManager: LogOut
10:53:13.22-[Information]-UiManager: Startup:
10:53:13.73-[Information]-Dba:  ->  Database File SQLite Already Existed!
10:53:26.97-[Information]-UserManager: LogOn: Manager/ITM
10:53:26.97-[Information]-UserManager: LogOn: Manager/ITM
10:53:30.25-[Information]-UserManager: LogOn: Manager/itm
10:53:30.25-[Information]-UserManager: LogOn: Manager/itm
10:55:05.53-[Information]-UiManager: Startup:
10:55:06.03-[Information]-Dba:  ->  Database File SQLite Already Existed!
10:55:49.94-[Information]-UiManager: Startup:
10:55:50.65-[Information]-Dba:  ->  Database File SQLite Already Existed!
10:56:41.05-[Information]-UiManager: Startup:
10:56:41.53-[Information]-Dba:  ->  Database File SQLite Already Existed!
10:57:29.93-[Information]-UiManager: Startup:
10:57:30.39-[Information]-Dba:  ->  Database File SQLite Already Existed!
10:58:14.30-[Information]-UiManager: Startup:
10:58:14.84-[Information]-Dba:  ->  Database File SQLite Already Existed!
10:59:15.01-[Information]-UiManager: Startup:
10:59:15.53-[Information]-Dba:  ->  Database File SQLite Already Existed!
11:00:09.59-[Information]-UiManager: Startup:
11:00:10.04-[Information]-Dba:  ->  Database File SQLite Already Existed!
11:02:19.28-[Information]-UiManager: Startup:
11:02:19.80-[Information]-Dba:  ->  Database File SQLite Already Existed!
11:02:41.41-[Information]-UiManager: Startup:
11:02:42.21-[Information]-Dba:  ->  Database File SQLite Already Existed!
11:02:49.19-[Information]-UserManager: LogOn: Manager/itm
11:02:49.19-[Information]-UserManager: LogOn: Manager/itm
11:03:32.61-[Information]-UiManager: Startup:
11:03:33.13-[Information]-Dba:  ->  Database File SQLite Already Existed!
11:03:51.19-[Information]-UserManager: LogOn: Manager/itm
11:03:51.19-[Information]-UserManager: LogOn: Manager/itm
11:03:58.74-[Information]-UserManager: LogOn: AutoTeams/itm
11:03:58.74-[Information]-UserManager: LogOn: AutoTeams/itm
11:06:14.58-[Information]-UiManager: Startup:
11:06:15.03-[Information]-Dba:  ->  Database File SQLite Already Existed!
11:07:49.74-[Information]-UiManager: Startup:
11:07:50.20-[Information]-Dba:  ->  Database File SQLite Already Existed!
11:08:25.15-[Information]-UiManager: Startup:
11:08:25.82-[Information]-Dba:  ->  Database File SQLite Already Existed!
11:09:13.99-[Information]-UiManager: Startup:
11:09:14.44-[Information]-Dba:  ->  Database File SQLite Already Existed!
11:10:05.05-[Information]-UiManager: Startup:
11:10:05.54-[Information]-Dba:  ->  Database File SQLite Already Existed!
11:12:37.67-[Information]-UiManager: Startup:
11:12:38.23-[Information]-Dba:  ->  Database File SQLite Already Existed!
11:13:34.85-[Information]-UiManager: Startup:
11:13:35.49-[Information]-Dba:  ->  Database File SQLite Already Existed!
11:16:02.02-[Information]-UiManager: Startup:
11:16:02.66-[Information]-Dba:  ->  Database File SQLite Already Existed!
11:18:07.49-[Information]-UiManager: Startup:
11:18:07.98-[Information]-Dba:  ->  Database File SQLite Already Existed!
11:18:17.76-[Information]-UserManager: LogOn: Manager/itm
11:18:17.76-[Information]-UserManager: LogOn: Manager/itm
11:18:23.63-[Information]-UserManager: LogOn: AutoTeams/itm
11:18:23.63-[Information]-UserManager: LogOn: AutoTeams/itm
11:18:27.31-[Information]-UserManager: LogOut
11:19:55.36-[Information]-UiManager: Startup:
11:19:55.99-[Information]-Dba:  ->  Database File SQLite Already Existed!
11:20:19.53-[Information]-UiManager: Startup:
11:20:19.99-[Information]-Dba:  ->  Database File SQLite Already Existed!
11:20:24.81-[Information]-PgMain: addLog:Already Stopped !
11:20:26.32-[Information]-PgMain: addLog:Already Running!
11:20:27.50-[Information]-PgMain: addLog:Already Pause !
11:21:34.77-[Information]-UiManager: Startup:
11:21:35.30-[Information]-Dba:  ->  Database File SQLite Already Existed!
11:21:47.08-[Information]-UserManager: LogOn: Manager/itm
11:21:47.08-[Information]-UserManager: LogOn: Manager/itm
11:22:37.30-[Information]-UiManager: Startup:
11:22:37.76-[Information]-Dba:  ->  Database File SQLite Already Existed!
11:22:43.58-[Information]-UserManager: LogOn: Manager/itm
11:22:43.58-[Information]-UserManager: LogOn: Manager/itm
11:22:48.44-[Information]-UserManager: LogOut
11:23:06.70-[Information]-UiManager: Startup:
11:23:07.37-[Information]-Dba:  ->  Database File SQLite Already Existed!
11:24:54.83-[Information]-UiManager: Startup:
11:24:55.47-[Information]-Dba:  ->  Database File SQLite Already Existed!
11:25:29.87-[Information]-UiManager: Startup:
11:25:30.32-[Information]-Dba:  ->  Database File SQLite Already Existed!
11:26:26.47-[Information]-UiManager: Startup:
11:26:26.97-[Information]-Dba:  ->  Database File SQLite Already Existed!
11:27:07.76-[Information]-UiManager: Startup:
11:27:09.23-[Information]-Dba:  ->  Database File SQLite Already Existed!
11:27:28.51-[Information]-UserManager: LogOut
11:27:35.19-[Information]-UserManager: LogOn: Manager/itm
11:27:35.19-[Information]-UserManager: LogOn: Manager/itm
11:27:41.06-[Information]-UserManager: LogOut
11:34:04.20-[Information]-UiManager: Startup:
11:34:04.66-[Information]-Dba:  ->  Database File SQLite Already Existed!
11:34:21.61-[Information]-UserManager: LogOn: Manager/itm
11:34:21.61-[Information]-UserManager: LogOn: Manager/itm
11:34:23.02-[Information]-UserManager: LogOut
11:34:27.09-[Information]-UserManager: LogOn: AutoTeams/itm
11:34:27.10-[Information]-UserManager: LogOn: AutoTeams/itm
11:34:30.31-[Information]-UserManager: LogOut
11:36:24.01-[Information]-UiManager: Startup:
11:36:24.47-[Information]-Dba:  ->  Database File SQLite Already Existed!
11:36:56.84-[Information]-UiManager: Startup:
11:36:57.32-[Information]-Dba:  ->  Database File SQLite Already Existed!
11:37:26.80-[Information]-UiManager: Startup:
11:37:27.23-[Information]-Dba:  ->  Database File SQLite Already Existed!
11:37:47.26-[Information]-UiManager: Startup:
11:37:47.77-[Information]-Dba:  ->  Database File SQLite Already Existed!
11:38:15.95-[Information]-UserManager: LogOn: Manager/itm
11:38:15.95-[Information]-UserManager: LogOn: Manager/itm
11:38:21.51-[Information]-UserManager: LogOn: AutoTeams/itm
11:38:21.51-[Information]-UserManager: LogOn: AutoTeams/itm
11:39:44.23-[Information]-UiManager: Startup:
11:39:44.68-[Information]-Dba:  ->  Database File SQLite Already Existed!
11:39:54.54-[Information]-UserManager: LogOn: Manager/itm
11:39:54.54-[Information]-UserManager: LogOn: Manager/itm
11:40:03.77-[Information]-UserManager: LogOut
11:41:29.61-[Information]-UiManager: Startup:
11:41:30.07-[Information]-Dba:  ->  Database File SQLite Already Existed!
11:41:40.65-[Information]-UserManager: LogOn: Manager/itm
11:41:40.66-[Information]-UserManager: LogOn: Manager/itm
11:42:04.04-[Information]-UserManager: LogOut
11:42:15.52-[Information]-UserManager: LogOn: Manager/itm
11:42:15.53-[Information]-UserManager: LogOn: Manager/itm
11:42:21.19-[Information]-UserManager: LogOn: AutoTeams/itm
11:42:21.19-[Information]-UserManager: LogOn: AutoTeams/itm
11:42:29.31-[Information]-UserManager: LogOut
11:42:38.05-[Information]-UserManager: LogOn: Manager/itm
11:42:38.05-[Information]-UserManager: LogOn: Manager/itm
11:44:45.51-[Information]-UserManager: LogOut
11:45:41.08-[Information]-UiManager: Startup:
11:45:41.56-[Information]-Dba:  ->  Database File SQLite Already Existed!
11:46:45.81-[Information]-UiManager: Startup:
11:46:46.37-[Information]-Dba:  ->  Database File SQLite Already Existed!
11:48:45.18-[Information]-UiManager: Startup:
11:48:45.63-[Information]-Dba:  ->  Database File SQLite Already Existed!
11:49:42.66-[Information]-UiManager: Startup:
11:49:43.12-[Information]-Dba:  ->  Database File SQLite Already Existed!
11:51:57.31-[Information]-UiManager: Startup:
11:51:57.75-[Information]-Dba:  ->  Database File SQLite Already Existed!
11:53:15.28-[Information]-UiManager: Startup:
11:53:15.74-[Information]-Dba:  ->  Database File SQLite Already Existed!
11:54:09.28-[Information]-UiManager: Startup:
11:54:09.80-[Information]-Dba:  ->  Database File SQLite Already Existed!
11:54:22.18-[Information]-UserManager: LogOn: Manager/itm
11:54:22.18-[Information]-UserManager: LogOn: Manager/itm
11:54:27.70-[Information]-UserManager: LogOut
11:54:59.07-[Information]-UiManager: Startup:
11:54:59.69-[Information]-Dba:  ->  Database File SQLite Already Existed!
11:55:34.27-[Information]-UiManager: Startup:
11:55:34.96-[Information]-Dba:  ->  Database File SQLite Already Existed!
13:00:40.06-[Information]-UiManager: Startup:
13:00:40.54-[Information]-Dba:  ->  Database File SQLite Already Existed!
13:00:55.37-[Information]-UserManager: LogOn: Manager/itm
13:00:55.37-[Information]-UserManager: LogOn: Manager/itm
13:00:57.21-[Information]-UserManager: LogOut
13:12:22.64-[Information]-UiManager: Startup:
13:12:23.20-[Information]-Dba:  ->  Database File SQLite Already Existed!
13:12:38.22-[Information]-UserManager: LogOn: AutoTeams/itm
13:12:38.23-[Information]-UserManager: LogOn: AutoTeams/itm
13:13:30.34-[Information]-UiManager: Startup:
13:13:30.77-[Information]-Dba:  ->  Database File SQLite Already Existed!
13:13:40.83-[Information]-UserManager: LogOn: Manager/itm
13:13:40.84-[Information]-UserManager: LogOn: Manager/itm
13:13:45.51-[Information]-UserManager: LogOn: AutoTeams/itm
13:13:45.51-[Information]-UserManager: LogOn: AutoTeams/itm
13:14:23.10-[Information]-UserManager: LogOut
13:16:12.73-[Information]-UiManager: Startup:
13:16:13.47-[Information]-Dba:  ->  Database File SQLite Already Existed!
13:19:10.95-[Information]-UserManager: LogOn: AutoTeams/itm
13:19:10.95-[Information]-UserManager: LogOn: AutoTeams/itm
13:20:06.95-[Information]-UserManager: LogOut
13:20:15.73-[Information]-UserManager: LogOn: AutoTeams/itm
13:20:15.73-[Information]-UserManager: LogOn: AutoTeams/itm
13:22:01.13-[Information]-PgMain: addLog:Already Stopped !
13:22:02.45-[Information]-PgMain: addLog:Already Running!
13:22:03.03-[Information]-PgMain: addLog:Already Pause !
13:22:03.54-[Information]-PgMain: addLog:Already Home !
13:22:04.08-[Information]-PgMain: addLog:Already Pause !
13:22:05.06-[Information]-PgMain: addLog:Already Running!
13:22:05.52-[Information]-PgMain: addLog:Already Stopped !
13:22:51.95-[Information]-UiManager: Startup:
13:22:52.20-[Information]-Dba:  ->  Database File SQLite Already Existed!
13:22:59.85-[Information]-UserManager: LogOn: Manager/itm
13:22:59.85-[Information]-UserManager: LogOn: Manager/itm
13:23:04.12-[Information]-UserManager: LogOn: AutoTeams/itm
13:23:04.12-[Information]-UserManager: LogOn: AutoTeams/itm
13:23:05.51-[Information]-UserManager: LogOut
13:40:53.17-[Information]-UiManager: Startup:
13:40:53.80-[Information]-Dba:  ->  Database File SQLite Already Existed!
13:41:40.86-[Information]-UserManager: LogOn: Manager/itm
13:41:40.87-[Information]-UserManager: LogOn: Manager/itm
13:42:28.27-[Information]-PgMain: addLog:Already Stopped !
13:42:28.69-[Information]-PgMain: addLog:Already Running!
13:42:29.06-[Information]-PgMain: addLog:Already Pause !
13:42:29.44-[Information]-PgMain: addLog:Already Home !
13:47:38.67-[Information]-UiManager: Startup:
13:47:39.16-[Information]-Dba:  ->  Database File SQLite Already Existed!
13:51:20.17-[Information]-UiManager: Startup:
13:51:20.80-[Information]-Dba:  ->  Database File SQLite Already Existed!
13:51:29.14-[Information]-PgMain: addLog:Already Stopped !
13:51:29.91-[Information]-PgMain: addLog:Already Running!
13:51:30.79-[Information]-PgMain: addLog:Already Pause !
13:51:31.98-[Information]-PgMain: addLog:Already Home !
13:51:32.71-[Information]-PgMain: addLog:Already Reset !
13:51:33.12-[Information]-PgMain: addLog:Already Pause !
13:51:34.20-[Information]-PgMain: addLog:Already Running!
13:51:34.44-[Information]-PgMain: addLog:Already Stopped !
13:51:35.08-[Information]-PgMain: addLog:Already Pause !
13:51:35.65-[Information]-PgMain: addLog:Already Home !
13:51:36.21-[Information]-PgMain: addLog:Already Stopped !
13:51:40.10-[Information]-PgMain: addLog:Already Running!
13:51:40.59-[Information]-PgMain: addLog:Already Stopped !
13:51:41.63-[Information]-PgMain: addLog:Already Home !
13:51:42.12-[Information]-PgMain: addLog:Already Pause !
13:51:42.60-[Information]-PgMain: addLog:Already Reset !
13:51:43.19-[Information]-PgMain: addLog:Already Pause !
13:51:43.64-[Information]-PgMain: addLog:Already Running!
13:51:44.19-[Information]-PgMain: addLog:Already Stopped !
13:51:44.69-[Information]-PgMain: addLog:Already Home !
13:51:45.28-[Information]-PgMain: addLog:Already Reset !
13:51:45.72-[Information]-PgMain: addLog:Already Pause !
13:51:46.31-[Information]-PgMain: addLog:Already Running!
13:51:47.21-[Information]-PgMain: addLog:Already Stopped !
13:51:47.77-[Information]-PgMain: addLog:Already Pause !
13:51:48.19-[Information]-PgMain: addLog:Already Home !
13:53:30.26-[Information]-UiManager: Startup:
13:53:30.82-[Information]-Dba:  ->  Database File SQLite Already Existed!
13:53:32.01-[Information]-PgMain: addLog:Already Stopped !
13:53:33.10-[Information]-PgMain: addLog:Already Running!
13:53:33.60-[Information]-PgMain: addLog:Already Pause !
13:53:34.14-[Information]-PgMain: addLog:Already Home !
13:53:34.63-[Information]-PgMain: addLog:Already Reset !
13:53:35.00-[Information]-PgMain: addLog:Already Pause !
13:53:35.60-[Information]-PgMain: addLog:Already Running!
13:53:36.08-[Information]-PgMain: addLog:Already Stopped !
13:54:22.27-[Information]-UiManager: Startup:
13:54:22.85-[Information]-Dba:  ->  Database File SQLite Already Existed!
13:54:25.55-[Information]-PgMain: addLog:Already Stopped !
13:54:26.44-[Information]-PgMain: addLog:Already Running!
13:54:26.84-[Information]-PgMain: addLog:Already Pause !
13:54:27.24-[Information]-PgMain: addLog:Already Home !
13:54:27.69-[Information]-PgMain: addLog:Already Reset !
13:54:28.22-[Information]-PgMain: addLog:Already Stopped !
13:54:29.13-[Information]-PgMain: addLog:Already Running!
13:54:29.59-[Information]-PgMain: addLog:Already Pause !
13:54:30.52-[Information]-PgMain: addLog:Already Stopped !
13:54:30.99-[Information]-PgMain: addLog:Already Pause !
13:54:31.46-[Information]-PgMain: addLog:Already Home !
13:54:32.13-[Information]-PgMain: addLog:Already Reset !
13:54:32.70-[Information]-PgMain: addLog:Already Home !
13:54:32.97-[Information]-PgMain: addLog:Already Pause !
13:54:33.26-[Information]-PgMain: addLog:Already Running!
13:54:33.61-[Information]-PgMain: addLog:Already Stopped !
13:54:33.98-[Information]-PgMain: addLog:Already Pause !
13:54:34.35-[Information]-PgMain: addLog:Already Home !
13:54:34.99-[Information]-PgMain: addLog:Already Stopped !
13:54:35.84-[Information]-PgMain: addLog:Already Running!
13:55:56.68-[Information]-PgMain: addLog:Already Pause !
13:55:57.33-[Information]-PgMain: addLog:Already Running!
13:55:57.82-[Information]-PgMain: addLog:Already Stopped !
13:55:58.31-[Information]-PgMain: addLog:Already Home !
13:55:58.60-[Information]-PgMain: addLog:Already Reset !
13:56:21.10-[Information]-PgMain: addLog:Already Stopped !
14:08:15.60-[Information]-UiManager: Startup:
14:08:16.10-[Information]-Dba:  ->  Database File SQLite Already Existed!
14:10:16.54-[Information]-UiManager: Startup:
14:10:17.00-[Information]-Dba:  ->  Database File SQLite Already Existed!
14:10:48.39-[Information]-UiManager: Startup:
14:10:48.85-[Information]-Dba:  ->  Database File SQLite Already Existed!
14:13:11.06-[Information]-UiManager: Startup:
14:13:11.30-[Information]-Dba:  ->  Database File SQLite Already Existed!
14:13:16.65-[Information]-UiManager: Startup:
14:13:16.87-[Information]-Dba:  ->  Database File SQLite Already Existed!
14:16:17.74-[Information]-UiManager: Startup:
14:16:18.75-[Information]-Dba:  ->  Database File SQLite Already Existed!
14:17:17.31-[Information]-UiManager: Startup:
14:17:18.30-[Information]-Dba:  ->  Database File SQLite Already Existed!
14:19:18.87-[Information]-UiManager: Startup:
14:19:19.92-[Information]-Dba:  ->  Database File SQLite Already Existed!
14:20:05.68-[Information]-UiManager: Startup:
14:20:06.68-[Information]-Dba:  ->  Database File SQLite Already Existed!
14:20:12.67-[Information]-PgMain: addLog:Already Stopped !
14:20:12.88-[Information]-PgMain: addLog:Already Running!
14:20:13.80-[Information]-PgMain: addLog:Already Stopped !
14:20:14.80-[Information]-PgMain: addLog:Already Home !
14:20:15.25-[Information]-PgMain: addLog:Already Reset !
14:20:15.67-[Information]-PgMain: addLog:Already Pause !
14:20:16.51-[Information]-PgMain: addLog:Already Running!
14:20:19.40-[Information]-PgMain: addLog:Already Stopped !
14:20:20.47-[Information]-PgMain: addLog:Already Running!
14:23:34.30-[Information]-UiManager: Startup:
14:23:35.23-[Information]-Dba:  ->  Database File SQLite Already Existed!
14:27:00.83-[Information]-UiManager: Startup:
14:27:01.87-[Information]-Dba:  ->  Database File SQLite Already Existed!
14:28:04.10-[Information]-UiManager: Startup:
14:28:05.05-[Information]-Dba:  ->  Database File SQLite Already Existed!
14:28:37.74-[Information]-UiManager: Startup:
14:28:38.73-[Information]-Dba:  ->  Database File SQLite Already Existed!
14:29:21.68-[Information]-UiManager: Startup:
14:29:22.75-[Information]-Dba:  ->  Database File SQLite Already Existed!
14:32:07.49-[Information]-UiManager: Startup:
14:32:08.58-[Information]-Dba:  ->  Database File SQLite Already Existed!
14:32:49.71-[Information]-UserManager: LogOn: Manager/itm
14:32:49.71-[Information]-UserManager: LogOn: Manager/itm
14:32:51.30-[Information]-UserManager: LogOut
14:42:20.33-[Information]-UiManager: Startup:
14:42:20.85-[Information]-Dba:  ->  Database File SQLite Already Existed!
14:43:55.92-[Information]-UserManager: LogOn: Manager/itm
14:43:55.92-[Information]-UserManager: LogOn: Manager/itm
14:44:00.27-[Information]-UserManager: LogOn: AutoTeams/itm
14:44:00.27-[Information]-UserManager: LogOn: AutoTeams/itm
14:46:23.29-[Information]-PgMain: addLog:Already Stopped !
14:46:24.03-[Information]-PgMain: addLog:Already Running!
14:46:24.40-[Information]-PgMain: addLog:Already Pause !
14:46:25.22-[Information]-PgMain: addLog:Already Home !
14:46:25.69-[Information]-PgMain: addLog:Already Reset !
14:46:26.15-[Information]-PgMain: addLog:Already Pause !
14:46:26.66-[Information]-PgMain: addLog:Already Stopped !
14:46:27.02-[Information]-PgMain: addLog:Already Running!
14:46:27.37-[Information]-PgMain: addLog:Already Pause !
14:46:27.98-[Information]-PgMain: addLog:Already Home !
14:46:28.45-[Information]-PgMain: addLog:Already Reset !
14:46:28.77-[Information]-PgMain: addLog:Already Pause !
14:46:29.16-[Information]-PgMain: addLog:Already Stopped !
14:46:29.70-[Information]-PgMain: addLog:Already Running!
14:46:29.91-[Information]-PgMain: addLog:Already Pause !
14:46:30.29-[Information]-PgMain: addLog:Already Home !
14:46:30.79-[Information]-PgMain: addLog:Already Reset !
14:57:42.84-[Information]-UiManager: Startup:
14:57:43.26-[Information]-Dba:  ->  Database File SQLite Already Existed!
14:57:49.51-[Information]-UserManager: LogOn: AutoTeams/itm
14:57:49.51-[Information]-UserManager: LogOn: AutoTeams/itm
15:26:15.62-[Information]-UiManager: Startup:
15:26:15.84-[Information]-Dba:  ->  Database File SQLite Already Existed!
15:26:20.25-[Information]-UiManager: Startup:
15:26:20.46-[Information]-Dba:  ->  Database File SQLite Already Existed!
15:29:33.59-[Information]-UiManager: Startup:
15:29:33.80-[Information]-Dba:  ->  Database File SQLite Already Existed!
15:29:42.66-[Information]-UiManager: Startup:
15:29:42.77-[Information]-Dba:  ->  Database File SQLite Already Existed!
15:30:56.01-[Information]-PgMain: addLog:Already Stopped !
15:30:58.08-[Information]-PgMain: addLog:Already Running!
15:30:58.50-[Information]-PgMain: addLog:Already Pause !
15:30:58.90-[Information]-PgMain: addLog:Already Home !
15:30:59.24-[Information]-PgMain: addLog:Already Reset !
15:30:59.62-[Information]-PgMain: addLog:Already Pause !
15:31:00.38-[Information]-PgMain: addLog:Already Running!
15:32:04.42-[Information]-PgMain: addLog:Already Home !
15:32:05.25-[Information]-PgMain: addLog:Already Stopped !
15:33:43.52-[Information]-UiManager: Startup:
15:33:44.01-[Information]-Dba:  ->  Database File SQLite Already Existed!
15:34:29.93-[Information]-UiManager: Startup:
15:34:30.42-[Information]-Dba:  ->  Database File SQLite Already Existed!
15:36:00.77-[Information]-UiManager: Startup:
15:36:01.48-[Information]-Dba:  ->  Database File SQLite Already Existed!
15:36:34.35-[Information]-UiManager: Startup:
15:36:34.89-[Information]-Dba:  ->  Database File SQLite Already Existed!
15:37:34.06-[Information]-UiManager: Startup:
15:37:34.66-[Information]-Dba:  ->  Database File SQLite Already Existed!
15:41:11.45-[Information]-UiManager: Startup:
15:41:12.07-[Information]-Dba:  ->  Database File SQLite Already Existed!
15:41:20.35-[Information]-PgMain: addLog:Already Stopped !
15:41:20.64-[Information]-PgMain: addLog:Already Home !
15:41:21.01-[Information]-PgMain: addLog:Already Stopped !
15:41:21.40-[Information]-PgMain: addLog:Already Running!
15:41:21.64-[Information]-PgMain: addLog:Already Pause !
15:41:21.98-[Information]-PgMain: addLog:Already Reset !
15:41:22.47-[Information]-PgMain: addLog:Already Stopped !
15:41:22.81-[Information]-PgMain: addLog:Already Running!
15:41:23.00-[Information]-PgMain: addLog:Already Pause !
15:41:24.48-[Information]-PgMain: addLog:Already Home !
15:41:25.76-[Information]-PgMain: addLog:Already Stopped !
15:41:26.71-[Information]-PgMain: addLog:Already Running!
15:41:27.50-[Information]-PgMain: addLog:Already Pause !
15:41:28.43-[Information]-PgMain: addLog:Already Reset !
15:41:28.95-[Information]-PgMain: addLog:Already Home !
15:41:30.33-[Information]-PgMain: addLog:Already Stopped !
15:43:50.37-[Information]-UiManager: Startup:
15:43:50.95-[Information]-Dba:  ->  Database File SQLite Already Existed!
15:44:44.43-[Information]-UiManager: Startup:
15:44:44.91-[Information]-Dba:  ->  Database File SQLite Already Existed!
15:45:59.92-[Information]-UiManager: Startup:
15:46:00.54-[Information]-Dba:  ->  Database File SQLite Already Existed!
15:49:09.49-[Information]-UiManager: Startup:
15:49:09.98-[Information]-Dba:  ->  Database File SQLite Already Existed!
15:50:18.26-[Information]-UiManager: Startup:
15:50:19.05-[Information]-Dba:  ->  Database File SQLite Already Existed!
15:51:59.07-[Information]-UiManager: Startup:
15:51:59.56-[Information]-Dba:  ->  Database File SQLite Already Existed!
16:12:00.61-[Information]-UiManager: Startup:
16:12:01.21-[Information]-Dba:  ->  Database File SQLite Already Existed!
16:12:37.07-[Information]-UserManager: LogOn: AutoTeams/itm
16:12:37.07-[Information]-UserManager: LogOn: AutoTeams/itm
16:15:48.49-[Information]-UiManager: Startup:
16:15:49.00-[Information]-Dba:  ->  Database File SQLite Already Existed!
16:18:58.64-[Information]-UiManager: Startup:
16:18:59.12-[Information]-Dba:  ->  Database File SQLite Already Existed!
16:19:39.78-[Information]-UiManager: Startup:
16:19:40.23-[Information]-Dba:  ->  Database File SQLite Already Existed!
16:23:23.10-[Information]-UiManager: Startup:
16:23:23.65-[Information]-Dba:  ->  Database File SQLite Already Existed!
16:24:34.01-[Information]-UiManager: Startup:
16:24:34.51-[Information]-Dba:  ->  Database File SQLite Already Existed!
16:24:39.96-[Information]-UserManager: LogOn: AutoTeams/itm
16:24:39.96-[Information]-UserManager: LogOn: AutoTeams/itm
16:24:54.03-[Information]-UserManager: LogOut
16:26:01.72-[Information]-UiManager: Startup:
16:26:02.20-[Information]-Dba:  ->  Database File SQLite Already Existed!
16:26:07.17-[Information]-UserManager: LogOn: AutoTeams/itm
16:26:07.17-[Information]-UserManager: LogOn: AutoTeams/itm
16:29:06.74-[Information]-UiManager: Startup:
16:29:07.40-[Information]-Dba:  ->  Database File SQLite Already Existed!
16:29:13.10-[Information]-UserManager: LogOn: AutoTeams/itm
16:29:13.10-[Information]-UserManager: LogOn: AutoTeams/itm
16:29:56.56-[Information]-UiManager: Startup:
16:29:57.27-[Information]-Dba:  ->  Database File SQLite Already Existed!
16:30:06.14-[Information]-UserManager: LogOn: AutoTeams/itm
16:30:06.14-[Information]-UserManager: LogOn: AutoTeams/itm
16:30:10.13-[Information]-UserManager: LogOut
16:30:22.54-[Information]-UserManager: LogOn: AutoTeams/itm
16:30:22.54-[Information]-UserManager: LogOn: AutoTeams/itm
16:31:19.12-[Information]-UiManager: Startup:
16:31:19.59-[Information]-Dba:  ->  Database File SQLite Already Existed!
16:31:27.39-[Information]-UserManager: LogOn: Manager/itm
16:31:27.39-[Information]-UserManager: LogOn: Manager/itm
16:31:34.17-[Information]-UserManager: LogOn: AutoTeams/itm
16:31:34.17-[Information]-UserManager: LogOn: AutoTeams/itm
16:31:36.71-[Information]-UserManager: LogOut
16:34:17.53-[Information]-UiManager: Startup:
16:34:18.12-[Information]-Dba:  ->  Database File SQLite Already Existed!
16:34:30.16-[Information]-UserManager: LogOn: AutoTeams/itm
16:34:30.16-[Information]-UserManager: LogOn: AutoTeams/itm
16:36:09.76-[Information]-UiManager: Startup:
16:36:10.38-[Information]-Dba:  ->  Database File SQLite Already Existed!
16:36:36.37-[Information]-UserManager: LogOn: Manager/itm
16:36:36.37-[Information]-UserManager: LogOn: Manager/itm
16:36:40.84-[Information]-UserManager: LogOn: AutoTeams/itm
16:36:40.84-[Information]-UserManager: LogOn: AutoTeams/itm
16:36:49.08-[Information]-UserManager: LogOut
16:37:13.67-[Information]-UserManager: LogOn: AutoTeams/itm
16:37:13.67-[Information]-UserManager: LogOn: AutoTeams/itm
16:37:18.05-[Information]-UserManager: LogOut
16:42:53.63-[Information]-UiManager: Startup:
16:42:54.17-[Information]-Dba:  ->  Database File SQLite Already Existed!
16:53:36.29-[Information]-UiManager: Startup:
16:53:36.78-[Information]-Dba:  ->  Database File SQLite Already Existed!
17:01:21.21-[Information]-UiManager: Startup:
17:01:21.86-[Information]-Dba:  ->  Database File SQLite Already Existed!
17:01:32.99-[Information]-UserManager: LogOn: Manager/itm
17:01:33.00-[Information]-UserManager: LogOn: Manager/itm
17:01:54.49-[Information]-UserManager: LogOut
17:01:58.79-[Information]-UserManager: LogOn: Manager/itm
17:01:58.79-[Information]-UserManager: LogOn: Manager/itm
17:02:03.06-[Information]-UserManager: LogOn: AutoTeams/itm
17:02:03.06-[Information]-UserManager: LogOn: AutoTeams/itm
17:02:12.48-[Information]-UserManager: LogOut
17:04:20.62-[Information]-UiManager: Startup:
17:04:21.31-[Information]-Dba:  ->  Database File SQLite Already Existed!
17:04:27.64-[Information]-UserManager: LogOn: Manager/itm
17:04:27.64-[Information]-UserManager: LogOn: Manager/itm
18:34:24.67-[Information]-UiManager: Startup:
18:34:25.09-[Information]-Dba:  ->  Database File SQLite Already Existed!
18:34:44.31-[Information]-UserManager: LogOn: Manager/itm
18:34:44.31-[Information]-UserManager: LogOn: Manager/itm
18:34:49.50-[Information]-UserManager: LogOn: AutoTeams/itm
18:34:49.50-[Information]-UserManager: LogOn: AutoTeams/itm
18:34:59.99-[Information]-UiManager: Startup:
18:35:00.34-[Information]-Dba:  ->  Database File SQLite Already Existed!
19:19:40.46-[Information]-UiManager: Startup:
19:19:40.75-[Information]-Dba:  ->  Database File SQLite Already Existed!
19:20:15.62-[Information]-UiManager: Startup:
19:20:15.93-[Information]-Dba:  ->  Database File SQLite Already Existed!
19:20:25.16-[Information]-UserManager: LogOn: Manager/itm
19:20:25.16-[Information]-UserManager: LogOn: Manager/itm
19:20:45.95-[Information]-UserManager: LogOn: AutoTeams/itm
19:20:45.95-[Information]-UserManager: LogOn: AutoTeams/itm
19:21:02.01-[Information]-UserManager: LogOut
19:33:21.68-[Information]-UiManager: Startup:
19:33:22.01-[Information]-Dba:  ->  Database File SQLite Already Existed!
19:37:22.29-[Information]-UiManager: Startup:
19:37:22.60-[Information]-Dba:  ->  Database File SQLite Already Existed!
19:38:48.04-[Information]-UiManager: Startup:
19:38:48.35-[Information]-Dba:  ->  Database File SQLite Already Existed!
19:39:19.08-[Information]-UserManager: LogOn: Manager/itm
19:39:19.08-[Information]-UserManager: LogOn: Manager/itm
19:39:24.93-[Information]-UserManager: LogOn: AutoTeams/itm
19:39:24.94-[Information]-UserManager: LogOn: AutoTeams/itm
19:39:34.09-[Information]-UserManager: LogOut
19:40:45.16-[Information]-UiManager: Startup:
19:40:45.45-[Information]-Dba:  ->  Database File SQLite Already Existed!
19:41:32.83-[Information]-UiManager: Startup:
19:41:33.13-[Information]-Dba:  ->  Database File SQLite Already Existed!
19:56:46.62-[Information]-UiManager: Startup:
19:56:46.91-[Information]-Dba:  ->  Database File SQLite Already Existed!
19:57:20.53-[Information]-UiManager: Startup:
19:57:20.85-[Information]-Dba:  ->  Database File SQLite Already Existed!
19:57:30.86-[Information]-UserManager: LogOn: Manager/itm
19:57:30.86-[Information]-UserManager: LogOn: Manager/itm
19:57:37.66-[Information]-UserManager: LogOn: AutoTeams/itm
19:57:37.66-[Information]-UserManager: LogOn: AutoTeams/itm
19:58:09.47-[Information]-UiManager: Startup:
19:58:09.91-[Information]-Dba:  ->  Database File SQLite Already Existed!
19:58:37.22-[Information]-UiManager: Startup:
19:58:37.54-[Information]-Dba:  ->  Database File SQLite Already Existed!
19:59:05.47-[Information]-UiManager: Startup:
19:59:05.79-[Information]-Dba:  ->  Database File SQLite Already Existed!
19:59:15.65-[Information]-UserManager: LogOn: AutoTeams/itm
19:59:15.65-[Information]-UserManager: LogOn: AutoTeams/itm
20:00:06.76-[Information]-UiManager: Startup:
20:00:07.08-[Information]-Dba:  ->  Database File SQLite Already Existed!
20:00:19.07-[Information]-UserManager: LogOn: AutoTeams/itm
20:00:19.07-[Information]-UserManager: LogOn: AutoTeams/itm
20:00:52.14-[Information]-UiManager: Startup:
20:00:52.55-[Information]-Dba:  ->  Database File SQLite Already Existed!
20:00:58.66-[Information]-UserManager: LogOn: AutoTeams/itm
20:00:58.66-[Information]-UserManager: LogOn: AutoTeams/itm
20:01:28.39-[Information]-UserManager: LogOut
20:02:34.49-[Information]-UiManager: Startup:
20:02:34.80-[Information]-Dba:  ->  Database File SQLite Already Existed!
20:02:43.06-[Information]-UserManager: LogOn: AutoTeams/itm
20:02:43.06-[Information]-UserManager: LogOn: AutoTeams/itm
20:03:36.03-[Information]-UiManager: Startup:
20:03:36.35-[Information]-Dba:  ->  Database File SQLite Already Existed!
20:04:17.41-[Information]-UiManager: Startup:
20:04:17.73-[Information]-Dba:  ->  Database File SQLite Already Existed!
20:04:52.03-[Information]-UserManager: LogOn: Manager/itm
20:04:52.03-[Information]-UserManager: LogOn: Manager/itm
20:04:56.61-[Information]-UserManager: LogOn: AutoTeams/itm
20:04:56.61-[Information]-UserManager: LogOn: AutoTeams/itm
20:05:03.31-[Information]-UserManager: LogOut
20:07:33.84-[Information]-UiManager: Startup:
20:07:34.16-[Information]-Dba:  ->  Database File SQLite Already Existed!
20:10:01.23-[Information]-UiManager: Startup:
20:10:01.61-[Information]-Dba:  ->  Database File SQLite Already Existed!
20:10:39.19-[Information]-UiManager: Startup:
20:10:39.49-[Information]-Dba:  ->  Database File SQLite Already Existed!
20:11:04.21-[Information]-UserManager: LogOn: AutoTeams/itm
20:11:04.21-[Information]-UserManager: LogOn: AutoTeams/itm
20:11:12.76-[Information]-UserManager: LogOut
21:19:41.75-[Information]-UiManager: Startup:
21:19:42.03-[Information]-Dba:  ->  Database File SQLite Already Existed!
21:21:57.14-[Information]-UiManager: Startup:
21:21:57.55-[Information]-Dba:  ->  Database File SQLite Already Existed!
21:48:52.53-[Information]-UiManager: Startup:
21:48:52.85-[Information]-Dba:  ->  Database File SQLite Already Existed!
21:53:56.88-[Information]-UiManager: Startup:
21:53:57.21-[Information]-Dba:  ->  Database File SQLite Already Existed!
21:55:47.56-[Information]-UiManager: Startup:
21:55:47.98-[Information]-Dba:  ->  Database File SQLite Already Existed!
21:57:58.05-[Information]-UiManager: Startup:
21:57:58.35-[Information]-Dba:  ->  Database File SQLite Already Existed!
22:06:29.65-[Information]-UiManager: Startup:
22:06:30.01-[Information]-Dba:  ->  Database File SQLite Already Existed!
22:09:26.95-[Information]-UiManager: Startup:
22:09:27.28-[Information]-Dba:  ->  Database File SQLite Already Existed!
22:20:35.20-[Information]-UiManager: Startup:
22:20:35.49-[Information]-Dba:  ->  Database File SQLite Already Existed!
22:30:52.71-[Information]-UiManager: Startup:
22:30:53.05-[Information]-Dba:  ->  Database File SQLite Already Existed!
22:33:14.54-[Information]-UiManager: Startup:
22:33:14.82-[Information]-Dba:  ->  Database File SQLite Already Existed!
22:33:56.62-[Information]-UiManager: Startup:
22:33:56.98-[Information]-Dba:  ->  Database File SQLite Already Existed!
22:34:50.83-[Information]-UiManager: Startup:
22:34:51.16-[Information]-Dba:  ->  Database File SQLite Already Existed!
22:36:21.62-[Information]-UiManager: Startup:
22:36:21.98-[Information]-Dba:  ->  Database File SQLite Already Existed!
22:37:41.25-[Information]-UiManager: Startup:
22:37:41.58-[Information]-Dba:  ->  Database File SQLite Already Existed!
22:38:04.25-[Information]-UiManager: Startup:
22:38:04.55-[Information]-Dba:  ->  Database File SQLite Already Existed!
22:40:27.18-[Information]-UiManager: Startup:
22:40:27.47-[Information]-Dba:  ->  Database File SQLite Already Existed!
22:41:57.70-[Information]-UiManager: Startup:
22:41:58.08-[Information]-Dba:  ->  Database File SQLite Already Existed!
22:42:57.94-[Information]-UiManager: Startup:
22:42:58.36-[Information]-Dba:  ->  Database File SQLite Already Existed!
22:43:50.69-[Information]-UiManager: Startup:
22:43:50.99-[Information]-Dba:  ->  Database File SQLite Already Existed!
22:44:45.65-[Information]-UiManager: Startup:
22:44:45.94-[Information]-Dba:  ->  Database File SQLite Already Existed!
22:45:35.47-[Information]-UiManager: Startup:
22:45:35.83-[Information]-Dba:  ->  Database File SQLite Already Existed!
22:46:28.31-[Information]-UiManager: Startup:
22:46:28.65-[Information]-Dba:  ->  Database File SQLite Already Existed!
22:46:58.39-[Information]-UiManager: Startup:
22:46:58.69-[Information]-Dba:  ->  Database File SQLite Already Existed!
22:48:57.74-[Information]-UiManager: Startup:
22:48:58.07-[Information]-Dba:  ->  Database File SQLite Already Existed!
22:50:36.09-[Information]-UiManager: Startup:
22:50:36.44-[Information]-Dba:  ->  Database File SQLite Already Existed!
22:53:31.73-[Information]-UiManager: Startup:
22:53:32.03-[Information]-Dba:  ->  Database File SQLite Already Existed!
22:54:45.86-[Information]-UiManager: Startup:
22:54:46.17-[Information]-Dba:  ->  Database File SQLite Already Existed!
22:56:34.73-[Information]-UiManager: Startup:
22:56:34.98-[Information]-Dba:  ->  Database File SQLite Already Existed!
23:03:58.62-[Information]-UiManager: Startup:
23:03:58.92-[Information]-Dba:  ->  Database File SQLite Already Existed!
23:10:15.72-[Information]-UiManager: Startup:
23:10:16.04-[Information]-Dba:  ->  Database File SQLite Already Existed!
23:10:49.63-[Information]-UiManager: Startup:
23:10:49.94-[Information]-Dba:  ->  Database File SQLite Already Existed!
23:11:01.67-[Information]-UiManager: Startup:
23:11:01.93-[Information]-Dba:  ->  Database File SQLite Already Existed!
23:11:22.65-[Information]-UiManager: Startup:
23:11:23.00-[Information]-Dba:  ->  Database File SQLite Already Existed!
23:11:58.21-[Information]-UiManager: Startup:
23:11:58.61-[Information]-Dba:  ->  Database File SQLite Already Existed!
23:14:11.69-[Information]-UiManager: Startup:
23:14:12.07-[Information]-Dba:  ->  Database File SQLite Already Existed!
23:16:11.55-[Information]-UiManager: Startup:
23:16:11.89-[Information]-Dba:  ->  Database File SQLite Already Existed!
23:18:54.09-[Information]-UiManager: Startup:
23:18:54.42-[Information]-Dba:  ->  Database File SQLite Already Existed!
23:23:17.01-[Information]-UiManager: Startup:
23:23:17.36-[Information]-Dba:  ->  Database File SQLite Already Existed!
23:23:49.49-[Information]-UiManager: Startup:
23:23:49.78-[Information]-Dba:  ->  Database File SQLite Already Existed!
23:25:10.99-[Information]-UiManager: Startup:
23:25:11.26-[Information]-Dba:  ->  Database File SQLite Already Existed!
23:27:38.14-[Information]-UiManager: Startup:
23:27:38.48-[Information]-Dba:  ->  Database File SQLite Already Existed!
23:28:24.82-[Information]-UiManager: Startup:
23:28:25.17-[Information]-Dba:  ->  Database File SQLite Already Existed!
23:29:03.76-[Information]-UiManager: Startup:
23:29:04.08-[Information]-Dba:  ->  Database File SQLite Already Existed!
23:41:23.87-[Information]-UiManager: Startup:
23:41:24.42-[Information]-Dba:  ->  Database File SQLite Already Existed!
23:43:50.23-[Information]-UiManager: Startup:
23:43:50.49-[Information]-Dba:  ->  Database File SQLite Already Existed!
23:45:53.02-[Information]-UiManager: Startup:
23:45:53.32-[Information]-Dba:  ->  Database File SQLite Already Existed!
23:47:21.86-[Information]-UiManager: Startup:
23:47:22.20-[Information]-Dba:  ->  Database File SQLite Already Existed!