
16:17:07.33-[Information]-UiManager: Startup:
16:17:08.50-[Information]-Dba:  ->  Database File SQLite Already Existed!
16:18:25.90-[Information]-UiManager: Startup:
16:18:26.67-[Information]-Dba:  ->  Database File SQLite Already Existed!
16:19:00.79-[Information]-UiManager: Startup:
16:19:01.61-[Information]-Dba:  ->  Database File SQLite Already Existed!
16:20:37.45-[Information]-UiManager: Startup:
16:20:38.38-[Information]-Dba:  ->  Database File SQLite Already Existed!
16:21:12.18-[Information]-UiManager: Startup:
16:21:13.11-[Information]-Dba:  ->  Database File SQLite Already Existed!
16:21:27.43-[Information]-UiManager: Startup:
16:21:28.44-[Information]-Dba:  ->  Database File SQLite Already Existed!
16:22:18.00-[Information]-UiManager: Startup:
16:22:19.02-[Information]-Dba:  ->  Database File SQLite Already Existed!
16:26:38.49-[Information]-UiManager: Startup:
16:26:39.73-[Information]-Dba:  ->  Database File SQLite Already Existed!
16:27:06.93-[Error]-PLC Q_Enthernet: Q_Enthernet ReadMutiBit Error: Subheader Error
16:27:11.76-[Information]-UiManager: Startup:
16:27:12.68-[Information]-Dba:  ->  Database File SQLite Already Existed!
16:28:13.75-[Information]-UiManager: Startup:
16:28:14.40-[Information]-Dba:  ->  Database File SQLite Already Existed!
18:15:00.34-[Information]-UiManager: Startup:
18:15:01.56-[Information]-Dba:  ->  Database File SQLite Already Existed!
18:15:27.19-[Information]-UiManager: Startup:
18:15:27.82-[Information]-Dba:  ->  Database File SQLite Already Existed!
18:25:54.60-[Information]-UiManager: Startup:
18:25:55.19-[Information]-Dba:  ->  Database File SQLite Already Existed!
18:30:03.82-[Information]-UiManager: Startup:
18:30:04.86-[Information]-Dba:  ->  Database File SQLite Already Existed!
18:30:19.72-[Information]-UiManager: Startup:
18:30:20.43-[Information]-Dba:  ->  Database File SQLite Already Existed!
18:30:44.29-[Information]-UiManager: Startup:
18:30:45.58-[Information]-Dba:  ->  Database File SQLite Already Existed!
18:34:57.03-[Information]-UiManager: Startup:
18:34:57.80-[Information]-Dba:  ->  Database File SQLite Already Existed!
18:36:12.97-[Information]-UiManager: Startup:
18:36:14.03-[Information]-Dba:  ->  Database File SQLite Already Existed!
18:48:02.28-[Information]-UiManager: Startup:
18:48:03.08-[Information]-Dba:  ->  Database File SQLite Already Existed!
18:48:29.89-[Information]-UiManager: Startup:
18:48:30.65-[Information]-Dba:  ->  Database File SQLite Already Existed!
18:48:32.85-[Error]-PLC Q_Enthernet: Q_Enthernet ReadDoubleWork Error: Subheader Error
18:48:32.86-[Error]-PLC Q_Enthernet: Q_Enthernet ReadDoubleWork Error: Subheader Error
18:48:32.87-[Error]-PLC Q_Enthernet: Q_Enthernet ReadDoubleWork Error: Subheader Error
18:48:32.87-[Error]-PLC Q_Enthernet: Q_Enthernet ReadDoubleWork Error: Subheader Error
18:48:32.88-[Error]-PLC Q_Enthernet: Q_Enthernet ReadDoubleWork Error: Subheader Error
18:48:32.89-[Error]-PLC Q_Enthernet: Q_Enthernet ReadDoubleWork Error: Subheader Error
18:48:32.90-[Error]-PLC Q_Enthernet: Q_Enthernet ReadDoubleWork Error: Subheader Error
18:48:32.91-[Error]-PLC Q_Enthernet: Q_Enthernet ReadDoubleWork Error: Subheader Error
18:48:32.92-[Error]-PLC Q_Enthernet: Q_Enthernet ReadDoubleWork Error: Subheader Error
18:48:32.93-[Error]-PLC Q_Enthernet: Q_Enthernet ReadDoubleWork Error: Subheader Error
18:48:32.93-[Error]-PLC Q_Enthernet: Q_Enthernet ReadDoubleWork Error: Subheader Error
18:48:32.94-[Error]-PLC Q_Enthernet: Q_Enthernet ReadDoubleWork Error: Subheader Error
18:48:32.95-[Error]-PLC Q_Enthernet: Q_Enthernet ReadDoubleWork Error: Subheader Error
18:48:32.96-[Error]-PLC Q_Enthernet: Q_Enthernet ReadDoubleWork Error: Subheader Error
18:48:32.96-[Error]-PLC Q_Enthernet: Q_Enthernet ReadDoubleWork Error: Subheader Error
18:48:32.97-[Error]-PLC Q_Enthernet: Q_Enthernet ReadDoubleWork Error: Subheader Error
18:48:32.98-[Error]-PLC Q_Enthernet: Q_Enthernet ReadDoubleWork Error: Subheader Error
18:48:32.99-[Error]-PLC Q_Enthernet: Q_Enthernet ReadDoubleWork Error: Subheader Error
18:48:33.00-[Error]-PLC Q_Enthernet: Q_Enthernet ReadDoubleWork Error: Subheader Error
18:48:33.01-[Error]-PLC Q_Enthernet: Q_Enthernet ReadDoubleWork Error: Subheader Error
18:48:33.01-[Error]-PLC Q_Enthernet: Q_Enthernet ReadDoubleWork Error: Subheader Error
18:48:33.02-[Error]-PLC Q_Enthernet: Q_Enthernet ReadDoubleWork Error: Subheader Error
18:48:33.03-[Error]-PLC Q_Enthernet: Q_Enthernet ReadDoubleWork Error: Subheader Error
18:48:33.04-[Error]-PLC Q_Enthernet: Q_Enthernet ReadDoubleWork Error: Subheader Error
18:48:33.05-[Error]-PLC Q_Enthernet: Q_Enthernet ReadDoubleWork Error: Subheader Error
18:48:33.06-[Error]-PLC Q_Enthernet: Q_Enthernet ReadDoubleWork Error: Subheader Error
18:48:33.06-[Error]-PLC Q_Enthernet: Q_Enthernet ReadDoubleWork Error: Subheader Error
18:48:33.07-[Error]-PLC Q_Enthernet: Q_Enthernet ReadDoubleWork Error: Subheader Error
18:48:33.08-[Error]-PLC Q_Enthernet: Q_Enthernet ReadDoubleWork Error: Subheader Error
18:48:33.10-[Error]-PLC Q_Enthernet: Q_Enthernet ReadDoubleWork Error: Subheader Error
18:48:33.10-[Error]-PLC Q_Enthernet: Q_Enthernet ReadDoubleWork Error: Subheader Error
18:48:33.11-[Error]-PLC Q_Enthernet: Q_Enthernet ReadDoubleWork Error: Subheader Error
18:48:33.12-[Error]-PLC Q_Enthernet: Q_Enthernet ReadDoubleWork Error: Subheader Error
18:48:33.13-[Error]-PLC Q_Enthernet: Q_Enthernet ReadDoubleWork Error: Subheader Error
18:48:33.13-[Error]-PLC Q_Enthernet: Q_Enthernet ReadDoubleWork Error: Subheader Error
18:48:33.14-[Error]-PLC Q_Enthernet: Q_Enthernet ReadDoubleWork Error: Subheader Error
18:48:33.15-[Error]-PLC Q_Enthernet: Q_Enthernet ReadDoubleWork Error: Subheader Error
18:48:33.16-[Error]-PLC Q_Enthernet: Q_Enthernet ReadDoubleWork Error: Subheader Error
18:48:33.17-[Error]-PLC Q_Enthernet: Q_Enthernet ReadDoubleWork Error: Subheader Error
18:48:33.18-[Error]-PLC Q_Enthernet: Q_Enthernet ReadDoubleWork Error: Subheader Error
18:48:33.18-[Error]-PLC Q_Enthernet: Q_Enthernet ReadDoubleWork Error: Subheader Error
18:48:33.19-[Error]-PLC Q_Enthernet: Q_Enthernet ReadDoubleWork Error: Subheader Error
18:48:33.20-[Error]-PLC Q_Enthernet: Q_Enthernet ReadDoubleWork Error: Subheader Error
18:48:33.21-[Error]-PLC Q_Enthernet: Q_Enthernet ReadDoubleWork Error: Subheader Error
18:48:33.22-[Error]-PLC Q_Enthernet: Q_Enthernet ReadDoubleWork Error: Subheader Error
18:48:33.23-[Error]-PLC Q_Enthernet: Q_Enthernet ReadDoubleWork Error: Subheader Error
18:48:33.23-[Error]-PLC Q_Enthernet: Q_Enthernet ReadDoubleWork Error: Subheader Error
18:48:33.24-[Error]-PLC Q_Enthernet: Q_Enthernet ReadDoubleWork Error: Subheader Error
18:48:33.25-[Error]-PLC Q_Enthernet: Q_Enthernet ReadDoubleWork Error: Subheader Error
18:48:33.26-[Error]-PLC Q_Enthernet: Q_Enthernet ReadDoubleWork Error: Subheader Error
18:48:33.26-[Error]-PLC Q_Enthernet: Q_Enthernet ReadDoubleWork Error: Subheader Error
18:48:33.27-[Error]-PLC Q_Enthernet: Q_Enthernet ReadDoubleWork Error: Subheader Error
18:48:33.28-[Error]-PLC Q_Enthernet: Q_Enthernet ReadDoubleWork Error: Subheader Error
18:48:33.29-[Error]-PLC Q_Enthernet: Q_Enthernet ReadDoubleWork Error: Subheader Error
18:48:33.30-[Error]-PLC Q_Enthernet: Q_Enthernet ReadDoubleWork Error: Subheader Error
18:48:33.31-[Error]-PLC Q_Enthernet: Q_Enthernet ReadDoubleWork Error: Subheader Error
18:48:33.32-[Error]-PLC Q_Enthernet: Q_Enthernet ReadDoubleWork Error: Subheader Error
18:48:33.32-[Error]-PLC Q_Enthernet: Q_Enthernet ReadDoubleWork Error: Subheader Error
18:48:33.33-[Error]-PLC Q_Enthernet: Q_Enthernet ReadDoubleWork Error: Subheader Error
18:48:33.34-[Error]-PLC Q_Enthernet: Q_Enthernet ReadDoubleWork Error: Subheader Error
18:48:33.35-[Error]-PLC Q_Enthernet: Q_Enthernet ReadDoubleWork Error: Subheader Error
18:48:33.36-[Error]-PLC Q_Enthernet: Q_Enthernet ReadDoubleWork Error: Subheader Error
18:48:33.36-[Error]-PLC Q_Enthernet: Q_Enthernet ReadDoubleWork Error: Subheader Error
18:48:33.37-[Error]-PLC Q_Enthernet: Q_Enthernet ReadDoubleWork Error: Subheader Error
18:48:33.38-[Error]-PLC Q_Enthernet: Q_Enthernet ReadDoubleWork Error: Subheader Error
18:48:33.39-[Error]-PLC Q_Enthernet: Q_Enthernet ReadDoubleWork Error: Subheader Error
18:48:33.40-[Error]-PLC Q_Enthernet: Q_Enthernet ReadDoubleWork Error: Subheader Error
18:48:33.41-[Error]-PLC Q_Enthernet: Q_Enthernet ReadDoubleWork Error: Subheader Error
18:48:33.41-[Error]-PLC Q_Enthernet: Q_Enthernet ReadDoubleWork Error: Subheader Error
18:48:33.42-[Error]-PLC Q_Enthernet: Q_Enthernet ReadDoubleWork Error: Subheader Error
18:48:33.43-[Error]-PLC Q_Enthernet: Q_Enthernet ReadDoubleWork Error: Subheader Error
18:48:33.44-[Error]-PLC Q_Enthernet: Q_Enthernet ReadDoubleWork Error: Subheader Error
18:48:33.45-[Error]-PLC Q_Enthernet: Q_Enthernet ReadDoubleWork Error: Subheader Error
18:48:33.46-[Error]-PLC Q_Enthernet: Q_Enthernet ReadDoubleWork Error: Subheader Error
18:48:33.47-[Error]-PLC Q_Enthernet: Q_Enthernet ReadDoubleWork Error: Subheader Error
18:48:33.47-[Error]-PLC Q_Enthernet: Q_Enthernet ReadDoubleWork Error: Subheader Error
18:48:33.48-[Error]-PLC Q_Enthernet: Q_Enthernet ReadDoubleWork Error: Subheader Error
18:48:33.49-[Error]-PLC Q_Enthernet: Q_Enthernet ReadDoubleWork Error: Subheader Error
18:48:33.50-[Error]-PLC Q_Enthernet: Q_Enthernet ReadDoubleWork Error: Subheader Error
18:48:33.51-[Error]-PLC Q_Enthernet: Q_Enthernet ReadDoubleWork Error: Subheader Error
18:48:33.51-[Error]-PLC Q_Enthernet: Q_Enthernet ReadDoubleWork Error: Subheader Error
18:48:33.53-[Error]-PLC Q_Enthernet: Q_Enthernet ReadDoubleWork Error: Subheader Error
18:48:33.55-[Error]-PLC Q_Enthernet: Q_Enthernet ReadDoubleWork Error: Subheader Error
18:48:33.56-[Error]-PLC Q_Enthernet: Q_Enthernet ReadDoubleWork Error: Subheader Error
18:48:33.57-[Error]-PLC Q_Enthernet: Q_Enthernet ReadDoubleWork Error: Subheader Error
18:48:33.57-[Error]-PLC Q_Enthernet: Q_Enthernet ReadDoubleWork Error: Subheader Error
18:48:33.58-[Error]-PLC Q_Enthernet: Q_Enthernet ReadDoubleWork Error: Subheader Error
18:48:33.60-[Error]-PLC Q_Enthernet: Q_Enthernet ReadDoubleWork Error: Subheader Error
18:48:33.61-[Error]-PLC Q_Enthernet: Q_Enthernet ReadDoubleWork Error: Subheader Error
18:48:33.62-[Error]-PLC Q_Enthernet: Q_Enthernet ReadDoubleWork Error: Subheader Error
18:48:33.63-[Error]-PLC Q_Enthernet: Q_Enthernet ReadDoubleWork Error: Subheader Error
18:48:33.63-[Error]-PLC Q_Enthernet: Q_Enthernet ReadDoubleWork Error: Subheader Error
18:48:33.64-[Error]-PLC Q_Enthernet: Q_Enthernet ReadDoubleWork Error: Subheader Error
18:48:33.65-[Error]-PLC Q_Enthernet: Q_Enthernet ReadDoubleWork Error: Subheader Error
18:48:33.66-[Error]-PLC Q_Enthernet: Q_Enthernet ReadDoubleWork Error: Subheader Error
18:48:33.67-[Error]-PLC Q_Enthernet: Q_Enthernet ReadDoubleWork Error: Subheader Error
18:48:33.68-[Error]-PLC Q_Enthernet: Q_Enthernet ReadDoubleWork Error: Subheader Error
18:48:33.68-[Error]-PLC Q_Enthernet: Q_Enthernet ReadDoubleWork Error: Subheader Error
18:48:33.69-[Error]-PLC Q_Enthernet: Q_Enthernet ReadDoubleWork Error: Subheader Error
18:48:33.70-[Error]-PLC Q_Enthernet: Q_Enthernet ReadDoubleWork Error: Subheader Error
18:48:33.71-[Error]-PLC Q_Enthernet: Q_Enthernet ReadDoubleWork Error: Subheader Error
18:48:33.72-[Error]-PLC Q_Enthernet: Q_Enthernet ReadDoubleWork Error: Subheader Error
18:48:33.73-[Error]-PLC Q_Enthernet: Q_Enthernet ReadDoubleWork Error: Subheader Error
18:48:33.74-[Error]-PLC Q_Enthernet: Q_Enthernet ReadDoubleWork Error: Subheader Error
18:48:33.74-[Error]-PLC Q_Enthernet: Q_Enthernet ReadDoubleWork Error: Subheader Error
18:48:33.75-[Error]-PLC Q_Enthernet: Q_Enthernet ReadDoubleWork Error: Subheader Error
18:48:33.76-[Error]-PLC Q_Enthernet: Q_Enthernet ReadDoubleWork Error: Subheader Error
18:48:33.77-[Error]-PLC Q_Enthernet: Q_Enthernet ReadDoubleWork Error: Subheader Error
18:48:33.78-[Error]-PLC Q_Enthernet: Q_Enthernet ReadDoubleWork Error: Subheader Error
18:48:33.78-[Error]-PLC Q_Enthernet: Q_Enthernet ReadDoubleWork Error: Subheader Error
18:48:33.79-[Error]-PLC Q_Enthernet: Q_Enthernet ReadDoubleWork Error: Subheader Error
18:48:33.81-[Error]-PLC Q_Enthernet: Q_Enthernet ReadDoubleWork Error: Subheader Error
18:48:33.81-[Error]-PLC Q_Enthernet: Q_Enthernet ReadDoubleWork Error: Subheader Error
18:48:33.82-[Error]-PLC Q_Enthernet: Q_Enthernet ReadDoubleWork Error: Subheader Error
18:48:33.83-[Error]-PLC Q_Enthernet: Q_Enthernet ReadDoubleWork Error: Subheader Error
18:48:33.84-[Error]-PLC Q_Enthernet: Q_Enthernet ReadDoubleWork Error: Subheader Error
18:48:33.84-[Error]-PLC Q_Enthernet: Q_Enthernet ReadDoubleWork Error: Subheader Error
18:48:33.85-[Error]-PLC Q_Enthernet: Q_Enthernet ReadDoubleWork Error: Subheader Error
18:48:33.86-[Error]-PLC Q_Enthernet: Q_Enthernet ReadDoubleWork Error: Subheader Error
18:48:33.87-[Error]-PLC Q_Enthernet: Q_Enthernet ReadDoubleWork Error: Subheader Error
18:48:33.88-[Error]-PLC Q_Enthernet: Q_Enthernet ReadDoubleWork Error: Subheader Error
18:48:33.88-[Error]-PLC Q_Enthernet: Q_Enthernet ReadDoubleWork Error: Subheader Error
18:48:33.89-[Error]-PLC Q_Enthernet: Q_Enthernet ReadDoubleWork Error: Subheader Error
18:48:33.90-[Error]-PLC Q_Enthernet: Q_Enthernet ReadDoubleWork Error: Subheader Error
18:48:33.91-[Error]-PLC Q_Enthernet: Q_Enthernet ReadDoubleWork Error: Subheader Error
18:48:33.91-[Error]-PLC Q_Enthernet: Q_Enthernet ReadDoubleWork Error: Subheader Error
18:48:33.92-[Error]-PLC Q_Enthernet: Q_Enthernet ReadDoubleWork Error: Subheader Error
18:48:33.93-[Error]-PLC Q_Enthernet: Q_Enthernet ReadDoubleWork Error: Subheader Error
18:48:33.94-[Error]-PLC Q_Enthernet: Q_Enthernet ReadDoubleWork Error: Subheader Error
18:48:33.95-[Error]-PLC Q_Enthernet: Q_Enthernet ReadDoubleWork Error: Subheader Error
18:48:33.96-[Error]-PLC Q_Enthernet: Q_Enthernet ReadDoubleWork Error: Subheader Error
18:48:33.96-[Error]-PLC Q_Enthernet: Q_Enthernet ReadDoubleWork Error: Subheader Error
18:48:33.97-[Error]-PLC Q_Enthernet: Q_Enthernet ReadDoubleWork Error: Subheader Error
18:48:33.98-[Error]-PLC Q_Enthernet: Q_Enthernet ReadDoubleWork Error: Subheader Error
18:48:33.99-[Error]-PLC Q_Enthernet: Q_Enthernet ReadDoubleWork Error: Subheader Error
18:48:34.00-[Error]-PLC Q_Enthernet: Q_Enthernet ReadDoubleWork Error: Subheader Error
18:48:34.00-[Error]-PLC Q_Enthernet: Q_Enthernet ReadDoubleWork Error: Subheader Error
18:48:34.01-[Error]-PLC Q_Enthernet: Q_Enthernet ReadDoubleWork Error: Subheader Error
18:48:34.02-[Error]-PLC Q_Enthernet: Q_Enthernet ReadDoubleWork Error: Subheader Error
18:48:34.03-[Error]-PLC Q_Enthernet: Q_Enthernet ReadDoubleWork Error: Subheader Error
18:48:34.03-[Error]-PLC Q_Enthernet: Q_Enthernet ReadDoubleWork Error: Subheader Error
18:48:34.04-[Error]-PLC Q_Enthernet: Q_Enthernet ReadDoubleWork Error: Subheader Error
18:48:34.05-[Error]-PLC Q_Enthernet: Q_Enthernet ReadDoubleWork Error: Subheader Error
18:48:34.06-[Error]-PLC Q_Enthernet: Q_Enthernet ReadDoubleWork Error: Subheader Error
18:48:34.06-[Error]-PLC Q_Enthernet: Q_Enthernet ReadDoubleWork Error: Subheader Error
18:48:34.07-[Error]-PLC Q_Enthernet: Q_Enthernet ReadDoubleWork Error: Subheader Error
18:48:34.08-[Error]-PLC Q_Enthernet: Q_Enthernet ReadDoubleWork Error: Subheader Error
18:48:34.09-[Error]-PLC Q_Enthernet: Q_Enthernet ReadDoubleWork Error: Subheader Error
18:48:34.10-[Error]-PLC Q_Enthernet: Q_Enthernet ReadDoubleWork Error: Subheader Error
18:48:34.10-[Error]-PLC Q_Enthernet: Q_Enthernet ReadDoubleWork Error: Subheader Error
18:48:34.11-[Error]-PLC Q_Enthernet: Q_Enthernet ReadDoubleWork Error: Subheader Error
18:48:34.12-[Error]-PLC Q_Enthernet: Q_Enthernet ReadDoubleWork Error: Subheader Error
18:48:34.13-[Error]-PLC Q_Enthernet: Q_Enthernet ReadDoubleWork Error: Subheader Error
18:48:34.14-[Error]-PLC Q_Enthernet: Q_Enthernet ReadDoubleWork Error: Subheader Error
18:48:34.14-[Error]-PLC Q_Enthernet: Q_Enthernet ReadDoubleWork Error: Subheader Error
18:48:34.15-[Error]-PLC Q_Enthernet: Q_Enthernet ReadDoubleWork Error: Subheader Error
18:48:34.16-[Error]-PLC Q_Enthernet: Q_Enthernet ReadDoubleWork Error: Subheader Error
18:48:34.17-[Error]-PLC Q_Enthernet: Q_Enthernet ReadDoubleWork Error: Subheader Error
18:48:34.18-[Error]-PLC Q_Enthernet: Q_Enthernet ReadDoubleWork Error: Subheader Error
18:48:34.18-[Error]-PLC Q_Enthernet: Q_Enthernet ReadDoubleWork Error: Subheader Error
18:48:34.19-[Error]-PLC Q_Enthernet: Q_Enthernet ReadDoubleWork Error: Subheader Error
18:48:34.20-[Error]-PLC Q_Enthernet: Q_Enthernet ReadDoubleWork Error: Subheader Error
18:48:34.21-[Error]-PLC Q_Enthernet: Q_Enthernet ReadDoubleWork Error: Subheader Error
18:48:34.21-[Error]-PLC Q_Enthernet: Q_Enthernet ReadDoubleWork Error: Subheader Error
18:48:34.22-[Error]-PLC Q_Enthernet: Q_Enthernet ReadDoubleWork Error: Subheader Error
18:48:34.23-[Error]-PLC Q_Enthernet: Q_Enthernet ReadDoubleWork Error: Subheader Error
18:48:34.24-[Error]-PLC Q_Enthernet: Q_Enthernet ReadDoubleWork Error: Subheader Error
18:48:34.24-[Error]-PLC Q_Enthernet: Q_Enthernet ReadDoubleWork Error: Subheader Error
18:48:34.25-[Error]-PLC Q_Enthernet: Q_Enthernet ReadDoubleWork Error: Subheader Error
18:48:34.26-[Error]-PLC Q_Enthernet: Q_Enthernet ReadDoubleWork Error: Subheader Error
18:48:34.26-[Error]-PLC Q_Enthernet: Q_Enthernet ReadDoubleWork Error: Subheader Error
18:48:34.27-[Error]-PLC Q_Enthernet: Q_Enthernet ReadDoubleWork Error: Subheader Error
18:48:34.28-[Error]-PLC Q_Enthernet: Q_Enthernet ReadDoubleWork Error: Subheader Error
18:48:34.29-[Error]-PLC Q_Enthernet: Q_Enthernet ReadDoubleWork Error: Subheader Error
18:48:34.30-[Error]-PLC Q_Enthernet: Q_Enthernet ReadDoubleWork Error: Subheader Error
18:48:34.30-[Error]-PLC Q_Enthernet: Q_Enthernet ReadDoubleWork Error: Subheader Error
18:48:34.31-[Error]-PLC Q_Enthernet: Q_Enthernet ReadDoubleWork Error: Subheader Error
18:48:34.32-[Error]-PLC Q_Enthernet: Q_Enthernet ReadDoubleWork Error: Subheader Error
18:48:34.33-[Error]-PLC Q_Enthernet: Q_Enthernet ReadDoubleWork Error: Subheader Error
18:48:34.34-[Error]-PLC Q_Enthernet: Q_Enthernet ReadDoubleWork Error: Subheader Error
18:48:34.35-[Error]-PLC Q_Enthernet: Q_Enthernet ReadDoubleWork Error: Subheader Error
18:48:34.36-[Error]-PLC Q_Enthernet: Q_Enthernet ReadDoubleWork Error: Subheader Error
18:48:34.37-[Error]-PLC Q_Enthernet: Q_Enthernet ReadDoubleWork Error: Subheader Error
18:48:34.37-[Error]-PLC Q_Enthernet: Q_Enthernet ReadDoubleWork Error: Subheader Error
18:48:34.38-[Error]-PLC Q_Enthernet: Q_Enthernet ReadDoubleWork Error: Subheader Error
18:48:34.39-[Error]-PLC Q_Enthernet: Q_Enthernet ReadDoubleWork Error: Subheader Error
18:48:34.39-[Error]-PLC Q_Enthernet: Q_Enthernet ReadDoubleWork Error: Subheader Error
18:48:34.40-[Error]-PLC Q_Enthernet: Q_Enthernet ReadDoubleWork Error: Subheader Error
18:48:34.41-[Error]-PLC Q_Enthernet: Q_Enthernet ReadDoubleWork Error: Subheader Error
18:48:34.42-[Error]-PLC Q_Enthernet: Q_Enthernet ReadDoubleWork Error: Subheader Error
18:48:34.42-[Error]-PLC Q_Enthernet: Q_Enthernet ReadDoubleWork Error: Subheader Error
18:48:34.43-[Error]-PLC Q_Enthernet: Q_Enthernet ReadDoubleWork Error: Subheader Error
18:48:34.44-[Error]-PLC Q_Enthernet: Q_Enthernet ReadDoubleWork Error: Subheader Error
18:48:34.44-[Error]-PLC Q_Enthernet: Q_Enthernet ReadDoubleWork Error: Subheader Error
18:48:34.45-[Error]-PLC Q_Enthernet: Q_Enthernet ReadDoubleWork Error: Subheader Error
18:48:34.46-[Error]-PLC Q_Enthernet: Q_Enthernet ReadDoubleWork Error: Subheader Error
18:48:34.47-[Error]-PLC Q_Enthernet: Q_Enthernet ReadDoubleWork Error: Subheader Error
18:48:34.47-[Error]-PLC Q_Enthernet: Q_Enthernet ReadDoubleWork Error: Subheader Error
18:48:34.48-[Error]-PLC Q_Enthernet: Q_Enthernet ReadDoubleWork Error: Subheader Error
18:48:34.49-[Error]-PLC Q_Enthernet: Q_Enthernet ReadDoubleWork Error: Subheader Error
18:48:34.50-[Error]-PLC Q_Enthernet: Q_Enthernet ReadDoubleWork Error: Subheader Error
18:48:34.50-[Error]-PLC Q_Enthernet: Q_Enthernet ReadDoubleWork Error: Subheader Error
18:48:34.51-[Error]-PLC Q_Enthernet: Q_Enthernet ReadDoubleWork Error: Subheader Error
18:48:34.52-[Error]-PLC Q_Enthernet: Q_Enthernet ReadDoubleWork Error: Subheader Error
18:48:34.53-[Error]-PLC Q_Enthernet: Q_Enthernet ReadDoubleWork Error: Subheader Error
18:48:34.53-[Error]-PLC Q_Enthernet: Q_Enthernet ReadDoubleWork Error: Subheader Error
18:48:34.54-[Error]-PLC Q_Enthernet: Q_Enthernet ReadDoubleWork Error: Subheader Error
18:48:34.55-[Error]-PLC Q_Enthernet: Q_Enthernet ReadDoubleWork Error: Subheader Error
18:48:34.56-[Error]-PLC Q_Enthernet: Q_Enthernet ReadDoubleWork Error: Subheader Error
18:48:34.57-[Error]-PLC Q_Enthernet: Q_Enthernet ReadDoubleWork Error: Subheader Error
18:48:34.57-[Error]-PLC Q_Enthernet: Q_Enthernet ReadDoubleWork Error: Subheader Error
18:48:34.58-[Error]-PLC Q_Enthernet: Q_Enthernet ReadDoubleWork Error: Subheader Error
18:48:34.59-[Error]-PLC Q_Enthernet: Q_Enthernet ReadDoubleWork Error: Subheader Error
18:48:34.59-[Error]-PLC Q_Enthernet: Q_Enthernet ReadDoubleWork Error: Subheader Error
18:48:34.60-[Error]-PLC Q_Enthernet: Q_Enthernet ReadDoubleWork Error: Subheader Error
18:48:34.61-[Error]-PLC Q_Enthernet: Q_Enthernet ReadDoubleWork Error: Subheader Error
18:48:34.62-[Error]-PLC Q_Enthernet: Q_Enthernet ReadDoubleWork Error: Subheader Error
18:48:34.63-[Error]-PLC Q_Enthernet: Q_Enthernet ReadDoubleWork Error: Subheader Error
18:48:34.63-[Error]-PLC Q_Enthernet: Q_Enthernet ReadDoubleWork Error: Subheader Error
18:48:34.64-[Error]-PLC Q_Enthernet: Q_Enthernet ReadDoubleWork Error: Subheader Error
18:48:34.65-[Error]-PLC Q_Enthernet: Q_Enthernet ReadDoubleWork Error: Subheader Error
18:48:34.66-[Error]-PLC Q_Enthernet: Q_Enthernet ReadDoubleWork Error: Subheader Error
18:48:34.66-[Error]-PLC Q_Enthernet: Q_Enthernet ReadDoubleWork Error: Subheader Error
18:48:34.67-[Error]-PLC Q_Enthernet: Q_Enthernet ReadDoubleWork Error: Subheader Error
18:48:34.68-[Error]-PLC Q_Enthernet: Q_Enthernet ReadDoubleWork Error: Subheader Error
18:48:34.69-[Error]-PLC Q_Enthernet: Q_Enthernet ReadDoubleWork Error: Subheader Error
18:48:34.69-[Error]-PLC Q_Enthernet: Q_Enthernet ReadDoubleWork Error: Subheader Error
18:48:34.70-[Error]-PLC Q_Enthernet: Q_Enthernet ReadDoubleWork Error: Subheader Error
18:48:34.71-[Error]-PLC Q_Enthernet: Q_Enthernet ReadDoubleWork Error: Subheader Error
18:48:34.72-[Error]-PLC Q_Enthernet: Q_Enthernet ReadDoubleWork Error: Subheader Error
18:48:34.72-[Error]-PLC Q_Enthernet: Q_Enthernet ReadDoubleWork Error: Subheader Error
18:48:34.73-[Error]-PLC Q_Enthernet: Q_Enthernet ReadDoubleWork Error: Subheader Error
18:48:34.74-[Error]-PLC Q_Enthernet: Q_Enthernet ReadDoubleWork Error: Subheader Error
18:48:34.75-[Error]-PLC Q_Enthernet: Q_Enthernet ReadDoubleWork Error: Subheader Error
18:48:34.76-[Error]-PLC Q_Enthernet: Q_Enthernet ReadDoubleWork Error: Subheader Error
18:48:34.77-[Error]-PLC Q_Enthernet: Q_Enthernet ReadDoubleWork Error: Subheader Error
18:48:34.77-[Error]-PLC Q_Enthernet: Q_Enthernet ReadDoubleWork Error: Subheader Error
18:48:34.78-[Error]-PLC Q_Enthernet: Q_Enthernet ReadDoubleWork Error: Subheader Error
18:48:34.79-[Error]-PLC Q_Enthernet: Q_Enthernet ReadDoubleWork Error: Subheader Error
18:48:34.80-[Error]-PLC Q_Enthernet: Q_Enthernet ReadDoubleWork Error: Subheader Error
18:48:34.81-[Error]-PLC Q_Enthernet: Q_Enthernet ReadDoubleWork Error: Subheader Error
18:48:34.81-[Error]-PLC Q_Enthernet: Q_Enthernet ReadDoubleWork Error: Subheader Error
18:48:34.82-[Error]-PLC Q_Enthernet: Q_Enthernet ReadDoubleWork Error: Subheader Error
18:48:34.83-[Error]-PLC Q_Enthernet: Q_Enthernet ReadDoubleWork Error: Subheader Error
18:48:34.84-[Error]-PLC Q_Enthernet: Q_Enthernet ReadDoubleWork Error: Subheader Error
18:48:34.84-[Error]-PLC Q_Enthernet: Q_Enthernet ReadDoubleWork Error: Subheader Error
18:48:34.85-[Error]-PLC Q_Enthernet: Q_Enthernet ReadDoubleWork Error: Subheader Error
18:48:34.86-[Error]-PLC Q_Enthernet: Q_Enthernet ReadDoubleWork Error: Subheader Error
18:48:34.87-[Error]-PLC Q_Enthernet: Q_Enthernet ReadDoubleWork Error: Subheader Error
18:48:34.87-[Error]-PLC Q_Enthernet: Q_Enthernet ReadDoubleWork Error: Subheader Error
18:48:34.88-[Error]-PLC Q_Enthernet: Q_Enthernet ReadDoubleWork Error: Subheader Error
18:48:34.89-[Error]-PLC Q_Enthernet: Q_Enthernet ReadDoubleWork Error: Subheader Error
18:48:34.90-[Error]-PLC Q_Enthernet: Q_Enthernet ReadDoubleWork Error: Subheader Error
18:48:34.91-[Error]-PLC Q_Enthernet: Q_Enthernet ReadDoubleWork Error: Subheader Error
18:48:34.91-[Error]-PLC Q_Enthernet: Q_Enthernet ReadDoubleWork Error: Subheader Error
18:48:34.92-[Error]-PLC Q_Enthernet: Q_Enthernet ReadDoubleWork Error: Subheader Error
18:48:34.93-[Error]-PLC Q_Enthernet: Q_Enthernet ReadDoubleWork Error: Subheader Error
18:48:34.94-[Error]-PLC Q_Enthernet: Q_Enthernet ReadDoubleWork Error: Subheader Error
18:48:34.94-[Error]-PLC Q_Enthernet: Q_Enthernet ReadDoubleWork Error: Subheader Error
18:48:34.95-[Error]-PLC Q_Enthernet: Q_Enthernet ReadDoubleWork Error: Subheader Error
18:48:34.96-[Error]-PLC Q_Enthernet: Q_Enthernet ReadDoubleWork Error: Subheader Error
18:48:34.97-[Error]-PLC Q_Enthernet: Q_Enthernet ReadDoubleWork Error: Subheader Error
18:48:34.98-[Error]-PLC Q_Enthernet: Q_Enthernet ReadDoubleWork Error: Subheader Error
18:48:34.99-[Error]-PLC Q_Enthernet: Q_Enthernet ReadDoubleWork Error: Subheader Error
18:48:34.99-[Error]-PLC Q_Enthernet: Q_Enthernet ReadDoubleWork Error: Subheader Error
18:48:35.00-[Error]-PLC Q_Enthernet: Q_Enthernet ReadDoubleWork Error: Subheader Error
18:48:35.01-[Error]-PLC Q_Enthernet: Q_Enthernet ReadDoubleWork Error: Subheader Error
18:48:35.02-[Error]-PLC Q_Enthernet: Q_Enthernet ReadDoubleWork Error: Subheader Error
18:48:35.03-[Error]-PLC Q_Enthernet: Q_Enthernet ReadDoubleWork Error: Subheader Error
18:48:35.03-[Error]-PLC Q_Enthernet: Q_Enthernet ReadDoubleWork Error: Subheader Error
18:48:35.04-[Error]-PLC Q_Enthernet: Q_Enthernet ReadDoubleWork Error: Subheader Error
18:48:35.05-[Error]-PLC Q_Enthernet: Q_Enthernet ReadDoubleWork Error: Subheader Error
18:48:35.06-[Error]-PLC Q_Enthernet: Q_Enthernet ReadDoubleWork Error: Subheader Error
18:48:35.07-[Error]-PLC Q_Enthernet: Q_Enthernet ReadDoubleWork Error: Subheader Error
18:48:35.08-[Error]-PLC Q_Enthernet: Q_Enthernet ReadDoubleWork Error: Subheader Error
18:48:35.08-[Error]-PLC Q_Enthernet: Q_Enthernet ReadDoubleWork Error: Subheader Error
18:48:35.09-[Error]-PLC Q_Enthernet: Q_Enthernet ReadDoubleWork Error: Subheader Error
18:48:35.10-[Error]-PLC Q_Enthernet: Q_Enthernet ReadDoubleWork Error: Subheader Error
18:48:35.11-[Error]-PLC Q_Enthernet: Q_Enthernet ReadDoubleWork Error: Subheader Error
18:48:35.12-[Error]-PLC Q_Enthernet: Q_Enthernet ReadDoubleWork Error: Subheader Error
18:48:35.12-[Error]-PLC Q_Enthernet: Q_Enthernet ReadDoubleWork Error: Subheader Error
18:48:35.13-[Error]-PLC Q_Enthernet: Q_Enthernet ReadDoubleWork Error: Subheader Error
18:48:35.14-[Error]-PLC Q_Enthernet: Q_Enthernet ReadDoubleWork Error: Subheader Error
18:48:35.15-[Error]-PLC Q_Enthernet: Q_Enthernet ReadDoubleWork Error: Subheader Error
18:48:35.15-[Error]-PLC Q_Enthernet: Q_Enthernet ReadDoubleWork Error: Subheader Error
18:48:35.16-[Error]-PLC Q_Enthernet: Q_Enthernet ReadDoubleWork Error: Subheader Error
18:48:35.17-[Error]-PLC Q_Enthernet: Q_Enthernet ReadDoubleWork Error: Subheader Error
18:48:35.18-[Error]-PLC Q_Enthernet: Q_Enthernet ReadDoubleWork Error: Subheader Error
18:48:35.19-[Error]-PLC Q_Enthernet: Q_Enthernet ReadDoubleWork Error: Subheader Error
18:48:35.19-[Error]-PLC Q_Enthernet: Q_Enthernet ReadDoubleWork Error: Subheader Error
18:48:35.20-[Error]-PLC Q_Enthernet: Q_Enthernet ReadDoubleWork Error: Subheader Error
18:48:35.21-[Error]-PLC Q_Enthernet: Q_Enthernet ReadDoubleWork Error: Subheader Error
18:48:35.22-[Error]-PLC Q_Enthernet: Q_Enthernet ReadDoubleWork Error: Subheader Error
18:48:35.22-[Error]-PLC Q_Enthernet: Q_Enthernet ReadDoubleWork Error: Subheader Error
18:48:35.23-[Error]-PLC Q_Enthernet: Q_Enthernet ReadDoubleWork Error: Subheader Error
18:48:35.24-[Error]-PLC Q_Enthernet: Q_Enthernet ReadDoubleWork Error: Subheader Error
18:48:35.25-[Error]-PLC Q_Enthernet: Q_Enthernet ReadDoubleWork Error: Subheader Error
18:48:35.26-[Error]-PLC Q_Enthernet: Q_Enthernet ReadDoubleWork Error: Subheader Error
18:48:35.26-[Error]-PLC Q_Enthernet: Q_Enthernet ReadDoubleWork Error: Subheader Error
18:48:35.27-[Error]-PLC Q_Enthernet: Q_Enthernet ReadDoubleWork Error: Subheader Error
18:48:35.28-[Error]-PLC Q_Enthernet: Q_Enthernet ReadDoubleWork Error: Subheader Error
18:48:35.28-[Error]-PLC Q_Enthernet: Q_Enthernet ReadDoubleWork Error: Subheader Error
18:48:35.29-[Error]-PLC Q_Enthernet: Q_Enthernet ReadDoubleWork Error: Subheader Error
18:48:35.30-[Error]-PLC Q_Enthernet: Q_Enthernet ReadDoubleWork Error: Subheader Error
18:48:35.31-[Error]-PLC Q_Enthernet: Q_Enthernet ReadDoubleWork Error: Subheader Error
18:48:35.31-[Error]-PLC Q_Enthernet: Q_Enthernet ReadDoubleWork Error: Subheader Error
18:48:35.32-[Error]-PLC Q_Enthernet: Q_Enthernet ReadDoubleWork Error: Subheader Error
18:48:35.33-[Error]-PLC Q_Enthernet: Q_Enthernet ReadDoubleWork Error: Subheader Error
18:48:35.34-[Error]-PLC Q_Enthernet: Q_Enthernet ReadDoubleWork Error: Subheader Error
18:48:35.34-[Error]-PLC Q_Enthernet: Q_Enthernet ReadDoubleWork Error: Subheader Error
18:48:35.35-[Error]-PLC Q_Enthernet: Q_Enthernet ReadDoubleWork Error: Subheader Error
18:48:35.36-[Error]-PLC Q_Enthernet: Q_Enthernet ReadDoubleWork Error: Subheader Error
18:48:35.37-[Error]-PLC Q_Enthernet: Q_Enthernet ReadDoubleWork Error: Subheader Error
18:48:35.37-[Error]-PLC Q_Enthernet: Q_Enthernet ReadDoubleWork Error: Subheader Error
18:48:35.38-[Error]-PLC Q_Enthernet: Q_Enthernet ReadDoubleWork Error: Subheader Error
18:48:35.39-[Error]-PLC Q_Enthernet: Q_Enthernet ReadDoubleWork Error: Subheader Error
18:48:35.40-[Error]-PLC Q_Enthernet: Q_Enthernet ReadDoubleWork Error: Subheader Error
18:48:35.40-[Error]-PLC Q_Enthernet: Q_Enthernet ReadDoubleWork Error: Subheader Error
18:48:35.41-[Error]-PLC Q_Enthernet: Q_Enthernet ReadDoubleWork Error: Subheader Error
18:48:35.42-[Error]-PLC Q_Enthernet: Q_Enthernet ReadDoubleWork Error: Subheader Error
18:48:35.43-[Error]-PLC Q_Enthernet: Q_Enthernet ReadDoubleWork Error: Subheader Error
18:48:35.44-[Error]-PLC Q_Enthernet: Q_Enthernet ReadDoubleWork Error: Subheader Error
18:48:35.44-[Error]-PLC Q_Enthernet: Q_Enthernet ReadDoubleWork Error: Subheader Error
18:48:35.45-[Error]-PLC Q_Enthernet: Q_Enthernet ReadDoubleWork Error: Subheader Error
18:48:35.46-[Error]-PLC Q_Enthernet: Q_Enthernet ReadDoubleWork Error: Subheader Error
18:48:35.47-[Error]-PLC Q_Enthernet: Q_Enthernet ReadDoubleWork Error: An established connection was aborted by the software in your host machine
18:48:40.76-[Error]-PLC Q_Enthernet: Q_Enthernet ReadMutiBit Error: Subheader Error
18:48:40.81-[Error]-PLC Q_Enthernet: Q_Enthernet ReadMutiBit Error: Subheader Error
18:48:40.87-[Error]-PLC Q_Enthernet: Q_Enthernet ReadMutiBit Error: Subheader Error
18:48:40.94-[Error]-PLC Q_Enthernet: Q_Enthernet ReadMutiBit Error: Subheader Error
18:48:41.00-[Error]-PLC Q_Enthernet: Q_Enthernet ReadMutiBit Error: Subheader Error
18:48:41.06-[Error]-PLC Q_Enthernet: Q_Enthernet ReadMutiBit Error: Subheader Error
18:48:41.13-[Error]-PLC Q_Enthernet: Q_Enthernet ReadMutiBit Error: Subheader Error
18:48:41.19-[Error]-PLC Q_Enthernet: Q_Enthernet ReadMutiBit Error: Subheader Error
18:48:41.25-[Error]-PLC Q_Enthernet: Q_Enthernet ReadMutiBit Error: Subheader Error
18:48:41.31-[Error]-PLC Q_Enthernet: Q_Enthernet ReadMutiBit Error: Subheader Error
18:48:41.38-[Error]-PLC Q_Enthernet: Q_Enthernet ReadMutiBit Error: Subheader Error
18:48:41.44-[Error]-PLC Q_Enthernet: Q_Enthernet ReadMutiBit Error: Subheader Error
18:48:41.50-[Error]-PLC Q_Enthernet: Q_Enthernet ReadMutiBit Error: Subheader Error
18:48:41.57-[Error]-PLC Q_Enthernet: Q_Enthernet ReadMutiBit Error: Subheader Error
18:48:41.63-[Error]-PLC Q_Enthernet: Q_Enthernet ReadMutiBit Error: Subheader Error
18:48:41.69-[Error]-PLC Q_Enthernet: Q_Enthernet ReadMutiBit Error: Subheader Error
18:48:41.75-[Error]-PLC Q_Enthernet: Q_Enthernet ReadMutiBit Error: Subheader Error
18:48:41.81-[Error]-PLC Q_Enthernet: Q_Enthernet ReadMutiBit Error: Subheader Error
18:48:41.87-[Error]-PLC Q_Enthernet: Q_Enthernet ReadMutiBit Error: Subheader Error
18:48:41.94-[Error]-PLC Q_Enthernet: Q_Enthernet ReadMutiBit Error: Subheader Error
18:48:42.00-[Error]-PLC Q_Enthernet: Q_Enthernet ReadMutiBit Error: Subheader Error
18:48:42.06-[Error]-PLC Q_Enthernet: Q_Enthernet ReadMutiBit Error: Subheader Error
18:48:42.12-[Error]-PLC Q_Enthernet: Q_Enthernet ReadMutiBit Error: Subheader Error
18:48:42.19-[Error]-PLC Q_Enthernet: Q_Enthernet ReadMutiBit Error: Subheader Error
18:48:42.25-[Error]-PLC Q_Enthernet: Q_Enthernet ReadMutiBit Error: Subheader Error
18:48:42.31-[Error]-PLC Q_Enthernet: Q_Enthernet ReadMutiBit Error: Subheader Error
18:48:42.37-[Error]-PLC Q_Enthernet: Q_Enthernet ReadMutiBit Error: Subheader Error
18:48:42.44-[Error]-PLC Q_Enthernet: Q_Enthernet ReadMutiBit Error: Subheader Error
18:48:42.50-[Error]-PLC Q_Enthernet: Q_Enthernet ReadMutiBit Error: Subheader Error
18:48:42.56-[Error]-PLC Q_Enthernet: Q_Enthernet ReadMutiBit Error: Subheader Error
18:48:42.62-[Error]-PLC Q_Enthernet: Q_Enthernet ReadMutiBit Error: Subheader Error
18:48:42.69-[Error]-PLC Q_Enthernet: Q_Enthernet ReadMutiBit Error: Subheader Error
18:48:42.75-[Error]-PLC Q_Enthernet: Q_Enthernet ReadMutiBit Error: Subheader Error
18:48:42.81-[Error]-PLC Q_Enthernet: Q_Enthernet ReadMutiBit Error: Subheader Error
18:48:42.87-[Error]-PLC Q_Enthernet: Q_Enthernet ReadMutiBit Error: Subheader Error
18:48:42.94-[Error]-PLC Q_Enthernet: Q_Enthernet ReadMutiBit Error: Subheader Error
18:48:43.00-[Error]-PLC Q_Enthernet: Q_Enthernet ReadMutiBit Error: Subheader Error
18:48:43.06-[Error]-PLC Q_Enthernet: Q_Enthernet ReadMutiBit Error: Subheader Error
18:48:43.13-[Error]-PLC Q_Enthernet: Q_Enthernet ReadMutiBit Error: Subheader Error
18:48:43.19-[Error]-PLC Q_Enthernet: Q_Enthernet ReadMutiBit Error: Subheader Error
18:48:43.25-[Error]-PLC Q_Enthernet: Q_Enthernet ReadMutiBit Error: Subheader Error
18:48:43.31-[Error]-PLC Q_Enthernet: Q_Enthernet ReadMutiBit Error: Subheader Error
18:48:43.37-[Error]-PLC Q_Enthernet: Q_Enthernet ReadMutiBit Error: Subheader Error
18:48:43.40-[Error]-PLC Q_Enthernet: Q_Enthernet ReadDoubleWork Error: Subheader Error
18:48:43.41-[Error]-PLC Q_Enthernet: Q_Enthernet ReadDoubleWork Error: Subheader Error
18:48:43.42-[Error]-PLC Q_Enthernet: Q_Enthernet ReadDoubleWork Error: Subheader Error
18:48:43.42-[Error]-PLC Q_Enthernet: Q_Enthernet ReadDoubleWork Error: Subheader Error
18:48:43.43-[Error]-PLC Q_Enthernet: Q_Enthernet ReadDoubleWork Error: Subheader Error
18:48:43.43-[Error]-PLC Q_Enthernet: Q_Enthernet ReadDoubleWork Error: Subheader Error
18:48:43.44-[Error]-PLC Q_Enthernet: Q_Enthernet ReadDoubleWork Error: Subheader Error
18:48:43.45-[Error]-PLC Q_Enthernet: Q_Enthernet ReadDoubleWork Error: Subheader Error
18:48:43.45-[Error]-PLC Q_Enthernet: Q_Enthernet ReadDoubleWork Error: Subheader Error
18:48:43.47-[Error]-PLC Q_Enthernet: Q_Enthernet ReadDoubleWork Error: Subheader Error
18:48:43.47-[Error]-PLC Q_Enthernet: Q_Enthernet ReadDoubleWork Error: Subheader Error
18:48:43.48-[Error]-PLC Q_Enthernet: Q_Enthernet ReadDoubleWork Error: Subheader Error
18:48:43.49-[Error]-PLC Q_Enthernet: Q_Enthernet ReadDoubleWork Error: Subheader Error
18:48:43.49-[Error]-PLC Q_Enthernet: Q_Enthernet ReadDoubleWork Error: Subheader Error
18:48:43.50-[Error]-PLC Q_Enthernet: Q_Enthernet ReadDoubleWork Error: Subheader Error
18:48:43.51-[Error]-PLC Q_Enthernet: Q_Enthernet ReadDoubleWork Error: Subheader Error
18:48:43.52-[Error]-PLC Q_Enthernet: Q_Enthernet ReadDoubleWork Error: Subheader Error
18:48:43.53-[Error]-PLC Q_Enthernet: Q_Enthernet ReadDoubleWork Error: Subheader Error
18:48:43.54-[Error]-PLC Q_Enthernet: Q_Enthernet ReadDoubleWork Error: Subheader Error
18:48:43.55-[Error]-PLC Q_Enthernet: Q_Enthernet ReadDoubleWork Error: Subheader Error
18:48:43.56-[Error]-PLC Q_Enthernet: Q_Enthernet ReadDoubleWork Error: Subheader Error
18:48:43.56-[Error]-PLC Q_Enthernet: Q_Enthernet ReadDoubleWork Error: Subheader Error
18:48:43.57-[Error]-PLC Q_Enthernet: Q_Enthernet ReadDoubleWork Error: Subheader Error
18:48:43.58-[Error]-PLC Q_Enthernet: Q_Enthernet ReadDoubleWork Error: Subheader Error
18:48:43.58-[Error]-PLC Q_Enthernet: Q_Enthernet ReadDoubleWork Error: Subheader Error
18:48:43.59-[Error]-PLC Q_Enthernet: Q_Enthernet ReadDoubleWork Error: Subheader Error
18:48:43.60-[Error]-PLC Q_Enthernet: Q_Enthernet ReadDoubleWork Error: Subheader Error
18:48:43.61-[Error]-PLC Q_Enthernet: Q_Enthernet ReadDoubleWork Error: Subheader Error
18:48:43.62-[Error]-PLC Q_Enthernet: Q_Enthernet ReadDoubleWork Error: Subheader Error
18:48:43.63-[Error]-PLC Q_Enthernet: Q_Enthernet ReadDoubleWork Error: Subheader Error
18:48:43.64-[Error]-PLC Q_Enthernet: Q_Enthernet ReadDoubleWork Error: Subheader Error
18:48:43.65-[Error]-PLC Q_Enthernet: Q_Enthernet ReadDoubleWork Error: Subheader Error
18:48:43.65-[Error]-PLC Q_Enthernet: Q_Enthernet ReadDoubleWork Error: Subheader Error
18:48:43.66-[Error]-PLC Q_Enthernet: Q_Enthernet ReadDoubleWork Error: Subheader Error
18:48:43.67-[Error]-PLC Q_Enthernet: Q_Enthernet ReadDoubleWork Error: Subheader Error
18:48:43.68-[Error]-PLC Q_Enthernet: Q_Enthernet ReadDoubleWork Error: Subheader Error
18:48:43.69-[Error]-PLC Q_Enthernet: Q_Enthernet ReadDoubleWork Error: Subheader Error
18:48:43.69-[Error]-PLC Q_Enthernet: Q_Enthernet ReadDoubleWork Error: Subheader Error
18:48:43.70-[Error]-PLC Q_Enthernet: Q_Enthernet ReadDoubleWork Error: Subheader Error
18:48:43.71-[Error]-PLC Q_Enthernet: Q_Enthernet ReadDoubleWork Error: Subheader Error
18:48:43.72-[Error]-PLC Q_Enthernet: Q_Enthernet ReadDoubleWork Error: Subheader Error
18:48:43.73-[Error]-PLC Q_Enthernet: Q_Enthernet ReadDoubleWork Error: Subheader Error
18:48:43.74-[Error]-PLC Q_Enthernet: Q_Enthernet ReadDoubleWork Error: Subheader Error
18:48:43.74-[Error]-PLC Q_Enthernet: Q_Enthernet ReadDoubleWork Error: Subheader Error
18:48:43.75-[Error]-PLC Q_Enthernet: Q_Enthernet ReadDoubleWork Error: Subheader Error
18:48:43.77-[Error]-PLC Q_Enthernet: Q_Enthernet ReadDoubleWork Error: Subheader Error
18:48:43.78-[Error]-PLC Q_Enthernet: Q_Enthernet ReadDoubleWork Error: Subheader Error
18:48:43.79-[Error]-PLC Q_Enthernet: Q_Enthernet ReadDoubleWork Error: Subheader Error
18:48:43.79-[Error]-PLC Q_Enthernet: Q_Enthernet ReadDoubleWork Error: Subheader Error
18:48:43.80-[Error]-PLC Q_Enthernet: Q_Enthernet ReadDoubleWork Error: Subheader Error
18:48:43.81-[Error]-PLC Q_Enthernet: Q_Enthernet ReadDoubleWork Error: Subheader Error
18:48:43.82-[Error]-PLC Q_Enthernet: Q_Enthernet ReadDoubleWork Error: Subheader Error
18:48:43.83-[Error]-PLC Q_Enthernet: Q_Enthernet ReadDoubleWork Error: Subheader Error
18:48:43.84-[Error]-PLC Q_Enthernet: Q_Enthernet ReadDoubleWork Error: Subheader Error
18:48:43.85-[Error]-PLC Q_Enthernet: Q_Enthernet ReadDoubleWork Error: Subheader Error
18:48:43.86-[Error]-PLC Q_Enthernet: Q_Enthernet ReadDoubleWork Error: Subheader Error
18:48:43.87-[Error]-PLC Q_Enthernet: Q_Enthernet ReadDoubleWork Error: Subheader Error
18:48:43.88-[Error]-PLC Q_Enthernet: Q_Enthernet ReadDoubleWork Error: Subheader Error
18:48:43.88-[Error]-PLC Q_Enthernet: Q_Enthernet ReadDoubleWork Error: Subheader Error
18:48:43.89-[Error]-PLC Q_Enthernet: Q_Enthernet ReadDoubleWork Error: Subheader Error
18:48:43.90-[Error]-PLC Q_Enthernet: Q_Enthernet ReadDoubleWork Error: Subheader Error
18:48:43.91-[Error]-PLC Q_Enthernet: Q_Enthernet ReadDoubleWork Error: Subheader Error
18:48:43.92-[Error]-PLC Q_Enthernet: Q_Enthernet ReadDoubleWork Error: Subheader Error
18:48:43.93-[Error]-PLC Q_Enthernet: Q_Enthernet ReadDoubleWork Error: Subheader Error
18:48:43.94-[Error]-PLC Q_Enthernet: Q_Enthernet ReadDoubleWork Error: Subheader Error
18:48:43.95-[Error]-PLC Q_Enthernet: Q_Enthernet ReadDoubleWork Error: Subheader Error
18:48:43.96-[Error]-PLC Q_Enthernet: Q_Enthernet ReadDoubleWork Error: Subheader Error
18:48:43.96-[Error]-PLC Q_Enthernet: Q_Enthernet ReadDoubleWork Error: Subheader Error
18:48:43.97-[Error]-PLC Q_Enthernet: Q_Enthernet ReadDoubleWork Error: Subheader Error
18:48:43.98-[Error]-PLC Q_Enthernet: Q_Enthernet ReadDoubleWork Error: Subheader Error
18:48:43.99-[Error]-PLC Q_Enthernet: Q_Enthernet ReadDoubleWork Error: Subheader Error
18:48:44.00-[Error]-PLC Q_Enthernet: Q_Enthernet ReadDoubleWork Error: Subheader Error
18:48:44.01-[Error]-PLC Q_Enthernet: Q_Enthernet ReadDoubleWork Error: Subheader Error
18:48:44.02-[Error]-PLC Q_Enthernet: Q_Enthernet ReadDoubleWork Error: Subheader Error
18:48:44.02-[Error]-PLC Q_Enthernet: Q_Enthernet ReadDoubleWork Error: Subheader Error
18:48:44.03-[Error]-PLC Q_Enthernet: Q_Enthernet ReadDoubleWork Error: Subheader Error
18:48:44.04-[Error]-PLC Q_Enthernet: Q_Enthernet ReadDoubleWork Error: Subheader Error
18:48:44.05-[Error]-PLC Q_Enthernet: Q_Enthernet ReadDoubleWork Error: Subheader Error
18:48:44.06-[Error]-PLC Q_Enthernet: Q_Enthernet ReadDoubleWork Error: Subheader Error
18:48:44.07-[Error]-PLC Q_Enthernet: Q_Enthernet ReadDoubleWork Error: Subheader Error
18:48:44.08-[Error]-PLC Q_Enthernet: Q_Enthernet ReadDoubleWork Error: Subheader Error
18:48:44.09-[Error]-PLC Q_Enthernet: Q_Enthernet ReadDoubleWork Error: Subheader Error
18:48:44.10-[Error]-PLC Q_Enthernet: Q_Enthernet ReadDoubleWork Error: Subheader Error
18:48:44.11-[Error]-PLC Q_Enthernet: Q_Enthernet ReadDoubleWork Error: Subheader Error
18:48:44.11-[Error]-PLC Q_Enthernet: Q_Enthernet ReadDoubleWork Error: Subheader Error
18:48:44.12-[Error]-PLC Q_Enthernet: Q_Enthernet ReadDoubleWork Error: Subheader Error
18:48:44.13-[Error]-PLC Q_Enthernet: Q_Enthernet ReadDoubleWork Error: Subheader Error
18:48:44.14-[Error]-PLC Q_Enthernet: Q_Enthernet ReadDoubleWork Error: Subheader Error
18:48:44.15-[Error]-PLC Q_Enthernet: Q_Enthernet ReadDoubleWork Error: Subheader Error
18:48:44.16-[Error]-PLC Q_Enthernet: Q_Enthernet ReadDoubleWork Error: Subheader Error
18:48:44.17-[Error]-PLC Q_Enthernet: Q_Enthernet ReadDoubleWork Error: Subheader Error
18:48:44.18-[Error]-PLC Q_Enthernet: Q_Enthernet ReadDoubleWork Error: Subheader Error
18:48:44.19-[Error]-PLC Q_Enthernet: Q_Enthernet ReadDoubleWork Error: Subheader Error
18:48:44.19-[Error]-PLC Q_Enthernet: Q_Enthernet ReadDoubleWork Error: Subheader Error
18:48:44.20-[Error]-PLC Q_Enthernet: Q_Enthernet ReadDoubleWork Error: Subheader Error
18:48:44.21-[Error]-PLC Q_Enthernet: Q_Enthernet ReadDoubleWork Error: Subheader Error
18:48:44.22-[Error]-PLC Q_Enthernet: Q_Enthernet ReadDoubleWork Error: Subheader Error
18:48:44.23-[Error]-PLC Q_Enthernet: Q_Enthernet ReadDoubleWork Error: Subheader Error
18:48:44.24-[Error]-PLC Q_Enthernet: Q_Enthernet ReadDoubleWork Error: Subheader Error
18:48:44.25-[Error]-PLC Q_Enthernet: Q_Enthernet ReadDoubleWork Error: Subheader Error
18:48:44.25-[Error]-PLC Q_Enthernet: Q_Enthernet ReadDoubleWork Error: Subheader Error
18:48:44.26-[Error]-PLC Q_Enthernet: Q_Enthernet ReadDoubleWork Error: Subheader Error
18:48:44.27-[Error]-PLC Q_Enthernet: Q_Enthernet ReadDoubleWork Error: Subheader Error
18:48:44.29-[Error]-PLC Q_Enthernet: Q_Enthernet ReadDoubleWork Error: Subheader Error
18:48:44.30-[Error]-PLC Q_Enthernet: Q_Enthernet ReadDoubleWork Error: Subheader Error
18:48:44.31-[Error]-PLC Q_Enthernet: Q_Enthernet ReadDoubleWork Error: Subheader Error
18:48:44.31-[Error]-PLC Q_Enthernet: Q_Enthernet ReadDoubleWork Error: Subheader Error
18:48:44.32-[Error]-PLC Q_Enthernet: Q_Enthernet ReadDoubleWork Error: Subheader Error
18:48:44.33-[Error]-PLC Q_Enthernet: Q_Enthernet ReadDoubleWork Error: Subheader Error
18:48:44.34-[Error]-PLC Q_Enthernet: Q_Enthernet ReadDoubleWork Error: Subheader Error
18:48:44.35-[Error]-PLC Q_Enthernet: Q_Enthernet ReadDoubleWork Error: Subheader Error
18:48:44.36-[Error]-PLC Q_Enthernet: Q_Enthernet ReadDoubleWork Error: Subheader Error
18:48:44.36-[Error]-PLC Q_Enthernet: Q_Enthernet ReadDoubleWork Error: Subheader Error
18:48:44.37-[Error]-PLC Q_Enthernet: Q_Enthernet ReadDoubleWork Error: Subheader Error
18:48:44.38-[Error]-PLC Q_Enthernet: Q_Enthernet ReadDoubleWork Error: Subheader Error
18:48:44.39-[Error]-PLC Q_Enthernet: Q_Enthernet ReadDoubleWork Error: Subheader Error
18:48:44.40-[Error]-PLC Q_Enthernet: Q_Enthernet ReadDoubleWork Error: Subheader Error
18:48:44.41-[Error]-PLC Q_Enthernet: Q_Enthernet ReadDoubleWork Error: Subheader Error
18:48:44.42-[Error]-PLC Q_Enthernet: Q_Enthernet ReadDoubleWork Error: Subheader Error
18:48:44.43-[Error]-PLC Q_Enthernet: Q_Enthernet ReadDoubleWork Error: Subheader Error
18:48:44.43-[Error]-PLC Q_Enthernet: Q_Enthernet ReadDoubleWork Error: Subheader Error
18:48:44.44-[Error]-PLC Q_Enthernet: Q_Enthernet ReadDoubleWork Error: Subheader Error
18:48:44.45-[Error]-PLC Q_Enthernet: Q_Enthernet ReadDoubleWork Error: Subheader Error
18:48:44.46-[Error]-PLC Q_Enthernet: Q_Enthernet ReadDoubleWork Error: Subheader Error
18:48:44.46-[Error]-PLC Q_Enthernet: Q_Enthernet ReadDoubleWork Error: Subheader Error
18:48:44.47-[Error]-PLC Q_Enthernet: Q_Enthernet ReadDoubleWork Error: Subheader Error
18:48:44.48-[Error]-PLC Q_Enthernet: Q_Enthernet ReadDoubleWork Error: Subheader Error
18:48:44.49-[Error]-PLC Q_Enthernet: Q_Enthernet ReadDoubleWork Error: Subheader Error
18:48:44.50-[Error]-PLC Q_Enthernet: Q_Enthernet ReadDoubleWork Error: Subheader Error
18:48:44.51-[Error]-PLC Q_Enthernet: Q_Enthernet ReadDoubleWork Error: Subheader Error
18:48:44.52-[Error]-PLC Q_Enthernet: Q_Enthernet ReadDoubleWork Error: Subheader Error
18:48:44.52-[Error]-PLC Q_Enthernet: Q_Enthernet ReadDoubleWork Error: Subheader Error
18:48:44.53-[Error]-PLC Q_Enthernet: Q_Enthernet ReadDoubleWork Error: Subheader Error
18:48:44.54-[Error]-PLC Q_Enthernet: Q_Enthernet ReadDoubleWork Error: Subheader Error
18:48:44.55-[Error]-PLC Q_Enthernet: Q_Enthernet ReadDoubleWork Error: Subheader Error
18:48:44.56-[Error]-PLC Q_Enthernet: Q_Enthernet ReadDoubleWork Error: Subheader Error
18:48:44.57-[Error]-PLC Q_Enthernet: Q_Enthernet ReadDoubleWork Error: Subheader Error
18:48:44.58-[Error]-PLC Q_Enthernet: Q_Enthernet ReadDoubleWork Error: Subheader Error
18:48:44.58-[Error]-PLC Q_Enthernet: Q_Enthernet ReadDoubleWork Error: Subheader Error
18:48:44.59-[Error]-PLC Q_Enthernet: Q_Enthernet ReadDoubleWork Error: Subheader Error
18:48:44.60-[Error]-PLC Q_Enthernet: Q_Enthernet ReadDoubleWork Error: Subheader Error
18:48:44.61-[Error]-PLC Q_Enthernet: Q_Enthernet ReadDoubleWork Error: Subheader Error
18:48:44.61-[Error]-PLC Q_Enthernet: Q_Enthernet ReadDoubleWork Error: Subheader Error
18:48:44.62-[Error]-PLC Q_Enthernet: Q_Enthernet ReadDoubleWork Error: Subheader Error
18:48:44.63-[Error]-PLC Q_Enthernet: Q_Enthernet ReadDoubleWork Error: Subheader Error
18:48:44.64-[Error]-PLC Q_Enthernet: Q_Enthernet ReadDoubleWork Error: Subheader Error
18:48:44.65-[Error]-PLC Q_Enthernet: Q_Enthernet ReadDoubleWork Error: Subheader Error
18:48:44.65-[Error]-PLC Q_Enthernet: Q_Enthernet ReadDoubleWork Error: Subheader Error
18:48:44.66-[Error]-PLC Q_Enthernet: Q_Enthernet ReadDoubleWork Error: Subheader Error
18:48:44.67-[Error]-PLC Q_Enthernet: Q_Enthernet ReadDoubleWork Error: Subheader Error
18:48:44.68-[Error]-PLC Q_Enthernet: Q_Enthernet ReadDoubleWork Error: Subheader Error
18:48:44.69-[Error]-PLC Q_Enthernet: Q_Enthernet ReadDoubleWork Error: Subheader Error
18:48:44.70-[Error]-PLC Q_Enthernet: Q_Enthernet ReadDoubleWork Error: Subheader Error
18:48:44.71-[Error]-PLC Q_Enthernet: Q_Enthernet ReadDoubleWork Error: Subheader Error
18:48:44.72-[Error]-PLC Q_Enthernet: Q_Enthernet ReadDoubleWork Error: Subheader Error
18:48:44.73-[Error]-PLC Q_Enthernet: Q_Enthernet ReadDoubleWork Error: Subheader Error
18:48:44.73-[Error]-PLC Q_Enthernet: Q_Enthernet ReadDoubleWork Error: Subheader Error
18:48:44.74-[Error]-PLC Q_Enthernet: Q_Enthernet ReadDoubleWork Error: Subheader Error
18:48:44.75-[Error]-PLC Q_Enthernet: Q_Enthernet ReadDoubleWork Error: Subheader Error
18:48:44.76-[Error]-PLC Q_Enthernet: Q_Enthernet ReadDoubleWork Error: Subheader Error
18:48:44.77-[Error]-PLC Q_Enthernet: Q_Enthernet ReadDoubleWork Error: Subheader Error
18:48:44.78-[Error]-PLC Q_Enthernet: Q_Enthernet ReadDoubleWork Error: Subheader Error
18:48:44.79-[Error]-PLC Q_Enthernet: Q_Enthernet ReadDoubleWork Error: Subheader Error
18:48:44.80-[Error]-PLC Q_Enthernet: Q_Enthernet ReadDoubleWork Error: Subheader Error
18:48:44.80-[Error]-PLC Q_Enthernet: Q_Enthernet ReadDoubleWork Error: Subheader Error
18:48:44.81-[Error]-PLC Q_Enthernet: Q_Enthernet ReadDoubleWork Error: Subheader Error
18:48:44.82-[Error]-PLC Q_Enthernet: Q_Enthernet ReadDoubleWork Error: Subheader Error
18:48:44.83-[Error]-PLC Q_Enthernet: Q_Enthernet ReadDoubleWork Error: Subheader Error
18:48:44.84-[Error]-PLC Q_Enthernet: Q_Enthernet ReadDoubleWork Error: Subheader Error
18:48:44.85-[Error]-PLC Q_Enthernet: Q_Enthernet ReadDoubleWork Error: Subheader Error
18:48:44.85-[Error]-PLC Q_Enthernet: Q_Enthernet ReadDoubleWork Error: Subheader Error
18:48:44.86-[Error]-PLC Q_Enthernet: Q_Enthernet ReadDoubleWork Error: Subheader Error
18:48:44.87-[Error]-PLC Q_Enthernet: Q_Enthernet ReadDoubleWork Error: Subheader Error
18:48:44.88-[Error]-PLC Q_Enthernet: Q_Enthernet ReadDoubleWork Error: Subheader Error
18:48:44.89-[Error]-PLC Q_Enthernet: Q_Enthernet ReadDoubleWork Error: Subheader Error
18:48:44.90-[Error]-PLC Q_Enthernet: Q_Enthernet ReadDoubleWork Error: Subheader Error
18:48:44.91-[Error]-PLC Q_Enthernet: Q_Enthernet ReadDoubleWork Error: Subheader Error
18:48:44.92-[Error]-PLC Q_Enthernet: Q_Enthernet ReadDoubleWork Error: Subheader Error
18:48:44.92-[Error]-PLC Q_Enthernet: Q_Enthernet ReadDoubleWork Error: Subheader Error
18:48:44.93-[Error]-PLC Q_Enthernet: Q_Enthernet ReadDoubleWork Error: Subheader Error
18:48:44.94-[Error]-PLC Q_Enthernet: Q_Enthernet ReadDoubleWork Error: Subheader Error
18:48:44.95-[Error]-PLC Q_Enthernet: Q_Enthernet ReadDoubleWork Error: Subheader Error
18:48:44.96-[Error]-PLC Q_Enthernet: Q_Enthernet ReadDoubleWork Error: Subheader Error
18:48:44.96-[Error]-PLC Q_Enthernet: Q_Enthernet ReadDoubleWork Error: Subheader Error
18:48:44.97-[Error]-PLC Q_Enthernet: Q_Enthernet ReadDoubleWork Error: Subheader Error
18:48:44.98-[Error]-PLC Q_Enthernet: Q_Enthernet ReadDoubleWork Error: Subheader Error
18:48:44.99-[Error]-PLC Q_Enthernet: Q_Enthernet ReadDoubleWork Error: Subheader Error
18:48:45.00-[Error]-PLC Q_Enthernet: Q_Enthernet ReadDoubleWork Error: Subheader Error
18:48:45.00-[Error]-PLC Q_Enthernet: Q_Enthernet ReadDoubleWork Error: Subheader Error
18:48:45.01-[Error]-PLC Q_Enthernet: Q_Enthernet ReadDoubleWork Error: Subheader Error
18:48:45.02-[Error]-PLC Q_Enthernet: Q_Enthernet ReadDoubleWork Error: Subheader Error
18:48:45.03-[Error]-PLC Q_Enthernet: Q_Enthernet ReadDoubleWork Error: Subheader Error
18:48:45.04-[Error]-PLC Q_Enthernet: Q_Enthernet ReadDoubleWork Error: Subheader Error
18:48:45.05-[Error]-PLC Q_Enthernet: Q_Enthernet ReadDoubleWork Error: Subheader Error
18:48:45.06-[Error]-PLC Q_Enthernet: Q_Enthernet ReadDoubleWork Error: Subheader Error
18:48:45.06-[Error]-PLC Q_Enthernet: Q_Enthernet ReadDoubleWork Error: Subheader Error
18:48:45.07-[Error]-PLC Q_Enthernet: Q_Enthernet ReadDoubleWork Error: Subheader Error
18:48:45.08-[Error]-PLC Q_Enthernet: Q_Enthernet ReadDoubleWork Error: Subheader Error
18:48:45.09-[Error]-PLC Q_Enthernet: Q_Enthernet ReadDoubleWork Error: Subheader Error
18:48:45.10-[Error]-PLC Q_Enthernet: Q_Enthernet ReadDoubleWork Error: Subheader Error
18:48:45.11-[Error]-PLC Q_Enthernet: Q_Enthernet ReadDoubleWork Error: Subheader Error
18:48:45.12-[Error]-PLC Q_Enthernet: Q_Enthernet ReadDoubleWork Error: Subheader Error
18:48:45.13-[Error]-PLC Q_Enthernet: Q_Enthernet ReadDoubleWork Error: Subheader Error
18:48:45.13-[Error]-PLC Q_Enthernet: Q_Enthernet ReadDoubleWork Error: Subheader Error
18:48:45.14-[Error]-PLC Q_Enthernet: Q_Enthernet ReadDoubleWork Error: Subheader Error
18:48:45.15-[Error]-PLC Q_Enthernet: Q_Enthernet ReadDoubleWork Error: Subheader Error
18:48:45.15-[Error]-PLC Q_Enthernet: Q_Enthernet ReadDoubleWork Error: Subheader Error
18:48:45.16-[Error]-PLC Q_Enthernet: Q_Enthernet ReadDoubleWork Error: Subheader Error
18:48:45.17-[Error]-PLC Q_Enthernet: Q_Enthernet ReadDoubleWork Error: Subheader Error
18:48:45.18-[Error]-PLC Q_Enthernet: Q_Enthernet ReadDoubleWork Error: Subheader Error
18:48:45.19-[Error]-PLC Q_Enthernet: Q_Enthernet ReadDoubleWork Error: Subheader Error
18:48:45.20-[Error]-PLC Q_Enthernet: Q_Enthernet ReadDoubleWork Error: Subheader Error
18:48:45.20-[Error]-PLC Q_Enthernet: Q_Enthernet ReadDoubleWork Error: Subheader Error
18:48:45.21-[Error]-PLC Q_Enthernet: Q_Enthernet ReadDoubleWork Error: Subheader Error
18:48:45.22-[Error]-PLC Q_Enthernet: Q_Enthernet ReadDoubleWork Error: Subheader Error
18:48:45.23-[Error]-PLC Q_Enthernet: Q_Enthernet ReadDoubleWork Error: Subheader Error
18:48:45.24-[Error]-PLC Q_Enthernet: Q_Enthernet ReadDoubleWork Error: Subheader Error
18:48:45.25-[Error]-PLC Q_Enthernet: Q_Enthernet ReadDoubleWork Error: Subheader Error
18:48:45.26-[Error]-PLC Q_Enthernet: Q_Enthernet ReadDoubleWork Error: Subheader Error
18:48:45.26-[Error]-PLC Q_Enthernet: Q_Enthernet ReadDoubleWork Error: Subheader Error
18:48:45.27-[Error]-PLC Q_Enthernet: Q_Enthernet ReadDoubleWork Error: Subheader Error
18:48:45.28-[Error]-PLC Q_Enthernet: Q_Enthernet ReadDoubleWork Error: Subheader Error
18:48:45.29-[Error]-PLC Q_Enthernet: Q_Enthernet ReadDoubleWork Error: Subheader Error
18:48:45.30-[Error]-PLC Q_Enthernet: Q_Enthernet ReadDoubleWork Error: Subheader Error
18:48:45.31-[Error]-PLC Q_Enthernet: Q_Enthernet ReadDoubleWork Error: Subheader Error
18:48:45.32-[Error]-PLC Q_Enthernet: Q_Enthernet ReadDoubleWork Error: Subheader Error
18:48:45.33-[Error]-PLC Q_Enthernet: Q_Enthernet ReadDoubleWork Error: Subheader Error
18:48:45.34-[Error]-PLC Q_Enthernet: Q_Enthernet ReadDoubleWork Error: Subheader Error
18:48:45.35-[Error]-PLC Q_Enthernet: Q_Enthernet ReadDoubleWork Error: Subheader Error
18:48:45.35-[Error]-PLC Q_Enthernet: Q_Enthernet ReadDoubleWork Error: Subheader Error
18:48:45.36-[Error]-PLC Q_Enthernet: Q_Enthernet ReadDoubleWork Error: Subheader Error
18:48:45.37-[Error]-PLC Q_Enthernet: Q_Enthernet ReadDoubleWork Error: Subheader Error
18:48:45.38-[Error]-PLC Q_Enthernet: Q_Enthernet ReadDoubleWork Error: Subheader Error
18:48:45.38-[Error]-PLC Q_Enthernet: Q_Enthernet ReadDoubleWork Error: Subheader Error
18:48:45.39-[Error]-PLC Q_Enthernet: Q_Enthernet ReadDoubleWork Error: Subheader Error
18:48:45.40-[Error]-PLC Q_Enthernet: Q_Enthernet ReadDoubleWork Error: Subheader Error
18:48:45.41-[Error]-PLC Q_Enthernet: Q_Enthernet ReadDoubleWork Error: Subheader Error
18:48:45.42-[Error]-PLC Q_Enthernet: Q_Enthernet ReadDoubleWork Error: Subheader Error
18:48:45.43-[Error]-PLC Q_Enthernet: Q_Enthernet ReadDoubleWork Error: Subheader Error
18:48:45.44-[Error]-PLC Q_Enthernet: Q_Enthernet ReadDoubleWork Error: Subheader Error
18:48:45.44-[Error]-PLC Q_Enthernet: Q_Enthernet ReadDoubleWork Error: Subheader Error
18:48:45.45-[Error]-PLC Q_Enthernet: Q_Enthernet ReadDoubleWork Error: Subheader Error
18:48:45.46-[Error]-PLC Q_Enthernet: Q_Enthernet ReadDoubleWork Error: Subheader Error
18:48:45.47-[Error]-PLC Q_Enthernet: Q_Enthernet ReadDoubleWork Error: Subheader Error
18:48:45.48-[Error]-PLC Q_Enthernet: Q_Enthernet ReadDoubleWork Error: Subheader Error
18:48:45.49-[Error]-PLC Q_Enthernet: Q_Enthernet ReadDoubleWork Error: Subheader Error
18:48:45.49-[Error]-PLC Q_Enthernet: Q_Enthernet ReadDoubleWork Error: Subheader Error
18:48:45.50-[Error]-PLC Q_Enthernet: Q_Enthernet ReadDoubleWork Error: Subheader Error
18:48:45.51-[Error]-PLC Q_Enthernet: Q_Enthernet ReadDoubleWork Error: Subheader Error
18:48:45.52-[Error]-PLC Q_Enthernet: Q_Enthernet ReadDoubleWork Error: Subheader Error
18:48:45.53-[Error]-PLC Q_Enthernet: Q_Enthernet ReadDoubleWork Error: Subheader Error
18:48:45.54-[Error]-PLC Q_Enthernet: Q_Enthernet ReadDoubleWork Error: Subheader Error
18:48:45.55-[Error]-PLC Q_Enthernet: Q_Enthernet ReadDoubleWork Error: Subheader Error
18:48:45.56-[Error]-PLC Q_Enthernet: Q_Enthernet ReadDoubleWork Error: Subheader Error
18:48:45.57-[Error]-PLC Q_Enthernet: Q_Enthernet ReadDoubleWork Error: Subheader Error
18:48:45.58-[Error]-PLC Q_Enthernet: Q_Enthernet ReadDoubleWork Error: Subheader Error
18:48:45.59-[Error]-PLC Q_Enthernet: Q_Enthernet ReadDoubleWork Error: Subheader Error
18:48:45.59-[Error]-PLC Q_Enthernet: Q_Enthernet ReadDoubleWork Error: Subheader Error
18:48:45.60-[Error]-PLC Q_Enthernet: Q_Enthernet ReadDoubleWork Error: Subheader Error
18:48:45.61-[Error]-PLC Q_Enthernet: Q_Enthernet ReadDoubleWork Error: Subheader Error
18:48:45.62-[Error]-PLC Q_Enthernet: Q_Enthernet ReadDoubleWork Error: Subheader Error
18:48:45.63-[Error]-PLC Q_Enthernet: Q_Enthernet ReadDoubleWork Error: Subheader Error
18:48:45.64-[Error]-PLC Q_Enthernet: Q_Enthernet ReadDoubleWork Error: Subheader Error
18:48:45.64-[Error]-PLC Q_Enthernet: Q_Enthernet ReadDoubleWork Error: Subheader Error
18:48:45.65-[Error]-PLC Q_Enthernet: Q_Enthernet ReadDoubleWork Error: Subheader Error
18:48:45.66-[Error]-PLC Q_Enthernet: Q_Enthernet ReadDoubleWork Error: Subheader Error
18:48:45.67-[Error]-PLC Q_Enthernet: Q_Enthernet ReadDoubleWork Error: Subheader Error
18:48:45.68-[Error]-PLC Q_Enthernet: Q_Enthernet ReadDoubleWork Error: Subheader Error
18:48:45.69-[Error]-PLC Q_Enthernet: Q_Enthernet ReadDoubleWork Error: Subheader Error
18:48:45.69-[Error]-PLC Q_Enthernet: Q_Enthernet ReadDoubleWork Error: Subheader Error
18:48:45.71-[Error]-PLC Q_Enthernet: Q_Enthernet ReadDoubleWork Error: Subheader Error
18:48:45.71-[Error]-PLC Q_Enthernet: Q_Enthernet ReadDoubleWork Error: Subheader Error
18:48:45.72-[Error]-PLC Q_Enthernet: Q_Enthernet ReadDoubleWork Error: Subheader Error
18:48:45.73-[Error]-PLC Q_Enthernet: Q_Enthernet ReadDoubleWork Error: Subheader Error
18:48:45.74-[Error]-PLC Q_Enthernet: Q_Enthernet ReadDoubleWork Error: Subheader Error
18:48:45.75-[Error]-PLC Q_Enthernet: Q_Enthernet ReadDoubleWork Error: Subheader Error
18:48:45.76-[Error]-PLC Q_Enthernet: Q_Enthernet ReadDoubleWork Error: Subheader Error
18:48:45.77-[Error]-PLC Q_Enthernet: Q_Enthernet ReadDoubleWork Error: Subheader Error
18:48:45.78-[Error]-PLC Q_Enthernet: Q_Enthernet ReadDoubleWork Error: Subheader Error
18:48:45.79-[Error]-PLC Q_Enthernet: Q_Enthernet ReadDoubleWork Error: Subheader Error
18:48:45.80-[Error]-PLC Q_Enthernet: Q_Enthernet ReadDoubleWork Error: Subheader Error
18:48:45.80-[Error]-PLC Q_Enthernet: Q_Enthernet ReadDoubleWork Error: Subheader Error
18:48:45.81-[Error]-PLC Q_Enthernet: Q_Enthernet ReadDoubleWork Error: Subheader Error
18:48:45.82-[Error]-PLC Q_Enthernet: Q_Enthernet ReadDoubleWork Error: Subheader Error
18:48:45.83-[Error]-PLC Q_Enthernet: Q_Enthernet ReadDoubleWork Error: Subheader Error
18:48:45.84-[Error]-PLC Q_Enthernet: Q_Enthernet ReadDoubleWork Error: Subheader Error
18:48:45.84-[Error]-PLC Q_Enthernet: Q_Enthernet ReadDoubleWork Error: Subheader Error
18:48:45.85-[Error]-PLC Q_Enthernet: Q_Enthernet ReadDoubleWork Error: Subheader Error
18:48:45.86-[Error]-PLC Q_Enthernet: Q_Enthernet ReadDoubleWork Error: Subheader Error
18:48:45.87-[Error]-PLC Q_Enthernet: Q_Enthernet ReadDoubleWork Error: Subheader Error
18:48:45.88-[Error]-PLC Q_Enthernet: Q_Enthernet ReadDoubleWork Error: Subheader Error
18:48:45.89-[Error]-PLC Q_Enthernet: Q_Enthernet ReadDoubleWork Error: Subheader Error
18:48:45.90-[Error]-PLC Q_Enthernet: Q_Enthernet ReadDoubleWork Error: Subheader Error
18:48:45.91-[Error]-PLC Q_Enthernet: Q_Enthernet ReadDoubleWork Error: Subheader Error
18:48:45.91-[Error]-PLC Q_Enthernet: Q_Enthernet ReadDoubleWork Error: Subheader Error
18:48:45.92-[Error]-PLC Q_Enthernet: Q_Enthernet ReadDoubleWork Error: Subheader Error
18:48:45.93-[Error]-PLC Q_Enthernet: Q_Enthernet ReadDoubleWork Error: Subheader Error
18:48:45.94-[Error]-PLC Q_Enthernet: Q_Enthernet ReadDoubleWork Error: Subheader Error
18:48:45.95-[Error]-PLC Q_Enthernet: Q_Enthernet ReadDoubleWork Error: Subheader Error
18:48:45.96-[Error]-PLC Q_Enthernet: Q_Enthernet ReadDoubleWork Error: Subheader Error
18:48:45.97-[Error]-PLC Q_Enthernet: Q_Enthernet ReadDoubleWork Error: Subheader Error
18:48:45.97-[Error]-PLC Q_Enthernet: Q_Enthernet ReadDoubleWork Error: Subheader Error
18:48:45.98-[Error]-PLC Q_Enthernet: Q_Enthernet ReadDoubleWork Error: Subheader Error
18:48:45.99-[Error]-PLC Q_Enthernet: Q_Enthernet ReadDoubleWork Error: Subheader Error
18:48:46.00-[Error]-PLC Q_Enthernet: Q_Enthernet ReadDoubleWork Error: Subheader Error
18:48:46.01-[Error]-PLC Q_Enthernet: Q_Enthernet ReadDoubleWork Error: Subheader Error
18:48:46.02-[Error]-PLC Q_Enthernet: Q_Enthernet ReadDoubleWork Error: Subheader Error
18:48:46.03-[Error]-PLC Q_Enthernet: Q_Enthernet ReadDoubleWork Error: Subheader Error
18:48:46.03-[Error]-PLC Q_Enthernet: Q_Enthernet ReadDoubleWork Error: Subheader Error
18:48:46.04-[Error]-PLC Q_Enthernet: Q_Enthernet ReadDoubleWork Error: Subheader Error
18:48:46.05-[Error]-PLC Q_Enthernet: Q_Enthernet ReadDoubleWork Error: Subheader Error
18:48:46.06-[Error]-PLC Q_Enthernet: Q_Enthernet ReadDoubleWork Error: Subheader Error
18:48:46.07-[Error]-PLC Q_Enthernet: Q_Enthernet ReadDoubleWork Error: Subheader Error
18:48:46.08-[Error]-PLC Q_Enthernet: Q_Enthernet ReadDoubleWork Error: Subheader Error
18:48:46.09-[Error]-PLC Q_Enthernet: Q_Enthernet ReadDoubleWork Error: Subheader Error
18:48:46.10-[Error]-PLC Q_Enthernet: Q_Enthernet ReadDoubleWork Error: Subheader Error
18:48:46.11-[Error]-PLC Q_Enthernet: Q_Enthernet ReadDoubleWork Error: Subheader Error
18:48:46.11-[Error]-PLC Q_Enthernet: Q_Enthernet ReadDoubleWork Error: Subheader Error
18:48:46.12-[Error]-PLC Q_Enthernet: Q_Enthernet ReadDoubleWork Error: Subheader Error
18:48:46.13-[Error]-PLC Q_Enthernet: Q_Enthernet ReadDoubleWork Error: Subheader Error
18:48:46.14-[Error]-PLC Q_Enthernet: Q_Enthernet ReadDoubleWork Error: Subheader Error
18:48:46.15-[Error]-PLC Q_Enthernet: Q_Enthernet ReadDoubleWork Error: Subheader Error
18:48:46.15-[Error]-PLC Q_Enthernet: Q_Enthernet ReadDoubleWork Error: Subheader Error
18:48:46.16-[Error]-PLC Q_Enthernet: Q_Enthernet ReadDoubleWork Error: Subheader Error
18:48:46.17-[Error]-PLC Q_Enthernet: Q_Enthernet ReadDoubleWork Error: Subheader Error
18:48:46.18-[Error]-PLC Q_Enthernet: Q_Enthernet ReadDoubleWork Error: Subheader Error
18:48:46.19-[Error]-PLC Q_Enthernet: Q_Enthernet ReadDoubleWork Error: Subheader Error
18:48:46.20-[Error]-PLC Q_Enthernet: Q_Enthernet ReadDoubleWork Error: Subheader Error
18:48:46.21-[Error]-PLC Q_Enthernet: Q_Enthernet ReadDoubleWork Error: Subheader Error
18:48:46.22-[Error]-PLC Q_Enthernet: Q_Enthernet ReadDoubleWork Error: Subheader Error
18:48:46.22-[Error]-PLC Q_Enthernet: Q_Enthernet ReadDoubleWork Error: Subheader Error
18:48:46.23-[Error]-PLC Q_Enthernet: Q_Enthernet ReadDoubleWork Error: Subheader Error
18:48:46.24-[Error]-PLC Q_Enthernet: Q_Enthernet ReadDoubleWork Error: Subheader Error
18:48:46.25-[Error]-PLC Q_Enthernet: Q_Enthernet ReadDoubleWork Error: Subheader Error
18:48:46.26-[Error]-PLC Q_Enthernet: Q_Enthernet ReadDoubleWork Error: Subheader Error
18:48:46.27-[Error]-PLC Q_Enthernet: Q_Enthernet ReadDoubleWork Error: Subheader Error
18:48:46.27-[Error]-PLC Q_Enthernet: Q_Enthernet ReadDoubleWork Error: Subheader Error
18:48:46.28-[Error]-PLC Q_Enthernet: Q_Enthernet ReadDoubleWork Error: Subheader Error
18:48:46.29-[Error]-PLC Q_Enthernet: Q_Enthernet ReadDoubleWork Error: Subheader Error
18:48:46.30-[Error]-PLC Q_Enthernet: Q_Enthernet ReadDoubleWork Error: Subheader Error
18:48:46.31-[Error]-PLC Q_Enthernet: Q_Enthernet ReadDoubleWork Error: Subheader Error
18:48:46.32-[Error]-PLC Q_Enthernet: Q_Enthernet ReadDoubleWork Error: Subheader Error
18:48:46.33-[Error]-PLC Q_Enthernet: Q_Enthernet ReadDoubleWork Error: Subheader Error
18:48:46.34-[Error]-PLC Q_Enthernet: Q_Enthernet ReadDoubleWork Error: Subheader Error
18:48:46.34-[Error]-PLC Q_Enthernet: Q_Enthernet ReadDoubleWork Error: Subheader Error
18:48:46.35-[Error]-PLC Q_Enthernet: Q_Enthernet ReadDoubleWork Error: Subheader Error
18:48:46.36-[Error]-PLC Q_Enthernet: Q_Enthernet ReadDoubleWork Error: Subheader Error
18:48:46.37-[Error]-PLC Q_Enthernet: Q_Enthernet ReadDoubleWork Error: Subheader Error
18:48:46.38-[Error]-PLC Q_Enthernet: Q_Enthernet ReadDoubleWork Error: Subheader Error
18:48:46.39-[Error]-PLC Q_Enthernet: Q_Enthernet ReadDoubleWork Error: Subheader Error
18:48:46.40-[Error]-PLC Q_Enthernet: Q_Enthernet ReadDoubleWork Error: Subheader Error
18:48:46.41-[Error]-PLC Q_Enthernet: Q_Enthernet ReadDoubleWork Error: Subheader Error
18:48:46.42-[Error]-PLC Q_Enthernet: Q_Enthernet ReadDoubleWork Error: Subheader Error
18:48:46.43-[Error]-PLC Q_Enthernet: Q_Enthernet ReadDoubleWork Error: Subheader Error
18:48:46.44-[Error]-PLC Q_Enthernet: Q_Enthernet ReadDoubleWork Error: Subheader Error
18:48:46.44-[Error]-PLC Q_Enthernet: Q_Enthernet ReadDoubleWork Error: Subheader Error
18:48:46.45-[Error]-PLC Q_Enthernet: Q_Enthernet ReadDoubleWork Error: Subheader Error
18:48:46.46-[Error]-PLC Q_Enthernet: Q_Enthernet ReadDoubleWork Error: Subheader Error
18:48:46.47-[Error]-PLC Q_Enthernet: Q_Enthernet ReadDoubleWork Error: Subheader Error
18:48:46.47-[Error]-PLC Q_Enthernet: Q_Enthernet ReadDoubleWork Error: Subheader Error
18:48:46.48-[Error]-PLC Q_Enthernet: Q_Enthernet ReadDoubleWork Error: Subheader Error
18:48:46.49-[Error]-PLC Q_Enthernet: Q_Enthernet ReadDoubleWork Error: Subheader Error
18:48:46.50-[Error]-PLC Q_Enthernet: Q_Enthernet ReadDoubleWork Error: Subheader Error
18:48:46.51-[Error]-PLC Q_Enthernet: Q_Enthernet ReadDoubleWork Error: Subheader Error
18:48:46.52-[Error]-PLC Q_Enthernet: Q_Enthernet ReadDoubleWork Error: Subheader Error
18:48:46.53-[Error]-PLC Q_Enthernet: Q_Enthernet ReadDoubleWork Error: Subheader Error
18:48:46.53-[Error]-PLC Q_Enthernet: Q_Enthernet ReadDoubleWork Error: Subheader Error
18:48:46.54-[Error]-PLC Q_Enthernet: Q_Enthernet ReadDoubleWork Error: Subheader Error
18:48:46.55-[Error]-PLC Q_Enthernet: Q_Enthernet ReadDoubleWork Error: Subheader Error
18:48:46.56-[Error]-PLC Q_Enthernet: Q_Enthernet ReadDoubleWork Error: Subheader Error
18:48:46.57-[Error]-PLC Q_Enthernet: Q_Enthernet ReadDoubleWork Error: Subheader Error
18:48:46.58-[Error]-PLC Q_Enthernet: Q_Enthernet ReadDoubleWork Error: Subheader Error
18:48:46.59-[Error]-PLC Q_Enthernet: Q_Enthernet ReadDoubleWork Error: Subheader Error
18:48:46.59-[Error]-PLC Q_Enthernet: Q_Enthernet ReadDoubleWork Error: Subheader Error
18:48:46.60-[Error]-PLC Q_Enthernet: Q_Enthernet ReadDoubleWork Error: Subheader Error
18:48:46.61-[Error]-PLC Q_Enthernet: Q_Enthernet ReadDoubleWork Error: Subheader Error
18:48:46.62-[Error]-PLC Q_Enthernet: Q_Enthernet ReadDoubleWork Error: Subheader Error
18:48:46.63-[Error]-PLC Q_Enthernet: Q_Enthernet ReadDoubleWork Error: Subheader Error
18:48:46.64-[Error]-PLC Q_Enthernet: Q_Enthernet ReadDoubleWork Error: Subheader Error
18:48:46.64-[Error]-PLC Q_Enthernet: Q_Enthernet ReadDoubleWork Error: Subheader Error
18:48:46.65-[Error]-PLC Q_Enthernet: Q_Enthernet ReadDoubleWork Error: Subheader Error
18:48:46.66-[Error]-PLC Q_Enthernet: Q_Enthernet ReadDoubleWork Error: Subheader Error
18:48:46.67-[Error]-PLC Q_Enthernet: Q_Enthernet ReadDoubleWork Error: Subheader Error
18:48:46.68-[Error]-PLC Q_Enthernet: Q_Enthernet ReadDoubleWork Error: Subheader Error
18:48:46.68-[Error]-PLC Q_Enthernet: Q_Enthernet ReadDoubleWork Error: Subheader Error
18:48:46.69-[Error]-PLC Q_Enthernet: Q_Enthernet ReadDoubleWork Error: Subheader Error
18:48:46.70-[Error]-PLC Q_Enthernet: Q_Enthernet ReadDoubleWork Error: Subheader Error
18:48:46.71-[Error]-PLC Q_Enthernet: Q_Enthernet ReadDoubleWork Error: Subheader Error
18:48:46.72-[Error]-PLC Q_Enthernet: Q_Enthernet ReadDoubleWork Error: Subheader Error
18:48:46.73-[Error]-PLC Q_Enthernet: Q_Enthernet ReadDoubleWork Error: Subheader Error
18:48:46.73-[Error]-PLC Q_Enthernet: Q_Enthernet ReadDoubleWork Error: Subheader Error
18:48:46.74-[Error]-PLC Q_Enthernet: Q_Enthernet ReadDoubleWork Error: Subheader Error
18:48:46.75-[Error]-PLC Q_Enthernet: Q_Enthernet ReadDoubleWork Error: Subheader Error
18:48:46.76-[Error]-PLC Q_Enthernet: Q_Enthernet ReadDoubleWork Error: Subheader Error
18:48:46.77-[Error]-PLC Q_Enthernet: Q_Enthernet ReadDoubleWork Error: Subheader Error
18:48:46.77-[Error]-PLC Q_Enthernet: Q_Enthernet ReadDoubleWork Error: Subheader Error
18:48:46.78-[Error]-PLC Q_Enthernet: Q_Enthernet ReadDoubleWork Error: Subheader Error
18:48:46.79-[Error]-PLC Q_Enthernet: Q_Enthernet ReadDoubleWork Error: Subheader Error
18:48:46.80-[Error]-PLC Q_Enthernet: Q_Enthernet ReadDoubleWork Error: Subheader Error
18:48:46.81-[Error]-PLC Q_Enthernet: Q_Enthernet ReadDoubleWork Error: Subheader Error
18:48:46.82-[Error]-PLC Q_Enthernet: Q_Enthernet ReadDoubleWork Error: Subheader Error
18:48:46.83-[Error]-PLC Q_Enthernet: Q_Enthernet ReadDoubleWork Error: Subheader Error
18:48:46.83-[Error]-PLC Q_Enthernet: Q_Enthernet ReadDoubleWork Error: Subheader Error
18:48:46.84-[Error]-PLC Q_Enthernet: Q_Enthernet ReadDoubleWork Error: Subheader Error
18:48:46.85-[Error]-PLC Q_Enthernet: Q_Enthernet ReadDoubleWork Error: Subheader Error
18:48:46.86-[Error]-PLC Q_Enthernet: Q_Enthernet ReadDoubleWork Error: Subheader Error
18:48:46.87-[Error]-PLC Q_Enthernet: Q_Enthernet ReadDoubleWork Error: Subheader Error
18:48:46.87-[Error]-PLC Q_Enthernet: Q_Enthernet ReadDoubleWork Error: An established connection was aborted by the software in your host machine
18:49:00.83-[Error]-PLC Q_Enthernet: Q_Enthernet ReadDoubleWork Error: Subheader Error
18:49:00.84-[Error]-PLC Q_Enthernet: Q_Enthernet ReadDoubleWork Error: Subheader Error
18:49:00.85-[Error]-PLC Q_Enthernet: Q_Enthernet ReadDoubleWork Error: Subheader Error
18:49:00.85-[Error]-PLC Q_Enthernet: Q_Enthernet ReadDoubleWork Error: Subheader Error
18:49:00.86-[Error]-PLC Q_Enthernet: Q_Enthernet ReadDoubleWork Error: Subheader Error
18:49:00.87-[Error]-PLC Q_Enthernet: Q_Enthernet ReadDoubleWork Error: Subheader Error
18:49:00.88-[Error]-PLC Q_Enthernet: Q_Enthernet ReadDoubleWork Error: Subheader Error
18:49:00.89-[Error]-PLC Q_Enthernet: Q_Enthernet ReadDoubleWork Error: Subheader Error
18:49:00.90-[Error]-PLC Q_Enthernet: Q_Enthernet ReadDoubleWork Error: Subheader Error
18:49:00.91-[Error]-PLC Q_Enthernet: Q_Enthernet ReadDoubleWork Error: Subheader Error
18:49:00.93-[Error]-PLC Q_Enthernet: Q_Enthernet ReadDoubleWork Error: Subheader Error
18:49:00.93-[Error]-PLC Q_Enthernet: Q_Enthernet ReadDoubleWork Error: Subheader Error
18:49:00.94-[Error]-PLC Q_Enthernet: Q_Enthernet ReadDoubleWork Error: Subheader Error
18:49:00.95-[Error]-PLC Q_Enthernet: Q_Enthernet ReadDoubleWork Error: Subheader Error
18:49:00.96-[Error]-PLC Q_Enthernet: Q_Enthernet ReadDoubleWork Error: Subheader Error
18:49:00.97-[Error]-PLC Q_Enthernet: Q_Enthernet ReadDoubleWork Error: Subheader Error
18:49:00.97-[Error]-PLC Q_Enthernet: Q_Enthernet ReadDoubleWork Error: Subheader Error
18:49:00.98-[Error]-PLC Q_Enthernet: Q_Enthernet ReadDoubleWork Error: Subheader Error
18:49:00.99-[Error]-PLC Q_Enthernet: Q_Enthernet ReadDoubleWork Error: Subheader Error
18:49:01.00-[Error]-PLC Q_Enthernet: Q_Enthernet ReadDoubleWork Error: Subheader Error
18:49:01.01-[Error]-PLC Q_Enthernet: Q_Enthernet ReadDoubleWork Error: Subheader Error
18:49:01.02-[Error]-PLC Q_Enthernet: Q_Enthernet ReadDoubleWork Error: Subheader Error
18:49:01.03-[Error]-PLC Q_Enthernet: Q_Enthernet ReadDoubleWork Error: Subheader Error
18:49:01.03-[Error]-PLC Q_Enthernet: Q_Enthernet ReadDoubleWork Error: Subheader Error
18:49:01.04-[Error]-PLC Q_Enthernet: Q_Enthernet ReadDoubleWork Error: Subheader Error
18:49:01.05-[Error]-PLC Q_Enthernet: Q_Enthernet ReadDoubleWork Error: Subheader Error
18:49:01.06-[Error]-PLC Q_Enthernet: Q_Enthernet ReadDoubleWork Error: Subheader Error
18:49:01.07-[Error]-PLC Q_Enthernet: Q_Enthernet ReadDoubleWork Error: Subheader Error
18:49:01.08-[Error]-PLC Q_Enthernet: Q_Enthernet ReadDoubleWork Error: Subheader Error
18:49:01.09-[Error]-PLC Q_Enthernet: Q_Enthernet ReadDoubleWork Error: Subheader Error
18:49:01.09-[Error]-PLC Q_Enthernet: Q_Enthernet ReadDoubleWork Error: Subheader Error
18:49:01.10-[Error]-PLC Q_Enthernet: Q_Enthernet ReadDoubleWork Error: Subheader Error
18:49:01.11-[Error]-PLC Q_Enthernet: Q_Enthernet ReadDoubleWork Error: Subheader Error
18:49:01.12-[Error]-PLC Q_Enthernet: Q_Enthernet ReadDoubleWork Error: Subheader Error
18:49:01.13-[Error]-PLC Q_Enthernet: Q_Enthernet ReadDoubleWork Error: Subheader Error
18:49:01.14-[Error]-PLC Q_Enthernet: Q_Enthernet ReadDoubleWork Error: Subheader Error
18:49:01.15-[Error]-PLC Q_Enthernet: Q_Enthernet ReadDoubleWork Error: Subheader Error
18:49:01.16-[Error]-PLC Q_Enthernet: Q_Enthernet ReadDoubleWork Error: Subheader Error
18:49:01.17-[Error]-PLC Q_Enthernet: Q_Enthernet ReadDoubleWork Error: Subheader Error
18:49:01.18-[Error]-PLC Q_Enthernet: Q_Enthernet ReadDoubleWork Error: Subheader Error
18:49:01.19-[Error]-PLC Q_Enthernet: Q_Enthernet ReadDoubleWork Error: Subheader Error
18:49:01.20-[Error]-PLC Q_Enthernet: Q_Enthernet ReadDoubleWork Error: Subheader Error
18:49:01.21-[Error]-PLC Q_Enthernet: Q_Enthernet ReadDoubleWork Error: Subheader Error
18:49:01.22-[Error]-PLC Q_Enthernet: Q_Enthernet ReadDoubleWork Error: Subheader Error
18:49:01.23-[Error]-PLC Q_Enthernet: Q_Enthernet ReadDoubleWork Error: Subheader Error
18:49:01.24-[Error]-PLC Q_Enthernet: Q_Enthernet ReadDoubleWork Error: Subheader Error
18:49:01.25-[Error]-PLC Q_Enthernet: Q_Enthernet ReadDoubleWork Error: Subheader Error
18:49:01.26-[Error]-PLC Q_Enthernet: Q_Enthernet ReadDoubleWork Error: Subheader Error
18:49:01.26-[Error]-PLC Q_Enthernet: Q_Enthernet ReadDoubleWork Error: Subheader Error
18:49:01.27-[Error]-PLC Q_Enthernet: Q_Enthernet ReadDoubleWork Error: Subheader Error
18:49:01.28-[Error]-PLC Q_Enthernet: Q_Enthernet ReadDoubleWork Error: Subheader Error
18:49:01.29-[Error]-PLC Q_Enthernet: Q_Enthernet ReadDoubleWork Error: Subheader Error
18:49:01.30-[Error]-PLC Q_Enthernet: Q_Enthernet ReadDoubleWork Error: Subheader Error
18:49:01.31-[Error]-PLC Q_Enthernet: Q_Enthernet ReadDoubleWork Error: Subheader Error
18:49:01.33-[Error]-PLC Q_Enthernet: Q_Enthernet ReadDoubleWork Error: Subheader Error
18:49:01.34-[Error]-PLC Q_Enthernet: Q_Enthernet ReadDoubleWork Error: Subheader Error
18:49:01.35-[Error]-PLC Q_Enthernet: Q_Enthernet ReadDoubleWork Error: Subheader Error
18:49:01.36-[Error]-PLC Q_Enthernet: Q_Enthernet ReadDoubleWork Error: Subheader Error
18:49:01.37-[Error]-PLC Q_Enthernet: Q_Enthernet ReadDoubleWork Error: Subheader Error
18:49:01.38-[Error]-PLC Q_Enthernet: Q_Enthernet ReadDoubleWork Error: Subheader Error
18:49:01.39-[Error]-PLC Q_Enthernet: Q_Enthernet ReadDoubleWork Error: Subheader Error
18:49:01.40-[Error]-PLC Q_Enthernet: Q_Enthernet ReadDoubleWork Error: Subheader Error
18:49:01.40-[Error]-PLC Q_Enthernet: Q_Enthernet ReadDoubleWork Error: Subheader Error
18:49:01.41-[Error]-PLC Q_Enthernet: Q_Enthernet ReadDoubleWork Error: Subheader Error
18:49:01.42-[Error]-PLC Q_Enthernet: Q_Enthernet ReadDoubleWork Error: Subheader Error
18:49:01.43-[Error]-PLC Q_Enthernet: Q_Enthernet ReadDoubleWork Error: Subheader Error
18:49:01.44-[Error]-PLC Q_Enthernet: Q_Enthernet ReadDoubleWork Error: Subheader Error
18:49:01.45-[Error]-PLC Q_Enthernet: Q_Enthernet ReadDoubleWork Error: Subheader Error
18:49:01.46-[Error]-PLC Q_Enthernet: Q_Enthernet ReadDoubleWork Error: Subheader Error
18:49:01.47-[Error]-PLC Q_Enthernet: Q_Enthernet ReadDoubleWork Error: Subheader Error
18:49:01.48-[Error]-PLC Q_Enthernet: Q_Enthernet ReadDoubleWork Error: Subheader Error
18:49:01.49-[Error]-PLC Q_Enthernet: Q_Enthernet ReadDoubleWork Error: Subheader Error
18:49:01.50-[Error]-PLC Q_Enthernet: Q_Enthernet ReadDoubleWork Error: Subheader Error
18:49:01.51-[Error]-PLC Q_Enthernet: Q_Enthernet ReadDoubleWork Error: Subheader Error
18:49:01.52-[Error]-PLC Q_Enthernet: Q_Enthernet ReadDoubleWork Error: Subheader Error
18:49:01.53-[Error]-PLC Q_Enthernet: Q_Enthernet ReadDoubleWork Error: Subheader Error
18:49:01.54-[Error]-PLC Q_Enthernet: Q_Enthernet ReadDoubleWork Error: Subheader Error
18:49:01.55-[Error]-PLC Q_Enthernet: Q_Enthernet ReadDoubleWork Error: Subheader Error
18:49:01.56-[Error]-PLC Q_Enthernet: Q_Enthernet ReadDoubleWork Error: Subheader Error
18:49:01.58-[Error]-PLC Q_Enthernet: Q_Enthernet ReadDoubleWork Error: Subheader Error
18:49:01.59-[Error]-PLC Q_Enthernet: Q_Enthernet ReadDoubleWork Error: Subheader Error
18:49:01.60-[Error]-PLC Q_Enthernet: Q_Enthernet ReadDoubleWork Error: Subheader Error
18:49:01.61-[Error]-PLC Q_Enthernet: Q_Enthernet ReadDoubleWork Error: Subheader Error
18:49:01.62-[Error]-PLC Q_Enthernet: Q_Enthernet ReadDoubleWork Error: Subheader Error
18:49:01.63-[Error]-PLC Q_Enthernet: Q_Enthernet ReadDoubleWork Error: Subheader Error
18:49:01.64-[Error]-PLC Q_Enthernet: Q_Enthernet ReadDoubleWork Error: Subheader Error
18:49:01.65-[Error]-PLC Q_Enthernet: Q_Enthernet ReadDoubleWork Error: Subheader Error
18:49:01.67-[Error]-PLC Q_Enthernet: Q_Enthernet ReadDoubleWork Error: Subheader Error
18:49:01.68-[Error]-PLC Q_Enthernet: Q_Enthernet ReadDoubleWork Error: Subheader Error
18:49:01.69-[Error]-PLC Q_Enthernet: Q_Enthernet ReadDoubleWork Error: Subheader Error
18:49:01.70-[Error]-PLC Q_Enthernet: Q_Enthernet ReadDoubleWork Error: Subheader Error
18:49:01.71-[Error]-PLC Q_Enthernet: Q_Enthernet ReadDoubleWork Error: Subheader Error
18:49:01.72-[Error]-PLC Q_Enthernet: Q_Enthernet ReadDoubleWork Error: Subheader Error
18:49:01.73-[Error]-PLC Q_Enthernet: Q_Enthernet ReadDoubleWork Error: Subheader Error
18:49:01.74-[Error]-PLC Q_Enthernet: Q_Enthernet ReadDoubleWork Error: Subheader Error
18:49:01.75-[Error]-PLC Q_Enthernet: Q_Enthernet ReadDoubleWork Error: Subheader Error
18:49:01.76-[Error]-PLC Q_Enthernet: Q_Enthernet ReadDoubleWork Error: Subheader Error
18:49:01.77-[Error]-PLC Q_Enthernet: Q_Enthernet ReadDoubleWork Error: Subheader Error
18:49:01.78-[Error]-PLC Q_Enthernet: Q_Enthernet ReadDoubleWork Error: Subheader Error
18:49:01.79-[Error]-PLC Q_Enthernet: Q_Enthernet ReadDoubleWork Error: Subheader Error
18:49:01.80-[Error]-PLC Q_Enthernet: Q_Enthernet ReadDoubleWork Error: Subheader Error
18:49:01.81-[Error]-PLC Q_Enthernet: Q_Enthernet ReadDoubleWork Error: Subheader Error
18:49:01.82-[Error]-PLC Q_Enthernet: Q_Enthernet ReadDoubleWork Error: Subheader Error
18:49:01.83-[Error]-PLC Q_Enthernet: Q_Enthernet ReadDoubleWork Error: Subheader Error
18:49:01.84-[Error]-PLC Q_Enthernet: Q_Enthernet ReadDoubleWork Error: Subheader Error
18:49:01.85-[Error]-PLC Q_Enthernet: Q_Enthernet ReadDoubleWork Error: Subheader Error
18:49:01.86-[Error]-PLC Q_Enthernet: Q_Enthernet ReadDoubleWork Error: Subheader Error
18:49:01.87-[Error]-PLC Q_Enthernet: Q_Enthernet ReadDoubleWork Error: Subheader Error
18:49:01.89-[Error]-PLC Q_Enthernet: Q_Enthernet ReadDoubleWork Error: Subheader Error
18:49:01.90-[Error]-PLC Q_Enthernet: Q_Enthernet ReadDoubleWork Error: Subheader Error
18:49:01.91-[Error]-PLC Q_Enthernet: Q_Enthernet ReadDoubleWork Error: Subheader Error
18:49:01.92-[Error]-PLC Q_Enthernet: Q_Enthernet ReadDoubleWork Error: Subheader Error
18:49:01.93-[Error]-PLC Q_Enthernet: Q_Enthernet ReadDoubleWork Error: Subheader Error
18:49:01.94-[Error]-PLC Q_Enthernet: Q_Enthernet ReadDoubleWork Error: Subheader Error
18:49:01.95-[Error]-PLC Q_Enthernet: Q_Enthernet ReadDoubleWork Error: Subheader Error
18:49:01.96-[Error]-PLC Q_Enthernet: Q_Enthernet ReadDoubleWork Error: Subheader Error
18:49:01.98-[Error]-PLC Q_Enthernet: Q_Enthernet ReadDoubleWork Error: Subheader Error
18:49:02.47-[Error]-PLC Q_Enthernet: Q_Enthernet ReadDoubleWork Error: Subheader Error
18:49:02.48-[Error]-PLC Q_Enthernet: Q_Enthernet ReadDoubleWork Error: Subheader Error
18:49:02.49-[Error]-PLC Q_Enthernet: Q_Enthernet ReadDoubleWork Error: Subheader Error
18:49:02.49-[Error]-PLC Q_Enthernet: Q_Enthernet ReadDoubleWork Error: Subheader Error
18:49:02.50-[Error]-PLC Q_Enthernet: Q_Enthernet ReadDoubleWork Error: Subheader Error
18:49:02.51-[Error]-PLC Q_Enthernet: Q_Enthernet ReadDoubleWork Error: Subheader Error
18:49:02.52-[Error]-PLC Q_Enthernet: Q_Enthernet ReadDoubleWork Error: Subheader Error
18:49:02.54-[Error]-PLC Q_Enthernet: Q_Enthernet ReadDoubleWork Error: Subheader Error
18:49:02.55-[Error]-PLC Q_Enthernet: Q_Enthernet ReadDoubleWork Error: Subheader Error
18:49:02.56-[Error]-PLC Q_Enthernet: Q_Enthernet ReadDoubleWork Error: Subheader Error
18:49:02.58-[Error]-PLC Q_Enthernet: Q_Enthernet ReadDoubleWork Error: Subheader Error
18:49:02.59-[Error]-PLC Q_Enthernet: Q_Enthernet ReadDoubleWork Error: Subheader Error
18:49:02.60-[Error]-PLC Q_Enthernet: Q_Enthernet ReadDoubleWork Error: Subheader Error
18:49:02.61-[Error]-PLC Q_Enthernet: Q_Enthernet ReadDoubleWork Error: Subheader Error
18:49:02.62-[Error]-PLC Q_Enthernet: Q_Enthernet ReadDoubleWork Error: Subheader Error
18:49:02.63-[Error]-PLC Q_Enthernet: Q_Enthernet ReadDoubleWork Error: Subheader Error
18:49:02.64-[Error]-PLC Q_Enthernet: Q_Enthernet ReadDoubleWork Error: Subheader Error
18:49:02.65-[Error]-PLC Q_Enthernet: Q_Enthernet ReadDoubleWork Error: Subheader Error
18:49:02.66-[Error]-PLC Q_Enthernet: Q_Enthernet ReadDoubleWork Error: Subheader Error
18:49:02.67-[Error]-PLC Q_Enthernet: Q_Enthernet ReadDoubleWork Error: Subheader Error
18:49:02.68-[Error]-PLC Q_Enthernet: Q_Enthernet ReadDoubleWork Error: Subheader Error
18:49:02.69-[Error]-PLC Q_Enthernet: Q_Enthernet ReadDoubleWork Error: Subheader Error
18:49:02.70-[Error]-PLC Q_Enthernet: Q_Enthernet ReadDoubleWork Error: Subheader Error
18:49:02.71-[Error]-PLC Q_Enthernet: Q_Enthernet ReadDoubleWork Error: Subheader Error
18:49:02.72-[Error]-PLC Q_Enthernet: Q_Enthernet ReadDoubleWork Error: Subheader Error
18:49:02.74-[Error]-PLC Q_Enthernet: Q_Enthernet ReadDoubleWork Error: Subheader Error
18:49:02.75-[Error]-PLC Q_Enthernet: Q_Enthernet ReadDoubleWork Error: Subheader Error
18:49:02.76-[Error]-PLC Q_Enthernet: Q_Enthernet ReadDoubleWork Error: Subheader Error
18:49:02.77-[Error]-PLC Q_Enthernet: Q_Enthernet ReadDoubleWork Error: Subheader Error
18:49:02.78-[Error]-PLC Q_Enthernet: Q_Enthernet ReadDoubleWork Error: Subheader Error
18:49:02.79-[Error]-PLC Q_Enthernet: Q_Enthernet ReadDoubleWork Error: Subheader Error
18:49:02.80-[Error]-PLC Q_Enthernet: Q_Enthernet ReadDoubleWork Error: Subheader Error
18:49:02.81-[Error]-PLC Q_Enthernet: Q_Enthernet ReadDoubleWork Error: Subheader Error
18:49:02.82-[Error]-PLC Q_Enthernet: Q_Enthernet ReadDoubleWork Error: Subheader Error
18:49:02.82-[Error]-PLC Q_Enthernet: Q_Enthernet ReadDoubleWork Error: Subheader Error
18:49:02.84-[Error]-PLC Q_Enthernet: Q_Enthernet ReadDoubleWork Error: Subheader Error
18:49:02.85-[Error]-PLC Q_Enthernet: Q_Enthernet ReadDoubleWork Error: Subheader Error
18:49:02.86-[Error]-PLC Q_Enthernet: Q_Enthernet ReadDoubleWork Error: Subheader Error
18:49:02.87-[Error]-PLC Q_Enthernet: Q_Enthernet ReadDoubleWork Error: Subheader Error
18:49:02.88-[Error]-PLC Q_Enthernet: Q_Enthernet ReadDoubleWork Error: Subheader Error
18:49:02.89-[Error]-PLC Q_Enthernet: Q_Enthernet ReadDoubleWork Error: Subheader Error
18:49:02.90-[Error]-PLC Q_Enthernet: Q_Enthernet ReadDoubleWork Error: Subheader Error
18:49:02.91-[Error]-PLC Q_Enthernet: Q_Enthernet ReadDoubleWork Error: Subheader Error
18:49:02.92-[Error]-PLC Q_Enthernet: Q_Enthernet ReadDoubleWork Error: Subheader Error
18:49:02.92-[Error]-PLC Q_Enthernet: Q_Enthernet ReadDoubleWork Error: Subheader Error
18:49:02.94-[Error]-PLC Q_Enthernet: Q_Enthernet ReadDoubleWork Error: Subheader Error
18:49:02.95-[Error]-PLC Q_Enthernet: Q_Enthernet ReadDoubleWork Error: Subheader Error
18:49:02.96-[Error]-PLC Q_Enthernet: Q_Enthernet ReadDoubleWork Error: Subheader Error
18:49:02.97-[Error]-PLC Q_Enthernet: Q_Enthernet ReadDoubleWork Error: Subheader Error
18:49:02.97-[Error]-PLC Q_Enthernet: Q_Enthernet ReadDoubleWork Error: Subheader Error
18:49:02.99-[Error]-PLC Q_Enthernet: Q_Enthernet ReadDoubleWork Error: Subheader Error
18:49:03.00-[Error]-PLC Q_Enthernet: Q_Enthernet ReadDoubleWork Error: Subheader Error
18:49:03.00-[Error]-PLC Q_Enthernet: Q_Enthernet ReadDoubleWork Error: Subheader Error
18:49:03.01-[Error]-PLC Q_Enthernet: Q_Enthernet ReadDoubleWork Error: Subheader Error
18:49:03.02-[Error]-PLC Q_Enthernet: Q_Enthernet ReadDoubleWork Error: Subheader Error
18:49:03.03-[Error]-PLC Q_Enthernet: Q_Enthernet ReadDoubleWork Error: Subheader Error
18:49:03.04-[Error]-PLC Q_Enthernet: Q_Enthernet ReadDoubleWork Error: Subheader Error
18:49:03.05-[Error]-PLC Q_Enthernet: Q_Enthernet ReadDoubleWork Error: Subheader Error
18:49:03.06-[Error]-PLC Q_Enthernet: Q_Enthernet ReadDoubleWork Error: Subheader Error
18:49:03.07-[Error]-PLC Q_Enthernet: Q_Enthernet ReadDoubleWork Error: Subheader Error
18:49:03.08-[Error]-PLC Q_Enthernet: Q_Enthernet ReadDoubleWork Error: Subheader Error
18:49:03.09-[Error]-PLC Q_Enthernet: Q_Enthernet ReadDoubleWork Error: Subheader Error
18:49:03.10-[Error]-PLC Q_Enthernet: Q_Enthernet ReadDoubleWork Error: Subheader Error
18:49:03.11-[Error]-PLC Q_Enthernet: Q_Enthernet ReadDoubleWork Error: Subheader Error
18:49:03.12-[Error]-PLC Q_Enthernet: Q_Enthernet ReadDoubleWork Error: Subheader Error
18:49:03.13-[Error]-PLC Q_Enthernet: Q_Enthernet ReadDoubleWork Error: Subheader Error
18:49:03.14-[Error]-PLC Q_Enthernet: Q_Enthernet ReadDoubleWork Error: Subheader Error
18:49:03.16-[Error]-PLC Q_Enthernet: Q_Enthernet ReadDoubleWork Error: Subheader Error
18:49:03.17-[Error]-PLC Q_Enthernet: Q_Enthernet ReadDoubleWork Error: Subheader Error
18:49:03.18-[Error]-PLC Q_Enthernet: Q_Enthernet ReadDoubleWork Error: Subheader Error
18:49:03.19-[Error]-PLC Q_Enthernet: Q_Enthernet ReadDoubleWork Error: Subheader Error
18:49:03.20-[Error]-PLC Q_Enthernet: Q_Enthernet ReadDoubleWork Error: Subheader Error
18:49:03.21-[Error]-PLC Q_Enthernet: Q_Enthernet ReadDoubleWork Error: Subheader Error
18:49:03.21-[Error]-PLC Q_Enthernet: Q_Enthernet ReadDoubleWork Error: Subheader Error
18:49:03.22-[Error]-PLC Q_Enthernet: Q_Enthernet ReadDoubleWork Error: Subheader Error
18:49:03.23-[Error]-PLC Q_Enthernet: Q_Enthernet ReadDoubleWork Error: Subheader Error
18:49:03.24-[Error]-PLC Q_Enthernet: Q_Enthernet ReadDoubleWork Error: Subheader Error
18:49:03.25-[Error]-PLC Q_Enthernet: Q_Enthernet ReadDoubleWork Error: Subheader Error
18:49:03.26-[Error]-PLC Q_Enthernet: Q_Enthernet ReadDoubleWork Error: Subheader Error
18:49:03.27-[Error]-PLC Q_Enthernet: Q_Enthernet ReadDoubleWork Error: Subheader Error
18:49:03.28-[Error]-PLC Q_Enthernet: Q_Enthernet ReadDoubleWork Error: Subheader Error
18:49:03.29-[Error]-PLC Q_Enthernet: Q_Enthernet ReadDoubleWork Error: Subheader Error
18:49:03.30-[Error]-PLC Q_Enthernet: Q_Enthernet ReadDoubleWork Error: Subheader Error
18:49:03.31-[Error]-PLC Q_Enthernet: Q_Enthernet ReadDoubleWork Error: Subheader Error
18:49:03.32-[Error]-PLC Q_Enthernet: Q_Enthernet ReadDoubleWork Error: Subheader Error
18:49:03.33-[Error]-PLC Q_Enthernet: Q_Enthernet ReadDoubleWork Error: Subheader Error
18:49:03.34-[Error]-PLC Q_Enthernet: Q_Enthernet ReadDoubleWork Error: Subheader Error
18:49:03.35-[Error]-PLC Q_Enthernet: Q_Enthernet ReadDoubleWork Error: Subheader Error
18:49:03.36-[Error]-PLC Q_Enthernet: Q_Enthernet ReadDoubleWork Error: Subheader Error
18:49:03.37-[Error]-PLC Q_Enthernet: Q_Enthernet ReadDoubleWork Error: Subheader Error
18:49:03.38-[Error]-PLC Q_Enthernet: Q_Enthernet ReadDoubleWork Error: Subheader Error
18:49:03.39-[Error]-PLC Q_Enthernet: Q_Enthernet ReadDoubleWork Error: Subheader Error
18:49:03.40-[Error]-PLC Q_Enthernet: Q_Enthernet ReadDoubleWork Error: Subheader Error
18:49:03.41-[Error]-PLC Q_Enthernet: Q_Enthernet ReadDoubleWork Error: Subheader Error
18:49:03.42-[Error]-PLC Q_Enthernet: Q_Enthernet ReadDoubleWork Error: Subheader Error
18:49:03.42-[Error]-PLC Q_Enthernet: Q_Enthernet ReadDoubleWork Error: Subheader Error
18:49:03.43-[Error]-PLC Q_Enthernet: Q_Enthernet ReadDoubleWork Error: Subheader Error
18:49:03.44-[Error]-PLC Q_Enthernet: Q_Enthernet ReadDoubleWork Error: Subheader Error
18:49:03.45-[Error]-PLC Q_Enthernet: Q_Enthernet ReadDoubleWork Error: Subheader Error
18:49:03.46-[Error]-PLC Q_Enthernet: Q_Enthernet ReadDoubleWork Error: Subheader Error
18:49:03.47-[Error]-PLC Q_Enthernet: Q_Enthernet ReadDoubleWork Error: Subheader Error
18:49:03.48-[Error]-PLC Q_Enthernet: Q_Enthernet ReadDoubleWork Error: Subheader Error
18:49:03.49-[Error]-PLC Q_Enthernet: Q_Enthernet ReadDoubleWork Error: Subheader Error
18:49:03.50-[Error]-PLC Q_Enthernet: Q_Enthernet ReadDoubleWork Error: Subheader Error
18:49:03.51-[Error]-PLC Q_Enthernet: Q_Enthernet ReadDoubleWork Error: Subheader Error
18:49:03.52-[Error]-PLC Q_Enthernet: Q_Enthernet ReadDoubleWork Error: Subheader Error
18:49:03.53-[Error]-PLC Q_Enthernet: Q_Enthernet ReadDoubleWork Error: Subheader Error
18:49:03.54-[Error]-PLC Q_Enthernet: Q_Enthernet ReadDoubleWork Error: Subheader Error
18:49:03.55-[Error]-PLC Q_Enthernet: Q_Enthernet ReadDoubleWork Error: Subheader Error
18:49:03.56-[Error]-PLC Q_Enthernet: Q_Enthernet ReadDoubleWork Error: Subheader Error
18:49:03.57-[Error]-PLC Q_Enthernet: Q_Enthernet ReadDoubleWork Error: Subheader Error
18:49:03.58-[Error]-PLC Q_Enthernet: Q_Enthernet ReadDoubleWork Error: Subheader Error
18:49:03.59-[Error]-PLC Q_Enthernet: Q_Enthernet ReadDoubleWork Error: Subheader Error
18:49:03.59-[Error]-PLC Q_Enthernet: Q_Enthernet ReadDoubleWork Error: Subheader Error
18:49:03.60-[Error]-PLC Q_Enthernet: Q_Enthernet ReadDoubleWork Error: Subheader Error
18:49:03.61-[Error]-PLC Q_Enthernet: Q_Enthernet ReadDoubleWork Error: Subheader Error
18:49:03.62-[Error]-PLC Q_Enthernet: Q_Enthernet ReadDoubleWork Error: Subheader Error
18:49:03.63-[Error]-PLC Q_Enthernet: Q_Enthernet ReadDoubleWork Error: Subheader Error
18:49:03.64-[Error]-PLC Q_Enthernet: Q_Enthernet ReadDoubleWork Error: Subheader Error
18:49:03.64-[Error]-PLC Q_Enthernet: Q_Enthernet ReadDoubleWork Error: Subheader Error
18:49:03.65-[Error]-PLC Q_Enthernet: Q_Enthernet ReadDoubleWork Error: Subheader Error
18:49:03.66-[Error]-PLC Q_Enthernet: Q_Enthernet ReadDoubleWork Error: Subheader Error
18:49:03.67-[Error]-PLC Q_Enthernet: Q_Enthernet ReadDoubleWork Error: Subheader Error
18:49:03.68-[Error]-PLC Q_Enthernet: Q_Enthernet ReadDoubleWork Error: Subheader Error
18:49:03.69-[Error]-PLC Q_Enthernet: Q_Enthernet ReadDoubleWork Error: Subheader Error
18:49:03.70-[Error]-PLC Q_Enthernet: Q_Enthernet ReadDoubleWork Error: Subheader Error
18:49:03.71-[Error]-PLC Q_Enthernet: Q_Enthernet ReadDoubleWork Error: Subheader Error
18:49:03.72-[Error]-PLC Q_Enthernet: Q_Enthernet ReadDoubleWork Error: Subheader Error
18:49:03.73-[Error]-PLC Q_Enthernet: Q_Enthernet ReadDoubleWork Error: Subheader Error
18:49:03.74-[Error]-PLC Q_Enthernet: Q_Enthernet ReadDoubleWork Error: Subheader Error
18:49:03.75-[Error]-PLC Q_Enthernet: Q_Enthernet ReadDoubleWork Error: Subheader Error
18:49:03.76-[Error]-PLC Q_Enthernet: Q_Enthernet ReadDoubleWork Error: Subheader Error
18:49:03.77-[Error]-PLC Q_Enthernet: Q_Enthernet ReadDoubleWork Error: Subheader Error
18:49:03.78-[Error]-PLC Q_Enthernet: Q_Enthernet ReadDoubleWork Error: Subheader Error
18:49:03.79-[Error]-PLC Q_Enthernet: Q_Enthernet ReadDoubleWork Error: Subheader Error
18:49:03.80-[Error]-PLC Q_Enthernet: Q_Enthernet ReadDoubleWork Error: Subheader Error
18:49:03.81-[Error]-PLC Q_Enthernet: Q_Enthernet ReadDoubleWork Error: Subheader Error
18:49:03.82-[Error]-PLC Q_Enthernet: Q_Enthernet ReadDoubleWork Error: Subheader Error
18:49:03.83-[Error]-PLC Q_Enthernet: Q_Enthernet ReadDoubleWork Error: Subheader Error
18:49:03.85-[Error]-PLC Q_Enthernet: Q_Enthernet ReadDoubleWork Error: Subheader Error
18:49:03.85-[Error]-PLC Q_Enthernet: Q_Enthernet ReadDoubleWork Error: Subheader Error
18:49:03.86-[Error]-PLC Q_Enthernet: Q_Enthernet ReadDoubleWork Error: Subheader Error
18:49:03.87-[Error]-PLC Q_Enthernet: Q_Enthernet ReadDoubleWork Error: Subheader Error
18:49:03.88-[Error]-PLC Q_Enthernet: Q_Enthernet ReadDoubleWork Error: Subheader Error
18:49:03.90-[Error]-PLC Q_Enthernet: Q_Enthernet ReadDoubleWork Error: Subheader Error
18:49:03.91-[Error]-PLC Q_Enthernet: Q_Enthernet ReadDoubleWork Error: Subheader Error
18:49:03.92-[Error]-PLC Q_Enthernet: Q_Enthernet ReadDoubleWork Error: Subheader Error
18:49:03.93-[Error]-PLC Q_Enthernet: Q_Enthernet ReadDoubleWork Error: Subheader Error
18:49:03.94-[Error]-PLC Q_Enthernet: Q_Enthernet ReadDoubleWork Error: Subheader Error
18:49:03.95-[Error]-PLC Q_Enthernet: Q_Enthernet ReadDoubleWork Error: Subheader Error
18:49:03.96-[Error]-PLC Q_Enthernet: Q_Enthernet ReadDoubleWork Error: Subheader Error
18:49:03.97-[Error]-PLC Q_Enthernet: Q_Enthernet ReadDoubleWork Error: Subheader Error
18:49:03.98-[Error]-PLC Q_Enthernet: Q_Enthernet ReadDoubleWork Error: Subheader Error
18:49:42.26-[Information]-UiManager: Startup:
18:49:43.58-[Information]-Dba:  ->  Database File SQLite Already Existed!
18:51:09.48-[Information]-UiManager: Startup:
18:51:10.22-[Information]-Dba:  ->  Database File SQLite Already Existed!
18:53:34.62-[Information]-UiManager: Startup:
18:53:35.11-[Information]-Dba:  ->  Database File SQLite Already Existed!
18:53:40.54-[Error]-PLC Q_Enthernet: Q_Enthernet ReadDoubleWork Error: Subheader Error
18:53:45.14-[Error]-PLC Q_Enthernet: Q_Enthernet ReadDoubleWork Error: Subheader Error
18:53:46.37-[Error]-PLC Q_Enthernet: Q_Enthernet ReadDoubleWork Error: Subheader Error
18:55:09.47-[Information]-UiManager: Startup:
18:55:10.17-[Information]-Dba:  ->  Database File SQLite Already Existed!
19:05:54.07-[Information]-UiManager: Startup:
19:05:54.80-[Information]-Dba:  ->  Database File SQLite Already Existed!
19:06:13.79-[Information]-UiManager: Startup:
19:06:14.58-[Information]-Dba:  ->  Database File SQLite Already Existed!
19:07:21.35-[Information]-UiManager: Startup:
19:07:22.43-[Information]-Dba:  ->  Database File SQLite Already Existed!
19:07:29.50-[Information]-UiManager: Startup:
19:07:30.49-[Information]-Dba:  ->  Database File SQLite Already Existed!
19:07:48.42-[Information]-UiManager: Startup:
19:07:48.73-[Information]-Dba:  ->  Database File SQLite Already Existed!
19:07:50.21-[Error]-PLC Q_Enthernet: Q_Enthernet ReadDoubleWork Error: Thread was being aborted.
19:07:54.67-[Information]-UiManager: Startup:
19:07:54.91-[Information]-Dba:  ->  Database File SQLite Already Existed!
19:07:56.32-[Information]-UiManager: Startup:
19:07:56.56-[Information]-Dba:  ->  Database File SQLite Already Existed!
19:07:58.92-[Information]-UiManager: Startup:
19:07:59.14-[Information]-Dba:  ->  Database File SQLite Already Existed!
19:08:25.19-[Information]-UiManager: Startup:
19:08:25.41-[Information]-Dba:  ->  Database File SQLite Already Existed!
19:08:28.07-[Information]-UiManager: Startup:
19:08:28.29-[Information]-Dba:  ->  Database File SQLite Already Existed!
19:08:50.40-[Information]-UiManager: Startup:
19:08:51.15-[Information]-Dba:  ->  Database File SQLite Already Existed!
19:09:16.36-[Information]-UiManager: Startup:
19:09:17.36-[Information]-Dba:  ->  Database File SQLite Already Existed!
19:10:16.35-[Information]-UiManager: Startup:
19:10:17.55-[Information]-Dba:  ->  Database File SQLite Already Existed!
19:10:49.88-[Information]-UiManager: Startup:
19:10:50.69-[Information]-Dba:  ->  Database File SQLite Already Existed!
19:11:29.00-[Information]-UiManager: Startup:
19:11:29.61-[Information]-Dba:  ->  Database File SQLite Already Existed!
19:15:28.90-[Information]-UiManager: Startup:
19:15:29.96-[Information]-Dba:  ->  Database File SQLite Already Existed!
19:15:46.62-[Information]-UiManager: Startup:
19:15:47.28-[Information]-Dba:  ->  Database File SQLite Already Existed!
19:16:16.97-[Information]-UiManager: Startup:
19:16:17.90-[Information]-Dba:  ->  Database File SQLite Already Existed!
19:18:27.36-[Information]-UiManager: Startup:
19:18:28.03-[Information]-Dba:  ->  Database File SQLite Already Existed!
19:19:05.29-[Information]-UiManager: Startup:
19:19:06.47-[Information]-Dba:  ->  Database File SQLite Already Existed!
19:19:26.42-[Information]-UiManager: Startup:
19:19:27.02-[Information]-Dba:  ->  Database File SQLite Already Existed!
19:22:58.84-[Information]-UiManager: Startup:
19:23:00.36-[Information]-Dba:  ->  Database File SQLite Already Existed!
19:23:28.67-[Information]-UiManager: Startup:
19:23:29.31-[Information]-Dba:  ->  Database File SQLite Already Existed!
19:23:35.86-[Information]-UiManager: Startup:
19:23:36.90-[Information]-Dba:  ->  Database File SQLite Already Existed!
19:26:41.37-[Information]-UiManager: Startup:
19:26:42.17-[Information]-Dba:  ->  Database File SQLite Already Existed!
19:27:33.54-[Information]-UiManager: Startup:
19:27:34.53-[Information]-Dba:  ->  Database File SQLite Already Existed!
19:27:56.97-[Information]-UiManager: Startup:
19:27:57.71-[Information]-Dba:  ->  Database File SQLite Already Existed!