
08:11:21.45-[Information]-UiManager: Startup:
08:11:22.26-[Information]-Dba:  ->  Database File SQLite Already Existed!
08:11:26.89-[Information]-UserManager: LogOn: Operator/itm
08:11:31.14-[Information]-UserManager: LogOn: Operator/itm
08:11:34.55-[Information]-UserManager: LogOn: Operator/123
08:11:38.36-[Information]-UserManager: LogOn: Operator/123
08:11:41.89-[Information]-UserManager: LogOn: Operator/1234
08:13:21.58-[Information]-UiManager: Startup:
08:13:22.12-[Information]-Dba:  ->  Database File SQLite Already Existed!
08:13:26.81-[Information]-UserManager: LogOn: Operator/123
08:13:30.45-[Information]-UserManager: LogOn: Operator/1234
08:13:35.55-[Information]-UserManager: LogOn: AutoTeams/123
08:14:05.33-[Information]-UiManager: Startup:
08:14:06.03-[Information]-Dba:  ->  Database File SQLite Already Existed!
08:14:10.86-[Information]-UserManager: LogOn: AutoTeams/123
08:14:11.96-[Information]-UserManager: LogOut
08:14:14.62-[Information]-UserManager: LogOn: Operator/itm
08:14:18.42-[Information]-UserManager: LogOn: AutoTeams/itm
08:14:27.18-[Information]-UserManager: LogOn: AutoTeams/itm
08:14:29.61-[Information]-UserManager: LogOn: AutoTeams/123
08:16:00.81-[Information]-UiManager: Startup:
08:16:01.51-[Information]-Dba:  ->  Database File SQLite Already Existed!
08:16:21.13-[Information]-UiManager: Startup:
08:16:21.82-[Information]-Dba:  ->  Database File SQLite Already Existed!
08:17:10.15-[Information]-UiManager: Startup:
08:17:11.06-[Information]-Dba:  ->  Database File SQLite Already Existed!
08:17:16.94-[Information]-UserManager: LogOn: Operator/Q
08:17:25.65-[Information]-UserManager: LogOn: AutoTeams/123
08:18:49.16-[Information]-UiManager: Startup:
08:18:49.81-[Information]-Dba:  ->  Database File SQLite Already Existed!
08:19:47.38-[Information]-UiManager: Startup:
08:19:47.94-[Information]-Dba:  ->  Database File SQLite Already Existed!
08:20:14.43-[Information]-UiManager: Startup:
08:20:15.12-[Information]-Dba:  ->  Database File SQLite Already Existed!
08:21:19.29-[Information]-UiManager: Startup:
08:21:19.84-[Information]-Dba:  ->  Database File SQLite Already Existed!
08:24:22.25-[Information]-UiManager: Startup:
08:24:22.94-[Information]-Dba:  ->  Database File SQLite Already Existed!
08:24:38.37-[Information]-UserManager: LogOn: Operator/123
08:24:45.35-[Information]-UserManager: LogOn: AutoTeams/123
08:25:41.89-[Information]-UiManager: Startup:
08:25:42.56-[Information]-Dba:  ->  Database File SQLite Already Existed!
08:44:28.58-[Information]-UiManager: Startup:
08:44:29.52-[Information]-Dba:  ->  Database File SQLite Already Existed!
08:49:07.91-[Information]-UiManager: Startup:
08:49:08.53-[Information]-Dba:  ->  Database File SQLite Already Existed!
08:51:19.18-[Information]-UiManager: Startup:
08:51:19.71-[Information]-Dba:  ->  Database File SQLite Already Existed!
08:54:15.20-[Information]-UiManager: Startup:
08:54:15.85-[Information]-Dba:  ->  Database File SQLite Already Existed!
08:55:06.30-[Information]-UiManager: Startup:
08:55:06.97-[Information]-Dba:  ->  Database File SQLite Already Existed!
09:01:00.80-[Information]-UiManager: Startup:
09:01:01.47-[Information]-Dba:  ->  Database File SQLite Already Existed!
09:01:07.71-[Information]-UserManager: LogOn: AutoTeams/123
09:01:19.11-[Information]-UserManager: ChangePassword: Old=123, New=itm  ChangeUserName:AutoTeams
09:01:23.81-[Information]-UserManager: LogOn: AutoTeams/itm
09:01:25.18-[Information]-UserManager: LogOut
09:01:29.68-[Information]-UserManager: LogOn: AutoTeams/itm
09:08:33.93-[Information]-UiManager: Startup:
09:08:34.54-[Information]-Dba:  ->  Database File SQLite Already Existed!
09:08:40.09-[Information]-UserManager: LogOn: AutoTeams/itm
09:09:59.55-[Information]-UiManager: Startup:
09:10:00.26-[Information]-Dba:  ->  Database File SQLite Already Existed!
09:10:04.48-[Information]-UserManager: LogOn: AutoTeams/itm
09:10:47.84-[Information]-UiManager: Startup:
09:10:48.42-[Information]-Dba:  ->  Database File SQLite Already Existed!
09:10:49.61-[Information]-PgMain: addLog:Already Home !
09:11:40.14-[Information]-UiManager: Startup:
09:11:40.63-[Information]-Dba:  ->  Database File SQLite Already Existed!
09:29:46.59-[Information]-UiManager: Startup:
09:29:47.22-[Information]-Dba:  ->  Database File SQLite Already Existed!
10:36:15.11-[Information]-UiManager: Startup:
10:36:15.90-[Information]-Dba:  ->  Database File SQLite Already Existed!
10:36:23.50-[Information]-UserManager: LogOn: Operator/itm
10:37:28.01-[Information]-UiManager: Startup:
10:37:28.68-[Information]-Dba:  ->  Database File SQLite Already Existed!
10:39:23.05-[Information]-UiManager: Startup:
10:39:23.73-[Information]-Dba:  ->  Database File SQLite Already Existed!
10:40:59.99-[Information]-UiManager: Startup:
10:41:00.75-[Information]-Dba:  ->  Database File SQLite Already Existed!
10:41:50.35-[Information]-UiManager: Startup:
10:41:51.18-[Information]-Dba:  ->  Database File SQLite Already Existed!
10:42:05.04-[Information]-UserManager: LogOn: AutoTeams/ITM
10:42:15.60-[Information]-UserManager: LogOn: AutoTeams/itm
10:44:09.83-[Information]-UiManager: Startup:
10:44:10.36-[Information]-Dba:  ->  Database File SQLite Already Existed!
10:45:19.54-[Information]-UiManager: Startup:
10:45:20.15-[Information]-Dba:  ->  Database File SQLite Already Existed!
10:46:46.32-[Information]-UiManager: Startup:
10:46:47.08-[Information]-Dba:  ->  Database File SQLite Already Existed!
10:46:59.60-[Information]-UserManager: LogOn: AutoTeams/itm
10:56:00.10-[Information]-UiManager: Startup:
10:56:00.67-[Information]-Dba:  ->  Database File SQLite Already Existed!
10:56:52.12-[Information]-UiManager: Startup:
10:56:52.59-[Information]-Dba:  ->  Database File SQLite Already Existed!
10:58:15.36-[Information]-UiManager: Startup:
10:58:15.94-[Information]-Dba:  ->  Database File SQLite Already Existed!
11:01:53.72-[Information]-UiManager: Startup:
11:01:54.22-[Information]-Dba:  ->  Database File SQLite Already Existed!
11:02:02.73-[Information]-UserManager: LogOn: Operator/TUA
11:02:10.60-[Information]-UserManager: LogOn: AutoTeams/itm
11:02:11.64-[Information]-UserManager: LogOut
11:05:44.25-[Information]-UiManager: Startup:
11:05:44.83-[Information]-Dba:  ->  Database File SQLite Already Existed!
11:06:21.43-[Information]-UiManager: Startup:
11:06:22.00-[Information]-Dba:  ->  Database File SQLite Already Existed!
11:08:00.82-[Information]-UiManager: Startup:
11:08:01.34-[Information]-Dba:  ->  Database File SQLite Already Existed!
11:10:08.64-[Information]-UiManager: Startup:
11:10:09.21-[Information]-Dba:  ->  Database File SQLite Already Existed!
11:10:39.43-[Information]-UiManager: Startup:
11:10:39.94-[Information]-Dba:  ->  Database File SQLite Already Existed!
11:14:37.15-[Information]-UiManager: Startup:
11:14:37.84-[Information]-Dba:  ->  Database File SQLite Already Existed!
15:55:19.43-[Information]-UiManager: Startup:
15:55:20.71-[Information]-Dba:  ->  Database File SQLite Already Existed!
15:56:15.66-[Information]-UiManager: Startup:
15:56:16.99-[Information]-Dba:  ->  Database File SQLite Already Existed!