
10:25:08.42-[Information]-UiManager: Startup:
10:25:08.96-[Information]-Dba:  ->  Database File SQLite Already Existed!
10:25:14.34-[Information]-UserManager: LogOn: Manager/itm
10:25:20.80-[Error]-PgMechanicalMenu1: BtnSetting_Click: Object reference not set to an instance of an object.
10:44:29.15-[Information]-UiManager: Startup:
10:44:29.97-[Information]-Dba:  ->  Database File SQLite Already Existed!
10:44:34.71-[Information]-UserManager: LogOn: Manager/itm
10:53:39.99-[Information]-UiManager: Startup:
10:53:40.64-[Information]-Dba:  ->  Database File SQLite Already Existed!
10:53:45.36-[Information]-UserManager: LogOn: Manager/itm
10:53:54.54-[Error]-ComSettings: DoSettings: Object reference not set to an instance of an object.
10:56:43.45-[Information]-UiManager: Startup:
10:56:44.25-[Information]-Dba:  ->  Database File SQLite Already Existed!
10:56:48.73-[Information]-UserManager: LogOn: Manager/itm
10:57:28.32-[Information]-UiManager: Startup:
10:57:29.01-[Information]-Dba:  ->  Database File SQLite Already Existed!
10:57:33.77-[Information]-UserManager: LogOn: Manager/itm
10:59:45.81-[Information]-UiManager: Startup:
10:59:46.64-[Information]-Dba:  ->  Database File SQLite Already Existed!
10:59:51.07-[Information]-UserManager: LogOn: Manager/itm
11:02:13.37-[Information]-UiManager: Startup:
11:02:14.06-[Information]-Dba:  ->  Database File SQLite Already Existed!
11:02:18.34-[Information]-UserManager: LogOn: Manager/itm
11:07:16.28-[Information]-UiManager: Startup:
11:07:17.03-[Information]-Dba:  ->  Database File SQLite Already Existed!
11:07:21.30-[Information]-UserManager: LogOn: Manager/itm
11:32:20.41-[Information]-UiManager: Startup:
11:32:21.12-[Information]-Dba:  ->  Database File SQLite Already Existed!
11:32:25.80-[Information]-UserManager: LogOn: Manager/itm
11:33:20.42-[Information]-UiManager: Startup:
11:33:21.13-[Information]-Dba:  ->  Database File SQLite Already Existed!
11:33:26.16-[Information]-UserManager: LogOn: Manager/itm
11:34:58.31-[Error]-ComSettings: DoSettings: Object reference not set to an instance of an object.