
08:38:18.16-[Information]-UiManager: Startup:
08:38:19.41-[Information]-Dba:  ->  Database File SQLite Already Existed!
14:28:16.72-[Information]-UiManager: Startup:
14:28:17.36-[Information]-Dba:  ->  Database File SQLite Already Existed!
14:29:37.47-[Information]-UserManager: LogOn: AutoTeams/ITM
14:29:41.45-[Information]-UserManager: LogOn: AutoTeams/itm
14:30:58.45-[Information]-UiManager: Startup:
14:30:59.13-[Information]-Dba:  ->  Database File SQLite Already Existed!
14:31:06.61-[Information]-UserManager: LogOn: AutoTeams/itm
14:34:52.42-[Information]-UiManager: Startup:
14:34:53.10-[Information]-Dba:  ->  Database File SQLite Already Existed!
14:34:57.50-[Information]-UserManager: LogOn: AutoTeams/itm
14:35:06.51-[Information]-PgMain: addLog:Already Home !
14:35:09.23-[Information]-PgMain: addLog:Already Stopped !
14:35:10.65-[Information]-PgMain: addLog:Already Reset !
14:35:30.01-[Information]-PgMain: addLog:Already Home !
14:35:30.97-[Information]-PgMain: addLog:Already Stopped !
14:35:31.90-[Information]-PgMain: addLog:Already Home !
14:35:32.58-[Information]-PgMain: addLog:Already Reset !
14:35:36.78-[Information]-PgMain: addLog:Already Stopped !
14:38:13.59-[Information]-UserManager: LogOut
14:38:19.81-[Information]-UserManager: LogOn: Manager/itm
15:16:11.72-[Information]-UiManager: Startup:
15:16:12.68-[Information]-Dba:  ->  Database File SQLite Already Existed!
15:16:17.68-[Information]-UserManager: LogOn: AutoTeams/itm
16:07:24.20-[Information]-UiManager: Startup:
16:07:24.86-[Information]-Dba:  ->  Database File SQLite Already Existed!
16:10:19.58-[Information]-UiManager: Startup:
16:10:20.26-[Information]-Dba:  ->  Database File SQLite Already Existed!