
08:13:55.56-[Information]-UiManager: Startup:
08:13:56.66-[Information]-Dba:  ->  Database File SQLite Already Existed!
08:39:02.82-[Information]-UiManager: Startup:
08:39:03.64-[Information]-Dba:  ->  Database File SQLite Already Existed!
08:53:33.21-[Information]-UiManager: Startup:
08:53:33.97-[Information]-Dba:  ->  Database File SQLite Already Existed!
09:00:27.97-[Information]-UiManager: Startup:
09:00:28.56-[Information]-Dba:  ->  Database File SQLite Already Existed!
09:03:21.51-[Information]-UiManager: Startup:
09:03:22.00-[Information]-Dba:  ->  Database File SQLite Already Existed!
15:02:58.43-[Information]-UiManager: Startup:
15:02:59.67-[Information]-Dba:  ->  Database File SQLite Already Existed!
15:04:34.30-[Information]-UiManager: Startup:
15:04:34.83-[Information]-Dba:  ->  Database File SQLite Already Existed!
15:11:19.57-[Information]-UiManager: Startup:
15:11:20.20-[Information]-Dba:  ->  Database File SQLite Already Existed!
15:12:16.13-[Information]-UiManager: Startup:
15:12:16.82-[Information]-Dba:  ->  Database File SQLite Already Existed!
15:13:45.06-[Information]-UiManager: Startup:
15:13:45.57-[Information]-Dba:  ->  Database File SQLite Already Existed!
15:14:50.72-[Information]-UiManager: Startup:
15:14:51.39-[Information]-Dba:  ->  Database File SQLite Already Existed!
15:20:33.29-[Information]-UiManager: Startup:
15:20:33.86-[Information]-Dba:  ->  Database File SQLite Already Existed!
15:22:55.44-[Information]-UiManager: Startup:
15:22:55.96-[Information]-Dba:  ->  Database File SQLite Already Existed!
15:25:10.42-[Information]-UiManager: Startup:
15:25:11.00-[Information]-Dba:  ->  Database File SQLite Already Existed!
15:25:33.94-[Information]-PgMain: addLog:Already Pause !
15:27:57.78-[Information]-UiManager: Startup:
15:27:58.28-[Information]-Dba:  ->  Database File SQLite Already Existed!
15:29:08.42-[Information]-UiManager: Startup:
15:29:09.03-[Information]-Dba:  ->  Database File SQLite Already Existed!
15:29:34.21-[Information]-PgMain: addLog:Already Reset !
15:30:29.36-[Information]-UiManager: Startup:
15:30:30.00-[Information]-Dba:  ->  Database File SQLite Already Existed!
15:31:12.06-[Information]-UserManager: LogOut
15:41:09.53-[Information]-UiManager: Startup:
15:41:10.03-[Information]-Dba:  ->  Database File SQLite Already Existed!
15:48:09.46-[Information]-UiManager: Startup:
15:48:10.21-[Information]-Dba:  ->  Database File SQLite Already Existed!
15:49:36.83-[Information]-UiManager: Startup:
15:49:37.43-[Information]-Dba:  ->  Database File SQLite Already Existed!
15:50:14.66-[Information]-PgMain: addLog:Already Reset !
15:53:53.82-[Information]-UiManager: Startup:
15:53:54.44-[Information]-Dba:  ->  Database File SQLite Already Existed!
17:15:00.18-[Information]-UiManager: Startup:
17:15:00.82-[Information]-Dba:  ->  Database File SQLite Already Existed!