
13:55:29.18-[Information]-UiManager: Startup:
13:55:29.97-[Information]-Dba:  ->  Database File SQLite Already Existed!
13:55:34.35-[Information]-UserManager: LogOn: AutoTeams/ITM
13:55:39.14-[Information]-UserManager: LogOn: AutoTeams/itm
13:56:03.23-[Information]-UiManager: Startup:
13:56:03.88-[Information]-Dba:  ->  Database File SQLite Already Existed!
13:56:07.97-[Information]-UserManager: LogOn: AutoTeams/itm
13:57:15.72-[Information]-UiManager: Startup:
13:57:16.45-[Information]-Dba:  ->  Database File SQLite Already Existed!
13:57:21.13-[Information]-UserManager: LogOn: AutoTeams/itm
13:58:42.36-[Information]-UiManager: Startup:
13:58:43.08-[Information]-Dba:  ->  Database File SQLite Already Existed!
13:58:48.48-[Information]-UserManager: LogOn: AutoTeams/itm
13:59:52.04-[Information]-UiManager: Startup:
13:59:52.61-[Information]-Dba:  ->  Database File SQLite Already Existed!
13:59:56.70-[Information]-UserManager: LogOn: AutoTeams/itm
14:01:07.56-[Information]-UiManager: Startup:
14:01:08.14-[Information]-Dba:  ->  Database File SQLite Already Existed!
14:01:12.98-[Information]-UserManager: LogOn: AutoTeams/itm
15:43:26.92-[Information]-UiManager: Startup:
15:43:27.70-[Information]-Dba:  ->  Database File SQLite Already Existed!
15:43:45.39-[Information]-PgMain: addLog:Already Home !
15:54:04.33-[Information]-UiManager: Startup:
15:54:05.61-[Information]-Dba:  ->  Database File SQLite Already Existed!
15:55:20.91-[Information]-UiManager: Startup:
15:55:22.01-[Information]-Dba:  ->  Database File SQLite Already Existed!
16:03:59.39-[Information]-UiManager: Startup:
16:04:00.13-[Information]-Dba:  ->  Database File SQLite Already Existed!
16:04:51.08-[Information]-UiManager: Startup:
16:04:52.16-[Information]-Dba:  ->  Database File SQLite Already Existed!
16:07:18.86-[Information]-UiManager: Startup:
16:07:20.05-[Information]-Dba:  ->  Database File SQLite Already Existed!
16:08:31.30-[Information]-UiManager: Startup:
16:08:32.75-[Information]-Dba:  ->  Database File SQLite Already Existed!