
08:07:53.75-[Information]-UiManager: Startup:
08:07:54.30-[Information]-Dba:  ->  Database File SQLite Already Existed!
08:07:59.55-[Information]-UserManager: LogOn: Manager/itm
08:24:45.71-[Information]-UiManager: Startup:
08:24:46.54-[Information]-Dba:  ->  Database File SQLite Already Existed!
08:24:50.27-[Information]-UserManager: LogOn: Operator/
08:24:55.41-[Information]-UserManager: LogOn: Manager/itm
08:29:09.85-[Information]-UiManager: Startup:
08:29:10.51-[Information]-Dba:  ->  Database File SQLite Already Existed!
08:29:18.37-[Information]-UserManager: LogOn: Manager/itm
08:32:38.90-[Information]-UiManager: Startup:
08:32:39.46-[Information]-Dba:  ->  Database File SQLite Already Existed!
08:32:45.32-[Information]-UserManager: LogOn: Manager/itm
09:04:25.11-[Information]-UiManager: Startup:
09:04:25.67-[Information]-Dba:  ->  Database File SQLite Already Existed!
09:04:31.17-[Information]-UserManager: LogOn: Manager/itm
09:04:50.05-[Information]-UiManager: Startup:
09:04:50.97-[Information]-Dba:  ->  Database File SQLite Already Existed!
09:05:05.94-[Information]-UserManager: LogOn: Manager/itm
09:05:13.61-[Error]-PgMechanicalMenu1: BtnSetting_Click: Object reference not set to an instance of an object.
09:06:03.72-[Information]-UiManager: Startup:
09:06:04.40-[Information]-Dba:  ->  Database File SQLite Already Existed!
09:06:09.32-[Information]-UserManager: LogOn: Manager/itm
09:07:05.52-[Information]-UiManager: Startup:
09:07:06.19-[Information]-Dba:  ->  Database File SQLite Already Existed!
09:12:15.39-[Information]-UiManager: Startup:
09:12:16.07-[Information]-Dba:  ->  Database File SQLite Already Existed!
09:12:23.63-[Information]-UserManager: LogOn: Manager/itm
09:12:58.07-[Error]-PgMechanicalMenu1: BtnSetting_Click: Object reference not set to an instance of an object.
09:13:58.66-[Information]-UiManager: Startup:
09:13:59.29-[Information]-Dba:  ->  Database File SQLite Already Existed!
09:14:05.83-[Information]-UserManager: LogOn: Manager/itm
09:14:25.99-[Information]-UiManager: Startup:
09:14:26.84-[Information]-Dba:  ->  Database File SQLite Already Existed!
09:14:31.53-[Information]-UserManager: LogOn: Manager/itm
09:15:15.73-[Information]-UiManager: Startup:
09:15:16.48-[Information]-Dba:  ->  Database File SQLite Already Existed!
09:15:21.32-[Information]-UserManager: LogOn: Manager/itm
09:18:57.27-[Information]-UiManager: Startup:
09:18:57.88-[Information]-Dba:  ->  Database File SQLite Already Existed!
09:19:02.72-[Information]-UserManager: LogOn: Manager/itm
09:23:00.18-[Information]-UiManager: Startup:
09:23:00.85-[Information]-Dba:  ->  Database File SQLite Already Existed!
09:23:12.58-[Information]-UserManager: LogOn: Manager/itm
16:36:45.71-[Information]-UiManager: Startup:
16:36:46.35-[Information]-Dba:  ->  Database File SQLite Already Existed!
16:36:51.29-[Information]-UserManager: LogOn: Manager/itm
16:37:02.88-[Error]-PgMechanicalMenu1: BtnSetting_Click: Object reference not set to an instance of an object.
16:37:40.37-[Information]-UiManager: Startup:
16:37:41.74-[Information]-Dba:  ->  Database File SQLite Already Existed!
16:37:46.25-[Information]-UserManager: LogOn: Manager/itm
16:38:17.62-[Error]-PgMechanicalMenu1: BtnSetting_Click: Object reference not set to an instance of an object.
16:39:14.72-[Information]-UiManager: Startup:
16:39:15.60-[Information]-Dba:  ->  Database File SQLite Already Existed!
16:39:20.91-[Information]-UserManager: LogOn: Manager/itm
16:39:44.66-[Information]-UiManager: Startup:
16:39:45.34-[Information]-Dba:  ->  Database File SQLite Already Existed!
16:39:50.52-[Information]-UserManager: LogOn: Manager/itm
16:40:27.51-[Error]-PgMechanicalMenu1: BtnSetting_Click: Object reference not set to an instance of an object.
16:41:13.90-[Information]-UiManager: Startup:
16:41:14.64-[Information]-Dba:  ->  Database File SQLite Already Existed!
16:41:20.10-[Information]-UserManager: LogOn: Manager/itm
16:41:24.77-[Error]-PgMechanicalMenu1: BtnSetting_Click: Object reference not set to an instance of an object.
16:42:15.52-[Information]-UiManager: Startup:
16:42:16.44-[Information]-Dba:  ->  Database File SQLite Already Existed!
16:42:21.15-[Information]-UserManager: LogOn: Manager/itm
16:42:26.29-[Error]-PgMechanicalMenu1: BtnSetting_Click: Object reference not set to an instance of an object.
16:42:42.75-[Information]-UiManager: Startup:
16:42:43.08-[Information]-Dba:  ->  Database File SQLite Already Existed!
16:42:50.02-[Information]-UserManager: LogOn: Manager/itm
16:42:52.72-[Error]-PgMechanicalMenu1: BtnSetting_Click: Object reference not set to an instance of an object.
16:43:03.82-[Error]-ComSettings: BtOk_Click error:Object reference not set to an instance of an object.
16:43:05.03-[Error]-ComSettings: BtOk_Click error:Object reference not set to an instance of an object.
16:43:06.73-[Error]-PgMechanicalMenu1: BtnSetting_Click: Object reference not set to an instance of an object.
16:45:32.68-[Error]-PgMechanicalMenu1: BtnSetting_Click: Object reference not set to an instance of an object.
16:45:55.74-[Error]-PgMechanicalMenu1: BtnSetting_Click: Object reference not set to an instance of an object.
16:46:43.40-[Information]-UiManager: Startup:
16:46:44.32-[Information]-Dba:  ->  Database File SQLite Already Existed!
16:46:49.42-[Information]-UserManager: LogOn: Manager/itm
16:46:54.06-[Error]-PgMechanicalMenu1: BtnSetting_Click: Object reference not set to an instance of an object.
16:50:37.48-[Information]-UiManager: Startup:
16:50:38.43-[Information]-Dba:  ->  Database File SQLite Already Existed!
16:50:43.07-[Information]-UserManager: LogOn: Manager/itm
16:50:47.95-[Error]-PgMechanicalMenu1: BtnSetting_Click: Object reference not set to an instance of an object.