
08:18:43.22-[Information]-UiManager: Startup:
08:18:44.27-[Information]-Dba:  ->  Database File SQLite Already Existed!
08:18:46.60-[Information]-PgMain: addLog:Already Running!
08:18:47.19-[Information]-PgMain: addLog:Already Pause !
08:18:47.77-[Information]-PgMain: addLog:Already Reset !
08:19:26.68-[Information]-UiManager: Startup:
08:19:27.83-[Information]-Dba:  ->  Database File SQLite Already Existed!
08:19:29.19-[Information]-PgMain: addLog:Already Pause !
08:19:29.99-[Information]-PgMain: addLog:Already Reset !
08:19:30.94-[Information]-PgMain: addLog:Already Running!
08:19:41.65-[Information]-PgMain: addLog:Already Stopped !
08:19:42.41-[Information]-PgMain: addLog:Already Running!
08:19:54.00-[Information]-PgMain: addLog:Already Stopped !
08:20:02.15-[Information]-PgMain: addLog:Already Pause !
08:20:02.56-[Information]-PgMain: addLog:Already Running!
08:20:03.92-[Information]-PgMain: addLog:Already Reset !
08:20:05.39-[Information]-PgMain: addLog:Already Stopped !
08:20:05.88-[Information]-PgMain: addLog:Already Running!
08:20:07.14-[Information]-PgMain: addLog:Already Pause !
08:20:22.22-[Information]-PgMain: addLog:Already Stopped !
08:23:43.84-[Information]-UiManager: Startup:
08:23:44.86-[Information]-Dba:  ->  Database File SQLite Already Existed!
08:23:46.17-[Information]-PgMain: addLog:Already Pause !
08:25:11.94-[Information]-UiManager: Startup:
08:25:12.93-[Information]-Dba:  ->  Database File SQLite Already Existed!
08:25:14.37-[Information]-PgMain: addLog:Already Running!
08:25:16.20-[Information]-PgMain: addLog:Already Pause !
08:25:21.61-[Information]-PgMain: addLog:Already Reset !
08:25:34.75-[Information]-PgMain: addLog:Already Stopped !
08:26:21.66-[Information]-UiManager: Startup:
08:26:22.59-[Information]-Dba:  ->  Database File SQLite Already Existed!
08:26:24.08-[Information]-PgMain: addLog:Already Running!
08:26:24.93-[Information]-PgMain: addLog:Already Pause !
08:26:46.82-[Information]-UiManager: Startup:
08:26:47.86-[Information]-Dba:  ->  Database File SQLite Already Existed!
08:26:56.86-[Information]-PgMain: addLog:Already Running!
08:26:57.98-[Information]-PgMain: addLog:Already Pause !
08:26:59.90-[Information]-PgMain: addLog:Already Stopped !
08:40:08.32-[Information]-UiManager: Startup:
08:40:09.22-[Information]-Dba:  ->  Database File SQLite Already Existed!
08:41:04.90-[Information]-PgMain: addLog:Already Running!
08:41:06.75-[Information]-PgMain: addLog:Already Pause !
08:41:08.20-[Information]-PgMain: addLog:Already Reset !
08:41:17.99-[Information]-PgMain: addLog:Already Stopped !
08:41:19.79-[Information]-PgMain: addLog:Already Running!
08:41:20.65-[Information]-PgMain: addLog:Already Pause !
08:41:21.43-[Information]-PgMain: addLog:Already Reset !
08:41:24.14-[Information]-PgMain: addLog:Already Stopped !
08:41:25.18-[Information]-PgMain: addLog:Already Running!
08:41:25.98-[Information]-PgMain: addLog:Already Pause !
08:41:26.74-[Information]-PgMain: addLog:Already Reset !
08:41:28.79-[Information]-PgMain: addLog:Already Stopped !
08:41:29.83-[Information]-PgMain: addLog:Already Running!
08:41:30.70-[Information]-PgMain: addLog:Already Pause !
08:41:31.95-[Information]-PgMain: addLog:Already Reset !
08:41:41.04-[Information]-PgMain: addLog:Already Stopped !
08:41:48.42-[Information]-UserManager: LogOn: AutoTeams/itm
08:43:32.29-[Information]-UiManager: Startup:
08:43:33.35-[Information]-Dba:  ->  Database File SQLite Already Existed!
08:44:15.93-[Information]-UiManager: Startup:
08:44:16.85-[Information]-Dba:  ->  Database File SQLite Already Existed!
08:45:10.42-[Information]-UiManager: Startup:
08:45:11.43-[Information]-Dba:  ->  Database File SQLite Already Existed!
08:46:13.61-[Information]-UiManager: Startup:
08:46:14.65-[Information]-Dba:  ->  Database File SQLite Already Existed!
08:47:13.84-[Information]-UiManager: Startup:
08:47:14.82-[Information]-Dba:  ->  Database File SQLite Already Existed!
08:48:03.63-[Information]-UserManager: LogOn: AutoTeams/itm
08:48:38.68-[Error]-ScannerCommTcp: Start connect to 192.168.0.100:1000
08:48:38.79-[Information]-ScannerCommTcp:  -> connect failed!
08:48:44.86-[Error]-ScannerCommTcp: Stop error:Cannot access a disposed object.
Object name: 'System.Net.Sockets.Socket'.
08:56:52.50-[Information]-UiManager: Startup:
08:56:53.20-[Information]-Dba:  ->  Database File SQLite Already Existed!
09:00:08.97-[Information]-UiManager: Startup:
09:00:09.65-[Information]-Dba:  ->  Database File SQLite Already Existed!
09:04:50.68-[Information]-UiManager: Startup:
09:04:51.55-[Information]-Dba:  ->  Database File SQLite Already Existed!