
13:21:49.22-[Information]-UiManager: Startup:
13:21:55.53-[Information]-UserManager: LogOn: SuperUser/itm
13:26:49.51-[Information]-UiManager: Startup:
13:38:59.08-[Information]-UiManager: Startup:
13:42:46.61-[Information]-UiManager: Startup:
13:42:56.58-[Information]-UiManager: Startup:
13:43:04.40-[Information]-UserManager: LogOn: /itm
13:43:18.09-[Information]-UiManager: Startup:
13:43:23.63-[Information]-UserManager: LogOn: /itm
13:57:25.97-[Information]-UiManager: Startup:
13:57:35.12-[Information]-UserManager: LogOn: /ITM
13:57:35.12-[Information]-UserManager: LogOn: /ITM
13:57:38.39-[Information]-UserManager: LogOn: /ITM
13:57:38.39-[Information]-UserManager: LogOn: /ITM
13:57:43.04-[Information]-UserManager: LogOn: /1
13:57:43.04-[Information]-UserManager: LogOn: /1
13:57:50.69-[Information]-UserManager: LogOn: /ITM
13:57:50.70-[Information]-UserManager: LogOn: /ITM
13:58:38.38-[Information]-UiManager: Startup:
13:58:46.58-[Information]-UserManager: LogOn: /itm
13:58:46.58-[Information]-UserManager: LogOn: /itm
13:59:58.50-[Information]-UiManager: Startup:
14:00:19.64-[Information]-UserManager: LogOn: /iitm
14:00:19.64-[Information]-UserManager: LogOn: /iitm
14:00:24.89-[Information]-UserManager: LogOn: /itm
14:00:24.89-[Information]-UserManager: LogOn: /itm
14:03:04.77-[Information]-UiManager: Startup:
14:05:41.37-[Information]-UiManager: Startup:
14:05:48.22-[Information]-UserManager: LogOn: /itm
14:05:48.22-[Information]-UserManager: LogOn: /itm
14:05:54.59-[Information]-UserManager: LogOn: /itm
14:05:54.59-[Information]-UserManager: LogOn: /itm
14:05:59.21-[Information]-UserManager: LogOn: /itm
14:05:59.21-[Information]-UserManager: LogOn: /itm
14:10:04.97-[Information]-UiManager: Startup:
14:10:13.40-[Information]-UserManager: LogOn: /ITM
14:11:18.46-[Information]-UiManager: Startup:
14:11:31.60-[Information]-UserManager: LogOn: /itm
14:11:52.25-[Information]-UiManager: Startup:
14:12:00.07-[Information]-UiManager: Startup:
14:12:35.81-[Information]-UiManager: Startup:
14:20:51.39-[Information]-UiManager: Startup:
14:20:56.10-[Information]-UserManager: LogOn: /
14:21:45.70-[Information]-UiManager: Startup:
14:21:49.01-[Information]-UserManager: LogOn: /
14:21:49.01-[Information]-UserManager: LogOn: /
14:21:53.67-[Information]-UserManager: LogOn: Manager/itm
14:21:53.67-[Information]-UserManager: LogOn: Manager/itm
14:21:57.61-[Information]-UserManager: LogOn: Manager/itm
14:21:57.61-[Information]-UserManager: LogOn: Manager/itm
14:22:49.23-[Information]-UiManager: Startup:
14:22:59.40-[Information]-UserManager: LogOn: Manager/
14:22:59.41-[Information]-UserManager: LogOn: Manager/
14:23:14.91-[Information]-UiManager: Startup:
14:23:23.45-[Information]-UserManager: LogOn: Manager/itm
14:23:23.45-[Information]-UserManager: LogOn: Manager/itm
14:23:53.43-[Information]-UiManager: Startup:
14:24:00.49-[Information]-UserManager: LogOn: Manager/itm
14:24:00.49-[Information]-UserManager: LogOn: Manager/itm
14:26:00.91-[Information]-UiManager: Startup:
14:26:08.41-[Information]-UserManager: LogOn: Manager/itm
14:26:08.41-[Information]-UserManager: LogOn: Manager/itm
14:33:04.49-[Information]-UiManager: Startup:
14:33:42.34-[Information]-UserManager: LogOn: Manager/itm
14:33:42.34-[Information]-UserManager: LogOn: Manager/itm
14:34:51.42-[Information]-UiManager: Startup:
14:35:01.03-[Information]-UserManager: LogOn: Manager/itm
14:35:01.03-[Information]-UserManager: LogOn: Manager/itm
14:35:13.23-[Information]-UserManager: LogOn: Manager/itm
14:35:13.23-[Information]-UserManager: LogOn: Manager/itm
14:35:59.22-[Information]-UiManager: Startup:
14:36:54.38-[Information]-UiManager: Startup:
14:37:14.07-[Information]-UserManager: LogOn: Manager/itm
14:37:14.07-[Information]-UserManager: LogOn: Manager/itm
14:37:26.98-[Information]-UserManager: LogOut
14:37:39.24-[Information]-UserManager: LogOn: AutoTeams/itm
14:37:39.24-[Information]-UserManager: LogOn: AutoTeams/itm
14:37:54.59-[Information]-UiManager: Startup:
14:38:17.38-[Information]-UiManager: Startup:
14:38:24.46-[Information]-UserManager: LogOn: Manager/itm
14:38:24.47-[Information]-UserManager: LogOn: Manager/itm
14:38:34.62-[Information]-UserManager: LogOn: AutoTeams/itm
14:38:34.63-[Information]-UserManager: LogOn: AutoTeams/itm
14:38:36.11-[Information]-UserManager: LogOut
14:39:29.71-[Information]-UiManager: Startup:
14:39:36.71-[Information]-UserManager: LogOn: Manager/itm
14:39:36.71-[Information]-UserManager: LogOn: Manager/itm
14:39:47.44-[Information]-UserManager: LogOn: AutoTeams/itm
14:39:47.44-[Information]-UserManager: LogOn: AutoTeams/itm
14:40:04.59-[Information]-UserManager: LogOut
14:40:31.21-[Information]-UiManager: Startup:
14:40:58.24-[Information]-UiManager: Startup:
14:41:03.89-[Information]-UserManager: LogOn: /
14:41:03.89-[Information]-UserManager: LogOn: /
14:41:08.07-[Information]-UserManager: LogOn: Manager/itm
14:41:08.07-[Information]-UserManager: LogOn: Manager/itm
14:49:47.57-[Information]-UiManager: Startup:
14:49:54.14-[Information]-UserManager: LogOn: Manager/ITM
14:49:54.14-[Information]-UserManager: LogOn: Manager/ITM
14:49:57.26-[Information]-UserManager: LogOn: Manager/ITM
14:49:57.26-[Information]-UserManager: LogOn: Manager/ITM
14:50:01.46-[Information]-UserManager: LogOn: Manager/ITM
14:50:01.46-[Information]-UserManager: LogOn: Manager/ITM
14:50:03.49-[Information]-UserManager: LogOn: Manager/ITM
14:50:03.49-[Information]-UserManager: LogOn: Manager/ITM
14:50:10.78-[Information]-UserManager: LogOn: AutoTeams/ITM
14:50:10.78-[Information]-UserManager: LogOn: AutoTeams/ITM
14:50:41.41-[Information]-UiManager: Startup:
14:50:47.45-[Information]-UserManager: LogOn: Manager/ITM
14:50:47.45-[Information]-UserManager: LogOn: Manager/ITM
14:51:32.50-[Information]-UiManager: Startup:
14:51:37.82-[Information]-UserManager: LogOn: Manager/1
14:51:37.82-[Information]-UserManager: LogOn: Manager/1
14:51:41.69-[Information]-UserManager: LogOn: Manager/ITM
14:51:41.69-[Information]-UserManager: LogOn: Manager/ITM
14:52:33.32-[Information]-UiManager: Startup:
14:52:39.22-[Information]-UserManager: LogOn: Manager/ITM
14:52:39.22-[Information]-UserManager: LogOn: Manager/ITM
14:52:59.72-[Information]-UiManager: Startup:
14:53:05.34-[Information]-UserManager: LogOn: Manager/ITM
14:53:05.34-[Information]-UserManager: LogOn: Manager/ITM
14:53:21.26-[Information]-UiManager: Startup:
14:53:27.63-[Information]-UserManager: LogOn: Manager/ITM
14:53:27.63-[Information]-UserManager: LogOn: Manager/ITM
14:53:44.37-[Information]-UiManager: Startup:
14:53:50.87-[Information]-UserManager: LogOn: Manager/itm
14:53:50.87-[Information]-UserManager: LogOn: Manager/itm
14:54:35.68-[Information]-UiManager: Startup:
14:54:38.65-[Information]-UserManager: LogOn: /
14:54:38.65-[Information]-UserManager: LogOn: /
14:54:40.09-[Information]-UserManager: LogOn: /
14:54:40.09-[Information]-UserManager: LogOn: /
14:55:09.82-[Information]-UiManager: Startup:
14:55:17.23-[Information]-UserManager: LogOn: Manager/itm
14:55:17.23-[Information]-UserManager: LogOn: Manager/itm
14:55:20.19-[Information]-UserManager: LogOn: /
14:55:20.19-[Information]-UserManager: LogOn: /
14:55:22.44-[Information]-UserManager: LogOn: /
14:55:22.44-[Information]-UserManager: LogOn: /
14:55:23.65-[Information]-UserManager: LogOut
14:55:27.57-[Information]-UserManager: LogOn: /
14:55:27.57-[Information]-UserManager: LogOn: /
14:55:30.59-[Information]-UserManager: LogOn: AutoTeams/
14:55:30.59-[Information]-UserManager: LogOn: AutoTeams/
14:55:33.72-[Information]-UserManager: LogOn: AutoTeams/itm
14:55:33.72-[Information]-UserManager: LogOn: AutoTeams/itm
14:55:35.93-[Information]-UserManager: LogOn: /
14:55:35.94-[Information]-UserManager: LogOn: /
14:55:37.54-[Information]-UserManager: LogOut
14:56:48.22-[Information]-UiManager: Startup:
15:03:50.62-[Information]-UiManager: Startup:
15:04:00.40-[Information]-UserManager: ChangePassword: Old=ITM, New=1
15:04:14.54-[Information]-UserManager: ChangePassword: Old=itm, New=1
15:04:21.06-[Information]-UserManager: LogOn: Manager/itm
15:04:21.06-[Information]-UserManager: LogOn: Manager/itm
15:04:23.51-[Information]-UserManager: LogOn: Manager/1
15:04:23.51-[Information]-UserManager: LogOn: Manager/1
15:06:12.81-[Information]-UiManager: Startup:
15:06:17.93-[Information]-UserManager: LogOn: Manager/1
15:06:17.93-[Information]-UserManager: LogOn: Manager/1
15:06:34.00-[Information]-UserManager: ChangePassword: Old=1, New=itm1ChangeUserName:
15:07:43.41-[Information]-UiManager: Startup:
15:07:54.15-[Error]-UserManager: ChangePassword error:Index (zero based) must be greater than or equal to zero and less than the size of the argument list.
15:08:03.60-[Error]-UserManager: ChangePassword error:Index (zero based) must be greater than or equal to zero and less than the size of the argument list.
15:08:07.08-[Information]-UserManager: LogOn: Manager/1
15:08:07.08-[Information]-UserManager: LogOn: Manager/1
15:08:10.44-[Information]-UserManager: LogOn: Manager/itm1
15:08:10.44-[Information]-UserManager: LogOn: Manager/itm1
15:08:16.37-[Information]-UserManager: LogOn: Manager/itm1
15:08:16.37-[Information]-UserManager: LogOn: Manager/itm1
15:08:18.63-[Information]-UserManager: LogOut
15:08:22.21-[Information]-UserManager: LogOn: Manager/itm1
15:08:22.21-[Information]-UserManager: LogOn: Manager/itm1
15:08:23.04-[Information]-UserManager: LogOut
15:08:35.02-[Error]-UserManager: ChangePassword error:Index (zero based) must be greater than or equal to zero and less than the size of the argument list.
15:09:04.19-[Information]-UiManager: Startup:
15:09:12.74-[Information]-UserManager: ChangePassword: Old=itm1, New=1  ChangeUserName: 
15:09:48.66-[Information]-UiManager: Startup:
15:09:57.10-[Information]-UserManager: LogOn: Manager/1
15:09:57.10-[Information]-UserManager: LogOn: Manager/1
15:10:07.79-[Error]-UserManager: ChangePassword error:Index (zero based) must be greater than or equal to zero and less than the size of the argument list.
15:10:34.69-[Information]-UiManager: Startup:
15:10:44.68-[Information]-UserManager: ChangePassword: Old=1, New=itm1  ChangeUserName:Manager
15:12:48.23-[Information]-UiManager: Startup:
15:12:58.92-[Information]-UserManager: LogOn: Manager/1
15:12:58.93-[Information]-UserManager: LogOn: Manager/1
15:13:03.25-[Information]-UserManager: LogOn: Manager/itm1
15:13:03.26-[Information]-UserManager: LogOn: Manager/itm1
15:13:10.00-[Information]-UserManager: LogOut
15:14:20.77-[Information]-UiManager: Startup:
15:14:40.97-[Information]-UiManager: Startup:
15:15:08.93-[Information]-UiManager: Startup:
15:15:16.19-[Information]-UserManager: LogOn: Manager/1
15:15:16.19-[Information]-UserManager: LogOn: Manager/1
15:15:19.93-[Information]-UserManager: LogOn: Manager/ITM
15:15:19.93-[Information]-UserManager: LogOn: Manager/ITM
15:15:21.92-[Information]-UserManager: LogOn: Manager/ITM
15:15:21.92-[Information]-UserManager: LogOn: Manager/ITM
15:15:24.30-[Information]-UserManager: LogOn: Manager/ITM1
15:15:24.30-[Information]-UserManager: LogOn: Manager/ITM1
15:15:30.68-[Information]-UserManager: LogOn: Manager/itm1
15:15:30.69-[Information]-UserManager: LogOn: Manager/itm1
15:15:32.32-[Information]-UserManager: LogOut
15:18:38.02-[Information]-UiManager: Startup:
15:18:44.76-[Information]-UserManager: LogOn: Manager/itm1
15:18:44.77-[Information]-UserManager: LogOn: Manager/itm1
15:18:46.69-[Information]-UserManager: LogOut
15:19:06.67-[Information]-UserManager: LogOn: Manager/itm
15:19:06.67-[Information]-UserManager: LogOn: Manager/itm
15:23:18.83-[Information]-UiManager: Startup:
15:23:24.76-[Information]-UserManager: LogOn: Manager/itm1
15:23:24.76-[Information]-UserManager: LogOn: Manager/itm1
15:23:54.40-[Information]-UiManager: Startup:
15:24:23.84-[Information]-UserManager: ChangePassword: Old=itm1, New=2024  ChangeUserName:Manager
15:26:10.40-[Information]-UiManager: Startup:
15:26:26.53-[Information]-UserManager: ChangePassword: Old=2024, New=itm  ChangeUserName:Manager
15:27:48.51-[Information]-UserManager: LogOn: Manager/itm
15:27:48.51-[Information]-UserManager: LogOn: Manager/itm
15:30:35.68-[Information]-UiManager: Startup:
15:31:51.14-[Information]-UiManager: Startup:
15:32:12.12-[Information]-UserManager: LogOn: Manager/2024
15:32:12.12-[Information]-UserManager: LogOn: Manager/2024
15:32:16.54-[Information]-UserManager: LogOn: Manager/itm
15:32:16.54-[Information]-UserManager: LogOn: Manager/itm
15:32:23.87-[Information]-UserManager: LogOn: AutoTeams/itm
15:32:23.87-[Information]-UserManager: LogOn: AutoTeams/itm
15:34:02.86-[Information]-UserManager: LogOn: Manager/itm
15:34:02.87-[Information]-UserManager: LogOn: Manager/itm
15:36:00.40-[Information]-UiManager: Startup:
15:36:14.46-[Information]-UserManager: LogOn: Manager/itm
15:36:14.47-[Information]-UserManager: LogOn: Manager/itm
15:39:22.43-[Information]-UiManager: Startup:
15:44:11.60-[Information]-UiManager: Startup:
15:46:13.99-[Information]-UiManager: Startup:
15:47:07.94-[Information]-UiManager: Startup:
15:47:34.77-[Information]-UserManager: LogOn: AutoTeams/itm
15:47:34.77-[Information]-UserManager: LogOn: AutoTeams/itm
15:49:37.11-[Information]-UiManager: Startup:
15:51:53.56-[Information]-UiManager: Startup:
15:52:03.58-[Information]-UserManager: LogOn: Manager/itm
15:52:03.59-[Information]-UserManager: LogOn: Manager/itm
15:53:57.59-[Information]-UiManager: Startup:
16:44:35.89-[Information]-UiManager: Startup:
16:44:42.43-[Information]-UserManager: LogOn: Manager/itm
16:44:42.44-[Information]-UserManager: LogOn: Manager/itm
16:49:55.33-[Information]-UiManager: Startup:
16:50:01.56-[Information]-UserManager: LogOn: Manager/itm
16:50:01.56-[Information]-UserManager: LogOn: Manager/itm
16:50:09.95-[Information]-UserManager: LogOn: AutoTeams/itm
16:50:09.96-[Information]-UserManager: LogOn: AutoTeams/itm