
11:31:18.20-[Information]-UiManager: Startup:
11:31:18.96-[Information]-AlarmSQLDba:  ->  Database File SQLite Already Existed!
11:31:18.96-[Information]-Dba:  ->  Database File SQLite Already Existed!
11:31:25.64-[Information]-PgMain: addLog:Already Stopped !
11:31:25.81-[Information]-PgMain: addLog:Already Running!
11:31:26.11-[Information]-PgMain: addLog:Already Pause !
11:31:26.49-[Information]-PgMain: addLog:Already Reset !
11:35:32.56-[Information]-PgMain: addLog:Already Running!
11:35:33.44-[Information]-PgMain: addLog:Already Stopped !
11:35:33.76-[Information]-PgMain: addLog:Already Running!
11:35:37.17-[Information]-PgMain: addLog:Already Stopped !
11:35:45.77-[Information]-PgMain: addLog:Already Running!
11:35:46.55-[Information]-PgMain: addLog:Already Stopped !
11:35:48.25-[Information]-PgMain: addLog:Already Reset !
15:51:50.45-[Information]-UiManager: Startup:
15:51:51.23-[Information]-AlarmSQLDba:  ->  Database File SQLite Already Existed!
15:51:51.23-[Information]-Dba:  ->  Database File SQLite Already Existed!
15:51:53.62-[Information]-PgMain: addLog:Already Pause !
15:51:55.67-[Information]-PgMain: addLog:Already Running!
15:51:56.60-[Information]-PgMain: addLog:Already Reset !