
08:20:49.89-[Information]-UiManager: Startup:
08:20:51.33-[Information]-Dba:  ->  Database File SQLite Already Existed!
08:20:55.68-[Error]-PLC Q_Enthernet: Q_Enthernet ReadDoubleWork Error: Subheader Error
08:20:57.08-[Error]-PLC Q_Enthernet: Q_Enthernet ReadDoubleWork Error: Subheader Error
08:20:57.08-[Error]-PLC Q_Enthernet: Q_Enthernet ReadDoubleWork Error: Subheader Error
08:20:57.09-[Error]-PLC Q_Enthernet: Q_Enthernet ReadDoubleWork Error: Subheader Error
08:20:57.10-[Error]-PLC Q_Enthernet: Q_Enthernet ReadDoubleWork Error: Subheader Error
08:20:57.11-[Error]-PLC Q_Enthernet: Q_Enthernet ReadDoubleWork Error: Subheader Error
08:20:57.12-[Error]-PLC Q_Enthernet: Q_Enthernet ReadDoubleWork Error: Subheader Error
08:20:57.12-[Error]-PLC Q_Enthernet: Q_Enthernet ReadDoubleWork Error: Subheader Error
08:20:57.13-[Error]-PLC Q_Enthernet: Q_Enthernet ReadDoubleWork Error: Subheader Error
08:20:57.14-[Error]-PLC Q_Enthernet: Q_Enthernet ReadDoubleWork Error: Subheader Error
08:20:57.15-[Error]-PLC Q_Enthernet: Q_Enthernet ReadDoubleWork Error: Subheader Error
08:20:57.15-[Error]-PLC Q_Enthernet: Q_Enthernet ReadDoubleWork Error: Subheader Error
08:20:57.16-[Error]-PLC Q_Enthernet: Q_Enthernet ReadDoubleWork Error: Subheader Error
08:20:57.17-[Error]-PLC Q_Enthernet: Q_Enthernet ReadDoubleWork Error: Subheader Error
08:20:57.18-[Error]-PLC Q_Enthernet: Q_Enthernet ReadDoubleWork Error: Subheader Error
08:20:57.18-[Error]-PLC Q_Enthernet: Q_Enthernet ReadDoubleWork Error: Subheader Error
08:20:57.19-[Error]-PLC Q_Enthernet: Q_Enthernet ReadDoubleWork Error: Subheader Error
08:20:57.20-[Error]-PLC Q_Enthernet: Q_Enthernet ReadDoubleWork Error: Subheader Error
08:20:57.21-[Error]-PLC Q_Enthernet: Q_Enthernet ReadDoubleWork Error: Subheader Error
08:20:57.21-[Error]-PLC Q_Enthernet: Q_Enthernet ReadDoubleWork Error: Subheader Error
08:20:57.22-[Error]-PLC Q_Enthernet: Q_Enthernet ReadDoubleWork Error: Subheader Error
08:20:57.23-[Error]-PLC Q_Enthernet: Q_Enthernet ReadDoubleWork Error: Subheader Error
08:20:57.24-[Error]-PLC Q_Enthernet: Q_Enthernet ReadDoubleWork Error: Subheader Error
08:20:57.25-[Error]-PLC Q_Enthernet: Q_Enthernet ReadDoubleWork Error: Subheader Error
08:20:57.25-[Error]-PLC Q_Enthernet: Q_Enthernet ReadDoubleWork Error: Subheader Error
08:20:57.26-[Error]-PLC Q_Enthernet: Q_Enthernet ReadDoubleWork Error: Subheader Error
08:20:57.27-[Error]-PLC Q_Enthernet: Q_Enthernet ReadDoubleWork Error: Subheader Error
08:20:57.27-[Error]-PLC Q_Enthernet: Q_Enthernet ReadDoubleWork Error: Subheader Error
08:20:57.28-[Error]-PLC Q_Enthernet: Q_Enthernet Readbit Error: Subheader Error
08:20:57.29-[Error]-PLC Q_Enthernet: Q_Enthernet ReadDoubleWork Error: Subheader Error
08:20:57.30-[Error]-PLC Q_Enthernet: Q_Enthernet ReadDoubleWork Error: Subheader Error
08:20:57.31-[Error]-PLC Q_Enthernet: Q_Enthernet ReadDoubleWork Error: Subheader Error
08:20:57.31-[Error]-PLC Q_Enthernet: Q_Enthernet ReadDoubleWork Error: Subheader Error
08:20:57.32-[Error]-PLC Q_Enthernet: Q_Enthernet ReadDoubleWork Error: Subheader Error
08:20:57.32-[Error]-PLC Q_Enthernet: Q_Enthernet ReadDoubleWork Error: Subheader Error
08:20:57.33-[Error]-PLC Q_Enthernet: Q_Enthernet ReadDoubleWork Error: Subheader Error
08:20:57.34-[Error]-PLC Q_Enthernet: Q_Enthernet ReadDoubleWork Error: Subheader Error
08:20:57.34-[Error]-PLC Q_Enthernet: Q_Enthernet ReadDoubleWork Error: Subheader Error
08:20:57.35-[Error]-PLC Q_Enthernet: Q_Enthernet ReadDoubleWork Error: Subheader Error
08:20:57.36-[Error]-PLC Q_Enthernet: Q_Enthernet ReadDoubleWork Error: Subheader Error
08:20:57.36-[Error]-PLC Q_Enthernet: Q_Enthernet ReadDoubleWork Error: Subheader Error
08:20:57.37-[Error]-PLC Q_Enthernet: Q_Enthernet ReadDoubleWork Error: Subheader Error
08:20:57.37-[Error]-PLC Q_Enthernet: Q_Enthernet ReadDoubleWork Error: Subheader Error
08:20:57.38-[Error]-PLC Q_Enthernet: Q_Enthernet ReadDoubleWork Error: Subheader Error
08:20:57.39-[Error]-PLC Q_Enthernet: Q_Enthernet ReadDoubleWork Error: Subheader Error
08:20:57.39-[Error]-PLC Q_Enthernet: Q_Enthernet ReadDoubleWork Error: Subheader Error
08:20:57.40-[Error]-PLC Q_Enthernet: Q_Enthernet ReadDoubleWork Error: Subheader Error
08:20:57.41-[Error]-PLC Q_Enthernet: Q_Enthernet ReadDoubleWork Error: Subheader Error
08:20:57.41-[Error]-PLC Q_Enthernet: Q_Enthernet ReadDoubleWork Error: Subheader Error
08:20:57.42-[Error]-PLC Q_Enthernet: Q_Enthernet ReadDoubleWork Error: Subheader Error
08:20:57.42-[Error]-PLC Q_Enthernet: Q_Enthernet ReadDoubleWork Error: Subheader Error
08:20:57.43-[Error]-PLC Q_Enthernet: Q_Enthernet ReadDoubleWork Error: Subheader Error
08:20:57.44-[Error]-PLC Q_Enthernet: Q_Enthernet ReadDoubleWork Error: Subheader Error
08:20:57.44-[Error]-PLC Q_Enthernet: Q_Enthernet ReadDoubleWork Error: Subheader Error
08:20:57.45-[Error]-PLC Q_Enthernet: Q_Enthernet ReadDoubleWork Error: Subheader Error
08:20:57.46-[Error]-PLC Q_Enthernet: Q_Enthernet ReadDoubleWork Error: Subheader Error
08:20:57.46-[Error]-PLC Q_Enthernet: Q_Enthernet Readbit Error: Subheader Error
08:20:57.47-[Error]-PLC Q_Enthernet: Q_Enthernet ReadDoubleWork Error: Subheader Error
08:20:57.48-[Error]-PLC Q_Enthernet: Q_Enthernet ReadDoubleWork Error: Subheader Error
08:20:57.49-[Error]-PLC Q_Enthernet: Q_Enthernet ReadDoubleWork Error: Subheader Error
08:20:57.49-[Error]-PLC Q_Enthernet: Q_Enthernet ReadDoubleWork Error: Subheader Error
08:20:57.50-[Error]-PLC Q_Enthernet: Q_Enthernet ReadDoubleWork Error: Subheader Error
08:20:57.51-[Error]-PLC Q_Enthernet: Q_Enthernet ReadDoubleWork Error: Subheader Error
08:20:57.51-[Error]-PLC Q_Enthernet: Q_Enthernet ReadDoubleWork Error: Subheader Error
08:20:57.52-[Error]-PLC Q_Enthernet: Q_Enthernet ReadDoubleWork Error: Subheader Error
08:20:57.52-[Error]-PLC Q_Enthernet: Q_Enthernet ReadDoubleWork Error: Subheader Error
08:20:57.53-[Error]-PLC Q_Enthernet: Q_Enthernet ReadDoubleWork Error: Subheader Error
08:20:57.54-[Error]-PLC Q_Enthernet: Q_Enthernet ReadDoubleWork Error: Subheader Error
08:20:57.55-[Error]-PLC Q_Enthernet: Q_Enthernet ReadDoubleWork Error: Subheader Error
08:20:57.56-[Error]-PLC Q_Enthernet: Q_Enthernet ReadDoubleWork Error: Subheader Error
08:20:57.56-[Error]-PLC Q_Enthernet: Q_Enthernet ReadDoubleWork Error: Subheader Error
08:20:57.57-[Error]-PLC Q_Enthernet: Q_Enthernet ReadDoubleWork Error: Subheader Error
08:20:57.58-[Error]-PLC Q_Enthernet: Q_Enthernet ReadDoubleWork Error: Subheader Error
08:20:57.58-[Error]-PLC Q_Enthernet: Q_Enthernet ReadDoubleWork Error: Subheader Error
08:20:57.59-[Error]-PLC Q_Enthernet: Q_Enthernet ReadDoubleWork Error: Subheader Error
08:20:57.59-[Error]-PLC Q_Enthernet: Q_Enthernet ReadDoubleWork Error: Subheader Error
08:20:57.60-[Error]-PLC Q_Enthernet: Q_Enthernet ReadDoubleWork Error: Subheader Error
08:20:57.61-[Error]-PLC Q_Enthernet: Q_Enthernet ReadDoubleWork Error: Subheader Error
08:20:57.61-[Error]-PLC Q_Enthernet: Q_Enthernet ReadDoubleWork Error: Subheader Error
08:20:57.62-[Error]-PLC Q_Enthernet: Q_Enthernet ReadDoubleWork Error: Subheader Error
08:20:57.63-[Error]-PLC Q_Enthernet: Q_Enthernet ReadDoubleWork Error: Subheader Error
08:20:57.63-[Error]-PLC Q_Enthernet: Q_Enthernet ReadDoubleWork Error: Subheader Error
08:20:57.64-[Error]-PLC Q_Enthernet: Q_Enthernet ReadDoubleWork Error: Subheader Error
08:20:57.65-[Error]-PLC Q_Enthernet: Q_Enthernet ReadDoubleWork Error: Subheader Error
08:20:57.65-[Error]-PLC Q_Enthernet: Q_Enthernet Readbit Error: Subheader Error
08:20:57.66-[Error]-PLC Q_Enthernet: Q_Enthernet ReadDoubleWork Error: Subheader Error
08:20:57.67-[Error]-PLC Q_Enthernet: Q_Enthernet ReadDoubleWork Error: Subheader Error
08:20:57.68-[Error]-PLC Q_Enthernet: Q_Enthernet ReadDoubleWork Error: Subheader Error
08:20:57.68-[Error]-PLC Q_Enthernet: Q_Enthernet ReadDoubleWork Error: Subheader Error
08:20:57.71-[Error]-PLC Q_Enthernet: Q_Enthernet ReadDoubleWork Error: Subheader Error
08:20:57.72-[Error]-PLC Q_Enthernet: Q_Enthernet ReadDoubleWork Error: Subheader Error
08:20:57.73-[Error]-PLC Q_Enthernet: Q_Enthernet ReadDoubleWork Error: Subheader Error
08:20:57.73-[Error]-PLC Q_Enthernet: Q_Enthernet ReadDoubleWork Error: Subheader Error
08:20:57.74-[Error]-PLC Q_Enthernet: Q_Enthernet ReadDoubleWork Error: Subheader Error
08:20:57.74-[Error]-PLC Q_Enthernet: Q_Enthernet ReadDoubleWork Error: Subheader Error
08:20:57.75-[Error]-PLC Q_Enthernet: Q_Enthernet ReadDoubleWork Error: Subheader Error
08:20:57.76-[Error]-PLC Q_Enthernet: Q_Enthernet ReadDoubleWork Error: Subheader Error
08:20:57.77-[Error]-PLC Q_Enthernet: Q_Enthernet ReadDoubleWork Error: Subheader Error
08:20:57.77-[Error]-PLC Q_Enthernet: Q_Enthernet ReadDoubleWork Error: Subheader Error
08:20:57.78-[Error]-PLC Q_Enthernet: Q_Enthernet ReadDoubleWork Error: Subheader Error
08:20:57.79-[Error]-PLC Q_Enthernet: Q_Enthernet ReadDoubleWork Error: Subheader Error
08:20:57.80-[Error]-PLC Q_Enthernet: Q_Enthernet ReadDoubleWork Error: Subheader Error
08:20:57.80-[Error]-PLC Q_Enthernet: Q_Enthernet ReadDoubleWork Error: Subheader Error
08:20:57.81-[Error]-PLC Q_Enthernet: Q_Enthernet ReadDoubleWork Error: Subheader Error
08:20:57.82-[Error]-PLC Q_Enthernet: Q_Enthernet ReadDoubleWork Error: Subheader Error
08:20:57.82-[Error]-PLC Q_Enthernet: Q_Enthernet ReadDoubleWork Error: Subheader Error
08:20:57.83-[Error]-PLC Q_Enthernet: Q_Enthernet ReadDoubleWork Error: Subheader Error
08:20:57.84-[Error]-PLC Q_Enthernet: Q_Enthernet ReadDoubleWork Error: Subheader Error
08:20:57.84-[Error]-PLC Q_Enthernet: Q_Enthernet ReadDoubleWork Error: Subheader Error
08:20:57.85-[Error]-PLC Q_Enthernet: Q_Enthernet ReadDoubleWork Error: Subheader Error
08:20:57.86-[Error]-PLC Q_Enthernet: Q_Enthernet ReadDoubleWork Error: Subheader Error
08:20:57.86-[Error]-PLC Q_Enthernet: Q_Enthernet ReadDoubleWork Error: Subheader Error
08:20:57.87-[Error]-PLC Q_Enthernet: Q_Enthernet Readbit Error: Subheader Error
08:20:57.88-[Error]-PLC Q_Enthernet: Q_Enthernet ReadDoubleWork Error: Subheader Error
08:20:57.91-[Error]-PLC Q_Enthernet: Q_Enthernet ReadDoubleWork Error: Subheader Error
08:20:57.92-[Error]-PLC Q_Enthernet: Q_Enthernet ReadDoubleWork Error: Subheader Error
08:20:57.92-[Error]-PLC Q_Enthernet: Q_Enthernet ReadDoubleWork Error: Subheader Error
08:20:57.93-[Error]-PLC Q_Enthernet: Q_Enthernet ReadDoubleWork Error: Subheader Error
08:20:57.94-[Error]-PLC Q_Enthernet: Q_Enthernet ReadDoubleWork Error: Subheader Error
08:20:57.95-[Error]-PLC Q_Enthernet: Q_Enthernet ReadDoubleWork Error: Subheader Error
08:20:57.95-[Error]-PLC Q_Enthernet: Q_Enthernet ReadDoubleWork Error: Subheader Error
08:20:57.96-[Error]-PLC Q_Enthernet: Q_Enthernet ReadDoubleWork Error: Subheader Error
08:20:57.97-[Error]-PLC Q_Enthernet: Q_Enthernet ReadDoubleWork Error: Subheader Error
08:20:57.97-[Error]-PLC Q_Enthernet: Q_Enthernet ReadDoubleWork Error: Subheader Error
08:20:57.98-[Error]-PLC Q_Enthernet: Q_Enthernet ReadDoubleWork Error: Subheader Error
08:20:57.99-[Error]-PLC Q_Enthernet: Q_Enthernet ReadDoubleWork Error: Subheader Error
08:20:58.00-[Error]-PLC Q_Enthernet: Q_Enthernet ReadDoubleWork Error: Subheader Error
08:20:58.00-[Error]-PLC Q_Enthernet: Q_Enthernet ReadDoubleWork Error: Subheader Error
08:20:58.01-[Error]-PLC Q_Enthernet: Q_Enthernet ReadDoubleWork Error: Subheader Error
08:20:58.02-[Error]-PLC Q_Enthernet: Q_Enthernet ReadDoubleWork Error: Subheader Error
08:20:58.02-[Error]-PLC Q_Enthernet: Q_Enthernet ReadDoubleWork Error: Subheader Error
08:20:58.03-[Error]-PLC Q_Enthernet: Q_Enthernet ReadDoubleWork Error: Subheader Error
08:20:58.04-[Error]-PLC Q_Enthernet: Q_Enthernet ReadDoubleWork Error: Subheader Error
08:20:58.04-[Error]-PLC Q_Enthernet: Q_Enthernet ReadDoubleWork Error: Subheader Error
08:20:58.05-[Error]-PLC Q_Enthernet: Q_Enthernet ReadDoubleWork Error: Subheader Error
08:20:58.06-[Error]-PLC Q_Enthernet: Q_Enthernet ReadDoubleWork Error: Subheader Error
08:20:58.06-[Error]-PLC Q_Enthernet: Q_Enthernet ReadDoubleWork Error: Subheader Error
08:20:58.07-[Error]-PLC Q_Enthernet: Q_Enthernet ReadDoubleWork Error: Subheader Error
08:20:58.07-[Error]-PLC Q_Enthernet: Q_Enthernet ReadDoubleWork Error: Subheader Error
08:20:58.08-[Error]-PLC Q_Enthernet: Q_Enthernet ReadDoubleWork Error: Subheader Error
08:20:58.09-[Error]-PLC Q_Enthernet: Q_Enthernet Readbit Error: Subheader Error
08:20:58.10-[Error]-PLC Q_Enthernet: Q_Enthernet ReadDoubleWork Error: Subheader Error
08:20:58.11-[Error]-PLC Q_Enthernet: Q_Enthernet ReadDoubleWork Error: Subheader Error
08:20:58.11-[Error]-PLC Q_Enthernet: Q_Enthernet ReadDoubleWork Error: Subheader Error
08:20:58.12-[Error]-PLC Q_Enthernet: Q_Enthernet ReadDoubleWork Error: Subheader Error
08:20:58.13-[Error]-PLC Q_Enthernet: Q_Enthernet ReadDoubleWork Error: Subheader Error
08:20:58.13-[Error]-PLC Q_Enthernet: Q_Enthernet ReadDoubleWork Error: Subheader Error
08:20:58.14-[Error]-PLC Q_Enthernet: Q_Enthernet ReadDoubleWork Error: Subheader Error
08:20:58.15-[Error]-PLC Q_Enthernet: Q_Enthernet ReadDoubleWork Error: Subheader Error
08:20:58.15-[Error]-PLC Q_Enthernet: Q_Enthernet ReadDoubleWork Error: Subheader Error
08:20:58.16-[Error]-PLC Q_Enthernet: Q_Enthernet ReadDoubleWork Error: Subheader Error
08:20:58.16-[Error]-PLC Q_Enthernet: Q_Enthernet ReadDoubleWork Error: Subheader Error
08:20:58.17-[Error]-PLC Q_Enthernet: Q_Enthernet ReadDoubleWork Error: Subheader Error
08:20:58.18-[Error]-PLC Q_Enthernet: Q_Enthernet ReadDoubleWork Error: Subheader Error
08:20:58.18-[Error]-PLC Q_Enthernet: Q_Enthernet ReadDoubleWork Error: Subheader Error
08:20:58.19-[Error]-PLC Q_Enthernet: Q_Enthernet ReadDoubleWork Error: Subheader Error
08:20:58.20-[Error]-PLC Q_Enthernet: Q_Enthernet ReadDoubleWork Error: Subheader Error
08:20:58.21-[Error]-PLC Q_Enthernet: Q_Enthernet ReadDoubleWork Error: Subheader Error
08:20:58.21-[Error]-PLC Q_Enthernet: Q_Enthernet ReadDoubleWork Error: Subheader Error
08:20:58.22-[Error]-PLC Q_Enthernet: Q_Enthernet ReadDoubleWork Error: Subheader Error
08:20:58.23-[Error]-PLC Q_Enthernet: Q_Enthernet ReadDoubleWork Error: Subheader Error
08:20:58.23-[Error]-PLC Q_Enthernet: Q_Enthernet ReadDoubleWork Error: Subheader Error
08:20:58.24-[Error]-PLC Q_Enthernet: Q_Enthernet ReadDoubleWork Error: Subheader Error
08:20:58.25-[Error]-PLC Q_Enthernet: Q_Enthernet ReadDoubleWork Error: Subheader Error
08:20:58.25-[Error]-PLC Q_Enthernet: Q_Enthernet ReadDoubleWork Error: Subheader Error
08:20:58.26-[Error]-PLC Q_Enthernet: Q_Enthernet ReadDoubleWork Error: Subheader Error
08:20:58.27-[Error]-PLC Q_Enthernet: Q_Enthernet ReadDoubleWork Error: Subheader Error
08:20:58.27-[Error]-PLC Q_Enthernet: Q_Enthernet ReadDoubleWork Error: Subheader Error
08:20:58.28-[Error]-PLC Q_Enthernet: Q_Enthernet Readbit Error: Subheader Error
08:20:58.29-[Error]-PLC Q_Enthernet: Q_Enthernet ReadDoubleWork Error: Subheader Error
08:20:58.29-[Error]-PLC Q_Enthernet: Q_Enthernet ReadDoubleWork Error: Subheader Error
08:20:58.30-[Error]-PLC Q_Enthernet: Q_Enthernet ReadDoubleWork Error: Subheader Error
08:20:58.31-[Error]-PLC Q_Enthernet: Q_Enthernet ReadDoubleWork Error: Subheader Error
08:20:58.31-[Error]-PLC Q_Enthernet: Q_Enthernet ReadDoubleWork Error: Subheader Error
08:20:58.32-[Error]-PLC Q_Enthernet: Q_Enthernet ReadDoubleWork Error: Subheader Error
08:20:58.33-[Error]-PLC Q_Enthernet: Q_Enthernet ReadDoubleWork Error: Subheader Error
08:20:58.33-[Error]-PLC Q_Enthernet: Q_Enthernet ReadDoubleWork Error: Subheader Error
08:20:58.34-[Error]-PLC Q_Enthernet: Q_Enthernet ReadDoubleWork Error: Subheader Error
08:20:58.34-[Error]-PLC Q_Enthernet: Q_Enthernet ReadDoubleWork Error: Subheader Error
08:20:58.35-[Error]-PLC Q_Enthernet: Q_Enthernet ReadDoubleWork Error: Subheader Error
08:20:58.36-[Error]-PLC Q_Enthernet: Q_Enthernet ReadDoubleWork Error: Subheader Error
08:20:58.36-[Error]-PLC Q_Enthernet: Q_Enthernet ReadDoubleWork Error: Subheader Error
08:20:58.37-[Error]-PLC Q_Enthernet: Q_Enthernet ReadDoubleWork Error: Subheader Error
08:20:58.38-[Error]-PLC Q_Enthernet: Q_Enthernet ReadDoubleWork Error: Subheader Error
08:20:58.38-[Error]-PLC Q_Enthernet: Q_Enthernet ReadDoubleWork Error: Subheader Error
08:20:58.39-[Error]-PLC Q_Enthernet: Q_Enthernet ReadDoubleWork Error: Subheader Error
08:20:58.40-[Error]-PLC Q_Enthernet: Q_Enthernet ReadDoubleWork Error: Subheader Error
08:20:58.40-[Error]-PLC Q_Enthernet: Q_Enthernet ReadDoubleWork Error: Subheader Error
08:20:58.41-[Error]-PLC Q_Enthernet: Q_Enthernet ReadDoubleWork Error: Subheader Error
08:20:58.41-[Error]-PLC Q_Enthernet: Q_Enthernet ReadDoubleWork Error: Subheader Error
08:20:58.42-[Error]-PLC Q_Enthernet: Q_Enthernet ReadDoubleWork Error: Subheader Error
08:20:58.43-[Error]-PLC Q_Enthernet: Q_Enthernet ReadDoubleWork Error: Subheader Error
08:20:58.43-[Error]-PLC Q_Enthernet: Q_Enthernet ReadDoubleWork Error: Subheader Error
08:20:58.44-[Error]-PLC Q_Enthernet: Q_Enthernet ReadDoubleWork Error: Subheader Error
08:20:58.45-[Error]-PLC Q_Enthernet: Q_Enthernet ReadDoubleWork Error: Subheader Error
08:20:58.46-[Error]-PLC Q_Enthernet: Q_Enthernet ReadDoubleWork Error: Subheader Error
08:20:58.46-[Error]-PLC Q_Enthernet: Q_Enthernet Readbit Error: Subheader Error
08:20:58.47-[Error]-PLC Q_Enthernet: Q_Enthernet ReadDoubleWork Error: Subheader Error
08:20:58.48-[Error]-PLC Q_Enthernet: Q_Enthernet ReadDoubleWork Error: Subheader Error
08:20:58.48-[Error]-PLC Q_Enthernet: Q_Enthernet ReadDoubleWork Error: Subheader Error
08:20:58.49-[Error]-PLC Q_Enthernet: Q_Enthernet ReadDoubleWork Error: Subheader Error
08:20:58.50-[Error]-PLC Q_Enthernet: Q_Enthernet ReadDoubleWork Error: Subheader Error
08:20:58.50-[Error]-PLC Q_Enthernet: Q_Enthernet ReadDoubleWork Error: Subheader Error
08:20:58.51-[Error]-PLC Q_Enthernet: Q_Enthernet ReadDoubleWork Error: Subheader Error
08:20:58.52-[Error]-PLC Q_Enthernet: Q_Enthernet ReadDoubleWork Error: Subheader Error
08:20:58.52-[Error]-PLC Q_Enthernet: Q_Enthernet ReadDoubleWork Error: Subheader Error
08:20:58.53-[Error]-PLC Q_Enthernet: Q_Enthernet ReadDoubleWork Error: Subheader Error
08:20:58.54-[Error]-PLC Q_Enthernet: Q_Enthernet ReadDoubleWork Error: Subheader Error
08:20:58.54-[Error]-PLC Q_Enthernet: Q_Enthernet ReadDoubleWork Error: Subheader Error
08:20:58.55-[Error]-PLC Q_Enthernet: Q_Enthernet ReadDoubleWork Error: Subheader Error
08:20:58.56-[Error]-PLC Q_Enthernet: Q_Enthernet ReadDoubleWork Error: Subheader Error
08:20:58.56-[Error]-PLC Q_Enthernet: Q_Enthernet ReadDoubleWork Error: Subheader Error
08:20:58.57-[Error]-PLC Q_Enthernet: Q_Enthernet ReadDoubleWork Error: Subheader Error
08:20:58.57-[Error]-PLC Q_Enthernet: Q_Enthernet ReadDoubleWork Error: Subheader Error
08:20:58.59-[Error]-PLC Q_Enthernet: Q_Enthernet ReadDoubleWork Error: Subheader Error
08:20:58.59-[Error]-PLC Q_Enthernet: Q_Enthernet ReadDoubleWork Error: Subheader Error
08:20:58.60-[Error]-PLC Q_Enthernet: Q_Enthernet ReadDoubleWork Error: Subheader Error
08:20:58.61-[Error]-PLC Q_Enthernet: Q_Enthernet ReadDoubleWork Error: Subheader Error
08:20:58.61-[Error]-PLC Q_Enthernet: Q_Enthernet ReadDoubleWork Error: Subheader Error
08:20:58.62-[Error]-PLC Q_Enthernet: Q_Enthernet ReadDoubleWork Error: Subheader Error
08:20:58.62-[Error]-PLC Q_Enthernet: Q_Enthernet ReadDoubleWork Error: Subheader Error
08:20:58.63-[Error]-PLC Q_Enthernet: Q_Enthernet ReadDoubleWork Error: Subheader Error
08:20:58.64-[Error]-PLC Q_Enthernet: Q_Enthernet ReadDoubleWork Error: Subheader Error
08:20:58.65-[Error]-PLC Q_Enthernet: Q_Enthernet ReadDoubleWork Error: Subheader Error
08:20:58.66-[Error]-PLC Q_Enthernet: Q_Enthernet Readbit Error: Subheader Error
08:20:58.66-[Error]-PLC Q_Enthernet: Q_Enthernet ReadDoubleWork Error: Subheader Error
08:20:58.67-[Error]-PLC Q_Enthernet: Q_Enthernet ReadDoubleWork Error: Subheader Error
08:20:58.68-[Error]-PLC Q_Enthernet: Q_Enthernet ReadDoubleWork Error: Subheader Error
08:20:58.69-[Error]-PLC Q_Enthernet: Q_Enthernet ReadDoubleWork Error: Subheader Error
08:20:58.69-[Error]-PLC Q_Enthernet: Q_Enthernet ReadDoubleWork Error: Subheader Error
08:20:58.70-[Error]-PLC Q_Enthernet: Q_Enthernet ReadDoubleWork Error: Subheader Error
08:20:58.70-[Error]-PLC Q_Enthernet: Q_Enthernet ReadDoubleWork Error: Subheader Error
08:20:58.71-[Error]-PLC Q_Enthernet: Q_Enthernet ReadDoubleWork Error: Subheader Error
08:20:58.72-[Error]-PLC Q_Enthernet: Q_Enthernet ReadDoubleWork Error: Subheader Error
08:20:58.72-[Error]-PLC Q_Enthernet: Q_Enthernet ReadDoubleWork Error: Subheader Error
08:20:58.73-[Error]-PLC Q_Enthernet: Q_Enthernet ReadDoubleWork Error: Subheader Error
08:20:58.74-[Error]-PLC Q_Enthernet: Q_Enthernet ReadDoubleWork Error: Subheader Error
08:20:58.74-[Error]-PLC Q_Enthernet: Q_Enthernet ReadDoubleWork Error: Subheader Error
08:20:58.75-[Error]-PLC Q_Enthernet: Q_Enthernet ReadDoubleWork Error: Subheader Error
08:20:58.76-[Error]-PLC Q_Enthernet: Q_Enthernet ReadDoubleWork Error: Subheader Error
08:20:58.76-[Error]-PLC Q_Enthernet: Q_Enthernet ReadDoubleWork Error: Subheader Error
08:20:58.77-[Error]-PLC Q_Enthernet: Q_Enthernet ReadDoubleWork Error: Subheader Error
08:20:58.77-[Error]-PLC Q_Enthernet: Q_Enthernet ReadDoubleWork Error: Subheader Error
08:20:58.78-[Error]-PLC Q_Enthernet: Q_Enthernet ReadDoubleWork Error: Subheader Error
08:20:58.79-[Error]-PLC Q_Enthernet: Q_Enthernet ReadDoubleWork Error: Subheader Error
08:20:58.79-[Error]-PLC Q_Enthernet: Q_Enthernet ReadDoubleWork Error: Subheader Error
08:20:58.80-[Error]-PLC Q_Enthernet: Q_Enthernet ReadDoubleWork Error: Subheader Error
08:20:58.81-[Error]-PLC Q_Enthernet: Q_Enthernet ReadDoubleWork Error: Subheader Error
08:20:58.81-[Error]-PLC Q_Enthernet: Q_Enthernet ReadDoubleWork Error: Subheader Error
08:20:58.82-[Error]-PLC Q_Enthernet: Q_Enthernet ReadDoubleWork Error: Subheader Error
08:20:58.83-[Error]-PLC Q_Enthernet: Q_Enthernet ReadDoubleWork Error: Subheader Error
08:20:58.84-[Error]-PLC Q_Enthernet: Q_Enthernet ReadDoubleWork Error: Subheader Error
08:20:58.85-[Error]-PLC Q_Enthernet: Q_Enthernet Readbit Error: Subheader Error
08:20:58.86-[Error]-PLC Q_Enthernet: Q_Enthernet ReadDoubleWork Error: Subheader Error
08:20:58.86-[Error]-PLC Q_Enthernet: Q_Enthernet ReadDoubleWork Error: Subheader Error
08:20:58.87-[Error]-PLC Q_Enthernet: Q_Enthernet ReadDoubleWork Error: Subheader Error
08:20:58.88-[Error]-PLC Q_Enthernet: Q_Enthernet ReadDoubleWork Error: Subheader Error
08:20:58.88-[Error]-PLC Q_Enthernet: Q_Enthernet ReadDoubleWork Error: Subheader Error
08:20:58.89-[Error]-PLC Q_Enthernet: Q_Enthernet ReadDoubleWork Error: Subheader Error
08:20:58.90-[Error]-PLC Q_Enthernet: Q_Enthernet ReadDoubleWork Error: Subheader Error
08:20:58.90-[Error]-PLC Q_Enthernet: Q_Enthernet ReadDoubleWork Error: Subheader Error
08:20:58.91-[Error]-PLC Q_Enthernet: Q_Enthernet ReadDoubleWork Error: Subheader Error
08:20:58.91-[Error]-PLC Q_Enthernet: Q_Enthernet ReadDoubleWork Error: Subheader Error
08:20:58.92-[Error]-PLC Q_Enthernet: Q_Enthernet ReadDoubleWork Error: Subheader Error
08:20:58.93-[Error]-PLC Q_Enthernet: Q_Enthernet ReadDoubleWork Error: Subheader Error
08:20:58.94-[Error]-PLC Q_Enthernet: Q_Enthernet ReadDoubleWork Error: Subheader Error
08:20:58.94-[Error]-PLC Q_Enthernet: Q_Enthernet ReadDoubleWork Error: Subheader Error
08:20:58.95-[Error]-PLC Q_Enthernet: Q_Enthernet ReadDoubleWork Error: Subheader Error
08:20:58.96-[Error]-PLC Q_Enthernet: Q_Enthernet ReadDoubleWork Error: Subheader Error
08:20:58.97-[Error]-PLC Q_Enthernet: Q_Enthernet ReadDoubleWork Error: Subheader Error
08:20:58.98-[Error]-PLC Q_Enthernet: Q_Enthernet ReadDoubleWork Error: Subheader Error
08:20:58.98-[Error]-PLC Q_Enthernet: Q_Enthernet ReadDoubleWork Error: Subheader Error
08:20:58.99-[Error]-PLC Q_Enthernet: Q_Enthernet ReadDoubleWork Error: Subheader Error
08:20:59.00-[Error]-PLC Q_Enthernet: Q_Enthernet ReadDoubleWork Error: Subheader Error
08:20:59.01-[Error]-PLC Q_Enthernet: Q_Enthernet ReadDoubleWork Error: Subheader Error
08:20:59.01-[Error]-PLC Q_Enthernet: Q_Enthernet ReadDoubleWork Error: Subheader Error
08:20:59.02-[Error]-PLC Q_Enthernet: Q_Enthernet ReadDoubleWork Error: Subheader Error
08:20:59.02-[Error]-PLC Q_Enthernet: Q_Enthernet ReadDoubleWork Error: Subheader Error
08:20:59.03-[Error]-PLC Q_Enthernet: Q_Enthernet ReadDoubleWork Error: Subheader Error
08:20:59.04-[Error]-PLC Q_Enthernet: Q_Enthernet ReadDoubleWork Error: Subheader Error
08:20:59.04-[Error]-PLC Q_Enthernet: Q_Enthernet Readbit Error: Subheader Error
08:20:59.05-[Error]-PLC Q_Enthernet: Q_Enthernet ReadDoubleWork Error: Subheader Error
08:20:59.06-[Error]-PLC Q_Enthernet: Q_Enthernet ReadDoubleWork Error: Subheader Error
08:20:59.07-[Error]-PLC Q_Enthernet: Q_Enthernet ReadDoubleWork Error: Subheader Error
08:20:59.08-[Error]-PLC Q_Enthernet: Q_Enthernet ReadDoubleWork Error: Subheader Error
08:20:59.08-[Error]-PLC Q_Enthernet: Q_Enthernet ReadDoubleWork Error: Subheader Error
08:20:59.09-[Error]-PLC Q_Enthernet: Q_Enthernet ReadDoubleWork Error: Subheader Error
08:20:59.09-[Error]-PLC Q_Enthernet: Q_Enthernet ReadDoubleWork Error: Subheader Error
08:20:59.10-[Error]-PLC Q_Enthernet: Q_Enthernet ReadDoubleWork Error: Subheader Error
08:20:59.11-[Error]-PLC Q_Enthernet: Q_Enthernet ReadDoubleWork Error: Subheader Error
08:20:59.11-[Error]-PLC Q_Enthernet: Q_Enthernet ReadDoubleWork Error: Subheader Error
08:20:59.12-[Error]-PLC Q_Enthernet: Q_Enthernet ReadDoubleWork Error: Subheader Error
08:20:59.13-[Error]-PLC Q_Enthernet: Q_Enthernet ReadDoubleWork Error: Subheader Error
08:20:59.13-[Error]-PLC Q_Enthernet: Q_Enthernet ReadDoubleWork Error: Subheader Error
08:20:59.14-[Error]-PLC Q_Enthernet: Q_Enthernet ReadDoubleWork Error: Subheader Error
08:20:59.15-[Error]-PLC Q_Enthernet: Q_Enthernet ReadDoubleWork Error: Subheader Error
08:20:59.15-[Error]-PLC Q_Enthernet: Q_Enthernet ReadDoubleWork Error: Subheader Error
08:20:59.16-[Error]-PLC Q_Enthernet: Q_Enthernet ReadDoubleWork Error: Subheader Error
08:20:59.16-[Error]-PLC Q_Enthernet: Q_Enthernet ReadDoubleWork Error: Subheader Error
08:20:59.17-[Error]-PLC Q_Enthernet: Q_Enthernet ReadDoubleWork Error: Subheader Error
08:20:59.18-[Error]-PLC Q_Enthernet: Q_Enthernet ReadDoubleWork Error: Subheader Error
08:20:59.19-[Error]-PLC Q_Enthernet: Q_Enthernet ReadDoubleWork Error: Subheader Error
08:20:59.19-[Error]-PLC Q_Enthernet: Q_Enthernet ReadDoubleWork Error: Subheader Error
08:20:59.20-[Error]-PLC Q_Enthernet: Q_Enthernet ReadDoubleWork Error: Subheader Error
08:20:59.21-[Error]-PLC Q_Enthernet: Q_Enthernet ReadDoubleWork Error: Subheader Error
08:20:59.21-[Error]-PLC Q_Enthernet: Q_Enthernet ReadDoubleWork Error: Subheader Error
08:20:59.22-[Error]-PLC Q_Enthernet: Q_Enthernet ReadDoubleWork Error: Subheader Error
08:20:59.22-[Error]-PLC Q_Enthernet: Q_Enthernet ReadDoubleWork Error: Subheader Error
08:20:59.23-[Error]-PLC Q_Enthernet: Q_Enthernet Readbit Error: Subheader Error
08:20:59.24-[Error]-PLC Q_Enthernet: Q_Enthernet ReadDoubleWork Error: Subheader Error
08:20:59.25-[Error]-PLC Q_Enthernet: Q_Enthernet ReadDoubleWork Error: Subheader Error
08:20:59.26-[Error]-PLC Q_Enthernet: Q_Enthernet ReadDoubleWork Error: Subheader Error
08:20:59.26-[Error]-PLC Q_Enthernet: Q_Enthernet ReadDoubleWork Error: Subheader Error
08:20:59.27-[Error]-PLC Q_Enthernet: Q_Enthernet ReadDoubleWork Error: Subheader Error
08:20:59.27-[Error]-PLC Q_Enthernet: Q_Enthernet ReadDoubleWork Error: Subheader Error
08:20:59.28-[Error]-PLC Q_Enthernet: Q_Enthernet ReadDoubleWork Error: Subheader Error
08:20:59.29-[Error]-PLC Q_Enthernet: Q_Enthernet ReadDoubleWork Error: Subheader Error
08:20:59.30-[Error]-PLC Q_Enthernet: Q_Enthernet ReadDoubleWork Error: Subheader Error
08:20:59.30-[Error]-PLC Q_Enthernet: Q_Enthernet ReadDoubleWork Error: Subheader Error
08:20:59.31-[Error]-PLC Q_Enthernet: Q_Enthernet ReadDoubleWork Error: Subheader Error
08:20:59.32-[Error]-PLC Q_Enthernet: Q_Enthernet ReadDoubleWork Error: Subheader Error
08:20:59.32-[Error]-PLC Q_Enthernet: Q_Enthernet ReadDoubleWork Error: Subheader Error
08:20:59.33-[Error]-PLC Q_Enthernet: Q_Enthernet ReadDoubleWork Error: Subheader Error
08:20:59.34-[Error]-PLC Q_Enthernet: Q_Enthernet ReadDoubleWork Error: Subheader Error
08:20:59.34-[Error]-PLC Q_Enthernet: Q_Enthernet ReadDoubleWork Error: Subheader Error
08:20:59.35-[Error]-PLC Q_Enthernet: Q_Enthernet ReadDoubleWork Error: Subheader Error
08:20:59.35-[Error]-PLC Q_Enthernet: Q_Enthernet ReadDoubleWork Error: Subheader Error
08:20:59.36-[Error]-PLC Q_Enthernet: Q_Enthernet ReadDoubleWork Error: Subheader Error
08:20:59.37-[Error]-PLC Q_Enthernet: Q_Enthernet ReadDoubleWork Error: Subheader Error
08:20:59.37-[Error]-PLC Q_Enthernet: Q_Enthernet ReadDoubleWork Error: Subheader Error
08:20:59.38-[Error]-PLC Q_Enthernet: Q_Enthernet ReadDoubleWork Error: Subheader Error
08:20:59.39-[Error]-PLC Q_Enthernet: Q_Enthernet ReadDoubleWork Error: Subheader Error
08:20:59.39-[Error]-PLC Q_Enthernet: Q_Enthernet ReadDoubleWork Error: Subheader Error
08:20:59.40-[Error]-PLC Q_Enthernet: Q_Enthernet ReadDoubleWork Error: Subheader Error
08:20:59.41-[Error]-PLC Q_Enthernet: Q_Enthernet ReadDoubleWork Error: Subheader Error
08:20:59.41-[Error]-PLC Q_Enthernet: Q_Enthernet ReadDoubleWork Error: Subheader Error
08:20:59.42-[Error]-PLC Q_Enthernet: Q_Enthernet Readbit Error: Subheader Error
08:20:59.43-[Error]-PLC Q_Enthernet: Q_Enthernet ReadDoubleWork Error: Subheader Error
08:20:59.44-[Error]-PLC Q_Enthernet: Q_Enthernet ReadDoubleWork Error: Subheader Error
08:20:59.44-[Error]-PLC Q_Enthernet: Q_Enthernet ReadDoubleWork Error: Subheader Error
08:20:59.45-[Error]-PLC Q_Enthernet: Q_Enthernet ReadDoubleWork Error: Subheader Error
08:20:59.45-[Error]-PLC Q_Enthernet: Q_Enthernet ReadDoubleWork Error: Subheader Error
08:20:59.46-[Error]-PLC Q_Enthernet: Q_Enthernet ReadDoubleWork Error: Subheader Error
08:20:59.47-[Error]-PLC Q_Enthernet: Q_Enthernet ReadDoubleWork Error: Subheader Error
08:20:59.48-[Error]-PLC Q_Enthernet: Q_Enthernet ReadDoubleWork Error: Subheader Error
08:20:59.48-[Error]-PLC Q_Enthernet: Q_Enthernet ReadDoubleWork Error: Subheader Error
08:20:59.49-[Error]-PLC Q_Enthernet: Q_Enthernet ReadDoubleWork Error: Subheader Error
08:20:59.50-[Error]-PLC Q_Enthernet: Q_Enthernet ReadDoubleWork Error: Subheader Error
08:20:59.50-[Error]-PLC Q_Enthernet: Q_Enthernet ReadDoubleWork Error: Subheader Error
08:20:59.51-[Error]-PLC Q_Enthernet: Q_Enthernet ReadDoubleWork Error: Subheader Error
08:20:59.52-[Error]-PLC Q_Enthernet: Q_Enthernet ReadDoubleWork Error: Subheader Error
08:20:59.52-[Error]-PLC Q_Enthernet: Q_Enthernet ReadDoubleWork Error: Subheader Error
08:20:59.53-[Error]-PLC Q_Enthernet: Q_Enthernet ReadDoubleWork Error: Subheader Error
08:20:59.54-[Error]-PLC Q_Enthernet: Q_Enthernet ReadDoubleWork Error: Subheader Error
08:20:59.54-[Error]-PLC Q_Enthernet: Q_Enthernet ReadDoubleWork Error: Subheader Error
08:20:59.56-[Error]-PLC Q_Enthernet: Q_Enthernet ReadDoubleWork Error: Subheader Error
08:20:59.56-[Error]-PLC Q_Enthernet: Q_Enthernet ReadDoubleWork Error: Subheader Error
08:20:59.57-[Error]-PLC Q_Enthernet: Q_Enthernet ReadDoubleWork Error: Subheader Error
08:20:59.58-[Error]-PLC Q_Enthernet: Q_Enthernet ReadDoubleWork Error: Subheader Error
08:20:59.58-[Error]-PLC Q_Enthernet: Q_Enthernet ReadDoubleWork Error: Subheader Error
08:20:59.59-[Error]-PLC Q_Enthernet: Q_Enthernet ReadDoubleWork Error: Subheader Error
08:20:59.59-[Error]-PLC Q_Enthernet: Q_Enthernet ReadDoubleWork Error: Subheader Error
08:20:59.60-[Error]-PLC Q_Enthernet: Q_Enthernet ReadDoubleWork Error: Subheader Error
08:20:59.61-[Error]-PLC Q_Enthernet: Q_Enthernet ReadDoubleWork Error: Subheader Error
08:20:59.62-[Error]-PLC Q_Enthernet: Q_Enthernet Readbit Error: Subheader Error
08:20:59.62-[Error]-PLC Q_Enthernet: Q_Enthernet ReadDoubleWork Error: Subheader Error
08:20:59.63-[Error]-PLC Q_Enthernet: Q_Enthernet ReadDoubleWork Error: Subheader Error
08:20:59.64-[Error]-PLC Q_Enthernet: Q_Enthernet ReadDoubleWork Error: Subheader Error
08:20:59.64-[Error]-PLC Q_Enthernet: Q_Enthernet ReadDoubleWork Error: Subheader Error
08:20:59.65-[Error]-PLC Q_Enthernet: Q_Enthernet ReadDoubleWork Error: Subheader Error
08:20:59.66-[Error]-PLC Q_Enthernet: Q_Enthernet ReadDoubleWork Error: Subheader Error
08:20:59.67-[Error]-PLC Q_Enthernet: Q_Enthernet ReadDoubleWork Error: Subheader Error
08:20:59.67-[Error]-PLC Q_Enthernet: Q_Enthernet ReadDoubleWork Error: Subheader Error
08:20:59.68-[Error]-PLC Q_Enthernet: Q_Enthernet ReadDoubleWork Error: Subheader Error
08:20:59.69-[Error]-PLC Q_Enthernet: Q_Enthernet ReadDoubleWork Error: Subheader Error
08:20:59.70-[Error]-PLC Q_Enthernet: Q_Enthernet ReadDoubleWork Error: Subheader Error
08:20:59.71-[Error]-PLC Q_Enthernet: Q_Enthernet ReadDoubleWork Error: Subheader Error
08:20:59.72-[Error]-PLC Q_Enthernet: Q_Enthernet ReadDoubleWork Error: Subheader Error
08:20:59.73-[Error]-PLC Q_Enthernet: Q_Enthernet ReadDoubleWork Error: Subheader Error
08:20:59.74-[Error]-PLC Q_Enthernet: Q_Enthernet ReadDoubleWork Error: Subheader Error
08:20:59.75-[Error]-PLC Q_Enthernet: Q_Enthernet ReadDoubleWork Error: Subheader Error
08:20:59.76-[Error]-PLC Q_Enthernet: Q_Enthernet ReadDoubleWork Error: Subheader Error
08:20:59.76-[Error]-PLC Q_Enthernet: Q_Enthernet ReadDoubleWork Error: Subheader Error
08:20:59.77-[Error]-PLC Q_Enthernet: Q_Enthernet ReadDoubleWork Error: Subheader Error
08:20:59.78-[Error]-PLC Q_Enthernet: Q_Enthernet ReadDoubleWork Error: Subheader Error
08:20:59.79-[Error]-PLC Q_Enthernet: Q_Enthernet ReadDoubleWork Error: Subheader Error
08:20:59.81-[Error]-PLC Q_Enthernet: Q_Enthernet ReadDoubleWork Error: An established connection was aborted by the software in your host machine
08:34:56.04-[Information]-UiManager: Startup:
08:34:56.72-[Information]-Dba:  ->  Database File SQLite Already Existed!