
13:21:49.03-[Information]-UiManager: Startup:
13:21:49.95-[Information]-AlarmSQLDba:  ->  Database File SQLite Already Existed!
13:21:49.95-[Information]-Dba:  ->  Database File SQLite Already Existed!
13:21:56.26-[Information]-UserManager: LogOn: AutoTeams/itm
13:45:43.86-[Information]-UiManager: Startup:
13:45:44.90-[Information]-AlarmSQLDba:  ->  Database File SQLite Already Existed!
13:45:44.90-[Information]-Dba:  ->  Database File SQLite Already Existed!
13:46:56.28-[Information]-UserManager: LogOn: AutoTeams/itm
13:50:36.06-[Information]-UiManager: Startup:
13:50:37.23-[Information]-AlarmSQLDba:  ->  Database File SQLite Already Existed!
13:50:37.23-[Information]-Dba:  ->  Database File SQLite Already Existed!
13:54:24.79-[Information]-UiManager: Startup:
13:54:25.64-[Information]-AlarmSQLDba:  ->  Database File SQLite Already Existed!
13:54:25.65-[Information]-Dba:  ->  Database File SQLite Already Existed!
13:55:01.62-[Information]-UiManager: Startup:
13:55:02.84-[Information]-AlarmSQLDba:  ->  Database File SQLite Already Existed!
13:55:02.84-[Information]-Dba:  ->  Database File SQLite Already Existed!
13:56:35.25-[Information]-UiManager: Startup:
13:56:36.13-[Information]-AlarmSQLDba:  ->  Database File SQLite Already Existed!
13:56:36.13-[Information]-Dba:  ->  Database File SQLite Already Existed!
13:57:46.74-[Information]-UiManager: Startup:
13:57:47.64-[Information]-AlarmSQLDba:  ->  Database File SQLite Already Existed!
13:57:47.64-[Information]-Dba:  ->  Database File SQLite Already Existed!
13:57:59.62-[Information]-UserManager: LogOn: AutoTeams/itm
19:05:35.93-[Information]-UiManager: Startup:
19:05:37.44-[Information]-AlarmSQLDba:  ->  Database File SQLite Already Existed!
19:05:37.44-[Information]-Dba:  ->  Database File SQLite Already Existed!
19:05:55.19-[Error]-PLC Q_Enthernet: Q_Enthernet ReadNutiWork Error: Get Error with error code: 81192
19:05:55.21-[Error]-PLC Q_Enthernet: Q_Enthernet ReadNutiWork Error: Get Error with error code: 81192
19:05:55.23-[Error]-PLC Q_Enthernet: Q_Enthernet ReadNutiWork Error: Get Error with error code: 81192
19:05:55.26-[Error]-PLC Q_Enthernet: Q_Enthernet ReadNutiWork Error: Get Error with error code: 81192
19:05:55.29-[Error]-PLC Q_Enthernet: Q_Enthernet ReadNutiWork Error: Get Error with error code: 81192
19:05:55.32-[Error]-PLC Q_Enthernet: Q_Enthernet ReadNutiWork Error: Get Error with error code: 81192
19:05:55.35-[Error]-PLC Q_Enthernet: Q_Enthernet ReadNutiWork Error: Get Error with error code: 81192
19:05:55.37-[Error]-PLC Q_Enthernet: Q_Enthernet ReadNutiWork Error: Get Error with error code: 81192
19:05:55.40-[Error]-PLC Q_Enthernet: Q_Enthernet ReadNutiWork Error: Get Error with error code: 81192
19:05:55.42-[Error]-PLC Q_Enthernet: Q_Enthernet ReadNutiWork Error: Get Error with error code: 81192
19:05:55.45-[Error]-PLC Q_Enthernet: Q_Enthernet ReadNutiWork Error: Get Error with error code: 81192
19:05:55.46-[Error]-PLC Q_Enthernet: Q_Enthernet ReadNutiWork Error: Get Error with error code: 81192
19:05:55.47-[Error]-PLC Q_Enthernet: Q_Enthernet ReadNutiWork Error: Get Error with error code: 81192
19:05:55.49-[Error]-PLC Q_Enthernet: Q_Enthernet ReadNutiWork Error: Get Error with error code: 81192
19:05:55.51-[Error]-PLC Q_Enthernet: Q_Enthernet ReadNutiWork Error: Get Error with error code: 81192
19:05:55.54-[Error]-PLC Q_Enthernet: Q_Enthernet ReadNutiWork Error: Get Error with error code: 81192
19:05:55.56-[Error]-PLC Q_Enthernet: Q_Enthernet ReadNutiWork Error: Get Error with error code: 81192
19:05:55.57-[Error]-PLC Q_Enthernet: Q_Enthernet ReadNutiWork Error: Get Error with error code: 81192
19:05:55.60-[Error]-PLC Q_Enthernet: Q_Enthernet ReadNutiWork Error: Get Error with error code: 81192
19:05:55.62-[Error]-PLC Q_Enthernet: Q_Enthernet ReadNutiWork Error: Get Error with error code: 81192
19:05:55.65-[Error]-PLC Q_Enthernet: Q_Enthernet ReadNutiWork Error: Get Error with error code: 81192
19:05:55.67-[Error]-PLC Q_Enthernet: Q_Enthernet ReadNutiWork Error: Get Error with error code: 81192
19:05:55.70-[Error]-PLC Q_Enthernet: Q_Enthernet ReadNutiWork Error: Get Error with error code: 81192
19:05:55.72-[Error]-PLC Q_Enthernet: Q_Enthernet ReadNutiWork Error: Get Error with error code: 81192
19:05:55.74-[Error]-PLC Q_Enthernet: Q_Enthernet ReadNutiWork Error: Get Error with error code: 81192
19:05:55.76-[Error]-PLC Q_Enthernet: Q_Enthernet ReadNutiWork Error: Get Error with error code: 81192
19:05:55.77-[Error]-PLC Q_Enthernet: Q_Enthernet ReadNutiWork Error: Get Error with error code: 81192
19:05:55.79-[Error]-PLC Q_Enthernet: Q_Enthernet ReadNutiWork Error: Get Error with error code: 81192
19:05:55.81-[Error]-PLC Q_Enthernet: Q_Enthernet ReadNutiWork Error: Get Error with error code: 81192
19:05:55.82-[Error]-PLC Q_Enthernet: Q_Enthernet ReadNutiWork Error: Get Error with error code: 81192
19:05:55.85-[Error]-PLC Q_Enthernet: Q_Enthernet ReadNutiWork Error: Get Error with error code: 81192
19:05:55.87-[Error]-PLC Q_Enthernet: Q_Enthernet ReadNutiWork Error: Get Error with error code: 81192
19:05:55.88-[Error]-PLC Q_Enthernet: Q_Enthernet ReadNutiWork Error: Get Error with error code: 81192
19:05:55.90-[Error]-PLC Q_Enthernet: Q_Enthernet ReadNutiWork Error: Get Error with error code: 81192
19:05:55.93-[Error]-PLC Q_Enthernet: Q_Enthernet ReadNutiWork Error: Get Error with error code: 81192
19:05:55.94-[Error]-PLC Q_Enthernet: Q_Enthernet ReadNutiWork Error: Get Error with error code: 81192
19:05:55.96-[Error]-PLC Q_Enthernet: Q_Enthernet ReadNutiWork Error: Get Error with error code: 81192
19:05:55.97-[Error]-PLC Q_Enthernet: Q_Enthernet ReadNutiWork Error: Get Error with error code: 81192
19:05:55.99-[Error]-PLC Q_Enthernet: Q_Enthernet ReadNutiWork Error: Get Error with error code: 81192
19:05:56.01-[Error]-PLC Q_Enthernet: Q_Enthernet ReadNutiWork Error: Get Error with error code: 81192
19:05:56.02-[Error]-PLC Q_Enthernet: Q_Enthernet ReadNutiWork Error: Get Error with error code: 81192
19:05:56.04-[Error]-PLC Q_Enthernet: Q_Enthernet ReadNutiWork Error: Get Error with error code: 81192
19:05:56.07-[Error]-PLC Q_Enthernet: Q_Enthernet ReadNutiWork Error: Get Error with error code: 81192
19:05:56.09-[Error]-PLC Q_Enthernet: Q_Enthernet ReadNutiWork Error: Get Error with error code: 81192
19:05:56.10-[Error]-PLC Q_Enthernet: Q_Enthernet ReadNutiWork Error: Get Error with error code: 81192
19:05:56.13-[Error]-PLC Q_Enthernet: Q_Enthernet ReadNutiWork Error: Get Error with error code: 81192
19:05:56.15-[Error]-PLC Q_Enthernet: Q_Enthernet ReadNutiWork Error: Get Error with error code: 81192
19:05:56.16-[Error]-PLC Q_Enthernet: Q_Enthernet ReadNutiWork Error: Get Error with error code: 81192
19:05:56.18-[Error]-PLC Q_Enthernet: Q_Enthernet ReadNutiWork Error: Get Error with error code: 81192
19:05:56.21-[Error]-PLC Q_Enthernet: Q_Enthernet ReadNutiWork Error: Get Error with error code: 81192
19:05:56.22-[Error]-PLC Q_Enthernet: Q_Enthernet ReadNutiWork Error: Get Error with error code: 81192
19:05:56.24-[Error]-PLC Q_Enthernet: Q_Enthernet ReadNutiWork Error: Get Error with error code: 81192
19:05:56.27-[Error]-PLC Q_Enthernet: Q_Enthernet ReadNutiWork Error: Get Error with error code: 81192
19:05:56.29-[Error]-PLC Q_Enthernet: Q_Enthernet ReadNutiWork Error: Get Error with error code: 81192
19:05:56.31-[Error]-PLC Q_Enthernet: Q_Enthernet ReadNutiWork Error: Get Error with error code: 81192
19:05:56.32-[Error]-PLC Q_Enthernet: Q_Enthernet ReadNutiWork Error: Get Error with error code: 81192
19:05:56.35-[Error]-PLC Q_Enthernet: Q_Enthernet ReadNutiWork Error: Get Error with error code: 81192
19:05:56.37-[Error]-PLC Q_Enthernet: Q_Enthernet ReadNutiWork Error: Get Error with error code: 81192
19:05:56.38-[Error]-PLC Q_Enthernet: Q_Enthernet ReadNutiWork Error: Get Error with error code: 81192
19:05:56.40-[Error]-PLC Q_Enthernet: Q_Enthernet ReadNutiWork Error: Get Error with error code: 81192
19:05:56.41-[Error]-PLC Q_Enthernet: Q_Enthernet ReadNutiWork Error: Get Error with error code: 81192
19:05:56.43-[Error]-PLC Q_Enthernet: Q_Enthernet ReadNutiWork Error: Get Error with error code: 81192
19:05:56.45-[Error]-PLC Q_Enthernet: Q_Enthernet ReadNutiWork Error: Get Error with error code: 81192
19:05:56.46-[Error]-PLC Q_Enthernet: Q_Enthernet ReadNutiWork Error: Get Error with error code: 81192
19:05:56.49-[Error]-PLC Q_Enthernet: Q_Enthernet ReadNutiWork Error: Get Error with error code: 81192
19:05:56.51-[Error]-PLC Q_Enthernet: Q_Enthernet ReadNutiWork Error: Get Error with error code: 81192
19:05:56.53-[Error]-PLC Q_Enthernet: Q_Enthernet ReadNutiWork Error: Get Error with error code: 81192
19:05:56.55-[Error]-PLC Q_Enthernet: Q_Enthernet ReadNutiWork Error: Get Error with error code: 81192
19:05:56.57-[Error]-PLC Q_Enthernet: Q_Enthernet ReadNutiWork Error: Get Error with error code: 81192
19:05:56.58-[Error]-PLC Q_Enthernet: Q_Enthernet ReadNutiWork Error: Get Error with error code: 81192
19:05:56.60-[Error]-PLC Q_Enthernet: Q_Enthernet ReadNutiWork Error: Get Error with error code: 81192
19:05:56.62-[Error]-PLC Q_Enthernet: Q_Enthernet ReadNutiWork Error: Get Error with error code: 81192
19:05:56.65-[Error]-PLC Q_Enthernet: Q_Enthernet ReadNutiWork Error: Get Error with error code: 81192
19:05:56.67-[Error]-PLC Q_Enthernet: Q_Enthernet ReadNutiWork Error: Get Error with error code: 81192
19:05:56.69-[Error]-PLC Q_Enthernet: Q_Enthernet ReadNutiWork Error: Get Error with error code: 81192
19:05:56.71-[Error]-PLC Q_Enthernet: Q_Enthernet ReadNutiWork Error: Get Error with error code: 81192
19:05:56.73-[Error]-PLC Q_Enthernet: Q_Enthernet ReadNutiWork Error: Get Error with error code: 81192
19:05:56.75-[Error]-PLC Q_Enthernet: Q_Enthernet ReadNutiWork Error: Get Error with error code: 81192
19:05:56.77-[Error]-PLC Q_Enthernet: Q_Enthernet ReadNutiWork Error: Get Error with error code: 81192
19:05:56.79-[Error]-PLC Q_Enthernet: Q_Enthernet ReadNutiWork Error: Get Error with error code: 81192
19:05:56.80-[Error]-PLC Q_Enthernet: Q_Enthernet ReadNutiWork Error: Get Error with error code: 81192
19:05:56.82-[Error]-PLC Q_Enthernet: Q_Enthernet ReadNutiWork Error: Get Error with error code: 81192
19:05:56.84-[Error]-PLC Q_Enthernet: Q_Enthernet ReadNutiWork Error: Get Error with error code: 81192
19:05:56.85-[Error]-PLC Q_Enthernet: Q_Enthernet ReadNutiWork Error: Get Error with error code: 81192
19:05:56.87-[Error]-PLC Q_Enthernet: Q_Enthernet ReadNutiWork Error: Get Error with error code: 81192
19:05:56.88-[Error]-PLC Q_Enthernet: Q_Enthernet ReadNutiWork Error: Get Error with error code: 81192
19:05:56.90-[Error]-PLC Q_Enthernet: Q_Enthernet ReadNutiWork Error: Get Error with error code: 81192
19:05:56.91-[Error]-PLC Q_Enthernet: Q_Enthernet ReadNutiWork Error: Get Error with error code: 81192
19:05:56.93-[Error]-PLC Q_Enthernet: Q_Enthernet ReadNutiWork Error: Get Error with error code: 81192
19:05:56.94-[Error]-PLC Q_Enthernet: Q_Enthernet ReadNutiWork Error: Get Error with error code: 81192
19:05:56.96-[Error]-PLC Q_Enthernet: Q_Enthernet ReadNutiWork Error: Get Error with error code: 81192
19:05:56.99-[Error]-PLC Q_Enthernet: Q_Enthernet ReadNutiWork Error: Get Error with error code: 81192
19:05:57.01-[Error]-PLC Q_Enthernet: Q_Enthernet ReadNutiWork Error: Get Error with error code: 81192
19:05:57.02-[Error]-PLC Q_Enthernet: Q_Enthernet ReadNutiWork Error: Get Error with error code: 81192
19:05:57.04-[Error]-PLC Q_Enthernet: Q_Enthernet ReadNutiWork Error: Get Error with error code: 81192
19:05:57.07-[Error]-PLC Q_Enthernet: Q_Enthernet ReadNutiWork Error: Get Error with error code: 81192
19:05:57.09-[Error]-PLC Q_Enthernet: Q_Enthernet ReadNutiWork Error: Get Error with error code: 81192
19:05:57.12-[Error]-PLC Q_Enthernet: Q_Enthernet ReadNutiWork Error: Get Error with error code: 81192
19:05:57.13-[Error]-PLC Q_Enthernet: Q_Enthernet ReadNutiWork Error: Get Error with error code: 81192
19:05:57.15-[Error]-PLC Q_Enthernet: Q_Enthernet ReadNutiWork Error: Get Error with error code: 81192
19:05:57.17-[Error]-PLC Q_Enthernet: Q_Enthernet ReadNutiWork Error: Get Error with error code: 81192
19:05:57.19-[Error]-PLC Q_Enthernet: Q_Enthernet ReadNutiWork Error: Get Error with error code: 81192
19:05:57.21-[Error]-PLC Q_Enthernet: Q_Enthernet ReadNutiWork Error: Get Error with error code: 81192
19:05:57.23-[Error]-PLC Q_Enthernet: Q_Enthernet ReadNutiWork Error: Get Error with error code: 81192
19:05:57.24-[Error]-PLC Q_Enthernet: Q_Enthernet ReadNutiWork Error: Get Error with error code: 81192
19:05:57.28-[Error]-PLC Q_Enthernet: Q_Enthernet ReadNutiWork Error: Get Error with error code: 81192
19:05:57.31-[Error]-PLC Q_Enthernet: Q_Enthernet ReadNutiWork Error: Get Error with error code: 81192
19:05:57.34-[Error]-PLC Q_Enthernet: Q_Enthernet ReadNutiWork Error: Get Error with error code: 81192
19:05:57.35-[Error]-PLC Q_Enthernet: Q_Enthernet ReadNutiWork Error: Get Error with error code: 81192
19:05:57.38-[Error]-PLC Q_Enthernet: Q_Enthernet ReadNutiWork Error: Get Error with error code: 81192
19:05:57.40-[Error]-PLC Q_Enthernet: Q_Enthernet ReadNutiWork Error: Get Error with error code: 81192
19:05:57.43-[Error]-PLC Q_Enthernet: Q_Enthernet ReadNutiWork Error: Get Error with error code: 81192
19:05:57.46-[Error]-PLC Q_Enthernet: Q_Enthernet ReadNutiWork Error: Get Error with error code: 81192
19:05:57.48-[Error]-PLC Q_Enthernet: Q_Enthernet ReadNutiWork Error: Get Error with error code: 81192
19:05:57.49-[Error]-PLC Q_Enthernet: Q_Enthernet ReadNutiWork Error: Get Error with error code: 81192
19:05:57.51-[Error]-PLC Q_Enthernet: Q_Enthernet ReadNutiWork Error: Get Error with error code: 81192
19:05:57.54-[Error]-PLC Q_Enthernet: Q_Enthernet ReadNutiWork Error: Get Error with error code: 81192
19:05:57.57-[Error]-PLC Q_Enthernet: Q_Enthernet ReadNutiWork Error: Get Error with error code: 81192
19:05:57.59-[Error]-PLC Q_Enthernet: Q_Enthernet ReadNutiWork Error: Get Error with error code: 81192
19:05:57.60-[Error]-PLC Q_Enthernet: Q_Enthernet ReadNutiWork Error: Get Error with error code: 81192
19:05:57.63-[Error]-PLC Q_Enthernet: Q_Enthernet ReadNutiWork Error: Get Error with error code: 81192
19:05:57.65-[Error]-PLC Q_Enthernet: Q_Enthernet ReadNutiWork Error: Get Error with error code: 81192
19:05:57.68-[Error]-PLC Q_Enthernet: Q_Enthernet ReadNutiWork Error: Get Error with error code: 81192
19:05:57.70-[Error]-PLC Q_Enthernet: Q_Enthernet ReadNutiWork Error: Get Error with error code: 81192
19:05:57.71-[Error]-PLC Q_Enthernet: Q_Enthernet ReadNutiWork Error: Get Error with error code: 81192
19:05:57.74-[Error]-PLC Q_Enthernet: Q_Enthernet ReadNutiWork Error: Get Error with error code: 81192
19:05:57.76-[Error]-PLC Q_Enthernet: Q_Enthernet ReadNutiWork Error: Get Error with error code: 81192
19:05:57.79-[Error]-PLC Q_Enthernet: Q_Enthernet ReadNutiWork Error: Get Error with error code: 81192
19:05:57.81-[Error]-PLC Q_Enthernet: Q_Enthernet ReadNutiWork Error: Get Error with error code: 81192
19:05:57.84-[Error]-PLC Q_Enthernet: Q_Enthernet ReadNutiWork Error: Get Error with error code: 81192
19:05:57.87-[Error]-PLC Q_Enthernet: Q_Enthernet ReadNutiWork Error: Get Error with error code: 81192
19:06:01.16-[Information]-UserManager: LogOn: AutoTeams/itm
19:06:09.38-[Error]-PLC Q_Enthernet: Q_Enthernet ReadNutiWork Error: Get Error with error code: 81192
19:06:09.40-[Error]-PLC Q_Enthernet: Q_Enthernet ReadNutiWork Error: Get Error with error code: 81192
19:06:09.43-[Error]-PLC Q_Enthernet: Q_Enthernet ReadNutiWork Error: Get Error with error code: 81192
19:06:09.46-[Error]-PLC Q_Enthernet: Q_Enthernet ReadNutiWork Error: Get Error with error code: 81192
19:06:09.50-[Error]-PLC Q_Enthernet: Q_Enthernet ReadNutiWork Error: Get Error with error code: 81192
19:06:09.52-[Error]-PLC Q_Enthernet: Q_Enthernet ReadNutiWork Error: Get Error with error code: 81192
19:06:09.54-[Error]-PLC Q_Enthernet: Q_Enthernet ReadNutiWork Error: Get Error with error code: 81192
19:06:09.56-[Error]-PLC Q_Enthernet: Q_Enthernet ReadNutiWork Error: Get Error with error code: 81192
19:06:09.59-[Error]-PLC Q_Enthernet: Q_Enthernet ReadNutiWork Error: Get Error with error code: 81192
19:06:09.60-[Error]-PLC Q_Enthernet: Q_Enthernet ReadNutiWork Error: Get Error with error code: 81192
19:06:09.63-[Error]-PLC Q_Enthernet: Q_Enthernet ReadNutiWork Error: Get Error with error code: 81192
19:06:09.65-[Error]-PLC Q_Enthernet: Q_Enthernet ReadNutiWork Error: Get Error with error code: 81192
19:06:09.68-[Error]-PLC Q_Enthernet: Q_Enthernet ReadNutiWork Error: Get Error with error code: 81192
19:06:09.69-[Error]-PLC Q_Enthernet: Q_Enthernet ReadNutiWork Error: Get Error with error code: 81192
19:06:09.71-[Error]-PLC Q_Enthernet: Q_Enthernet ReadNutiWork Error: Get Error with error code: 81192
19:06:09.74-[Error]-PLC Q_Enthernet: Q_Enthernet ReadNutiWork Error: Get Error with error code: 81192
19:06:09.77-[Error]-PLC Q_Enthernet: Q_Enthernet ReadNutiWork Error: Get Error with error code: 81192
19:06:09.79-[Error]-PLC Q_Enthernet: Q_Enthernet ReadNutiWork Error: Get Error with error code: 81192
19:06:09.81-[Error]-PLC Q_Enthernet: Q_Enthernet ReadNutiWork Error: Get Error with error code: 81192
19:06:09.82-[Error]-PLC Q_Enthernet: Q_Enthernet ReadNutiWork Error: Get Error with error code: 81192
19:06:09.83-[Error]-PLC Q_Enthernet: Q_Enthernet ReadNutiWork Error: Get Error with error code: 81192
19:06:09.85-[Error]-PLC Q_Enthernet: Q_Enthernet ReadNutiWork Error: Get Error with error code: 81192
19:06:09.87-[Error]-PLC Q_Enthernet: Q_Enthernet ReadNutiWork Error: Get Error with error code: 81192
19:06:09.90-[Error]-PLC Q_Enthernet: Q_Enthernet ReadNutiWork Error: Get Error with error code: 81192
19:06:09.92-[Error]-PLC Q_Enthernet: Q_Enthernet ReadNutiWork Error: Get Error with error code: 81192
19:06:09.94-[Error]-PLC Q_Enthernet: Q_Enthernet ReadNutiWork Error: Get Error with error code: 81192
19:06:09.96-[Error]-PLC Q_Enthernet: Q_Enthernet ReadNutiWork Error: Get Error with error code: 81192
19:06:09.98-[Error]-PLC Q_Enthernet: Q_Enthernet ReadNutiWork Error: Get Error with error code: 81192
19:06:10.01-[Error]-PLC Q_Enthernet: Q_Enthernet ReadNutiWork Error: Get Error with error code: 81192
19:06:10.03-[Error]-PLC Q_Enthernet: Q_Enthernet ReadNutiWork Error: Get Error with error code: 81192
19:06:10.05-[Error]-PLC Q_Enthernet: Q_Enthernet ReadNutiWork Error: Get Error with error code: 81192
19:06:10.07-[Error]-PLC Q_Enthernet: Q_Enthernet ReadNutiWork Error: Get Error with error code: 81192
19:06:10.10-[Error]-PLC Q_Enthernet: Q_Enthernet ReadNutiWork Error: Get Error with error code: 81192
19:06:10.12-[Error]-PLC Q_Enthernet: Q_Enthernet ReadNutiWork Error: Get Error with error code: 81192
19:06:10.14-[Error]-PLC Q_Enthernet: Q_Enthernet ReadNutiWork Error: Get Error with error code: 81192
19:06:10.16-[Error]-PLC Q_Enthernet: Q_Enthernet ReadNutiWork Error: Get Error with error code: 81192
19:06:10.18-[Error]-PLC Q_Enthernet: Q_Enthernet ReadNutiWork Error: Get Error with error code: 81192
19:06:10.19-[Error]-PLC Q_Enthernet: Q_Enthernet ReadNutiWork Error: Get Error with error code: 81192
19:06:10.21-[Error]-PLC Q_Enthernet: Q_Enthernet ReadNutiWork Error: Get Error with error code: 81192
19:06:10.23-[Error]-PLC Q_Enthernet: Q_Enthernet ReadNutiWork Error: Get Error with error code: 81192
19:06:10.24-[Error]-PLC Q_Enthernet: Q_Enthernet ReadNutiWork Error: Get Error with error code: 81192
19:06:10.27-[Error]-PLC Q_Enthernet: Q_Enthernet ReadNutiWork Error: Get Error with error code: 81192
19:06:10.29-[Error]-PLC Q_Enthernet: Q_Enthernet ReadNutiWork Error: Get Error with error code: 81192
19:06:10.31-[Error]-PLC Q_Enthernet: Q_Enthernet ReadNutiWork Error: Get Error with error code: 81192
19:06:10.34-[Error]-PLC Q_Enthernet: Q_Enthernet ReadNutiWork Error: Get Error with error code: 81192
19:06:10.37-[Error]-PLC Q_Enthernet: Q_Enthernet ReadNutiWork Error: Get Error with error code: 81192
19:06:10.38-[Error]-PLC Q_Enthernet: Q_Enthernet ReadNutiWork Error: Get Error with error code: 81192
19:06:10.40-[Error]-PLC Q_Enthernet: Q_Enthernet ReadNutiWork Error: Get Error with error code: 81192
19:06:10.41-[Error]-PLC Q_Enthernet: Q_Enthernet ReadNutiWork Error: Get Error with error code: 81192
19:06:10.43-[Error]-PLC Q_Enthernet: Q_Enthernet ReadNutiWork Error: Get Error with error code: 81192
19:06:10.45-[Error]-PLC Q_Enthernet: Q_Enthernet ReadNutiWork Error: Get Error with error code: 81192
19:06:10.46-[Error]-PLC Q_Enthernet: Q_Enthernet ReadNutiWork Error: Get Error with error code: 81192
19:06:10.49-[Error]-PLC Q_Enthernet: Q_Enthernet ReadNutiWork Error: Get Error with error code: 81192
19:06:10.51-[Error]-PLC Q_Enthernet: Q_Enthernet ReadNutiWork Error: Get Error with error code: 81192
19:06:10.52-[Error]-PLC Q_Enthernet: Q_Enthernet ReadNutiWork Error: Get Error with error code: 81192
19:06:10.54-[Error]-PLC Q_Enthernet: Q_Enthernet ReadNutiWork Error: Get Error with error code: 81192
19:06:10.56-[Error]-PLC Q_Enthernet: Q_Enthernet ReadNutiWork Error: Get Error with error code: 81192
19:06:10.59-[Error]-PLC Q_Enthernet: Q_Enthernet ReadNutiWork Error: Get Error with error code: 81192
19:06:10.62-[Error]-PLC Q_Enthernet: Q_Enthernet ReadNutiWork Error: Get Error with error code: 81192
19:06:10.63-[Error]-PLC Q_Enthernet: Q_Enthernet ReadNutiWork Error: Get Error with error code: 81192
19:06:10.65-[Error]-PLC Q_Enthernet: Q_Enthernet ReadNutiWork Error: Get Error with error code: 81192
19:06:10.67-[Error]-PLC Q_Enthernet: Q_Enthernet ReadNutiWork Error: Get Error with error code: 81192
19:06:10.70-[Error]-PLC Q_Enthernet: Q_Enthernet ReadNutiWork Error: Get Error with error code: 81192
19:06:10.71-[Error]-PLC Q_Enthernet: Q_Enthernet ReadNutiWork Error: Get Error with error code: 81192
19:06:10.73-[Error]-PLC Q_Enthernet: Q_Enthernet ReadNutiWork Error: Get Error with error code: 81192
19:06:10.74-[Error]-PLC Q_Enthernet: Q_Enthernet ReadNutiWork Error: Get Error with error code: 81192
19:06:10.78-[Error]-PLC Q_Enthernet: Q_Enthernet ReadNutiWork Error: Get Error with error code: 81192
19:06:10.81-[Error]-PLC Q_Enthernet: Q_Enthernet ReadNutiWork Error: Get Error with error code: 81192
19:06:10.82-[Error]-PLC Q_Enthernet: Q_Enthernet ReadNutiWork Error: Get Error with error code: 81192
19:06:10.84-[Error]-PLC Q_Enthernet: Q_Enthernet ReadNutiWork Error: Get Error with error code: 81192
19:06:10.85-[Error]-PLC Q_Enthernet: Q_Enthernet ReadNutiWork Error: Get Error with error code: 81192
19:06:10.88-[Error]-PLC Q_Enthernet: Q_Enthernet ReadNutiWork Error: Get Error with error code: 81192
19:06:10.90-[Error]-PLC Q_Enthernet: Q_Enthernet ReadNutiWork Error: Get Error with error code: 81192
19:06:10.93-[Error]-PLC Q_Enthernet: Q_Enthernet ReadNutiWork Error: Get Error with error code: 81192
19:06:10.95-[Error]-PLC Q_Enthernet: Q_Enthernet ReadNutiWork Error: Get Error with error code: 81192
19:06:10.96-[Error]-PLC Q_Enthernet: Q_Enthernet ReadNutiWork Error: Get Error with error code: 81192
19:06:10.99-[Error]-PLC Q_Enthernet: Q_Enthernet ReadNutiWork Error: Get Error with error code: 81192
19:06:11.03-[Error]-PLC Q_Enthernet: Q_Enthernet ReadNutiWork Error: Get Error with error code: 81192
19:06:11.06-[Error]-PLC Q_Enthernet: Q_Enthernet ReadNutiWork Error: Get Error with error code: 81192
19:06:11.09-[Error]-PLC Q_Enthernet: Q_Enthernet ReadNutiWork Error: Get Error with error code: 81192
19:06:11.12-[Error]-PLC Q_Enthernet: Q_Enthernet ReadNutiWork Error: Get Error with error code: 81192
19:06:11.15-[Error]-PLC Q_Enthernet: Q_Enthernet ReadNutiWork Error: Get Error with error code: 81192
19:06:11.17-[Error]-PLC Q_Enthernet: Q_Enthernet ReadNutiWork Error: Get Error with error code: 81192
19:06:11.20-[Error]-PLC Q_Enthernet: Q_Enthernet ReadNutiWork Error: Get Error with error code: 81192
19:06:11.21-[Error]-PLC Q_Enthernet: Q_Enthernet ReadNutiWork Error: Get Error with error code: 81192
19:06:11.23-[Error]-PLC Q_Enthernet: Q_Enthernet ReadNutiWork Error: Get Error with error code: 81192
19:06:11.26-[Error]-PLC Q_Enthernet: Q_Enthernet ReadNutiWork Error: Get Error with error code: 81192
19:06:11.29-[Error]-PLC Q_Enthernet: Q_Enthernet ReadNutiWork Error: Get Error with error code: 81192
19:06:11.32-[Error]-PLC Q_Enthernet: Q_Enthernet ReadNutiWork Error: Get Error with error code: 81192
19:06:11.34-[Error]-PLC Q_Enthernet: Q_Enthernet ReadNutiWork Error: Get Error with error code: 81192
19:06:11.35-[Error]-PLC Q_Enthernet: Q_Enthernet ReadNutiWork Error: Get Error with error code: 81192
19:06:11.37-[Error]-PLC Q_Enthernet: Q_Enthernet ReadNutiWork Error: Get Error with error code: 81192
19:06:11.40-[Error]-PLC Q_Enthernet: Q_Enthernet ReadNutiWork Error: Get Error with error code: 81192
19:06:11.43-[Error]-PLC Q_Enthernet: Q_Enthernet ReadNutiWork Error: Get Error with error code: 81192
19:06:11.46-[Error]-PLC Q_Enthernet: Q_Enthernet ReadNutiWork Error: Get Error with error code: 81192
19:06:11.48-[Error]-PLC Q_Enthernet: Q_Enthernet ReadNutiWork Error: Get Error with error code: 81192
19:06:11.51-[Error]-PLC Q_Enthernet: Q_Enthernet ReadNutiWork Error: Get Error with error code: 81192
19:06:11.52-[Error]-PLC Q_Enthernet: Q_Enthernet ReadNutiWork Error: Get Error with error code: 81192
19:06:11.54-[Error]-PLC Q_Enthernet: Q_Enthernet ReadNutiWork Error: Get Error with error code: 81192
19:06:11.56-[Error]-PLC Q_Enthernet: Q_Enthernet ReadNutiWork Error: Get Error with error code: 81192
19:06:11.57-[Error]-PLC Q_Enthernet: Q_Enthernet ReadNutiWork Error: Get Error with error code: 81192
19:06:11.60-[Error]-PLC Q_Enthernet: Q_Enthernet ReadNutiWork Error: Get Error with error code: 81192
19:06:11.62-[Error]-PLC Q_Enthernet: Q_Enthernet ReadNutiWork Error: Get Error with error code: 81192
19:06:11.65-[Error]-PLC Q_Enthernet: Q_Enthernet ReadNutiWork Error: Get Error with error code: 81192
19:06:11.67-[Error]-PLC Q_Enthernet: Q_Enthernet ReadNutiWork Error: Get Error with error code: 81192
19:06:11.70-[Error]-PLC Q_Enthernet: Q_Enthernet ReadNutiWork Error: Get Error with error code: 81192
19:06:11.73-[Error]-PLC Q_Enthernet: Q_Enthernet ReadNutiWork Error: Get Error with error code: 81192
19:06:11.74-[Error]-PLC Q_Enthernet: Q_Enthernet ReadNutiWork Error: Get Error with error code: 81192
19:06:11.77-[Error]-PLC Q_Enthernet: Q_Enthernet ReadNutiWork Error: Get Error with error code: 81192
19:06:11.79-[Error]-PLC Q_Enthernet: Q_Enthernet ReadNutiWork Error: Get Error with error code: 81192
19:06:11.82-[Error]-PLC Q_Enthernet: Q_Enthernet ReadNutiWork Error: Get Error with error code: 81192
19:06:11.84-[Error]-PLC Q_Enthernet: Q_Enthernet ReadNutiWork Error: Get Error with error code: 81192
19:06:11.87-[Error]-PLC Q_Enthernet: Q_Enthernet ReadNutiWork Error: Get Error with error code: 81192
19:06:11.88-[Error]-PLC Q_Enthernet: Q_Enthernet ReadNutiWork Error: Get Error with error code: 81192
19:06:11.92-[Error]-PLC Q_Enthernet: Q_Enthernet ReadNutiWork Error: Get Error with error code: 81192
19:06:12.33-[Error]-PLC Q_Enthernet: Q_Enthernet ReadNutiWork Error: Get Error with error code: 81192
19:06:12.35-[Error]-PLC Q_Enthernet: Q_Enthernet ReadNutiWork Error: Get Error with error code: 81192
19:06:12.38-[Error]-PLC Q_Enthernet: Q_Enthernet ReadNutiWork Error: Get Error with error code: 81192
19:06:12.40-[Error]-PLC Q_Enthernet: Q_Enthernet ReadNutiWork Error: Get Error with error code: 81192
19:06:12.41-[Error]-PLC Q_Enthernet: Q_Enthernet ReadNutiWork Error: Get Error with error code: 81192
19:06:12.43-[Error]-PLC Q_Enthernet: Q_Enthernet ReadNutiWork Error: Get Error with error code: 81192
19:06:12.44-[Error]-PLC Q_Enthernet: Q_Enthernet ReadNutiWork Error: Get Error with error code: 81192
19:06:12.46-[Error]-PLC Q_Enthernet: Q_Enthernet ReadNutiWork Error: Get Error with error code: 81192
19:06:12.49-[Error]-PLC Q_Enthernet: Q_Enthernet ReadNutiWork Error: Get Error with error code: 81192
19:06:12.51-[Error]-PLC Q_Enthernet: Q_Enthernet ReadNutiWork Error: Get Error with error code: 81192
19:06:12.52-[Error]-PLC Q_Enthernet: Q_Enthernet ReadNutiWork Error: Get Error with error code: 81192
19:06:12.54-[Error]-PLC Q_Enthernet: Q_Enthernet ReadNutiWork Error: Get Error with error code: 81192
19:06:12.55-[Error]-PLC Q_Enthernet: Q_Enthernet ReadNutiWork Error: Get Error with error code: 81192
19:06:12.57-[Error]-PLC Q_Enthernet: Q_Enthernet ReadNutiWork Error: Get Error with error code: 81192
19:06:12.59-[Error]-PLC Q_Enthernet: Q_Enthernet ReadNutiWork Error: Get Error with error code: 81192
19:06:12.62-[Error]-PLC Q_Enthernet: Q_Enthernet ReadNutiWork Error: Get Error with error code: 81192
19:06:12.64-[Error]-PLC Q_Enthernet: Q_Enthernet ReadNutiWork Error: Get Error with error code: 81192
19:06:12.67-[Error]-PLC Q_Enthernet: Q_Enthernet ReadNutiWork Error: Get Error with error code: 81192
19:06:12.71-[Error]-PLC Q_Enthernet: Q_Enthernet ReadNutiWork Error: Get Error with error code: 81192
19:06:12.74-[Error]-PLC Q_Enthernet: Q_Enthernet ReadNutiWork Error: Get Error with error code: 81192
19:06:12.76-[Error]-PLC Q_Enthernet: Q_Enthernet ReadNutiWork Error: Get Error with error code: 81192
19:06:12.79-[Error]-PLC Q_Enthernet: Q_Enthernet ReadNutiWork Error: Get Error with error code: 81192
19:06:12.82-[Error]-PLC Q_Enthernet: Q_Enthernet ReadNutiWork Error: Get Error with error code: 81192
19:06:12.84-[Error]-PLC Q_Enthernet: Q_Enthernet ReadNutiWork Error: Get Error with error code: 81192
19:06:12.87-[Error]-PLC Q_Enthernet: Q_Enthernet ReadNutiWork Error: Get Error with error code: 81192
19:06:12.89-[Error]-PLC Q_Enthernet: Q_Enthernet ReadNutiWork Error: Get Error with error code: 81192
19:06:12.92-[Error]-PLC Q_Enthernet: Q_Enthernet ReadNutiWork Error: Get Error with error code: 81192
19:06:12.95-[Error]-PLC Q_Enthernet: Q_Enthernet ReadNutiWork Error: Get Error with error code: 81192
19:06:12.98-[Error]-PLC Q_Enthernet: Q_Enthernet ReadNutiWork Error: Get Error with error code: 81192
19:06:13.01-[Error]-PLC Q_Enthernet: Q_Enthernet ReadNutiWork Error: Get Error with error code: 81192
19:06:13.04-[Error]-PLC Q_Enthernet: Q_Enthernet ReadNutiWork Error: Get Error with error code: 81192
19:06:13.07-[Error]-PLC Q_Enthernet: Q_Enthernet ReadNutiWork Error: Get Error with error code: 81192
19:06:13.11-[Error]-PLC Q_Enthernet: Q_Enthernet ReadNutiWork Error: Get Error with error code: 81192
19:06:13.13-[Error]-PLC Q_Enthernet: Q_Enthernet ReadNutiWork Error: Get Error with error code: 81192
19:06:13.17-[Error]-PLC Q_Enthernet: Q_Enthernet ReadNutiWork Error: Get Error with error code: 81192
19:06:13.20-[Error]-PLC Q_Enthernet: Q_Enthernet ReadNutiWork Error: Get Error with error code: 81192
19:06:13.22-[Error]-PLC Q_Enthernet: Q_Enthernet ReadNutiWork Error: Get Error with error code: 81192
19:06:13.24-[Error]-PLC Q_Enthernet: Q_Enthernet ReadNutiWork Error: Get Error with error code: 81192
19:06:13.27-[Error]-PLC Q_Enthernet: Q_Enthernet ReadNutiWork Error: Get Error with error code: 81192
19:06:13.29-[Error]-PLC Q_Enthernet: Q_Enthernet ReadNutiWork Error: Get Error with error code: 81192
19:06:13.32-[Error]-PLC Q_Enthernet: Q_Enthernet ReadNutiWork Error: Get Error with error code: 81192
19:06:13.35-[Error]-PLC Q_Enthernet: Q_Enthernet ReadNutiWork Error: Get Error with error code: 81192
19:06:13.37-[Error]-PLC Q_Enthernet: Q_Enthernet ReadNutiWork Error: Get Error with error code: 81192
19:06:13.40-[Error]-PLC Q_Enthernet: Q_Enthernet ReadNutiWork Error: Get Error with error code: 81192
19:06:13.42-[Error]-PLC Q_Enthernet: Q_Enthernet ReadNutiWork Error: Get Error with error code: 81192
19:06:13.45-[Error]-PLC Q_Enthernet: Q_Enthernet ReadNutiWork Error: Get Error with error code: 81192
19:06:13.48-[Error]-PLC Q_Enthernet: Q_Enthernet ReadNutiWork Error: Get Error with error code: 81192
19:06:13.49-[Error]-PLC Q_Enthernet: Q_Enthernet ReadNutiWork Error: Get Error with error code: 81192
19:06:13.51-[Error]-PLC Q_Enthernet: Q_Enthernet ReadNutiWork Error: Get Error with error code: 81192
19:06:13.53-[Error]-PLC Q_Enthernet: Q_Enthernet ReadNutiWork Error: Get Error with error code: 81192
19:06:13.56-[Error]-PLC Q_Enthernet: Q_Enthernet ReadNutiWork Error: Get Error with error code: 81192
19:06:13.57-[Error]-PLC Q_Enthernet: Q_Enthernet ReadNutiWork Error: Get Error with error code: 81192
19:06:13.60-[Error]-PLC Q_Enthernet: Q_Enthernet ReadNutiWork Error: Get Error with error code: 81192
19:06:13.64-[Error]-PLC Q_Enthernet: Q_Enthernet ReadNutiWork Error: Get Error with error code: 81192
19:06:13.67-[Error]-PLC Q_Enthernet: Q_Enthernet ReadNutiWork Error: Get Error with error code: 81192
19:06:13.70-[Error]-PLC Q_Enthernet: Q_Enthernet ReadNutiWork Error: Get Error with error code: 81192
19:06:13.73-[Error]-PLC Q_Enthernet: Q_Enthernet ReadNutiWork Error: Get Error with error code: 81192
19:06:13.76-[Error]-PLC Q_Enthernet: Q_Enthernet ReadNutiWork Error: Get Error with error code: 81192
19:06:13.79-[Error]-PLC Q_Enthernet: Q_Enthernet ReadNutiWork Error: Get Error with error code: 81192
19:06:13.82-[Error]-PLC Q_Enthernet: Q_Enthernet ReadNutiWork Error: Get Error with error code: 81192
19:06:13.86-[Error]-PLC Q_Enthernet: Q_Enthernet ReadNutiWork Error: Get Error with error code: 81192
19:06:13.88-[Error]-PLC Q_Enthernet: Q_Enthernet ReadNutiWork Error: Get Error with error code: 81192
19:06:13.92-[Error]-PLC Q_Enthernet: Q_Enthernet ReadNutiWork Error: Get Error with error code: 81192
19:06:13.94-[Error]-PLC Q_Enthernet: Q_Enthernet ReadNutiWork Error: Get Error with error code: 81192
19:06:13.96-[Error]-PLC Q_Enthernet: Q_Enthernet ReadNutiWork Error: Get Error with error code: 81192
19:06:13.99-[Error]-PLC Q_Enthernet: Q_Enthernet ReadNutiWork Error: Get Error with error code: 81192
19:06:14.01-[Error]-PLC Q_Enthernet: Q_Enthernet ReadNutiWork Error: Get Error with error code: 81192
19:06:14.04-[Error]-PLC Q_Enthernet: Q_Enthernet ReadNutiWork Error: Get Error with error code: 81192
19:06:14.07-[Error]-PLC Q_Enthernet: Q_Enthernet ReadNutiWork Error: Get Error with error code: 81192
19:06:14.10-[Error]-PLC Q_Enthernet: Q_Enthernet ReadNutiWork Error: Get Error with error code: 81192
19:06:14.12-[Error]-PLC Q_Enthernet: Q_Enthernet ReadNutiWork Error: Get Error with error code: 81192
19:06:14.15-[Error]-PLC Q_Enthernet: Q_Enthernet ReadNutiWork Error: Get Error with error code: 81192
19:06:14.18-[Error]-PLC Q_Enthernet: Q_Enthernet ReadNutiWork Error: Get Error with error code: 81192
19:06:14.20-[Error]-PLC Q_Enthernet: Q_Enthernet ReadNutiWork Error: Get Error with error code: 81192
19:06:14.21-[Error]-PLC Q_Enthernet: Q_Enthernet ReadNutiWork Error: Get Error with error code: 81192
19:06:14.24-[Error]-PLC Q_Enthernet: Q_Enthernet ReadNutiWork Error: Get Error with error code: 81192
19:06:14.26-[Error]-PLC Q_Enthernet: Q_Enthernet ReadNutiWork Error: Get Error with error code: 81192
19:06:14.29-[Error]-PLC Q_Enthernet: Q_Enthernet ReadNutiWork Error: Get Error with error code: 81192
19:06:14.32-[Error]-PLC Q_Enthernet: Q_Enthernet ReadNutiWork Error: Get Error with error code: 81192
19:06:14.35-[Error]-PLC Q_Enthernet: Q_Enthernet ReadNutiWork Error: Get Error with error code: 81192
19:06:14.38-[Error]-PLC Q_Enthernet: Q_Enthernet ReadNutiWork Error: Get Error with error code: 81192
19:06:14.40-[Error]-PLC Q_Enthernet: Q_Enthernet ReadNutiWork Error: Get Error with error code: 81192
19:06:14.43-[Error]-PLC Q_Enthernet: Q_Enthernet ReadNutiWork Error: Get Error with error code: 81192
19:06:14.45-[Error]-PLC Q_Enthernet: Q_Enthernet ReadNutiWork Error: Get Error with error code: 81192
19:06:14.48-[Error]-PLC Q_Enthernet: Q_Enthernet ReadNutiWork Error: Get Error with error code: 81192
19:06:14.49-[Error]-PLC Q_Enthernet: Q_Enthernet ReadNutiWork Error: Get Error with error code: 81192
19:06:14.51-[Error]-PLC Q_Enthernet: Q_Enthernet ReadNutiWork Error: Get Error with error code: 81192
19:06:14.54-[Error]-PLC Q_Enthernet: Q_Enthernet ReadNutiWork Error: Get Error with error code: 81192
19:06:14.57-[Error]-PLC Q_Enthernet: Q_Enthernet ReadNutiWork Error: Get Error with error code: 81192
19:06:14.59-[Error]-PLC Q_Enthernet: Q_Enthernet ReadNutiWork Error: Get Error with error code: 81192
19:06:14.62-[Error]-PLC Q_Enthernet: Q_Enthernet ReadNutiWork Error: Get Error with error code: 81192
19:06:14.65-[Error]-PLC Q_Enthernet: Q_Enthernet ReadNutiWork Error: Get Error with error code: 81192
19:06:14.69-[Error]-PLC Q_Enthernet: Q_Enthernet ReadNutiWork Error: Get Error with error code: 81192
19:06:14.71-[Error]-PLC Q_Enthernet: Q_Enthernet ReadNutiWork Error: Get Error with error code: 81192
19:06:14.73-[Error]-PLC Q_Enthernet: Q_Enthernet ReadNutiWork Error: Get Error with error code: 81192
19:06:14.76-[Error]-PLC Q_Enthernet: Q_Enthernet ReadNutiWork Error: Get Error with error code: 81192
19:06:14.79-[Error]-PLC Q_Enthernet: Q_Enthernet ReadNutiWork Error: Get Error with error code: 81192
19:06:14.82-[Error]-PLC Q_Enthernet: Q_Enthernet ReadNutiWork Error: Get Error with error code: 81192
19:06:14.84-[Error]-PLC Q_Enthernet: Q_Enthernet ReadNutiWork Error: Get Error with error code: 81192
19:06:14.85-[Error]-PLC Q_Enthernet: Q_Enthernet ReadNutiWork Error: Get Error with error code: 81192
19:06:14.87-[Error]-PLC Q_Enthernet: Q_Enthernet ReadNutiWork Error: Get Error with error code: 81192
19:06:14.90-[Error]-PLC Q_Enthernet: Q_Enthernet ReadNutiWork Error: Get Error with error code: 81192
19:06:14.92-[Error]-PLC Q_Enthernet: Q_Enthernet ReadNutiWork Error: Get Error with error code: 81192
19:06:14.95-[Error]-PLC Q_Enthernet: Q_Enthernet ReadNutiWork Error: Get Error with error code: 81192
19:06:14.98-[Error]-PLC Q_Enthernet: Q_Enthernet ReadNutiWork Error: Get Error with error code: 81192
19:06:15.01-[Error]-PLC Q_Enthernet: Q_Enthernet ReadNutiWork Error: Get Error with error code: 81192
19:06:15.04-[Error]-PLC Q_Enthernet: Q_Enthernet ReadNutiWork Error: Get Error with error code: 81192
19:06:15.06-[Error]-PLC Q_Enthernet: Q_Enthernet ReadNutiWork Error: Get Error with error code: 81192
19:06:15.09-[Error]-PLC Q_Enthernet: Q_Enthernet ReadNutiWork Error: Get Error with error code: 81192
19:06:15.10-[Error]-PLC Q_Enthernet: Q_Enthernet ReadNutiWork Error: Get Error with error code: 81192
19:06:15.14-[Error]-PLC Q_Enthernet: Q_Enthernet ReadNutiWork Error: Get Error with error code: 81192
19:06:15.16-[Error]-PLC Q_Enthernet: Q_Enthernet ReadNutiWork Error: Get Error with error code: 81192
19:06:15.18-[Error]-PLC Q_Enthernet: Q_Enthernet ReadNutiWork Error: Get Error with error code: 81192
19:06:15.21-[Error]-PLC Q_Enthernet: Q_Enthernet ReadNutiWork Error: Get Error with error code: 81192
19:06:15.24-[Error]-PLC Q_Enthernet: Q_Enthernet ReadNutiWork Error: Get Error with error code: 81192
19:06:15.26-[Error]-PLC Q_Enthernet: Q_Enthernet ReadNutiWork Error: Get Error with error code: 81192
19:06:15.29-[Error]-PLC Q_Enthernet: Q_Enthernet ReadNutiWork Error: Get Error with error code: 81192
19:06:15.31-[Error]-PLC Q_Enthernet: Q_Enthernet ReadNutiWork Error: Get Error with error code: 81192
19:06:15.34-[Error]-PLC Q_Enthernet: Q_Enthernet ReadNutiWork Error: Get Error with error code: 81192
19:06:15.37-[Error]-PLC Q_Enthernet: Q_Enthernet ReadNutiWork Error: Get Error with error code: 81192
19:06:15.38-[Error]-PLC Q_Enthernet: Q_Enthernet ReadNutiWork Error: Get Error with error code: 81192
19:06:15.40-[Error]-PLC Q_Enthernet: Q_Enthernet ReadNutiWork Error: Get Error with error code: 81192
19:06:15.43-[Error]-PLC Q_Enthernet: Q_Enthernet ReadNutiWork Error: Get Error with error code: 81192
19:06:15.46-[Error]-PLC Q_Enthernet: Q_Enthernet ReadNutiWork Error: Get Error with error code: 81192
19:06:15.48-[Error]-PLC Q_Enthernet: Q_Enthernet ReadNutiWork Error: Get Error with error code: 81192
19:06:15.49-[Error]-PLC Q_Enthernet: Q_Enthernet ReadNutiWork Error: Get Error with error code: 81192
19:06:15.51-[Error]-PLC Q_Enthernet: Q_Enthernet ReadNutiWork Error: Get Error with error code: 81192
19:06:15.55-[Error]-PLC Q_Enthernet: Q_Enthernet ReadNutiWork Error: Get Error with error code: 81192
19:06:15.57-[Error]-PLC Q_Enthernet: Q_Enthernet ReadNutiWork Error: Get Error with error code: 81192
19:06:15.61-[Error]-PLC Q_Enthernet: Q_Enthernet ReadNutiWork Error: Get Error with error code: 81192
19:06:15.64-[Error]-PLC Q_Enthernet: Q_Enthernet ReadNutiWork Error: Get Error with error code: 81192
19:06:15.67-[Error]-PLC Q_Enthernet: Q_Enthernet ReadNutiWork Error: Get Error with error code: 81192
19:06:15.70-[Error]-PLC Q_Enthernet: Q_Enthernet ReadNutiWork Error: Get Error with error code: 81192
19:06:15.73-[Error]-PLC Q_Enthernet: Q_Enthernet ReadNutiWork Error: Get Error with error code: 81192
19:06:15.76-[Error]-PLC Q_Enthernet: Q_Enthernet ReadNutiWork Error: Get Error with error code: 81192
19:06:15.79-[Error]-PLC Q_Enthernet: Q_Enthernet ReadNutiWork Error: Get Error with error code: 81192
19:06:15.83-[Error]-PLC Q_Enthernet: Q_Enthernet ReadNutiWork Error: Get Error with error code: 81192
19:06:15.86-[Error]-PLC Q_Enthernet: Q_Enthernet ReadNutiWork Error: Get Error with error code: 81192
19:06:15.88-[Error]-PLC Q_Enthernet: Q_Enthernet ReadNutiWork Error: Get Error with error code: 81192
19:06:15.92-[Error]-PLC Q_Enthernet: Q_Enthernet ReadNutiWork Error: Get Error with error code: 81192
19:06:15.95-[Error]-PLC Q_Enthernet: Q_Enthernet ReadNutiWork Error: Get Error with error code: 81192
19:06:15.98-[Error]-PLC Q_Enthernet: Q_Enthernet ReadNutiWork Error: Get Error with error code: 81192
19:06:16.01-[Error]-PLC Q_Enthernet: Q_Enthernet ReadNutiWork Error: Get Error with error code: 81192
19:06:16.04-[Error]-PLC Q_Enthernet: Q_Enthernet ReadNutiWork Error: Get Error with error code: 81192
19:06:16.07-[Error]-PLC Q_Enthernet: Q_Enthernet ReadNutiWork Error: Get Error with error code: 81192
19:06:16.11-[Error]-PLC Q_Enthernet: Q_Enthernet ReadNutiWork Error: Get Error with error code: 81192
19:06:16.13-[Error]-PLC Q_Enthernet: Q_Enthernet ReadNutiWork Error: Get Error with error code: 81192
19:06:16.17-[Error]-PLC Q_Enthernet: Q_Enthernet ReadNutiWork Error: Get Error with error code: 81192
19:06:16.20-[Error]-PLC Q_Enthernet: Q_Enthernet ReadNutiWork Error: Get Error with error code: 81192
19:06:35.44-[Information]-UiManager: Startup:
19:06:36.51-[Information]-AlarmSQLDba:  ->  Database File SQLite Already Existed!
19:06:36.51-[Information]-Dba:  ->  Database File SQLite Already Existed!
19:08:28.30-[Error]-PLC Q_Enthernet: Q_Enthernet ReadNutiWork Error: An existing connection was forcibly closed by the remote host