
08:40:19.14-[Information]-UiManager: Startup:
08:40:20.37-[Information]-Dba:  ->  Database File SQLite Already Existed!
08:40:21.70-[Information]-PgMain: addLog:Already Home !
08:40:22.61-[Information]-PgMain: addLog:Already Reset !
08:40:23.10-[Information]-PgMain: addLog:Already Pause !
08:40:23.57-[Information]-PgMain: addLog:Already Running!
08:40:24.11-[Information]-PgMain: addLog:Already Stopped !
08:43:12.39-[Information]-UiManager: Startup:
08:43:13.51-[Information]-Dba:  ->  Database File SQLite Already Existed!
08:43:14.84-[Information]-PgMain: addLog:Already Home !
08:43:15.37-[Information]-PgMain: addLog:Already Reset !
08:43:15.91-[Information]-PgMain: addLog:Already Pause !
08:43:16.46-[Information]-PgMain: addLog:Already Running!
08:43:17.04-[Information]-PgMain: addLog:Already Stopped !
08:50:42.01-[Information]-UiManager: Startup:
08:50:43.04-[Information]-Dba:  -> Database File SQLite Not Existed -> Create New!
08:50:43.05-[Information]-Dba: Create TableUserLog: 
08:50:43.17-[Information]-Dba: createTableQr1Status:
08:50:43.18-[Information]-Dba: createTableEventLog:
08:50:43.18-[Information]-Dba: createTableAlarmLog:
08:50:44.33-[Information]-PgMain: addLog:Already Home !
08:50:44.71-[Information]-PgMain: addLog:Already Reset !
08:50:45.01-[Information]-PgMain: addLog:Already Pause !
08:50:45.37-[Information]-PgMain: addLog:Already Running!
08:50:45.67-[Information]-PgMain: addLog:Already Stopped !
08:50:50.83-[Information]-UserManager: LogOn: AutoTeams/itm
13:13:11.43-[Information]-UiManager: Startup:
13:13:12.41-[Information]-Dba:  ->  Database File SQLite Already Existed!
13:13:13.88-[Information]-PgMain: addLog:Already Home !
13:13:14.69-[Information]-PgMain: addLog:Already Stopped !
13:13:15.14-[Information]-PgMain: addLog:Already Pause !
13:13:15.75-[Information]-PgMain: addLog:Already Home !
13:13:16.43-[Information]-PgMain: addLog:Already Reset !
13:13:17.26-[Information]-PgMain: addLog:Already Pause !
13:13:17.60-[Information]-PgMain: addLog:Already Running!
13:13:17.91-[Information]-PgMain: addLog:Already Stopped !
13:13:18.52-[Information]-PgMain: addLog:Already Home !
13:13:18.88-[Information]-PgMain: addLog:Already Reset !
13:13:19.17-[Information]-PgMain: addLog:Already Pause !
13:13:19.49-[Information]-PgMain: addLog:Already Running!
13:13:20.47-[Information]-PgMain: addLog:Already Stopped !
13:13:21.03-[Information]-PgMain: addLog:Already Home !
13:13:21.39-[Information]-PgMain: addLog:Already Reset !
13:13:21.67-[Information]-PgMain: addLog:Already Pause !
13:13:22.07-[Information]-PgMain: addLog:Already Running!
13:13:22.48-[Information]-PgMain: addLog:Already Stopped !
13:13:22.83-[Information]-PgMain: addLog:Already Reset !
13:13:23.39-[Information]-PgMain: addLog:Already Pause !
13:13:23.68-[Information]-PgMain: addLog:Already Home !
13:13:24.20-[Information]-PgMain: addLog:Already Running!
13:13:25.86-[Information]-PgMain: addLog:Already Stopped !
13:13:26.62-[Information]-PgMain: addLog:Already Home !
13:13:26.91-[Information]-PgMain: addLog:Already Reset !
13:13:27.19-[Information]-PgMain: addLog:Already Pause !
13:13:27.59-[Information]-PgMain: addLog:Already Running!
13:13:29.06-[Information]-PgMain: addLog:Already Stopped !
13:13:29.74-[Information]-PgMain: addLog:Already Home !
13:13:30.12-[Information]-PgMain: addLog:Already Reset !
13:13:30.48-[Information]-PgMain: addLog:Already Pause !
13:13:30.98-[Information]-PgMain: addLog:Already Running!
19:14:19.36-[Information]-UiManager: Startup:
19:14:20.38-[Information]-Dba:  ->  Database File SQLite Already Existed!
19:14:22.36-[Information]-PgMain: addLog:Already Home !
19:14:24.35-[Information]-PgMain: addLog:Already Running!
19:14:24.79-[Information]-PgMain: addLog:Already Pause !
19:14:25.36-[Information]-PgMain: addLog:Already Reset !
19:14:26.19-[Information]-PgMain: addLog:Already Stopped !
19:14:27.29-[Information]-PgMain: addLog:Already Reset !
19:14:28.07-[Information]-PgMain: addLog:Already Home !
23:21:27.02-[Information]-UiManager: Startup:
23:21:27.63-[Information]-Dba:  ->  Database File SQLite Already Existed!
23:22:03.30-[Information]-UiManager: Startup:
23:22:03.86-[Information]-Dba:  ->  Database File SQLite Already Existed!
23:23:00.82-[Information]-UiManager: Startup:
23:23:01.52-[Information]-Dba:  ->  Database File SQLite Already Existed!
23:23:14.50-[Information]-UiManager: Startup:
23:23:28.71-[Information]-Dba:  ->  Database File SQLite Already Existed!
23:23:31.65-[Information]-UiManager: Startup:
23:40:00.52-[Information]-UiManager: Startup:
23:40:01.11-[Information]-Dba:  ->  Database File SQLite Already Existed!
23:40:16.60-[Information]-UiManager: Startup:
23:40:17.07-[Information]-Dba:  ->  Database File SQLite Already Existed!
23:47:01.22-[Information]-UiManager: Startup:
23:47:01.65-[Information]-Dba:  ->  Database File SQLite Already Existed!
23:47:13.89-[Information]-PgMain: addLog:Already Home !
23:47:14.13-[Information]-PgMain: addLog:Already Reset !
23:47:14.34-[Information]-PgMain: addLog:Already Pause !
23:47:14.67-[Information]-PgMain: addLog:Already Running!
23:47:14.86-[Information]-PgMain: addLog:Already Pause !
23:47:15.02-[Information]-PgMain: addLog:Already Reset !
23:47:16.29-[Information]-PgMain: addLog:Already Home !
23:47:16.47-[Information]-PgMain: addLog:Already Reset !
23:47:16.96-[Information]-PgMain: addLog:Already Running!
23:47:17.90-[Information]-PgMain: addLog:Already Home !
23:47:18.22-[Information]-PgMain: addLog:Already Reset !
23:47:18.70-[Information]-PgMain: addLog:Already Stopped !
23:47:18.96-[Information]-PgMain: addLog:Already Running!
23:47:19.28-[Information]-PgMain: addLog:Already Pause !
23:47:19.45-[Information]-PgMain: addLog:Already Reset !
23:47:19.67-[Information]-PgMain: addLog:Already Home !
23:47:20.13-[Information]-PgMain: addLog:Already Stopped !
23:47:20.39-[Information]-PgMain: addLog:Already Running!
23:47:20.60-[Information]-PgMain: addLog:Already Pause !
23:47:21.06-[Information]-PgMain: addLog:Already Home !
23:47:21.22-[Information]-PgMain: addLog:Already Stopped !
23:47:21.55-[Information]-PgMain: addLog:Already Running!
23:47:21.78-[Information]-PgMain: addLog:Already Pause !
23:47:22.36-[Information]-PgMain: addLog:Already Stopped !
23:47:22.66-[Information]-PgMain: addLog:Already Home !
23:47:23.20-[Information]-PgMain: addLog:Already Pause !
23:47:23.62-[Information]-PgMain: addLog:Already Stopped !
23:47:24.24-[Information]-PgMain: addLog:Already Reset !
23:47:24.39-[Information]-PgMain: addLog:Already Pause !
23:47:24.73-[Information]-PgMain: addLog:Already Running!
23:47:24.94-[Information]-PgMain: addLog:Already Stopped !
23:47:25.35-[Information]-PgMain: addLog:Already Home !
23:47:25.58-[Information]-PgMain: addLog:Already Reset !
23:47:25.70-[Information]-PgMain: addLog:Already Pause !
23:47:26.01-[Information]-PgMain: addLog:Already Running!
23:47:26.21-[Information]-PgMain: addLog:Already Stopped !
23:47:26.55-[Information]-PgMain: addLog:Already Home !
23:47:26.92-[Information]-PgMain: addLog:Already Pause !
23:47:27.25-[Information]-PgMain: addLog:Already Running!
23:47:27.44-[Information]-PgMain: addLog:Already Stopped !
23:48:53.76-[Information]-UiManager: Startup:
23:48:54.33-[Information]-Dba:  ->  Database File SQLite Already Existed!
23:50:56.49-[Information]-UiManager: Startup:
23:50:56.93-[Information]-Dba:  ->  Database File SQLite Already Existed!
23:51:25.00-[Information]-UiManager: Startup:
23:51:25.44-[Information]-Dba:  ->  Database File SQLite Already Existed!
23:52:20.27-[Information]-UiManager: Startup:
23:52:20.73-[Information]-Dba:  ->  Database File SQLite Already Existed!
23:52:46.88-[Information]-UiManager: Startup:
23:52:47.33-[Information]-Dba:  ->  Database File SQLite Already Existed!
23:52:55.80-[Information]-UiManager: Startup:
23:52:56.31-[Information]-Dba:  ->  Database File SQLite Already Existed!
23:53:47.23-[Information]-UiManager: Startup:
23:53:47.82-[Information]-Dba:  ->  Database File SQLite Already Existed!
23:54:39.02-[Information]-UiManager: Startup:
23:54:39.52-[Information]-Dba:  ->  Database File SQLite Already Existed!
23:56:17.52-[Information]-UiManager: Startup:
23:56:18.06-[Information]-Dba:  ->  Database File SQLite Already Existed!
23:57:31.10-[Information]-UiManager: Startup:
23:57:31.67-[Information]-Dba:  ->  Database File SQLite Already Existed!
23:58:43.47-[Information]-UiManager: Startup:
23:58:44.04-[Information]-Dba:  ->  Database File SQLite Already Existed!