
11:28:33.49-[Information]-UiManager: Startup:
11:28:34.83-[Information]-Dba:  ->  Database File SQLite Already Existed!
11:28:38.42-[Information]-PgMain: addLog:Already Home !
11:28:40.44-[Information]-PgMain: addLog:Already Pause !
11:28:41.12-[Information]-PgMain: addLog:Already Running!
11:28:49.66-[Information]-UiManager: Startup:
11:28:50.90-[Information]-Dba:  ->  Database File SQLite Already Existed!
11:28:52.69-[Information]-PgMain: addLog:Already Home !
11:30:06.54-[Information]-UiManager: Startup:
11:30:08.42-[Information]-Dba:  ->  Database File SQLite Already Existed!
11:30:09.72-[Information]-PgMain: addLog:Already Home !
11:30:54.59-[Information]-UiManager: Startup:
11:30:55.79-[Information]-Dba:  ->  Database File SQLite Already Existed!
11:31:02.29-[Information]-PgMain: addLog:Already Home !
11:31:17.21-[Information]-UiManager: Startup:
11:31:18.50-[Information]-Dba:  ->  Database File SQLite Already Existed!
11:31:19.98-[Information]-PgMain: addLog:Already Home !
11:33:56.94-[Information]-UiManager: Startup:
11:33:57.80-[Information]-Dba:  ->  Database File SQLite Already Existed!
11:33:59.14-[Information]-PgMain: addLog:Already Home !
11:34:00.70-[Information]-PgMain: addLog:Already Pause !
11:34:01.13-[Information]-PgMain: addLog:Already Running!
11:36:33.31-[Information]-UiManager: Startup:
11:36:34.06-[Information]-Dba:  ->  Database File SQLite Already Existed!
11:36:35.32-[Information]-PgMain: addLog:Already Home !
11:36:36.36-[Information]-PgMain: addLog:Already Pause !
11:36:36.83-[Information]-PgMain: addLog:Already Running!
11:36:37.44-[Information]-PgMain: addLog:Already Reset !
11:36:38.38-[Information]-PgMain: addLog:Already Stopped !
11:36:39.12-[Information]-PgMain: addLog:Already Home !
11:36:39.49-[Information]-PgMain: addLog:Already Pause !
11:36:39.89-[Information]-PgMain: addLog:Already Running!
11:36:40.29-[Information]-PgMain: addLog:Already Reset !
11:36:40.77-[Information]-PgMain: addLog:Already Pause !
11:36:41.27-[Information]-PgMain: addLog:Already Running!
11:36:41.68-[Information]-PgMain: addLog:Already Stopped !
11:36:41.83-[Information]-PgMain: addLog:Already Home !
11:36:42.35-[Information]-PgMain: addLog:Already Pause !
11:36:42.84-[Information]-PgMain: addLog:Already Running!
11:36:43.39-[Information]-PgMain: addLog:Already Reset !
11:36:43.78-[Information]-PgMain: addLog:Already Home !
13:21:22.74-[Information]-UiManager: Startup:
13:21:23.62-[Information]-Dba:  ->  Database File SQLite Already Existed!
13:21:25.19-[Information]-PgMain: addLog:Already Home !
13:22:02.53-[Information]-UiManager: Startup:
13:22:03.84-[Information]-Dba:  ->  Database File SQLite Already Existed!
13:22:05.07-[Information]-PgMain: addLog:Already Home !
13:22:09.46-[Information]-PgMain: addLog:Already Pause !
13:22:10.30-[Information]-PgMain: addLog:Already Running!
13:22:10.70-[Information]-PgMain: addLog:Already Reset !
13:22:11.09-[Information]-PgMain: addLog:Already Home !
13:22:11.62-[Information]-PgMain: addLog:Already Pause !
13:22:11.94-[Information]-PgMain: addLog:Already Reset !
13:22:12.71-[Information]-PgMain: addLog:Already Stopped !
13:22:13.21-[Information]-PgMain: addLog:Already Home !
13:22:13.52-[Information]-PgMain: addLog:Already Reset !
13:22:13.80-[Information]-PgMain: addLog:Already Pause !
13:22:14.30-[Information]-PgMain: addLog:Already Running!
13:22:14.63-[Information]-PgMain: addLog:Already Reset !
13:22:14.97-[Information]-PgMain: addLog:Already Home !
13:22:15.29-[Information]-PgMain: addLog:Already Pause !
13:22:16.26-[Information]-PgMain: addLog:Already Reset !
13:42:21.42-[Information]-UiManager: Startup:
13:42:22.23-[Information]-Dba:  ->  Database File SQLite Already Existed!
13:42:24.97-[Information]-PgMain: addLog:Already Home !
13:42:25.15-[Information]-PgMain: addLog:Already Reset !
13:42:25.49-[Information]-PgMain: addLog:Already Pause !
13:42:25.90-[Information]-PgMain: addLog:Already Running!
13:42:26.48-[Information]-PgMain: addLog:Already Stopped !
13:42:27.16-[Information]-PgMain: addLog:Already Reset !
13:42:27.77-[Information]-PgMain: addLog:Already Running!
13:42:28.19-[Information]-PgMain: addLog:Already Pause !
13:42:28.59-[Information]-PgMain: addLog:Already Reset !
13:42:28.85-[Information]-PgMain: addLog:Already Home !
13:42:29.55-[Information]-PgMain: addLog:Already Reset !
13:42:30.77-[Information]-PgMain: addLog:Already Stopped !
13:42:32.35-[Information]-PgMain: addLog:Already Running!
13:42:32.66-[Information]-PgMain: addLog:Already Pause !
13:42:33.02-[Information]-PgMain: addLog:Already Home !
13:42:33.33-[Information]-PgMain: addLog:Already Reset !
13:43:22.11-[Information]-UiManager: Startup:
13:43:23.21-[Information]-Dba:  ->  Database File SQLite Already Existed!
13:43:25.88-[Information]-PgMain: addLog:Already Home !
13:43:26.09-[Information]-PgMain: addLog:Already Reset !
13:43:26.37-[Information]-PgMain: addLog:Already Pause !
13:43:27.12-[Information]-PgMain: addLog:Already Stopped !
13:43:28.75-[Information]-PgMain: addLog:Already Home !
13:43:34.00-[Information]-PgMain: addLog:Already Pause !
13:43:34.84-[Information]-PgMain: addLog:Already Running!
13:43:35.41-[Information]-PgMain: addLog:Already Reset !
13:43:37.51-[Information]-PgMain: addLog:Already Running!
13:43:37.78-[Information]-PgMain: addLog:Already Pause !
13:43:39.19-[Information]-PgMain: addLog:Already Home !
13:43:47.31-[Information]-PgMain: addLog:Already Reset !
13:43:47.70-[Information]-PgMain: addLog:Already Stopped !
13:43:48.22-[Information]-PgMain: addLog:Already Home !
13:43:48.85-[Information]-PgMain: addLog:Already Reset !
13:43:49.22-[Information]-PgMain: addLog:Already Pause !
13:43:49.59-[Information]-PgMain: addLog:Already Running!
13:43:49.88-[Information]-PgMain: addLog:Already Stopped !
13:43:50.38-[Information]-PgMain: addLog:Already Reset !
13:43:50.80-[Information]-PgMain: addLog:Already Home !
13:43:51.05-[Information]-PgMain: addLog:Already Pause !
13:43:51.36-[Information]-PgMain: addLog:Already Running!
13:43:51.97-[Information]-PgMain: addLog:Already Stopped !
13:43:52.25-[Information]-PgMain: addLog:Already Home !
13:43:52.49-[Information]-PgMain: addLog:Already Reset !
13:43:52.71-[Information]-PgMain: addLog:Already Pause !
13:43:53.15-[Information]-PgMain: addLog:Already Running!
13:43:53.36-[Information]-PgMain: addLog:Already Stopped !
13:43:53.57-[Information]-PgMain: addLog:Already Home !
13:43:53.93-[Information]-PgMain: addLog:Already Reset !
13:43:54.11-[Information]-PgMain: addLog:Already Pause !
13:43:54.45-[Information]-PgMain: addLog:Already Running!
13:43:54.80-[Information]-PgMain: addLog:Already Stopped !
13:43:55.23-[Information]-PgMain: addLog:Already Home !
13:43:55.45-[Information]-PgMain: addLog:Already Pause !
13:43:55.81-[Information]-PgMain: addLog:Already Running!
13:43:56.08-[Information]-PgMain: addLog:Already Stopped !
13:43:56.40-[Information]-PgMain: addLog:Already Home !
13:43:56.70-[Information]-PgMain: addLog:Already Reset !
13:43:57.00-[Information]-PgMain: addLog:Already Pause !
13:43:59.20-[Information]-PgMain: addLog:Already Home !
13:44:04.39-[Information]-PgMain: addLog:Already Pause !
13:44:05.24-[Information]-PgMain: addLog:Already Reset !
13:44:05.73-[Information]-PgMain: addLog:Already Stopped !
13:44:06.64-[Information]-PgMain: addLog:Already Running!
13:44:06.90-[Information]-PgMain: addLog:Already Pause !
13:44:07.18-[Information]-PgMain: addLog:Already Reset !
13:44:07.47-[Information]-PgMain: addLog:Already Home !
13:44:09.35-[Information]-PgMain: addLog:Already Stopped !
13:44:09.92-[Information]-PgMain: addLog:Already Running!
13:44:10.31-[Information]-PgMain: addLog:Already Pause !
13:44:10.78-[Information]-PgMain: addLog:Already Home !
13:44:11.11-[Information]-PgMain: addLog:Already Reset !
13:44:11.42-[Information]-PgMain: addLog:Already Pause !
13:44:11.72-[Information]-PgMain: addLog:Already Running!
13:44:12.06-[Information]-PgMain: addLog:Already Home !
13:44:12.34-[Information]-PgMain: addLog:Already Reset !
13:44:14.25-[Information]-PgMain: addLog:Already Home !
13:44:14.50-[Information]-PgMain: addLog:Already Reset !
13:44:14.75-[Information]-PgMain: addLog:Already Pause !
13:44:16.45-[Information]-PgMain: addLog:Already Running!
14:17:22.99-[Information]-UiManager: Startup:
14:17:24.36-[Information]-Dba:  ->  Database File SQLite Already Existed!
14:17:25.77-[Information]-PgMain: addLog:Already Home !
14:17:30.82-[Information]-PgMain: addLog:Already Running!
14:17:31.14-[Information]-PgMain: addLog:Already Pause !
14:17:31.43-[Information]-PgMain: addLog:Already Reset !
14:17:32.23-[Information]-PgMain: addLog:Already Home !
14:17:32.84-[Information]-PgMain: addLog:Already Pause !
14:26:11.17-[Information]-UiManager: Startup:
14:26:12.48-[Information]-Dba:  ->  Database File SQLite Already Existed!
14:26:14.10-[Information]-PgMain: addLog:Already Home !
14:26:20.27-[Information]-PgMain: addLog:Already Reset !
14:26:21.00-[Information]-PgMain: addLog:Already Running!
14:32:25.61-[Information]-UiManager: Startup:
14:32:26.82-[Information]-Dba:  ->  Database File SQLite Already Existed!
14:32:28.15-[Information]-PgMain: addLog:Already Home !
14:32:40.56-[Information]-UiManager: Startup:
14:32:41.77-[Information]-Dba:  ->  Database File SQLite Already Existed!
14:32:42.88-[Information]-PgMain: addLog:Already Home !
14:33:28.97-[Information]-UiManager: Startup:
14:33:30.30-[Information]-Dba:  ->  Database File SQLite Already Existed!
14:33:31.85-[Information]-PgMain: addLog:Already Home !
14:33:37.09-[Information]-PgMain: addLog:Already Running!
14:33:42.70-[Information]-PgMain: addLog:Already Pause !
14:33:44.50-[Information]-PgMain: addLog:Already Reset !
14:33:46.24-[Information]-PgMain: addLog:Already Home !
14:33:52.59-[Information]-PgMain: addLog:Already Running!
14:33:57.18-[Information]-PgMain: addLog:Already Pause !
14:34:00.61-[Information]-PgMain: addLog:Already Reset !
14:34:01.23-[Information]-PgMain: addLog:Already Stopped !
14:34:02.29-[Information]-PgMain: addLog:Already Home !
14:34:03.39-[Information]-PgMain: addLog:Already Reset !
14:34:03.80-[Information]-PgMain: addLog:Already Pause !
14:34:04.36-[Information]-PgMain: addLog:Already Running!
14:34:04.88-[Information]-PgMain: addLog:Already Pause !
14:34:06.55-[Information]-PgMain: addLog:Already Home !
14:34:07.84-[Information]-PgMain: addLog:Already Pause !
14:34:08.36-[Information]-PgMain: addLog:Already Running!
14:34:08.77-[Information]-PgMain: addLog:Already Pause !
14:34:09.17-[Information]-PgMain: addLog:Already Reset !
14:34:28.15-[Information]-PgMain: addLog:Already Pause !
14:34:40.11-[Information]-PgMain: addLog:Already Home !
14:34:46.17-[Information]-PgMain: addLog:Already Stopped !
14:34:50.19-[Information]-PgMain: addLog:Already Home !
14:34:54.96-[Information]-PgMain: addLog:Already Stopped !
14:34:55.48-[Information]-PgMain: addLog:Already Home !
14:34:58.06-[Information]-PgMain: addLog:Already Stopped !
14:35:01.19-[Information]-PgMain: addLog:Already Home !
14:35:03.36-[Information]-PgMain: addLog:Already Running!
14:35:03.97-[Information]-PgMain: addLog:Already Pause !
14:35:21.72-[Information]-PgMain: addLog:Already Home !
14:35:28.35-[Information]-PgMain: addLog:Already Stopped !
14:35:33.99-[Information]-PgMain: addLog:Already Home !
14:35:38.57-[Information]-PgMain: addLog:Already Stopped !
14:35:49.86-[Information]-PgMain: addLog:Already Home !
14:37:31.82-[Information]-UiManager: Startup:
14:37:33.09-[Information]-Dba:  ->  Database File SQLite Already Existed!
14:37:34.94-[Information]-PgMain: addLog:Already Home !
14:37:38.55-[Information]-PgMain: addLog:Already Running!
14:37:41.95-[Information]-PgMain: addLog:Already Pause !
14:37:44.38-[Information]-PgMain: addLog:Already Reset !
14:37:48.55-[Information]-PgMain: addLog:Already Stopped !
14:37:49.05-[Information]-PgMain: addLog:Already Home !
14:37:52.47-[Information]-PgMain: addLog:Already Stopped !
14:37:55.53-[Information]-PgMain: addLog:Already Running!
14:37:57.53-[Information]-PgMain: addLog:Already Home !
14:38:07.05-[Information]-PgMain: addLog:Already Running!
14:38:09.35-[Information]-PgMain: addLog:Already Pause !
14:38:16.39-[Information]-PgMain: addLog:Already Stopped !
14:43:14.47-[Information]-UiManager: Startup:
14:43:15.80-[Information]-Dba:  ->  Database File SQLite Already Existed!
14:43:18.13-[Information]-PgMain: addLog:Already Home !
14:43:20.50-[Information]-PgMain: addLog:Already Running!
14:43:22.89-[Information]-PgMain: addLog:Already Pause !
14:43:23.88-[Information]-PgMain: addLog:Already Reset !
14:45:57.77-[Information]-UiManager: Startup:
14:45:58.68-[Information]-Dba:  ->  Database File SQLite Already Existed!
14:46:00.08-[Information]-PgMain: addLog:Already Home !
14:46:00.80-[Information]-PgMain: addLog:Already Pause !
14:46:01.79-[Information]-PgMain: addLog:Already Running!
14:46:02.49-[Information]-PgMain: addLog:Already Reset !
14:46:59.57-[Information]-UiManager: Startup:
14:47:00.70-[Information]-Dba:  ->  Database File SQLite Already Existed!
14:47:02.89-[Information]-PgMain: addLog:Already Home !
14:47:05.48-[Information]-PgMain: addLog:Already Running!
14:47:06.44-[Information]-PgMain: addLog:Already Pause !
14:47:35.15-[Information]-PgMain: addLog:Already Home !
14:48:09.31-[Information]-UiManager: Startup:
14:48:10.37-[Information]-Dba:  ->  Database File SQLite Already Existed!
14:48:11.61-[Information]-PgMain: addLog:Already Home !
14:48:12.94-[Information]-PgMain: addLog:Already Pause !
14:48:13.79-[Information]-PgMain: addLog:Already Running!
14:48:14.55-[Information]-PgMain: addLog:Already Reset !
14:50:27.36-[Information]-UiManager: Startup:
14:50:28.79-[Information]-Dba:  ->  Database File SQLite Already Existed!
14:50:30.26-[Information]-PgMain: addLog:Already Home !
14:50:30.76-[Information]-PgMain: addLog:Already Pause !
14:50:31.44-[Information]-PgMain: addLog:Already Running!
14:50:31.99-[Information]-PgMain: addLog:Already Reset !
14:50:32.56-[Information]-PgMain: addLog:Already Pause !
14:50:32.98-[Information]-PgMain: addLog:Already Home !
14:50:33.36-[Information]-PgMain: addLog:Already Reset !
14:50:34.24-[Information]-PgMain: addLog:Already Running!
14:50:35.40-[Information]-PgMain: addLog:Already Home !
14:50:47.47-[Information]-PgMain: addLog:Already Stopped !
14:50:49.47-[Information]-PgMain: addLog:Already Home !
14:50:50.88-[Information]-PgMain: addLog:Already Running!
14:50:51.29-[Information]-PgMain: addLog:Already Pause !
14:50:51.67-[Information]-PgMain: addLog:Already Reset !
14:51:25.60-[Information]-UiManager: Startup:
14:51:26.41-[Information]-Dba:  ->  Database File SQLite Already Existed!
14:51:27.89-[Information]-PgMain: addLog:Already Home !
14:51:28.66-[Information]-PgMain: addLog:Already Pause !
14:51:29.67-[Information]-PgMain: addLog:Already Running!
14:51:36.45-[Information]-UiManager: Startup:
14:51:37.64-[Information]-Dba:  ->  Database File SQLite Already Existed!
14:51:38.93-[Information]-PgMain: addLog:Already Home !
14:51:39.44-[Information]-PgMain: addLog:Already Pause !
14:51:40.10-[Information]-PgMain: addLog:Already Running!
14:51:40.71-[Information]-PgMain: addLog:Already Reset !
14:51:47.24-[Information]-UiManager: Startup:
14:51:48.52-[Information]-Dba:  ->  Database File SQLite Already Existed!
14:51:49.74-[Information]-PgMain: addLog:Already Reset !
14:52:43.41-[Information]-UiManager: Startup:
14:52:44.31-[Information]-Dba:  ->  Database File SQLite Already Existed!
14:52:45.37-[Information]-PgMain: addLog:Already Home !
14:52:45.73-[Information]-PgMain: addLog:Already Pause !
14:53:09.51-[Information]-UiManager: Startup:
14:53:10.42-[Information]-Dba:  ->  Database File SQLite Already Existed!
14:53:11.96-[Information]-PgMain: addLog:Already Home !
14:53:20.46-[Information]-PgMain: addLog:Already Running!
14:53:22.44-[Information]-PgMain: addLog:Already Pause !
14:53:23.23-[Information]-PgMain: addLog:Already Reset !
14:53:49.76-[Information]-UiManager: Startup:
14:53:50.90-[Information]-Dba:  ->  Database File SQLite Already Existed!
14:53:52.37-[Information]-PgMain: addLog:Already Home !
14:53:52.88-[Information]-PgMain: addLog:Already Pause !
14:53:53.80-[Information]-PgMain: addLog:Already Reset !
14:53:54.72-[Information]-PgMain: addLog:Already Running!
14:53:55.23-[Information]-PgMain: addLog:Already Pause !
14:53:57.00-[Information]-PgMain: addLog:Already Stopped !
14:53:57.53-[Information]-PgMain: addLog:Already Running!
14:53:57.99-[Information]-PgMain: addLog:Already Pause !
14:55:30.91-[Information]-UiManager: Startup:
14:55:31.84-[Information]-Dba:  ->  Database File SQLite Already Existed!
14:55:33.05-[Information]-PgMain: addLog:Already Home !
14:55:33.62-[Information]-PgMain: addLog:Already Pause !
14:55:34.51-[Information]-PgMain: addLog:Already Reset !
14:55:39.47-[Information]-PgMain: addLog:Already Home !
14:55:42.25-[Information]-PgMain: addLog:Already Stopped !
14:55:48.87-[Information]-PgMain: addLog:Already Home !
14:55:55.75-[Information]-PgMain: addLog:Already Reset !
14:56:48.05-[Information]-UiManager: Startup:
14:56:49.27-[Information]-Dba:  ->  Database File SQLite Already Existed!
14:56:50.43-[Information]-PgMain: addLog:Already Home !
14:57:26.90-[Information]-UiManager: Startup:
14:57:28.10-[Information]-Dba:  ->  Database File SQLite Already Existed!
14:57:29.65-[Information]-PgMain: addLog:Already Home !
14:57:30.91-[Information]-PgMain: addLog:Already Pause !
14:57:31.50-[Information]-PgMain: addLog:Already Reset !
14:58:39.17-[Information]-UiManager: Startup:
14:58:40.26-[Information]-Dba:  ->  Database File SQLite Already Existed!
14:58:41.46-[Information]-PgMain: addLog:Already Home !
14:58:41.97-[Information]-PgMain: addLog:Already Pause !
14:58:42.68-[Information]-PgMain: addLog:Already Reset !
14:58:44.10-[Information]-PgMain: addLog:Already Pause !
14:58:44.48-[Information]-PgMain: addLog:Already Reset !
14:58:58.69-[Information]-UiManager: Startup:
14:58:59.87-[Information]-Dba:  ->  Database File SQLite Already Existed!
14:59:01.07-[Information]-PgMain: addLog:Already Reset !
14:59:01.56-[Information]-PgMain: addLog:Already Pause !
14:59:02.18-[Information]-PgMain: addLog:Already Home !
14:59:32.76-[Information]-UiManager: Startup:
14:59:34.13-[Information]-Dba:  ->  Database File SQLite Already Existed!
14:59:35.30-[Information]-PgMain: addLog:Already Home !
14:59:35.85-[Information]-PgMain: addLog:Already Reset !
14:59:36.63-[Information]-PgMain: addLog:Already Pause !
14:59:37.49-[Information]-PgMain: addLog:Already Running!
15:00:22.37-[Information]-UiManager: Startup:
15:00:23.58-[Information]-Dba:  ->  Database File SQLite Already Existed!
15:00:24.83-[Information]-PgMain: addLog:Already Home !
15:00:25.78-[Information]-PgMain: addLog:Already Pause !
15:00:27.11-[Information]-PgMain: addLog:Already Running!
15:00:28.33-[Information]-PgMain: addLog:Already Reset !
15:00:29.23-[Information]-PgMain: addLog:Already Home !
15:00:30.94-[Information]-PgMain: addLog:Already Stopped !
15:01:05.10-[Information]-UiManager: Startup:
15:01:06.02-[Information]-Dba:  ->  Database File SQLite Already Existed!
15:01:07.43-[Information]-PgMain: addLog:Already Home !
15:01:08.33-[Information]-PgMain: addLog:Already Pause !
15:01:08.95-[Information]-PgMain: addLog:Already Reset !
15:01:21.55-[Information]-PgMain: addLog:Already Home !
15:01:25.70-[Information]-PgMain: addLog:Already Stopped !
15:02:15.29-[Information]-UiManager: Startup:
15:02:16.67-[Information]-Dba:  ->  Database File SQLite Already Existed!
15:02:19.21-[Information]-PgMain: addLog:Already Home !
15:02:21.08-[Information]-PgMain: addLog:Already Pause !
15:02:21.77-[Information]-PgMain: addLog:Already Reset !
15:02:22.59-[Information]-PgMain: addLog:Already Running!
15:02:24.28-[Information]-PgMain: addLog:Already Stopped !
15:02:30.98-[Information]-PgMain: addLog:Already Home !
15:02:32.70-[Information]-PgMain: addLog:Already Pause !
15:02:33.08-[Information]-PgMain: addLog:Already Reset !
15:02:33.66-[Information]-PgMain: addLog:Already Running!
15:02:35.06-[Information]-PgMain: addLog:Already Stopped !
15:02:36.44-[Information]-PgMain: addLog:Already Home !
15:02:37.59-[Information]-PgMain: addLog:Already Pause !
15:02:38.00-[Information]-PgMain: addLog:Already Running!
15:02:38.64-[Information]-PgMain: addLog:Already Reset !
15:02:39.05-[Information]-PgMain: addLog:Already Home !
15:02:46.65-[Information]-PgMain: addLog:Already Pause !
15:02:47.03-[Information]-PgMain: addLog:Already Running!
15:02:50.31-[Information]-PgMain: addLog:Already Home !
15:02:54.85-[Information]-PgMain: addLog:Already Reset !
15:02:57.39-[Information]-PgMain: addLog:Already Running!
15:03:00.96-[Information]-PgMain: addLog:Already Home !
15:03:38.31-[Information]-UiManager: Startup:
15:03:39.75-[Information]-Dba:  ->  Database File SQLite Already Existed!
15:03:41.13-[Information]-PgMain: addLog:Already Home !
15:03:42.95-[Information]-PgMain: addLog:Already Running!
15:03:43.55-[Information]-PgMain: addLog:Already Pause !
15:03:44.54-[Information]-PgMain: addLog:Already Reset !
15:03:47.04-[Information]-PgMain: addLog:Already Stopped !
15:03:48.26-[Information]-PgMain: addLog:Already Home !
15:03:48.64-[Information]-PgMain: addLog:Already Pause !
15:04:28.25-[Information]-UiManager: Startup:
15:04:29.13-[Information]-Dba:  ->  Database File SQLite Already Existed!
15:04:30.44-[Information]-PgMain: addLog:Already Home !
15:04:31.46-[Information]-PgMain: addLog:Already Pause !
15:04:32.71-[Information]-PgMain: addLog:Already Running!
15:04:43.63-[Information]-PgMain: addLog:Already Stopped !
15:04:46.27-[Information]-PgMain: addLog:Already Home !
15:08:33.77-[Information]-UiManager: Startup:
15:08:35.05-[Information]-Dba:  ->  Database File SQLite Already Existed!
15:08:36.46-[Information]-PgMain: addLog:Already Home !
15:08:37.51-[Information]-PgMain: addLog:Already Pause !
15:08:39.17-[Information]-PgMain: addLog:Already Reset !
15:08:40.44-[Information]-PgMain: addLog:Already Running!
15:10:09.08-[Information]-UiManager: Startup:
15:10:10.49-[Information]-Dba:  ->  Database File SQLite Already Existed!
15:10:11.85-[Information]-PgMain: addLog:Already Home !
15:10:41.64-[Information]-UiManager: Startup:
15:10:42.88-[Information]-Dba:  ->  Database File SQLite Already Existed!
15:10:44.20-[Information]-PgMain: addLog:Already Home !
15:10:45.33-[Information]-PgMain: addLog:Already Pause !
15:10:46.43-[Information]-PgMain: addLog:Already Reset !
15:10:47.38-[Information]-PgMain: addLog:Already Running!
15:11:04.25-[Information]-PgMain: addLog:Already Stopped !
15:13:10.28-[Information]-UiManager: Startup:
15:13:11.46-[Information]-Dba:  ->  Database File SQLite Already Existed!
15:13:12.95-[Information]-PgMain: addLog:Already Home !
15:13:25.68-[Information]-PgMain: addLog:Already Pause !
15:14:03.42-[Information]-UiManager: Startup:
15:14:05.27-[Information]-Dba:  ->  Database File SQLite Already Existed!
15:14:06.88-[Information]-PgMain: addLog:Already Home !
15:14:08.97-[Information]-PgMain: addLog:Already Pause !
15:14:09.52-[Information]-PgMain: addLog:Already Running!
15:14:10.79-[Information]-PgMain: addLog:Already Reset !
15:15:46.43-[Information]-UiManager: Startup:
15:15:47.45-[Information]-Dba:  ->  Database File SQLite Already Existed!
15:15:48.58-[Information]-PgMain: addLog:Already Home !
15:15:50.93-[Information]-PgMain: addLog:Already Pause !
15:15:51.84-[Information]-PgMain: addLog:Already Reset !
15:15:52.31-[Information]-PgMain: addLog:Already Home !
15:15:55.56-[Information]-PgMain: addLog:Already Running!
15:15:55.91-[Information]-PgMain: addLog:Already Pause !
15:15:59.57-[Information]-PgMain: addLog:Already Home !
15:16:04.62-[Information]-PgMain: addLog:Already Stopped !
15:16:05.16-[Information]-PgMain: addLog:Already Home !
15:16:06.25-[Information]-PgMain: addLog:Already Pause !
15:16:55.74-[Information]-UiManager: Startup:
15:16:57.52-[Information]-Dba:  ->  Database File SQLite Already Existed!
15:16:58.95-[Information]-PgMain: addLog:Already Home !
15:17:00.11-[Information]-PgMain: addLog:Already Pause !
15:17:00.66-[Information]-PgMain: addLog:Already Reset !
15:17:01.74-[Information]-PgMain: addLog:Already Running!
15:17:11.07-[Information]-PgMain: addLog:Already Home !
15:17:16.19-[Information]-PgMain: addLog:Already Running!
15:17:19.51-[Information]-PgMain: addLog:Already Pause !
15:17:26.63-[Information]-PgMain: addLog:Already Home !
15:17:37.68-[Information]-PgMain: addLog:Already Running!
15:17:37.97-[Information]-PgMain: addLog:Already Pause !
15:17:38.13-[Information]-PgMain: addLog:Already Reset !
15:22:20.23-[Information]-UiManager: Startup:
15:22:21.23-[Information]-Dba:  ->  Database File SQLite Already Existed!
15:22:22.56-[Information]-PgMain: addLog:Already Home !
15:22:23.32-[Information]-PgMain: addLog:Already Pause !
15:22:24.03-[Information]-PgMain: addLog:Already Reset !
15:22:24.71-[Information]-PgMain: addLog:Already Running!
16:37:22.26-[Information]-UiManager: Startup:
16:37:23.13-[Information]-Dba:  ->  Database File SQLite Already Existed!
16:37:26.63-[Information]-PgMain: addLog:Already Home !
16:37:27.21-[Information]-PgMain: addLog:Already Pause !
16:37:27.61-[Information]-PgMain: addLog:Already Reset !
16:40:34.51-[Information]-UiManager: Startup:
16:40:35.71-[Information]-Dba:  ->  Database File SQLite Already Existed!
16:40:37.33-[Information]-PgMain: addLog:Already Home !
16:40:40.02-[Information]-PgMain: addLog:Already Pause !
16:40:40.81-[Information]-PgMain: addLog:Already Reset !
16:40:41.82-[Information]-PgMain: addLog:Already Running!
16:40:45.23-[Information]-PgMain: addLog:Already Stopped !
16:40:48.32-[Information]-PgMain: addLog:Already Home !
16:40:51.33-[Information]-PgMain: addLog:Already Reset !
16:40:52.29-[Information]-PgMain: addLog:Already Pause !
16:40:53.30-[Information]-PgMain: addLog:Already Running!
16:40:55.24-[Information]-PgMain: addLog:Already Pause !
16:40:55.87-[Information]-PgMain: addLog:Already Reset !
16:40:56.44-[Information]-PgMain: addLog:Already Home !
16:41:04.49-[Information]-PgMain: addLog:Already Running!
16:42:30.56-[Information]-UiManager: Startup:
16:42:32.09-[Information]-Dba:  ->  Database File SQLite Already Existed!
16:42:33.35-[Information]-PgMain: addLog:Already Home !
16:42:34.34-[Information]-PgMain: addLog:Already Pause !
16:42:35.23-[Information]-PgMain: addLog:Already Reset !
16:42:36.50-[Information]-PgMain: addLog:Already Running!
16:42:38.67-[Information]-PgMain: addLog:Already Home !
16:42:39.35-[Information]-PgMain: addLog:Already Reset !
16:42:40.28-[Information]-PgMain: addLog:Already Pause !
16:42:42.94-[Information]-PgMain: addLog:Already Home !
16:42:47.92-[Information]-PgMain: addLog:Already Stopped !
16:42:49.63-[Information]-PgMain: addLog:Already Home !
16:44:06.53-[Information]-UiManager: Startup:
16:44:07.78-[Information]-Dba:  ->  Database File SQLite Already Existed!
16:44:09.09-[Information]-PgMain: addLog:Already Home !
16:44:09.89-[Information]-PgMain: addLog:Already Reset !
16:44:10.82-[Information]-PgMain: addLog:Already Pause !
16:44:11.51-[Information]-PgMain: addLog:Already Running!
16:44:13.48-[Information]-PgMain: addLog:Already Home !
16:44:14.44-[Information]-PgMain: addLog:Already Pause !
16:44:14.91-[Information]-PgMain: addLog:Already Reset !
16:44:16.02-[Information]-PgMain: addLog:Already Running!
16:44:17.44-[Information]-PgMain: addLog:Already Stopped !
16:44:18.74-[Information]-PgMain: addLog:Already Home !
16:44:19.54-[Information]-PgMain: addLog:Already Reset !
16:44:20.03-[Information]-PgMain: addLog:Already Pause !
16:44:21.02-[Information]-PgMain: addLog:Already Running!
16:44:24.73-[Information]-PgMain: addLog:Already Home !
16:44:25.21-[Information]-PgMain: addLog:Already Reset !
16:44:25.81-[Information]-PgMain: addLog:Already Stopped !
16:44:26.27-[Information]-PgMain: addLog:Already Home !
16:44:26.76-[Information]-PgMain: addLog:Already Reset !
16:44:27.12-[Information]-PgMain: addLog:Already Pause !
16:44:27.55-[Information]-PgMain: addLog:Already Running!
16:44:29.62-[Information]-PgMain: addLog:Already Stopped !
16:44:31.33-[Information]-PgMain: addLog:Already Home !
16:44:31.75-[Information]-PgMain: addLog:Already Reset !
16:44:32.25-[Information]-PgMain: addLog:Already Pause !
16:44:32.75-[Information]-PgMain: addLog:Already Running!
16:44:34.98-[Information]-PgMain: addLog:Already Home !
16:45:00.10-[Information]-PgMain: addLog:Already Stopped !
16:45:06.07-[Information]-PgMain: addLog:Already Home !
16:45:14.57-[Information]-UiManager: Startup:
16:45:15.37-[Information]-Dba:  ->  Database File SQLite Already Existed!
16:45:23.69-[Information]-PgMain: addLog:Already Home !
16:48:56.93-[Information]-UiManager: Startup:
16:48:58.29-[Information]-Dba:  ->  Database File SQLite Already Existed!
16:53:54.19-[Information]-UiManager: Startup:
16:53:55.51-[Information]-Dba:  ->  Database File SQLite Already Existed!
16:53:58.13-[Information]-PgMain: addLog:Already Home !
16:54:00.62-[Information]-PgMain: addLog:Already Stopped !
16:54:02.07-[Information]-PgMain: addLog:Already Home !
16:54:02.58-[Information]-PgMain: addLog:Already Pause !
16:54:03.06-[Information]-PgMain: addLog:Already Reset !
16:54:03.94-[Information]-PgMain: addLog:Already Running!
16:54:07.52-[Information]-PgMain: addLog:Already Home !
16:54:09.08-[Information]-PgMain: addLog:Already Stopped !
16:54:12.43-[Information]-PgMain: addLog:Already Home !
16:54:12.77-[Information]-PgMain: addLog:Already Pause !
16:54:13.06-[Information]-PgMain: addLog:Already Reset !
16:54:13.49-[Information]-PgMain: addLog:Already Running!
16:54:14.11-[Information]-PgMain: addLog:Already Home !
16:54:14.73-[Information]-PgMain: addLog:Already Stopped !
16:55:13.92-[Information]-UiManager: Startup:
16:55:14.42-[Information]-Dba:  ->  Database File SQLite Already Existed!
16:55:21.98-[Information]-UiManager: Startup:
16:55:22.64-[Information]-Dba:  ->  Database File SQLite Already Existed!
16:55:27.14-[Information]-UiManager: Startup:
16:55:27.80-[Information]-Dba:  ->  Database File SQLite Already Existed!
16:55:43.37-[Information]-UiManager: Startup:
16:55:45.11-[Information]-Dba:  ->  Database File SQLite Already Existed!
16:55:46.64-[Information]-PgMain: addLog:Already Home !
16:56:22.55-[Information]-UiManager: Startup:
16:56:23.47-[Information]-Dba:  ->  Database File SQLite Already Existed!
16:57:45.88-[Information]-UiManager: Startup:
16:57:46.49-[Information]-Dba:  ->  Database File SQLite Already Existed!
16:58:04.89-[Information]-UiManager: Startup:
16:58:05.97-[Information]-Dba:  ->  Database File SQLite Already Existed!
16:58:07.39-[Information]-PgMain: addLog:Already Home !
16:58:09.02-[Information]-PgMain: addLog:Already Running!
16:58:09.96-[Information]-PgMain: addLog:Already Pause !
16:58:10.52-[Information]-PgMain: addLog:Already Reset !
16:59:21.56-[Information]-UiManager: Startup:
16:59:23.02-[Information]-Dba:  ->  Database File SQLite Already Existed!
16:59:24.26-[Information]-PgMain: addLog:Already Home !
16:59:25.33-[Information]-PgMain: addLog:Already Pause !
16:59:26.18-[Information]-PgMain: addLog:Already Running!
16:59:26.81-[Information]-PgMain: addLog:Already Reset !
16:59:30.28-[Information]-PgMain: addLog:Already Stopped !
16:59:31.05-[Information]-PgMain: addLog:Already Home !
16:59:31.81-[Information]-PgMain: addLog:Already Pause !
16:59:32.61-[Information]-PgMain: addLog:Already Running!
16:59:33.26-[Information]-PgMain: addLog:Already Reset !
16:59:34.45-[Information]-PgMain: addLog:Already Stopped !
16:59:34.91-[Information]-PgMain: addLog:Already Home !
16:59:36.41-[Information]-PgMain: addLog:Already Reset !
16:59:37.24-[Information]-PgMain: addLog:Already Pause !
16:59:38.09-[Information]-PgMain: addLog:Already Running!
16:59:39.02-[Information]-PgMain: addLog:Already Stopped !
16:59:39.37-[Information]-PgMain: addLog:Already Home !
16:59:40.67-[Information]-PgMain: addLog:Already Reset !
16:59:42.11-[Information]-PgMain: addLog:Already Pause !
16:59:43.23-[Information]-PgMain: addLog:Already Running!
16:59:43.78-[Information]-PgMain: addLog:Already Stopped !