
13:13:00.95-[Information]-UiManager: Startup:
13:13:01.98-[Information]-Dba:  ->  Database File SQLite Already Existed!
13:13:58.00-[Information]-UiManager: Startup:
13:13:59.04-[Information]-Dba:  ->  Database File SQLite Already Existed!
13:14:42.92-[Information]-UiManager: Startup:
13:14:43.54-[Information]-Dba:  ->  Database File SQLite Already Existed!
13:15:32.53-[Information]-UiManager: Startup:
13:15:33.22-[Information]-Dba:  ->  Database File SQLite Already Existed!
13:17:30.93-[Information]-UiManager: Startup:
13:17:31.67-[Information]-Dba:  ->  Database File SQLite Already Existed!
13:23:25.14-[Information]-UiManager: Startup:
13:23:25.86-[Information]-Dba:  ->  Database File SQLite Already Existed!
13:25:06.90-[Information]-PgMain: addLog:Already Running!
14:14:36.63-[Information]-UiManager: Startup:
14:14:36.93-[Information]-Dba:  ->  Database File SQLite Already Existed!
14:19:10.14-[Information]-UiManager: Startup:
14:19:10.71-[Information]-Dba:  ->  Database File SQLite Already Existed!
14:19:42.34-[Information]-UiManager: Startup:
14:19:43.08-[Information]-Dba:  ->  Database File SQLite Already Existed!
14:20:50.69-[Information]-UiManager: Startup:
14:20:51.37-[Information]-Dba:  ->  Database File SQLite Already Existed!
14:21:24.96-[Information]-UiManager: Startup:
14:21:25.75-[Information]-Dba:  ->  Database File SQLite Already Existed!
14:45:19.91-[Information]-UiManager: Startup:
14:45:20.25-[Information]-Dba:  ->  Database File SQLite Already Existed!
14:45:24.42-[Information]-UiManager: Startup:
14:45:24.71-[Information]-Dba:  ->  Database File SQLite Already Existed!
14:48:57.09-[Information]-UiManager: Startup:
14:48:59.20-[Information]-Dba:  ->  Database File SQLite Already Existed!
14:54:48.48-[Information]-UiManager: Startup:
14:54:49.15-[Information]-Dba:  ->  Database File SQLite Already Existed!
14:57:02.89-[Information]-UiManager: Startup:
14:57:03.74-[Information]-Dba:  ->  Database File SQLite Already Existed!
14:57:38.63-[Information]-UiManager: Startup:
14:57:39.57-[Information]-Dba:  ->  Database File SQLite Already Existed!
15:00:01.78-[Information]-UiManager: Startup:
15:00:02.71-[Information]-Dba:  ->  Database File SQLite Already Existed!
15:00:24.85-[Information]-UiManager: Startup:
15:00:25.93-[Information]-Dba:  ->  Database File SQLite Already Existed!
15:38:45.05-[Information]-UiManager: Startup:
15:38:45.44-[Information]-Dba:  ->  Database File SQLite Already Existed!
16:03:01.48-[Information]-UiManager: Startup:
16:03:02.36-[Information]-Dba:  ->  Database File SQLite Already Existed!
16:12:16.21-[Information]-UiManager: Startup:
16:12:16.91-[Information]-AlarmSQLDba:  -> Database File SQLite Not Existed -> Create New!
16:12:16.91-[Information]-AlarmSQLDba: Create TableUserLog: 
16:12:17.09-[Error]-AlarmSQLDba: Create TableUserLog Error: SQL logic error
incomplete input
16:12:17.09-[Information]-Dba:  ->  Database File SQLite Already Existed!
16:15:22.48-[Information]-UiManager: Startup:
16:15:23.28-[Information]-AlarmSQLDba:  ->  Database File SQLite Already Existed!
16:15:23.28-[Information]-Dba:  ->  Database File SQLite Already Existed!
16:23:56.84-[Information]-UiManager: Startup:
16:23:57.73-[Information]-AlarmSQLDba:  ->  Database File SQLite Already Existed!
16:23:57.73-[Information]-Dba:  ->  Database File SQLite Already Existed!
16:24:47.02-[Information]-UiManager: Startup:
16:24:47.90-[Information]-AlarmSQLDba:  ->  Database File SQLite Already Existed!
16:24:47.90-[Information]-Dba:  ->  Database File SQLite Already Existed!
16:25:47.56-[Information]-UiManager: Startup:
16:25:48.41-[Information]-Dba:  ->  Database File SQLite Already Existed!
16:26:00.78-[Information]-UiManager: Startup:
16:26:01.80-[Information]-Dba:  ->  Database File SQLite Already Existed!
17:00:08.51-[Information]-UiManager: Startup:
17:00:09.55-[Information]-AlarmSQLDba:  ->  Database File SQLite Already Existed!
17:00:09.56-[Information]-Dba:  ->  Database File SQLite Already Existed!
17:03:52.27-[Information]-UiManager: Startup:
17:03:53.06-[Information]-AlarmSQLDba:  ->  Database File SQLite Already Existed!
17:03:53.06-[Information]-Dba:  ->  Database File SQLite Already Existed!
17:05:36.48-[Information]-UiManager: Startup:
17:05:37.15-[Information]-AlarmSQLDba:  ->  Database File SQLite Already Existed!
17:05:37.15-[Information]-Dba:  ->  Database File SQLite Already Existed!
17:08:59.54-[Information]-UiManager: Startup:
17:09:00.41-[Information]-AlarmSQLDba:  ->  Database File SQLite Already Existed!
17:09:00.41-[Information]-Dba:  ->  Database File SQLite Already Existed!
17:10:38.02-[Information]-UiManager: Startup:
17:10:38.76-[Information]-AlarmSQLDba:  ->  Database File SQLite Already Existed!
17:10:38.76-[Information]-Dba:  ->  Database File SQLite Already Existed!
17:12:52.51-[Information]-UiManager: Startup:
17:12:53.22-[Information]-AlarmSQLDba:  ->  Database File SQLite Already Existed!
17:12:53.22-[Information]-Dba:  ->  Database File SQLite Already Existed!
17:13:13.10-[Information]-UiManager: Startup:
17:13:13.96-[Information]-AlarmSQLDba:  ->  Database File SQLite Already Existed!
17:13:13.96-[Information]-Dba:  ->  Database File SQLite Already Existed!
17:13:40.82-[Information]-UiManager: Startup:
17:13:41.58-[Information]-AlarmSQLDba:  ->  Database File SQLite Already Existed!
17:13:41.59-[Information]-Dba:  ->  Database File SQLite Already Existed!
17:14:10.22-[Information]-UiManager: Startup:
17:14:10.87-[Information]-AlarmSQLDba:  ->  Database File SQLite Already Existed!
17:14:10.87-[Information]-Dba:  -> Database File SQLite Not Existed -> Create New!
17:14:10.88-[Information]-Dba: Create TableUserLog: 
17:14:11.03-[Information]-Dba: createTableQr1Status:
17:14:11.04-[Information]-Dba: createTableEventLog:
17:14:11.05-[Information]-Dba: createTableAlarmImageLog:
17:14:11.07-[Information]-Dba: Create TableAlarmImage: 
17:14:50.09-[Information]-UiManager: Startup:
17:14:51.17-[Information]-AlarmSQLDba:  -> Database File SQLite Not Existed -> Create New!
17:14:51.18-[Information]-AlarmSQLDba: Create TableUserLog: 
17:14:51.31-[Error]-AlarmSQLDba: Create TableUserLog Error: SQL logic error
incomplete input
17:14:51.31-[Information]-Dba:  ->  Database File SQLite Already Existed!
17:15:35.67-[Information]-UiManager: Startup:
17:15:36.36-[Information]-AlarmSQLDba:  -> Database File SQLite Not Existed -> Create New!
17:15:36.36-[Information]-AlarmSQLDba: Create TableUserLog: 
17:15:36.48-[Information]-Dba:  ->  Database File SQLite Already Existed!
17:16:33.91-[Information]-UiManager: Startup:
17:16:34.75-[Information]-AlarmSQLDba:  -> Database File SQLite Not Existed -> Create New!
17:16:34.76-[Information]-AlarmSQLDba: Create TableUserLog: 
17:16:34.88-[Error]-AlarmSQLDba: Create TableUserLog Error: SQL logic error
incomplete input
17:16:34.89-[Information]-Dba:  -> Database File SQLite Not Existed -> Create New!
17:16:34.89-[Information]-Dba: Create TableUserLog: 
17:16:34.90-[Information]-Dba: createTableQr1Status:
17:16:34.91-[Information]-Dba: createTableEventLog:
17:16:34.91-[Information]-Dba: createTableAlarmImageLog:
17:16:34.92-[Information]-Dba: Create TableAlarmImage: 
17:17:31.25-[Information]-UiManager: Startup:
17:17:32.02-[Information]-AlarmSQLDba:  -> Database File SQLite Not Existed -> Create New!
17:17:32.03-[Information]-AlarmSQLDba: Create TableUserLog: 
17:17:32.18-[Information]-Dba:  ->  Database File SQLite Already Existed!
17:18:10.60-[Information]-UiManager: Startup:
17:18:11.45-[Information]-AlarmSQLDba:  ->  Database File SQLite Already Existed!
17:18:11.45-[Information]-Dba:  ->  Database File SQLite Already Existed!
18:05:12.11-[Information]-UiManager: Startup:
18:05:13.26-[Information]-AlarmSQLDba:  ->  Database File SQLite Already Existed!
18:05:13.26-[Information]-Dba:  ->  Database File SQLite Already Existed!
18:13:12.04-[Information]-UiManager: Startup:
18:13:12.90-[Information]-AlarmSQLDba:  ->  Database File SQLite Already Existed!
18:13:12.90-[Information]-Dba:  ->  Database File SQLite Already Existed!
18:17:32.62-[Information]-UiManager: Startup:
18:17:33.39-[Information]-AlarmSQLDba:  ->  Database File SQLite Already Existed!
18:17:33.39-[Information]-Dba:  ->  Database File SQLite Already Existed!
18:19:29.69-[Information]-UiManager: Startup:
18:19:30.33-[Information]-AlarmSQLDba:  ->  Database File SQLite Already Existed!
18:19:30.33-[Information]-Dba:  ->  Database File SQLite Already Existed!
18:20:56.75-[Information]-UiManager: Startup:
18:20:57.46-[Information]-AlarmSQLDba:  ->  Database File SQLite Already Existed!
18:20:57.46-[Information]-Dba:  ->  Database File SQLite Already Existed!
18:21:50.00-[Information]-UiManager: Startup:
18:21:50.79-[Information]-AlarmSQLDba:  ->  Database File SQLite Already Existed!
18:21:50.79-[Information]-Dba:  ->  Database File SQLite Already Existed!
18:24:45.74-[Information]-UiManager: Startup:
18:24:46.82-[Information]-AlarmSQLDba:  ->  Database File SQLite Already Existed!
18:24:46.83-[Information]-Dba:  ->  Database File SQLite Already Existed!
18:28:21.07-[Information]-UiManager: Startup:
18:28:21.81-[Information]-AlarmSQLDba:  ->  Database File SQLite Already Existed!
18:28:21.81-[Information]-Dba:  ->  Database File SQLite Already Existed!
18:28:26.36-[Error]-DbWrite: CreateAlarm Error: constraint failed
NOT NULL constraint failed: AlarmImage_log.id
18:28:28.14-[Error]-DbWrite: CreateAlarm Error: constraint failed
NOT NULL constraint failed: AlarmImage_log.id
18:30:52.80-[Information]-UiManager: Startup:
18:30:53.94-[Information]-AlarmSQLDba:  ->  Database File SQLite Already Existed!
18:30:53.94-[Information]-Dba:  ->  Database File SQLite Already Existed!
18:30:58.38-[Error]-DbWrite: CreateAlarm Error: constraint failed
NOT NULL constraint failed: AlarmImage_log.id
18:30:58.96-[Error]-DbWrite: CreateAlarm Error: constraint failed
NOT NULL constraint failed: AlarmImage_log.id
18:32:08.63-[Information]-UiManager: Startup:
18:32:09.37-[Information]-AlarmSQLDba:  ->  Database File SQLite Already Existed!
18:32:09.37-[Information]-Dba:  ->  Database File SQLite Already Existed!
18:32:13.38-[Error]-DbWrite: CreateAlarm Error: SQL logic error
table AlarmImage_log has no column named Name_Image
18:32:13.49-[Error]-DbWrite: CreateAlarm Error: SQL logic error
table AlarmImage_log has no column named Name_Image
18:32:13.65-[Error]-DbWrite: CreateAlarm Error: SQL logic error
table AlarmImage_log has no column named Name_Image
18:32:13.84-[Error]-DbWrite: CreateAlarm Error: SQL logic error
table AlarmImage_log has no column named Name_Image
18:32:14.00-[Error]-DbWrite: CreateAlarm Error: SQL logic error
table AlarmImage_log has no column named Name_Image
18:35:24.51-[Information]-UiManager: Startup:
18:35:25.40-[Information]-AlarmSQLDba:  ->  Database File SQLite Already Existed!
18:35:25.40-[Information]-Dba:  ->  Database File SQLite Already Existed!
18:35:29.54-[Error]-DbWrite: CreateAlarm Error: constraint failed
NOT NULL constraint failed: AlarmImage_log.id
18:35:30.03-[Error]-DbWrite: CreateAlarm Error: constraint failed
NOT NULL constraint failed: AlarmImage_log.id
18:35:30.19-[Error]-DbWrite: CreateAlarm Error: constraint failed
NOT NULL constraint failed: AlarmImage_log.id
18:35:30.33-[Error]-DbWrite: CreateAlarm Error: constraint failed
NOT NULL constraint failed: AlarmImage_log.id
18:35:30.49-[Error]-DbWrite: CreateAlarm Error: constraint failed
NOT NULL constraint failed: AlarmImage_log.id
18:35:30.64-[Error]-DbWrite: CreateAlarm Error: constraint failed
NOT NULL constraint failed: AlarmImage_log.id
18:35:30.78-[Error]-DbWrite: CreateAlarm Error: constraint failed
NOT NULL constraint failed: AlarmImage_log.id
18:35:30.92-[Error]-DbWrite: CreateAlarm Error: constraint failed
NOT NULL constraint failed: AlarmImage_log.id
18:37:09.95-[Information]-UiManager: Startup:
18:37:10.63-[Information]-AlarmSQLDba:  -> Database File SQLite Not Existed -> Create New!
18:37:10.63-[Information]-AlarmSQLDba: Create TableUserLog: 
18:37:10.76-[Information]-Dba:  -> Database File SQLite Not Existed -> Create New!
18:37:10.77-[Information]-Dba: Create TableUserLog: 
18:37:10.77-[Information]-Dba: createTableQr1Status:
18:37:10.78-[Information]-Dba: createTableEventLog:
18:37:10.78-[Information]-Dba: createTableAlarmImageLog:
18:37:10.79-[Information]-Dba: Create TableAlarmImage: 
18:39:07.74-[Information]-UiManager: Startup:
18:39:08.85-[Information]-AlarmSQLDba:  ->  Database File SQLite Already Existed!
18:39:08.85-[Information]-Dba:  ->  Database File SQLite Already Existed!
18:39:38.81-[Information]-UiManager: Startup:
18:39:39.95-[Information]-AlarmSQLDba:  ->  Database File SQLite Already Existed!
18:39:39.95-[Information]-Dba:  ->  Database File SQLite Already Existed!
18:39:43.98-[Error]-DbWrite: CreateAlarm Error: constraint failed
UNIQUE constraint failed: AlarmImage_log.id
18:39:44.13-[Error]-DbWrite: CreateAlarm Error: constraint failed
UNIQUE constraint failed: AlarmImage_log.id
18:41:56.90-[Information]-UiManager: Startup:
18:41:57.66-[Information]-AlarmSQLDba:  ->  Database File SQLite Already Existed!
18:41:57.66-[Information]-Dba:  ->  Database File SQLite Already Existed!
18:44:37.02-[Information]-UiManager: Startup:
18:44:38.19-[Information]-AlarmSQLDba:  ->  Database File SQLite Already Existed!
18:44:38.19-[Information]-Dba:  ->  Database File SQLite Already Existed!
18:44:41.91-[Error]-DbWrite: CreateAlarmimage Error: SQL logic error
no such table: AlarmImage_log
18:45:20.25-[Information]-UiManager: Startup:
18:45:20.98-[Information]-AlarmSQLDba:  -> Database File SQLite Not Existed -> Create New!
18:45:20.99-[Information]-AlarmSQLDba: Create TableUserLog: 
18:45:21.14-[Information]-Dba:  -> Database File SQLite Not Existed -> Create New!
18:45:21.14-[Information]-Dba: Create TableUserLog: 
18:45:21.15-[Information]-Dba: createTableQr1Status:
18:45:21.16-[Information]-Dba: createTableEventLog:
18:45:21.16-[Information]-Dba: createTableAlarmImageLog:
18:45:21.17-[Information]-Dba: Create TableAlarmImage: 
18:45:24.60-[Error]-DbWrite: CreateAlarm Error: SQL logic error
ON CONFLICT clause does not match any PRIMARY KEY or UNIQUE constraint
18:45:24.62-[Error]-DbWrite: CreateAlarmimage Error: SQL logic error
ON CONFLICT clause does not match any PRIMARY KEY or UNIQUE constraint
18:47:58.68-[Information]-UiManager: Startup:
18:47:59.47-[Information]-AlarmSQLDba:  ->  Database File SQLite Already Existed!
18:47:59.47-[Information]-Dba:  ->  Database File SQLite Already Existed!
18:48:37.84-[Information]-UiManager: Startup:
18:48:38.62-[Information]-AlarmSQLDba:  -> Database File SQLite Not Existed -> Create New!
18:48:38.63-[Information]-AlarmSQLDba: Create TableUserLog: 
18:48:38.80-[Information]-Dba:  -> Database File SQLite Not Existed -> Create New!
18:48:38.80-[Information]-Dba: Create TableUserLog: 
18:48:38.81-[Information]-Dba: createTableQr1Status:
18:48:38.81-[Information]-Dba: createTableEventLog:
18:48:38.82-[Information]-Dba: createTableAlarmImageLog:
18:48:38.83-[Information]-Dba: Create TableAlarmImage: 
18:48:44.30-[Error]-DbWrite: CreateAlarm Error: SQL logic error
ON CONFLICT clause does not match any PRIMARY KEY or UNIQUE constraint
18:48:44.31-[Error]-DbWrite: CreateAlarm Error: SQL logic error
ON CONFLICT clause does not match any PRIMARY KEY or UNIQUE constraint
18:52:23.31-[Information]-UiManager: Startup:
18:52:24.04-[Information]-AlarmSQLDba:  ->  Database File SQLite Already Existed!
18:52:24.04-[Information]-Dba:  ->  Database File SQLite Already Existed!
18:52:28.03-[Error]-DbWrite: CreateAlarm Error: SQL logic error
ON CONFLICT clause does not match any PRIMARY KEY or UNIQUE constraint
18:52:28.05-[Error]-DbWrite: CreateAlarm Error: SQL logic error
ON CONFLICT clause does not match any PRIMARY KEY or UNIQUE constraint
18:52:41.59-[Information]-UiManager: Startup:
18:52:42.39-[Information]-AlarmSQLDba:  -> Database File SQLite Not Existed -> Create New!
18:52:42.39-[Information]-AlarmSQLDba: Create TableUserLog: 
18:52:42.55-[Information]-Dba:  -> Database File SQLite Not Existed -> Create New!
18:52:42.55-[Information]-Dba: Create TableUserLog: 
18:52:42.55-[Information]-Dba: createTableQr1Status:
18:52:42.56-[Information]-Dba: createTableEventLog:
18:52:42.56-[Information]-Dba: createTableAlarmImageLog:
18:52:42.57-[Information]-Dba: Create TableAlarmImage: 
18:52:47.11-[Error]-DbWrite: CreateAlarm Error: SQL logic error
ON CONFLICT clause does not match any PRIMARY KEY or UNIQUE constraint
18:52:47.13-[Error]-DbWrite: CreateAlarm Error: SQL logic error
ON CONFLICT clause does not match any PRIMARY KEY or UNIQUE constraint
18:54:34.29-[Information]-UiManager: Startup:
18:54:35.02-[Information]-AlarmSQLDba:  ->  Database File SQLite Already Existed!
18:54:35.02-[Information]-Dba:  ->  Database File SQLite Already Existed!
18:54:38.73-[Error]-DbWrite: CreateAlarm Error: SQL logic error
ON CONFLICT clause does not match any PRIMARY KEY or UNIQUE constraint
18:54:38.75-[Error]-DbWrite: CreateAlarm Error: SQL logic error
ON CONFLICT clause does not match any PRIMARY KEY or UNIQUE constraint
18:55:46.21-[Information]-UiManager: Startup:
18:55:46.90-[Information]-AlarmSQLDba:  ->  Database File SQLite Already Existed!
18:55:46.90-[Information]-Dba:  ->  Database File SQLite Already Existed!
18:55:50.02-[Error]-DbWrite: CreateAlarm Error: constraint failed
NOT NULL constraint failed: AlarmImage_log.id
18:55:50.04-[Error]-DbWrite: CreateAlarm Error: SQL logic error
ON CONFLICT clause does not match any PRIMARY KEY or UNIQUE constraint
18:57:22.11-[Information]-UiManager: Startup:
18:57:22.86-[Information]-AlarmSQLDba:  ->  Database File SQLite Already Existed!
18:57:22.86-[Information]-Dba:  ->  Database File SQLite Already Existed!
18:57:26.64-[Error]-DbWrite: CreateAlarm Error: constraint failed
NOT NULL constraint failed: AlarmImage_log.id
18:57:26.66-[Error]-DbWrite: CreateAlarm Error: SQL logic error
ON CONFLICT clause does not match any PRIMARY KEY or UNIQUE constraint
18:58:12.67-[Information]-UiManager: Startup:
18:58:13.42-[Information]-AlarmSQLDba:  ->  Database File SQLite Already Existed!
18:58:13.42-[Information]-Dba:  ->  Database File SQLite Already Existed!
18:58:18.95-[Error]-DbWrite: CreateAlarm Error: constraint failed
NOT NULL constraint failed: AlarmImage_log.id
18:58:18.97-[Error]-DbWrite: CreateAlarm Error: SQL logic error
ON CONFLICT clause does not match any PRIMARY KEY or UNIQUE constraint
18:58:58.20-[Information]-UiManager: Startup:
18:58:59.01-[Information]-AlarmSQLDba:  -> Database File SQLite Not Existed -> Create New!
18:58:59.01-[Information]-AlarmSQLDba: Create TableUserLog: 
18:58:59.15-[Information]-Dba:  -> Database File SQLite Not Existed -> Create New!
18:58:59.16-[Information]-Dba: Create TableUserLog: 
18:58:59.16-[Information]-Dba: createTableQr1Status:
18:58:59.17-[Information]-Dba: createTableEventLog:
18:58:59.18-[Information]-Dba: createTableAlarmImageLog:
18:58:59.19-[Information]-Dba: Create TableAlarmImage: 
18:59:02.64-[Error]-DbWrite: CreateAlarm Error: SQL logic error
ON CONFLICT clause does not match any PRIMARY KEY or UNIQUE constraint
19:00:18.36-[Information]-UiManager: Startup:
19:00:19.21-[Information]-AlarmSQLDba:  ->  Database File SQLite Already Existed!
19:00:19.21-[Information]-Dba:  ->  Database File SQLite Already Existed!
19:00:24.68-[Error]-DbWrite: CreateAlarm Error: SQL logic error
ON CONFLICT clause does not match any PRIMARY KEY or UNIQUE constraint
19:00:24.82-[Error]-DbWrite: CreateAlarm Error: SQL logic error
ON CONFLICT clause does not match any PRIMARY KEY or UNIQUE constraint
19:00:24.99-[Error]-DbWrite: CreateAlarm Error: SQL logic error
ON CONFLICT clause does not match any PRIMARY KEY or UNIQUE constraint
19:00:25.32-[Error]-DbWrite: CreateAlarm Error: SQL logic error
ON CONFLICT clause does not match any PRIMARY KEY or UNIQUE constraint
19:00:25.47-[Error]-DbWrite: CreateAlarm Error: SQL logic error
ON CONFLICT clause does not match any PRIMARY KEY or UNIQUE constraint
19:00:25.61-[Error]-DbWrite: CreateAlarm Error: SQL logic error
ON CONFLICT clause does not match any PRIMARY KEY or UNIQUE constraint
19:00:46.80-[Information]-UiManager: Startup:
19:00:47.64-[Information]-AlarmSQLDba:  ->  Database File SQLite Already Existed!
19:00:47.64-[Information]-Dba:  ->  Database File SQLite Already Existed!
19:00:52.14-[Error]-DbWrite: CreateAlarm Error: SQL logic error
ON CONFLICT clause does not match any PRIMARY KEY or UNIQUE constraint
19:01:32.55-[Information]-UiManager: Startup:
19:01:33.35-[Information]-AlarmSQLDba:  ->  Database File SQLite Already Existed!
19:01:33.35-[Information]-Dba:  ->  Database File SQLite Already Existed!
19:01:36.99-[Error]-DbWrite: CreateAlarm Error: SQL logic error
ON CONFLICT clause does not match any PRIMARY KEY or UNIQUE constraint
19:02:03.24-[Information]-UiManager: Startup:
19:02:03.96-[Information]-AlarmSQLDba:  -> Database File SQLite Not Existed -> Create New!
19:02:03.96-[Information]-AlarmSQLDba: Create TableUserLog: 
19:02:04.13-[Information]-Dba:  -> Database File SQLite Not Existed -> Create New!
19:02:04.13-[Information]-Dba: Create TableUserLog: 
19:02:04.14-[Information]-Dba: createTableQr1Status:
19:02:04.15-[Information]-Dba: createTableEventLog:
19:02:04.16-[Information]-Dba: createTableAlarmImageLog:
19:02:04.16-[Information]-Dba: Create TableAlarmImage: 
19:02:08.20-[Error]-DbWrite: CreateAlarm Error: SQL logic error
ON CONFLICT clause does not match any PRIMARY KEY or UNIQUE constraint
19:03:34.16-[Information]-UiManager: Startup:
19:03:34.94-[Information]-AlarmSQLDba:  ->  Database File SQLite Already Existed!
19:03:34.94-[Information]-Dba:  ->  Database File SQLite Already Existed!
19:03:46.69-[Information]-UiManager: Startup:
19:03:47.50-[Information]-AlarmSQLDba:  -> Database File SQLite Not Existed -> Create New!
19:03:47.50-[Information]-AlarmSQLDba: Create TableUserLog: 
19:03:47.67-[Information]-Dba:  -> Database File SQLite Not Existed -> Create New!
19:03:47.67-[Information]-Dba: Create TableUserLog: 
19:03:47.68-[Information]-Dba: createTableQr1Status:
19:03:47.69-[Information]-Dba: createTableEventLog:
19:03:47.70-[Information]-Dba: createTableAlarmImageLog:
19:03:47.72-[Information]-Dba: Create TableAlarmImage: 
19:03:54.24-[Error]-DbWrite: CreateAlarm Error: SQL logic error
ON CONFLICT clause does not match any PRIMARY KEY or UNIQUE constraint
19:05:12.74-[Information]-UiManager: Startup:
19:05:13.47-[Information]-AlarmSQLDba:  ->  Database File SQLite Already Existed!
19:05:13.48-[Information]-Dba:  ->  Database File SQLite Already Existed!
19:05:32.00-[Information]-UiManager: Startup:
19:05:33.21-[Information]-AlarmSQLDba:  ->  Database File SQLite Already Existed!
19:05:33.21-[Information]-Dba:  ->  Database File SQLite Already Existed!
19:05:56.20-[Information]-UiManager: Startup:
19:05:57.28-[Information]-AlarmSQLDba:  ->  Database File SQLite Already Existed!
19:05:57.28-[Information]-Dba:  ->  Database File SQLite Already Existed!
19:10:54.63-[Information]-UiManager: Startup:
19:10:55.81-[Information]-AlarmSQLDba:  ->  Database File SQLite Already Existed!
19:10:55.82-[Information]-Dba:  ->  Database File SQLite Already Existed!
19:11:24.62-[Information]-UiManager: Startup:
19:11:25.54-[Information]-AlarmSQLDba:  ->  Database File SQLite Already Existed!
19:11:25.55-[Information]-Dba:  ->  Database File SQLite Already Existed!
19:17:51.38-[Information]-UiManager: Startup:
19:17:52.48-[Information]-AlarmSQLDba:  ->  Database File SQLite Already Existed!
19:17:52.48-[Information]-Dba:  ->  Database File SQLite Already Existed!
19:26:11.37-[Information]-UiManager: Startup:
19:26:12.39-[Information]-AlarmSQLDba:  ->  Database File SQLite Already Existed!
19:26:12.39-[Information]-Dba:  ->  Database File SQLite Already Existed!
19:26:32.26-[Information]-UiManager: Startup:
19:26:32.93-[Information]-AlarmSQLDba:  ->  Database File SQLite Already Existed!
19:26:32.94-[Information]-Dba:  ->  Database File SQLite Already Existed!
19:27:56.40-[Information]-UiManager: Startup:
19:27:57.16-[Information]-AlarmSQLDba:  ->  Database File SQLite Already Existed!
19:27:57.16-[Information]-Dba:  ->  Database File SQLite Already Existed!
19:28:42.43-[Information]-UiManager: Startup:
19:28:43.32-[Information]-AlarmSQLDba:  ->  Database File SQLite Already Existed!
19:28:43.33-[Information]-Dba:  ->  Database File SQLite Already Existed!
19:30:35.35-[Information]-UiManager: Startup:
19:30:36.31-[Information]-AlarmSQLDba:  ->  Database File SQLite Already Existed!
19:30:36.31-[Information]-Dba:  ->  Database File SQLite Already Existed!
19:33:03.58-[Information]-UiManager: Startup:
19:33:04.50-[Information]-AlarmSQLDba:  ->  Database File SQLite Already Existed!
19:33:04.50-[Information]-Dba:  ->  Database File SQLite Already Existed!
19:35:03.66-[Information]-UiManager: Startup:
19:35:04.28-[Information]-AlarmSQLDba:  ->  Database File SQLite Already Existed!
19:35:04.28-[Information]-Dba:  ->  Database File SQLite Already Existed!
19:37:33.61-[Information]-UiManager: Startup:
19:37:34.30-[Information]-AlarmSQLDba:  ->  Database File SQLite Already Existed!
19:37:34.30-[Information]-Dba:  ->  Database File SQLite Already Existed!
19:39:45.89-[Information]-UiManager: Startup:
19:39:46.77-[Information]-AlarmSQLDba:  ->  Database File SQLite Already Existed!
19:39:46.77-[Information]-Dba:  ->  Database File SQLite Already Existed!
19:42:27.79-[Information]-UiManager: Startup:
19:42:28.62-[Information]-AlarmSQLDba:  ->  Database File SQLite Already Existed!
19:42:28.62-[Information]-Dba:  ->  Database File SQLite Already Existed!
19:46:54.14-[Information]-UiManager: Startup:
19:46:54.94-[Information]-AlarmSQLDba:  ->  Database File SQLite Already Existed!
19:46:54.94-[Information]-Dba:  ->  Database File SQLite Already Existed!
19:48:41.09-[Information]-UiManager: Startup:
19:48:41.89-[Information]-AlarmSQLDba:  ->  Database File SQLite Already Existed!
19:48:41.89-[Information]-Dba:  ->  Database File SQLite Already Existed!
19:49:46.82-[Information]-UiManager: Startup:
19:49:47.73-[Information]-AlarmSQLDba:  ->  Database File SQLite Already Existed!
19:49:47.73-[Information]-Dba:  ->  Database File SQLite Already Existed!
19:51:53.91-[Information]-UiManager: Startup:
19:51:54.75-[Information]-AlarmSQLDba:  ->  Database File SQLite Already Existed!
19:51:54.75-[Information]-Dba:  ->  Database File SQLite Already Existed!
19:57:48.04-[Information]-UiManager: Startup:
19:57:48.83-[Information]-AlarmSQLDba:  ->  Database File SQLite Already Existed!
19:57:48.83-[Information]-Dba:  ->  Database File SQLite Already Existed!
19:58:06.02-[Information]-UiManager: Startup:
19:58:08.34-[Information]-AlarmSQLDba:  ->  Database File SQLite Already Existed!
19:58:08.34-[Information]-Dba:  ->  Database File SQLite Already Existed!