
10:39:58.38-[Information]-UiManager: Startup:
10:40:00.10-[Information]-AlarmSQLDba:  ->  Database File SQLite Already Existed!
10:40:00.10-[Information]-Dba:  ->  Database File SQLite Already Existed!
10:40:05.58-[Information]-UserManager: LogOn: AutoTeams/itm
10:41:35.09-[Information]-UiManager: Startup:
10:41:35.79-[Information]-AlarmSQLDba:  ->  Database File SQLite Already Existed!
10:41:35.79-[Information]-Dba:  ->  Database File SQLite Already Existed!
10:41:40.13-[Information]-UserManager: LogOn: AutoTeams/itm
10:42:41.90-[Information]-UiManager: Startup:
10:42:42.66-[Information]-AlarmSQLDba:  ->  Database File SQLite Already Existed!
10:42:42.66-[Information]-Dba:  ->  Database File SQLite Already Existed!
10:42:47.61-[Information]-UserManager: LogOn: AutoTeams/itm
10:46:25.25-[Information]-UiManager: Startup:
10:46:25.98-[Information]-AlarmSQLDba:  ->  Database File SQLite Already Existed!
10:46:25.99-[Information]-Dba:  ->  Database File SQLite Already Existed!
10:46:30.77-[Information]-UserManager: LogOn: AutoTeams/itm
10:54:39.34-[Information]-UiManager: Startup:
10:54:40.06-[Information]-AlarmSQLDba:  ->  Database File SQLite Already Existed!
10:54:40.06-[Information]-Dba:  ->  Database File SQLite Already Existed!
10:54:44.94-[Information]-UserManager: LogOn: AutoTeams/ITM
10:54:48.83-[Information]-UserManager: LogOn: AutoTeams/itm
11:04:17.92-[Information]-UiManager: Startup:
11:04:19.05-[Information]-AlarmSQLDba:  ->  Database File SQLite Already Existed!
11:04:19.05-[Information]-Dba:  ->  Database File SQLite Already Existed!
11:04:23.63-[Information]-UserManager: LogOn: AutoTeams/itm
11:09:24.75-[Information]-UiManager: Startup:
11:09:25.90-[Information]-AlarmSQLDba:  ->  Database File SQLite Already Existed!
11:09:25.90-[Information]-Dba:  ->  Database File SQLite Already Existed!
11:09:31.25-[Information]-UserManager: LogOn: AutoTeams/itm
11:10:04.89-[Information]-UiManager: Startup:
11:10:06.29-[Information]-AlarmSQLDba:  ->  Database File SQLite Already Existed!
11:10:06.30-[Information]-Dba:  ->  Database File SQLite Already Existed!
11:10:11.25-[Information]-UserManager: LogOn: AutoTeams/itm
11:24:27.56-[Information]-UiManager: Startup:
11:24:29.15-[Information]-AlarmSQLDba:  ->  Database File SQLite Already Existed!
11:24:29.15-[Information]-Dba:  ->  Database File SQLite Already Existed!
11:24:35.45-[Information]-UserManager: LogOn: AutoTeams/ITM
11:24:39.26-[Information]-UserManager: LogOn: AutoTeams/itm
11:26:07.65-[Information]-UiManager: Startup:
11:26:08.79-[Information]-AlarmSQLDba:  ->  Database File SQLite Already Existed!
11:26:08.79-[Information]-Dba:  ->  Database File SQLite Already Existed!
11:26:15.02-[Information]-UserManager: LogOn: AutoTeams/itm
11:33:49.79-[Information]-UiManager: Startup:
11:33:51.45-[Information]-AlarmSQLDba:  ->  Database File SQLite Already Existed!
11:33:51.45-[Information]-Dba:  ->  Database File SQLite Already Existed!
11:33:56.73-[Information]-UserManager: LogOn: AutoTeams/ITM
11:34:00.11-[Information]-UserManager: LogOn: AutoTeams/itm
11:55:14.15-[Information]-UiManager: Startup:
11:55:15.18-[Information]-AlarmSQLDba:  ->  Database File SQLite Already Existed!
11:55:15.18-[Information]-Dba:  ->  Database File SQLite Already Existed!
11:55:19.75-[Information]-UserManager: LogOn: AutoTeams/itm
11:56:05.04-[Information]-UiManager: Startup:
11:56:06.22-[Information]-AlarmSQLDba:  ->  Database File SQLite Already Existed!
11:56:06.22-[Information]-Dba:  ->  Database File SQLite Already Existed!
11:56:11.40-[Information]-UserManager: LogOn: AutoTeams/itm
11:56:45.55-[Information]-UiManager: Startup:
11:56:47.28-[Information]-AlarmSQLDba:  ->  Database File SQLite Already Existed!
11:56:47.29-[Information]-Dba:  ->  Database File SQLite Already Existed!
11:56:52.33-[Information]-UserManager: LogOn: AutoTeams/itm
13:10:18.08-[Information]-UiManager: Startup:
13:10:19.34-[Information]-AlarmSQLDba:  ->  Database File SQLite Already Existed!
13:10:19.35-[Information]-Dba:  ->  Database File SQLite Already Existed!
13:10:24.60-[Information]-UserManager: LogOn: AutoTeams/itm
13:10:50.12-[Information]-UiManager: Startup:
13:10:51.02-[Information]-AlarmSQLDba:  ->  Database File SQLite Already Existed!
13:10:51.03-[Information]-Dba:  ->  Database File SQLite Already Existed!
13:10:56.43-[Information]-UserManager: LogOn: AutoTeams/itm
13:11:40.22-[Information]-UiManager: Startup:
13:11:41.68-[Information]-AlarmSQLDba:  ->  Database File SQLite Already Existed!
13:11:41.68-[Information]-Dba:  ->  Database File SQLite Already Existed!
13:11:46.64-[Information]-UserManager: LogOn: AutoTeams/itm
13:12:56.09-[Information]-UiManager: Startup:
13:12:56.91-[Information]-AlarmSQLDba:  ->  Database File SQLite Already Existed!
13:12:56.91-[Information]-Dba:  ->  Database File SQLite Already Existed!
13:13:01.74-[Information]-UserManager: LogOn: AutoTeams/itm
13:13:22.97-[Information]-UiManager: Startup:
13:13:23.73-[Information]-AlarmSQLDba:  ->  Database File SQLite Already Existed!
13:13:23.74-[Information]-Dba:  ->  Database File SQLite Already Existed!
13:13:28.77-[Information]-UserManager: LogOn: AutoTeams/itm
13:15:10.59-[Information]-UiManager: Startup:
13:15:11.35-[Information]-AlarmSQLDba:  ->  Database File SQLite Already Existed!
13:15:11.35-[Information]-Dba:  ->  Database File SQLite Already Existed!
13:15:16.57-[Information]-UserManager: LogOn: AutoTeams/itm
13:15:44.37-[Information]-UiManager: Startup:
13:15:45.31-[Information]-AlarmSQLDba:  ->  Database File SQLite Already Existed!
13:15:45.32-[Information]-Dba:  ->  Database File SQLite Already Existed!
13:15:50.61-[Information]-UserManager: LogOn: AutoTeams/itm
13:16:45.64-[Information]-UiManager: Startup:
13:16:46.63-[Information]-AlarmSQLDba:  ->  Database File SQLite Already Existed!
13:16:46.63-[Information]-Dba:  ->  Database File SQLite Already Existed!
13:16:52.12-[Information]-UserManager: LogOn: AutoTeams/itm
13:18:10.82-[Information]-UiManager: Startup:
13:18:11.83-[Information]-AlarmSQLDba:  ->  Database File SQLite Already Existed!
13:18:11.84-[Information]-Dba:  ->  Database File SQLite Already Existed!
13:18:17.02-[Information]-UserManager: LogOn: AutoTeams/itm
13:52:29.73-[Information]-UiManager: Startup:
13:52:30.49-[Information]-AlarmSQLDba:  ->  Database File SQLite Already Existed!
13:52:30.49-[Information]-Dba:  ->  Database File SQLite Already Existed!
13:52:34.94-[Information]-UserManager: LogOn: AutoTeams/ITM
13:52:39.08-[Information]-UserManager: LogOn: AutoTeams/itm
14:03:30.70-[Information]-UiManager: Startup:
14:03:31.46-[Information]-AlarmSQLDba:  ->  Database File SQLite Already Existed!
14:03:31.46-[Information]-Dba:  ->  Database File SQLite Already Existed!
14:03:36.65-[Information]-UserManager: LogOn: AutoTeams/itm
14:03:51.98-[Information]-UiManager: Startup:
14:03:53.59-[Information]-AlarmSQLDba:  ->  Database File SQLite Already Existed!
14:03:53.59-[Information]-Dba:  ->  Database File SQLite Already Existed!
14:03:58.23-[Information]-UserManager: LogOn: AutoTeams/itm
14:04:43.22-[Information]-UiManager: Startup:
14:04:44.19-[Information]-AlarmSQLDba:  ->  Database File SQLite Already Existed!
14:04:44.19-[Information]-Dba:  ->  Database File SQLite Already Existed!
14:04:48.94-[Information]-UserManager: LogOn: AutoTeams/itm
14:05:14.81-[Information]-UiManager: Startup:
14:05:15.76-[Information]-AlarmSQLDba:  ->  Database File SQLite Already Existed!
14:05:15.76-[Information]-Dba:  ->  Database File SQLite Already Existed!
14:05:20.67-[Information]-UserManager: LogOn: AutoTeams/iitm
14:05:23.35-[Information]-UserManager: LogOn: AutoTeams/iym
14:05:26.88-[Information]-UserManager: LogOn: AutoTeams/itm
14:06:21.49-[Information]-UiManager: Startup:
14:06:22.77-[Information]-AlarmSQLDba:  ->  Database File SQLite Already Existed!
14:06:22.77-[Information]-Dba:  ->  Database File SQLite Already Existed!
14:06:28.41-[Information]-UserManager: LogOn: AutoTeams/itm
14:17:16.75-[Information]-UiManager: Startup:
14:17:17.48-[Information]-AlarmSQLDba:  ->  Database File SQLite Already Existed!
14:17:17.48-[Information]-Dba:  ->  Database File SQLite Already Existed!
14:17:27.59-[Information]-UserManager: LogOn: AutoTeams/itm
14:23:56.59-[Information]-UiManager: Startup:
14:23:57.34-[Information]-AlarmSQLDba:  ->  Database File SQLite Already Existed!
14:23:57.34-[Information]-Dba:  ->  Database File SQLite Already Existed!
14:24:03.60-[Information]-UserManager: LogOn: AutoTeams/itm
14:24:26.05-[Information]-UiManager: Startup:
14:24:27.43-[Information]-AlarmSQLDba:  ->  Database File SQLite Already Existed!
14:24:27.43-[Information]-Dba:  ->  Database File SQLite Already Existed!
14:24:32.00-[Information]-UserManager: LogOn: AutoTeams/itm
14:29:01.81-[Information]-UiManager: Startup:
14:29:02.77-[Information]-AlarmSQLDba:  ->  Database File SQLite Already Existed!
14:29:02.77-[Information]-Dba:  ->  Database File SQLite Already Existed!
14:29:07.37-[Information]-UserManager: LogOn: AutoTeams/itm
18:26:12.92-[Information]-UiManager: Startup:
18:26:14.88-[Information]-AlarmSQLDba:  ->  Database File SQLite Already Existed!
18:26:14.89-[Information]-Dba:  ->  Database File SQLite Already Existed!