
00:00:14.86-[Information]-UiManager: Startup:
00:00:18.64-[Information]-UserManager: LogOn: AutoTeams/itm
00:00:18.65-[Information]-Dba:  ->  Database File SQLite Already Existed!
00:02:35.82-[Information]-UiManager: Startup:
00:02:39.40-[Information]-UserManager: LogOn: AutoTeams/itm
00:02:39.41-[Information]-Dba:  ->  Database File SQLite Already Existed!
00:08:18.94-[Information]-UiManager: Startup:
00:08:23.01-[Information]-UserManager: LogOn: AutoTeams/itm
00:08:23.02-[Information]-Dba:  ->  Database File SQLite Already Existed!
00:11:58.83-[Information]-UiManager: Startup:
00:12:02.54-[Information]-UserManager: LogOn: AutoTeams/itm
00:12:02.56-[Information]-Dba:  ->  Database File SQLite Already Existed!
00:14:03.55-[Information]-UiManager: Startup:
00:14:07.79-[Information]-UserManager: LogOn: AutoTeams/itm
00:14:07.79-[Information]-Dba:  ->  Database File SQLite Already Existed!
00:17:05.40-[Information]-UiManager: Startup:
00:17:11.34-[Information]-UserManager: LogOn: AutoTeams/itm
00:17:11.35-[Information]-Dba:  ->  Database File SQLite Already Existed!
00:17:26.82-[Information]-UiManager: Startup:
00:17:34.81-[Information]-UserManager: LogOn: Manager/itm
00:17:34.82-[Information]-Dba:  ->  Database File SQLite Already Existed!
00:20:51.73-[Information]-UiManager: Startup:
00:20:55.55-[Information]-UserManager: LogOn: AutoTeams/itm
00:20:55.56-[Information]-Dba:  ->  Database File SQLite Already Existed!
00:21:25.82-[Information]-UiManager: Startup:
00:21:31.52-[Information]-UserManager: LogOn: Manager/ITM
00:21:34.76-[Information]-UserManager: LogOn: Manager/itm
00:21:34.77-[Information]-Dba:  ->  Database File SQLite Already Existed!
00:22:29.98-[Information]-UserManager: LogOn: AutoTeams/itm
02:03:02.62-[Information]-UiManager: Startup:
02:03:09.86-[Information]-UserManager: LogOn: Manager/itm
02:03:09.87-[Information]-Dba:  ->  Database File SQLite Already Existed!
02:12:37.81-[Information]-UiManager: Startup:
02:12:39.91-[Information]-UserManager: LogOn: Operator/
02:12:39.92-[Information]-Dba:  ->  Database File SQLite Already Existed!
02:12:43.75-[Information]-UserManager: LogOn: Manager/itm
02:13:08.67-[Information]-UserManager: LogOut
02:13:14.71-[Information]-UserManager: LogOn: AutoTeams/itm
03:26:46.84-[Information]-UiManager: Startup:
03:26:48.75-[Information]-UserManager: LogOn: Operator/
03:26:48.76-[Information]-Dba:  ->  Database File SQLite Already Existed!
03:26:55.12-[Information]-UserManager: LogOn: AutoTeams/itm
17:56:45.36-[Information]-UiManager: Startup:
17:56:47.32-[Information]-UserManager: LogOn: Operator/
17:56:47.32-[Information]-Dba:  ->  Database File SQLite Already Existed!
17:56:49.55-[Information]-PgMain: addLog:Already Stopped !
17:56:49.91-[Information]-PgMain: addLog:Already Home !
17:56:50.36-[Information]-PgMain: addLog:Already Pause !
17:56:50.78-[Information]-PgMain: addLog:Already Running!
17:56:51.21-[Information]-PgMain: addLog:Already Pause !
17:56:51.65-[Information]-PgMain: addLog:Already Reset !
17:57:01.34-[Information]-UserManager: LogOn: AutoTeams/itm
17:57:46.13-[Information]-PgMain: addLog:Already Stopped !
17:57:49.39-[Information]-PgMain: addLog:Already Running!
17:57:49.98-[Information]-PgMain: addLog:Already Pause !
17:57:50.34-[Information]-PgMain: addLog:Already Reset !
17:57:50.90-[Information]-PgMain: addLog:Already Stopped !
17:57:57.30-[Information]-UserManager: LogOn: AutoTeams/itm
17:59:29.86-[Information]-UiManager: Startup:
17:59:34.93-[Information]-UserManager: LogOn: AutoTeams/itm
17:59:34.94-[Information]-Dba:  ->  Database File SQLite Already Existed!
18:01:28.18-[Information]-UiManager: Startup:
18:01:32.09-[Information]-UserManager: LogOn: AutoTeams/itm
18:01:32.10-[Information]-Dba:  ->  Database File SQLite Already Existed!
18:01:45.37-[Information]-PgMain: addLog:Already Stopped !
18:01:45.69-[Information]-PgMain: addLog:Already Running!
18:01:46.00-[Information]-PgMain: addLog:Already Pause !
18:01:46.64-[Information]-PgMain: addLog:Already Reset !
18:01:46.97-[Information]-PgMain: addLog:Already Pause !