
08:23:09.93-[Information]-UiManager: Startup:
08:23:10.72-[Information]-Dba:  ->  Database File SQLite Already Existed!
08:24:16.10-[Information]-UserManager: LogOn: AutoTeams/itm
08:24:27.98-[Information]-UserManager: ChangePassword: Old=itm, New=123  ChangeUserName:AutoTeams
08:24:32.39-[Information]-UserManager: LogOn: AutoTeams/itm
08:24:34.11-[Information]-UserManager: LogOut
08:24:36.91-[Information]-UserManager: LogOn: AutoTeams/itm
08:24:38.34-[Information]-UserManager: LogOut
08:24:43.38-[Information]-UserManager: LogOn: AutoTeams/123
08:24:54.84-[Information]-UserManager: ChangePassword: Old=itm, New=123  ChangeUserName:AutoTeams
08:24:56.72-[Information]-UserManager: LogOn: AutoTeams/123
08:24:57.84-[Information]-UserManager: LogOut
08:25:00.62-[Information]-UserManager: LogOn: AutoTeams/itm
08:25:06.54-[Information]-UserManager: LogOn: AutoTeams/123
08:25:07.79-[Information]-UserManager: LogOut
08:25:11.49-[Information]-UserManager: LogOn: AutoTeams/itm
08:25:15.32-[Information]-UserManager: LogOn: AutoTeams/123
08:25:16.25-[Information]-UserManager: LogOut
08:25:28.25-[Information]-UserManager: ChangePassword: Old=123, New=itm  ChangeUserName:AutoTeams
08:25:30.12-[Information]-UserManager: LogOut
08:25:33.17-[Information]-UserManager: LogOn: AutoTeams/123
08:25:34.48-[Information]-UserManager: LogOut
08:25:36.91-[Information]-UserManager: LogOn: AutoTeams/123
08:25:38.21-[Information]-UserManager: LogOut
08:25:41.54-[Information]-UserManager: LogOut
08:25:41.72-[Information]-UserManager: LogOut
08:25:46.51-[Information]-UserManager: LogOn: AutoTeams/itm
08:25:52.88-[Information]-UserManager: LogOut
08:25:55.74-[Information]-UserManager: LogOn: AutoTeams/itm
08:26:05.04-[Information]-UserManager: ChangePassword: Old=123, New=itm  ChangeUserName:AutoTeams
08:26:08.73-[Information]-UserManager: LogOn: AutoTeams/itm
08:26:09.72-[Information]-UserManager: LogOut
08:26:12.49-[Information]-UserManager: LogOn: AutoTeams/itm
08:26:13.80-[Information]-UserManager: LogOut
08:26:25.46-[Information]-UserManager: ChangePassword: Old=itm, New=123  ChangeUserName:AutoTeams
08:26:28.19-[Information]-UserManager: LogOut
08:26:31.29-[Information]-UserManager: LogOn: AutoTeams/itm
08:26:33.14-[Information]-UserManager: LogOut
08:26:51.93-[Information]-UserManager: ChangePassword: Old=itm, New=1234  ChangeUserName:AutoTeams
08:26:57.09-[Information]-UserManager: LogOn: AutoTeams/1234
08:26:58.04-[Information]-UserManager: LogOut
08:27:00.79-[Information]-UserManager: LogOn: AutoTeams/itm
08:27:06.78-[Information]-UserManager: LogOn: AutoTeams/1234
08:27:07.69-[Information]-UserManager: LogOut
08:27:16.16-[Information]-UserManager: ChangePassword: Old=1234, New=itm  ChangeUserName:AutoTeams
08:27:19.26-[Information]-UserManager: LogOut
08:27:22.76-[Information]-UserManager: LogOn: AutoTeams/itm
08:27:24.26-[Information]-UserManager: LogOut
08:42:11.37-[Information]-UiManager: Startup:
08:42:12.19-[Information]-Dba:  ->  Database File SQLite Already Existed!
08:42:17.80-[Information]-UserManager: LogOn: AutoTeams/itm
08:58:14.83-[Information]-UiManager: Startup:
08:58:15.33-[Information]-Dba:  ->  Database File SQLite Already Existed!
09:00:44.87-[Information]-UiManager: Startup:
09:00:45.43-[Information]-Dba:  ->  Database File SQLite Already Existed!
09:01:56.15-[Information]-UiManager: Startup:
09:01:56.70-[Information]-Dba:  ->  Database File SQLite Already Existed!
09:02:59.65-[Information]-UiManager: Startup:
09:03:00.31-[Information]-Dba:  ->  Database File SQLite Already Existed!
09:03:18.22-[Information]-UiManager: Startup:
09:03:18.82-[Information]-Dba:  ->  Database File SQLite Already Existed!
09:05:03.77-[Information]-UiManager: Startup:
09:05:04.27-[Information]-Dba:  ->  Database File SQLite Already Existed!
09:05:45.78-[Information]-UiManager: Startup:
09:05:46.31-[Information]-Dba:  ->  Database File SQLite Already Existed!
09:07:15.78-[Information]-UiManager: Startup:
09:07:16.37-[Information]-Dba:  ->  Database File SQLite Already Existed!
09:13:07.62-[Information]-UiManager: Startup:
09:13:08.20-[Information]-Dba:  ->  Database File SQLite Already Existed!
09:13:25.28-[Information]-UiManager: Startup:
09:13:26.03-[Information]-Dba:  ->  Database File SQLite Already Existed!
09:14:22.24-[Information]-UiManager: Startup:
09:14:22.80-[Information]-Dba:  ->  Database File SQLite Already Existed!
09:16:19.52-[Information]-UiManager: Startup:
09:16:20.02-[Information]-Dba:  ->  Database File SQLite Already Existed!
10:54:12.64-[Information]-UiManager: Startup:
10:54:13.75-[Information]-Dba:  ->  Database File SQLite Already Existed!
11:28:37.90-[Information]-UiManager: Startup:
11:28:38.49-[Information]-Dba:  ->  Database File SQLite Already Existed!
11:35:26.21-[Information]-UiManager: Startup:
11:35:26.75-[Information]-Dba:  ->  Database File SQLite Already Existed!
11:36:19.50-[Information]-UiManager: Startup:
11:36:20.17-[Information]-Dba:  ->  Database File SQLite Already Existed!
11:36:35.71-[Information]-UiManager: Startup:
11:36:36.05-[Information]-Dba:  ->  Database File SQLite Already Existed!
11:37:06.93-[Information]-UiManager: Startup:
11:37:07.25-[Information]-Dba:  ->  Database File SQLite Already Existed!
11:39:05.51-[Information]-UiManager: Startup:
11:39:06.04-[Information]-Dba:  ->  Database File SQLite Already Existed!
11:40:43.05-[Information]-UiManager: Startup:
11:40:43.60-[Information]-Dba:  ->  Database File SQLite Already Existed!
11:44:56.23-[Information]-UiManager: Startup:
11:44:56.73-[Information]-Dba:  ->  Database File SQLite Already Existed!
13:11:56.77-[Information]-UiManager: Startup:
13:11:57.85-[Information]-Dba:  ->  Database File SQLite Already Existed!
13:17:41.83-[Information]-UserManager: LogOn: AutoTeams/itm
13:18:04.31-[Information]-UiManager: Startup:
13:18:04.98-[Information]-Dba:  ->  Database File SQLite Already Existed!
13:18:09.70-[Information]-UserManager: LogOn: AutoTeams/itm