
11:50:38.31-[Information]-UiManager: Startup:
11:50:38.98-[Information]-Dba:  ->  Database File SQLite Already Existed!
11:50:40.23-[Information]-PgMain: addLog:Already Home !
11:50:41.35-[Information]-PgMain: addLog:Already Pause !
11:50:41.79-[Information]-PgMain: addLog:Already Running!
11:50:42.19-[Information]-PgMain: addLog:Already Stopped !
11:50:44.06-[Information]-PgMain: addLog:Already Home !
11:50:44.51-[Information]-PgMain: addLog:Already Pause !
11:50:44.83-[Information]-PgMain: addLog:Already Running!
11:50:45.20-[Information]-PgMain: addLog:Already Reset !
11:50:45.54-[Information]-PgMain: addLog:Already Home !
11:50:45.99-[Information]-PgMain: addLog:Already Stopped !
11:50:46.98-[Information]-PgMain: addLog:Already Home !
11:50:47.31-[Information]-PgMain: addLog:Already Pause !
11:50:47.57-[Information]-PgMain: addLog:Already Reset !
11:50:47.98-[Information]-PgMain: addLog:Already Running!
11:50:48.47-[Information]-PgMain: addLog:Already Stopped !
11:50:49.45-[Information]-PgMain: addLog:Already Home !
11:50:49.80-[Information]-PgMain: addLog:Already Reset !
11:50:50.09-[Information]-PgMain: addLog:Already Pause !
11:50:50.24-[Information]-PgMain: addLog:Already Running!
11:50:50.64-[Information]-PgMain: addLog:Already Stopped !
11:52:44.54-[Information]-UiManager: Startup:
11:52:45.46-[Information]-Dba:  ->  Database File SQLite Already Existed!
11:52:46.67-[Information]-PgMain: addLog:Already Home !
11:52:47.20-[Information]-PgMain: addLog:Already Stopped !
11:52:47.94-[Information]-PgMain: addLog:Already Pause !
11:52:48.57-[Information]-PgMain: addLog:Already Running!
11:52:49.15-[Information]-PgMain: addLog:Already Pause !
11:52:49.49-[Information]-PgMain: addLog:Already Reset !
11:52:50.03-[Information]-PgMain: addLog:Already Home !
11:52:50.58-[Information]-PgMain: addLog:Already Pause !
11:52:50.97-[Information]-PgMain: addLog:Already Running!
11:53:11.74-[Information]-UiManager: Startup:
11:53:12.98-[Information]-Dba:  ->  Database File SQLite Already Existed!
11:53:13.92-[Information]-PgMain: addLog:Already Home !
11:53:14.66-[Information]-PgMain: addLog:Already Pause !
11:53:15.22-[Information]-PgMain: addLog:Already Stopped !
11:53:16.29-[Information]-PgMain: addLog:Already Home !
11:53:16.80-[Information]-PgMain: addLog:Already Reset !
11:53:17.60-[Information]-PgMain: addLog:Already Running!
11:53:18.08-[Information]-PgMain: addLog:Already Home !
11:53:19.19-[Information]-PgMain: addLog:Already Pause !
11:53:20.37-[Information]-PgMain: addLog:Already Stopped !
11:53:23.55-[Information]-PgMain: addLog:Already Home !
11:53:25.24-[Information]-PgMain: addLog:Already Stopped !
11:53:26.95-[Information]-PgMain: addLog:Already Home !
11:53:27.35-[Information]-PgMain: addLog:Already Stopped !
11:54:08.41-[Information]-UiManager: Startup:
11:54:09.10-[Information]-Dba:  ->  Database File SQLite Already Existed!
11:54:10.32-[Information]-PgMain: addLog:Already Home !
11:54:10.81-[Information]-PgMain: addLog:Already Stopped !
11:54:11.93-[Information]-PgMain: addLog:Already Home !
11:54:12.42-[Information]-PgMain: addLog:Already Stopped !
11:54:14.71-[Information]-PgMain: addLog:Already Running!
11:54:15.22-[Information]-PgMain: addLog:Already Stopped !
11:54:16.10-[Information]-PgMain: addLog:Already Pause !
11:54:16.36-[Information]-PgMain: addLog:Already Reset !
11:54:16.58-[Information]-PgMain: addLog:Already Home !
11:54:17.04-[Information]-PgMain: addLog:Already Running!
11:54:17.32-[Information]-PgMain: addLog:Already Pause !
11:54:17.49-[Information]-PgMain: addLog:Already Reset !
11:54:17.83-[Information]-PgMain: addLog:Already Home !
11:54:18.55-[Information]-PgMain: addLog:Already Stopped !
11:54:23.87-[Information]-PgMain: addLog:Already Home !
11:54:24.59-[Information]-PgMain: addLog:Already Stopped !
11:54:25.29-[Information]-PgMain: addLog:Already Home !
11:54:25.87-[Information]-PgMain: addLog:Already Stopped !
11:54:26.75-[Information]-PgMain: addLog:Already Home !
11:54:27.02-[Information]-PgMain: addLog:Already Pause !
11:54:27.48-[Information]-PgMain: addLog:Already Running!
11:54:27.81-[Information]-PgMain: addLog:Already Reset !
11:54:29.01-[Information]-PgMain: addLog:Already Stopped !
11:55:15.12-[Information]-UiManager: Startup:
11:55:16.03-[Information]-Dba:  ->  Database File SQLite Already Existed!
11:55:17.09-[Information]-PgMain: addLog:Already Home !
11:55:17.74-[Information]-PgMain: addLog:Already Stopped !
11:55:20.39-[Information]-PgMain: addLog:Already Home !
11:55:20.76-[Information]-PgMain: addLog:Already Pause !
11:55:21.10-[Information]-PgMain: addLog:Already Reset !
11:55:21.43-[Information]-PgMain: addLog:Already Home !
11:55:21.79-[Information]-PgMain: addLog:Already Stopped !
11:55:32.51-[Information]-PgMain: addLog:Already Home !
11:55:33.03-[Information]-PgMain: addLog:Already Reset !
11:55:33.33-[Information]-PgMain: addLog:Already Running!
11:55:33.89-[Information]-PgMain: addLog:Already Stopped !
11:55:35.76-[Information]-PgMain: addLog:Already Home !
11:55:36.09-[Information]-PgMain: addLog:Already Stopped !
11:55:36.44-[Information]-PgMain: addLog:Already Running!
11:55:36.70-[Information]-PgMain: addLog:Already Pause !
11:55:36.87-[Information]-PgMain: addLog:Already Reset !
11:55:37.19-[Information]-PgMain: addLog:Already Home !
11:55:37.54-[Information]-PgMain: addLog:Already Stopped !
12:59:30.70-[Information]-UiManager: Startup:
12:59:31.54-[Information]-Dba:  ->  Database File SQLite Already Existed!
12:59:33.11-[Information]-PgMain: addLog:Already Home !
12:59:33.73-[Information]-PgMain: addLog:Already Stopped !
12:59:34.87-[Information]-PgMain: addLog:Already Home !
12:59:35.29-[Information]-PgMain: addLog:Already Stopped !
13:01:05.57-[Information]-UiManager: Startup:
13:01:06.49-[Information]-Dba:  ->  Database File SQLite Already Existed!
13:01:08.43-[Information]-PgMain: addLog:Already Home !
13:01:11.07-[Information]-PgMain: addLog:Already Stopped !
13:01:12.87-[Information]-PgMain: addLog:Already Home !
13:01:14.95-[Information]-PgMain: addLog:Already Pause !
13:01:16.56-[Information]-PgMain: addLog:Already Running!
13:01:17.46-[Information]-PgMain: addLog:Already Pause !
13:01:17.89-[Information]-PgMain: addLog:Already Reset !
13:01:19.69-[Information]-PgMain: addLog:Already Home !
13:01:24.70-[Information]-PgMain: addLog:Already Pause !
13:01:25.29-[Information]-PgMain: addLog:Already Reset !
13:01:26.09-[Information]-PgMain: addLog:Already Stopped !
13:01:28.38-[Information]-PgMain: addLog:Already Home !
13:01:30.25-[Information]-PgMain: addLog:Already Running!
13:01:31.60-[Information]-PgMain: addLog:Already Pause !
13:01:36.29-[Information]-PgMain: addLog:Already Home !
13:01:38.22-[Information]-PgMain: addLog:Already Reset !
13:01:47.49-[Information]-PgMain: addLog:Already Home !
13:01:48.25-[Information]-PgMain: addLog:Already Stopped !
13:01:48.98-[Information]-PgMain: addLog:Already Pause !
13:01:49.91-[Information]-PgMain: addLog:Already Reset !
13:01:50.79-[Information]-PgMain: addLog:Already Home !
13:01:51.79-[Information]-PgMain: addLog:Already Stopped !
13:01:53.76-[Information]-PgMain: addLog:Already Home !
13:01:54.71-[Information]-PgMain: addLog:Already Running!
13:01:55.37-[Information]-PgMain: addLog:Already Pause !
13:02:02.11-[Information]-PgMain: addLog:Already Stopped !
13:02:04.57-[Information]-PgMain: addLog:Already Home !
13:02:05.66-[Information]-PgMain: addLog:Already Pause !
13:02:07.03-[Information]-PgMain: addLog:Already Reset !
13:02:08.25-[Information]-PgMain: addLog:Already Running!
13:02:09.85-[Information]-PgMain: addLog:Already Home !
13:02:10.92-[Information]-PgMain: addLog:Already Stopped !
13:03:07.54-[Information]-UiManager: Startup:
13:03:08.19-[Information]-Dba:  ->  Database File SQLite Already Existed!
13:03:09.32-[Information]-PgMain: addLog:Already Stopped !
13:03:42.64-[Information]-UiManager: Startup:
13:03:43.37-[Information]-Dba:  ->  Database File SQLite Already Existed!
13:03:44.57-[Information]-PgMain: addLog:Already Home !
13:03:45.64-[Information]-PgMain: addLog:Already Pause !
13:03:46.09-[Information]-PgMain: addLog:Already Running!
13:03:46.75-[Information]-PgMain: addLog:Already Reset !
13:03:47.65-[Information]-PgMain: addLog:Already Home !
13:03:54.20-[Information]-UiManager: Startup:
13:03:54.89-[Information]-Dba:  ->  Database File SQLite Already Existed!
13:03:55.95-[Information]-PgMain: addLog:Already Stopped !
13:10:15.87-[Information]-UiManager: Startup:
13:10:16.63-[Information]-Dba:  ->  Database File SQLite Already Existed!
13:10:17.63-[Information]-PgMain: addLog:Already Home !
13:10:18.23-[Information]-PgMain: addLog:Already Pause !
13:10:18.75-[Information]-PgMain: addLog:Already Reset !
13:10:19.27-[Information]-PgMain: addLog:Already Running!
13:10:19.67-[Information]-PgMain: addLog:Already Stopped !
13:10:20.74-[Information]-PgMain: addLog:Already Home !
13:10:21.23-[Information]-PgMain: addLog:Already Pause !
13:10:21.65-[Information]-PgMain: addLog:Already Reset !
13:10:22.42-[Information]-PgMain: addLog:Already Running!
13:10:22.72-[Information]-PgMain: addLog:Already Stopped !
13:11:47.58-[Information]-UiManager: Startup:
13:11:48.55-[Information]-Dba:  ->  Database File SQLite Already Existed!
13:11:49.49-[Information]-PgMain: addLog:Already Stopped !
13:11:55.94-[Information]-UiManager: Startup:
13:11:56.67-[Information]-Dba:  ->  Database File SQLite Already Existed!
13:11:57.77-[Information]-PgMain: addLog:Already Stopped !
13:13:07.70-[Information]-UiManager: Startup:
13:13:08.44-[Information]-Dba:  ->  Database File SQLite Already Existed!
13:13:09.56-[Information]-PgMain: addLog:Already Home !
13:15:35.65-[Information]-UiManager: Startup:
13:15:36.40-[Information]-Dba:  ->  Database File SQLite Already Existed!
13:15:37.47-[Information]-PgMain: addLog:Already Stopped !
13:15:38.67-[Information]-PgMain: addLog:Already Home !
13:15:41.52-[Information]-PgMain: addLog:Already Pause !
13:15:42.46-[Information]-PgMain: addLog:Already Reset !
13:15:43.68-[Information]-PgMain: addLog:Already Running!
13:15:45.40-[Information]-PgMain: addLog:Already Pause !
13:16:04.62-[Information]-UiManager: Startup:
13:16:05.47-[Information]-Dba:  ->  Database File SQLite Already Existed!
13:16:06.42-[Information]-PgMain: addLog:Already Stopped !
13:16:07.20-[Information]-PgMain: addLog:Already Home !
13:16:07.73-[Information]-PgMain: addLog:Already Pause !
13:16:08.02-[Information]-PgMain: addLog:Already Reset !
13:16:08.69-[Information]-PgMain: addLog:Already Running!
13:16:08.97-[Information]-PgMain: addLog:Already Stopped !
13:16:09.90-[Information]-PgMain: addLog:Already Home !
13:16:10.32-[Information]-PgMain: addLog:Already Reset !
13:16:10.68-[Information]-PgMain: addLog:Already Pause !
13:16:28.09-[Information]-UiManager: Startup:
13:16:29.09-[Information]-Dba:  ->  Database File SQLite Already Existed!
13:16:30.45-[Information]-PgMain: addLog:Already Home !
13:16:54.62-[Information]-UiManager: Startup:
13:16:58.32-[Information]-Dba:  ->  Database File SQLite Already Existed!
13:16:59.53-[Information]-PgMain: addLog:Already Home !
13:17:01.91-[Information]-PgMain: addLog:Already Pause !
13:17:03.12-[Information]-PgMain: addLog:Already Reset !
13:17:04.37-[Information]-PgMain: addLog:Already Running!
13:17:27.56-[Information]-UiManager: Startup:
13:17:28.27-[Information]-Dba:  ->  Database File SQLite Already Existed!
13:17:29.40-[Information]-PgMain: addLog:Already Home !
13:17:30.49-[Information]-PgMain: addLog:Already Pause !
13:17:31.38-[Information]-PgMain: addLog:Already Running!
13:17:32.92-[Information]-PgMain: addLog:Already Reset !
13:17:34.45-[Information]-PgMain: addLog:Already Home !
13:17:35.85-[Information]-PgMain: addLog:Already Pause !
13:17:36.36-[Information]-PgMain: addLog:Already Stopped !
13:17:37.00-[Information]-PgMain: addLog:Already Home !
13:18:01.64-[Information]-UiManager: Startup:
13:18:02.31-[Information]-Dba:  ->  Database File SQLite Already Existed!
13:18:03.37-[Information]-PgMain: addLog:Already Home !
13:18:36.30-[Information]-UiManager: Startup:
13:18:37.10-[Information]-Dba:  ->  Database File SQLite Already Existed!
13:18:38.13-[Information]-PgMain: addLog:Already Home !
13:18:39.01-[Information]-PgMain: addLog:Already Pause !
13:18:59.35-[Information]-UiManager: Startup:
13:19:00.03-[Information]-Dba:  ->  Database File SQLite Already Existed!
13:19:01.07-[Information]-PgMain: addLog:Already Home !
13:19:35.03-[Information]-UiManager: Startup:
13:19:35.75-[Information]-Dba:  ->  Database File SQLite Already Existed!
13:19:37.84-[Information]-PgMain: addLog:Already Home !
13:19:40.61-[Information]-PgMain: addLog:Already Running!
13:19:41.81-[Information]-PgMain: addLog:Already Pause !
13:19:44.75-[Information]-PgMain: addLog:Already Home !
13:19:45.75-[Information]-PgMain: addLog:Already Stopped !
21:37:21.64-[Information]-UiManager: Startup:
21:37:22.19-[Information]-Dba:  ->  Database File SQLite Already Existed!
21:37:23.50-[Information]-PgMain: addLog:Already Home !
21:37:24.68-[Information]-PgMain: addLog:Already Pause !
21:37:25.16-[Information]-PgMain: addLog:Already Reset !
21:38:04.01-[Information]-UiManager: Startup:
21:38:04.59-[Information]-Dba:  ->  Database File SQLite Already Existed!
21:38:05.49-[Information]-PgMain: addLog:Already Home !
21:38:06.35-[Information]-PgMain: addLog:Already Pause !
21:38:06.72-[Information]-PgMain: addLog:Already Running!
21:38:08.18-[Information]-PgMain: addLog:Already Reset !
21:38:34.69-[Information]-UiManager: Startup:
21:38:35.24-[Information]-Dba:  ->  Database File SQLite Already Existed!
21:38:35.97-[Information]-PgMain: addLog:Already Home !
21:38:37.15-[Information]-PgMain: addLog:Already Stopped !
21:38:38.16-[Information]-PgMain: addLog:Already Home !
21:38:38.61-[Information]-PgMain: addLog:Already Running!
21:38:38.87-[Information]-PgMain: addLog:Already Pause !
21:38:39.14-[Information]-PgMain: addLog:Already Reset !
21:38:39.45-[Information]-PgMain: addLog:Already Home !
21:38:40.01-[Information]-PgMain: addLog:Already Stopped !
21:38:42.10-[Information]-PgMain: addLog:Already Home !
21:38:54.82-[Information]-PgMain: addLog:Already Stopped !
21:38:55.50-[Information]-PgMain: addLog:Already Home !
21:38:55.84-[Information]-PgMain: addLog:Already Stopped !
21:39:36.34-[Information]-UiManager: Startup:
21:39:36.97-[Information]-Dba:  ->  Database File SQLite Already Existed!
21:39:37.86-[Information]-PgMain: addLog:Already Home !
21:39:38.87-[Information]-PgMain: addLog:Already Stopped !
21:39:39.99-[Information]-PgMain: addLog:Already Home !
21:39:40.47-[Information]-PgMain: addLog:Already Pause !
21:39:40.84-[Information]-PgMain: addLog:Already Reset !
21:39:41.29-[Information]-PgMain: addLog:Already Running!
21:39:41.73-[Information]-PgMain: addLog:Already Stopped !
21:39:43.88-[Information]-PgMain: addLog:Already Home !
21:39:44.53-[Information]-PgMain: addLog:Already Reset !
21:39:44.88-[Information]-PgMain: addLog:Already Pause !
21:39:45.17-[Information]-PgMain: addLog:Already Running!
21:39:45.58-[Information]-PgMain: addLog:Already Stopped !
21:39:51.31-[Information]-UiManager: Startup:
21:39:55.15-[Information]-Dba:  ->  Database File SQLite Already Existed!
21:39:56.21-[Information]-PgMain: addLog:Already Home !
21:39:56.66-[Information]-PgMain: addLog:Already Stopped !
21:40:06.31-[Information]-PgMain: addLog:Already Home !
21:40:06.95-[Information]-PgMain: addLog:Already Stopped !
21:40:23.71-[Information]-UiManager: Startup:
21:40:24.25-[Information]-Dba:  ->  Database File SQLite Already Existed!
21:40:25.10-[Information]-PgMain: addLog:Already Home !
21:41:28.04-[Information]-UiManager: Startup:
21:41:28.69-[Information]-Dba:  ->  Database File SQLite Already Existed!
21:41:29.78-[Information]-PgMain: addLog:Already Home !
21:41:30.35-[Information]-PgMain: addLog:Already Stopped !
21:41:33.81-[Information]-PgMain: addLog:Already Pause !
21:41:34.48-[Information]-PgMain: addLog:Already Running!
21:41:35.15-[Information]-PgMain: addLog:Already Home !
21:41:35.76-[Information]-PgMain: addLog:Already Reset !
21:41:43.43-[Information]-UiManager: Startup:
21:41:43.97-[Information]-Dba:  ->  Database File SQLite Already Existed!
21:41:44.76-[Information]-PgMain: addLog:Already Home !
21:41:45.56-[Information]-PgMain: addLog:Already Stopped !
21:41:46.21-[Information]-PgMain: addLog:Already Home !
21:41:46.81-[Information]-PgMain: addLog:Already Stopped !
21:41:49.20-[Information]-PgMain: addLog:Already Home !
21:41:49.57-[Information]-PgMain: addLog:Already Reset !
21:41:50.02-[Information]-PgMain: addLog:Already Pause !
21:41:50.43-[Information]-PgMain: addLog:Already Running!
21:41:50.81-[Information]-PgMain: addLog:Already Stopped !
21:41:51.58-[Information]-PgMain: addLog:Already Pause !
21:41:51.87-[Information]-PgMain: addLog:Already Reset !
21:41:52.13-[Information]-PgMain: addLog:Already Home !
21:41:52.39-[Information]-PgMain: addLog:Already Running!
21:41:52.67-[Information]-PgMain: addLog:Already Stopped !
21:41:57.11-[Information]-PgMain: addLog:Already Home !
21:41:58.66-[Information]-PgMain: addLog:Already Stopped !
21:42:47.57-[Information]-UiManager: Startup:
21:42:48.10-[Information]-Dba:  ->  Database File SQLite Already Existed!
21:42:49.14-[Information]-PgMain: addLog:Already Stopped !
21:42:50.95-[Information]-PgMain: addLog:Already Home !
21:42:51.32-[Information]-PgMain: addLog:Already Reset !
21:42:51.84-[Information]-PgMain: addLog:Already Pause !
21:42:52.49-[Information]-PgMain: addLog:Already Running!
21:42:53.22-[Information]-PgMain: addLog:Already Pause !
21:42:53.73-[Information]-PgMain: addLog:Already Home !
21:42:54.19-[Information]-PgMain: addLog:Already Reset !
21:42:58.94-[Information]-UiManager: Startup:
21:42:59.39-[Information]-Dba:  ->  Database File SQLite Already Existed!
21:43:00.51-[Information]-PgMain: addLog:Already Home !
21:43:01.27-[Information]-PgMain: addLog:Already Reset !
21:43:01.90-[Information]-PgMain: addLog:Already Pause !
21:43:02.39-[Information]-PgMain: addLog:Already Running!
21:43:17.39-[Information]-UiManager: Startup:
21:43:17.85-[Information]-Dba:  ->  Database File SQLite Already Existed!
21:43:18.93-[Information]-PgMain: addLog:Already Home !
21:43:19.58-[Information]-PgMain: addLog:Already Reset !
21:43:19.98-[Information]-PgMain: addLog:Already Pause !
21:43:20.36-[Information]-PgMain: addLog:Already Stopped !
21:43:22.43-[Information]-PgMain: addLog:Already Home !
21:43:22.85-[Information]-PgMain: addLog:Already Reset !
21:43:23.11-[Information]-PgMain: addLog:Already Pause !
21:43:23.38-[Information]-PgMain: addLog:Already Running!
21:43:24.89-[Information]-PgMain: addLog:Already Home !
21:43:25.22-[Information]-PgMain: addLog:Already Reset !
21:43:25.47-[Information]-PgMain: addLog:Already Pause !
21:43:25.72-[Information]-PgMain: addLog:Already Running!
21:43:28.02-[Information]-PgMain: addLog:Already Home !
21:43:40.39-[Information]-UiManager: Startup:
21:43:40.82-[Information]-Dba:  ->  Database File SQLite Already Existed!
21:43:41.81-[Information]-PgMain: addLog:Already Home !
21:43:42.15-[Information]-PgMain: addLog:Already Stopped !
21:43:50.66-[Information]-UiManager: Startup:
21:43:51.14-[Information]-Dba:  ->  Database File SQLite Already Existed!
21:43:52.20-[Information]-PgMain: addLog:Already Home !
21:43:52.92-[Information]-PgMain: addLog:Already Stopped !
21:43:55.11-[Information]-PgMain: addLog:Already Running!
21:43:55.37-[Information]-PgMain: addLog:Already Pause !
21:43:55.66-[Information]-PgMain: addLog:Already Reset !
21:43:55.92-[Information]-PgMain: addLog:Already Home !
21:43:56.78-[Information]-PgMain: addLog:Already Stopped !
21:43:57.41-[Information]-PgMain: addLog:Already Home !
21:43:57.68-[Information]-PgMain: addLog:Already Reset !
21:43:57.90-[Information]-PgMain: addLog:Already Pause !
21:43:58.15-[Information]-PgMain: addLog:Already Running!
21:43:58.72-[Information]-PgMain: addLog:Already Reset !
21:43:59.51-[Information]-PgMain: addLog:Already Stopped !
21:44:51.11-[Information]-UiManager: Startup:
21:44:51.63-[Information]-Dba:  ->  Database File SQLite Already Existed!
21:44:52.52-[Information]-PgMain: addLog:Already Home !
21:44:53.79-[Information]-PgMain: addLog:Already Pause !
21:44:54.06-[Information]-PgMain: addLog:Already Reset !
21:44:54.37-[Information]-PgMain: addLog:Already Running!
21:44:54.66-[Information]-PgMain: addLog:Already Stopped !
21:44:55.58-[Information]-PgMain: addLog:Already Reset !
21:44:55.91-[Information]-PgMain: addLog:Already Pause !
21:44:56.15-[Information]-PgMain: addLog:Already Running!
21:44:56.46-[Information]-PgMain: addLog:Already Home !
21:44:56.70-[Information]-PgMain: addLog:Already Reset !
21:44:56.94-[Information]-PgMain: addLog:Already Pause !
21:44:57.30-[Information]-PgMain: addLog:Already Stopped !
21:49:44.27-[Information]-UiManager: Startup:
21:49:44.86-[Information]-Dba:  ->  Database File SQLite Already Existed!
21:49:45.71-[Information]-PgMain: addLog:Already Home !
21:49:47.84-[Information]-PgMain: addLog:Already Pause !
21:49:48.30-[Information]-PgMain: addLog:Already Running!
21:49:48.71-[Information]-PgMain: addLog:Already Reset !
21:49:49.11-[Information]-PgMain: addLog:Already Stopped !
21:50:11.48-[Information]-UiManager: Startup:
21:50:11.91-[Information]-Dba:  ->  Database File SQLite Already Existed!
21:50:13.14-[Information]-PgMain: addLog:Already Home !
21:50:15.02-[Information]-PgMain: addLog:Already Pause !
21:50:15.46-[Information]-PgMain: addLog:Already Reset !
21:50:16.68-[Information]-PgMain: addLog:Already Stopped !
21:50:17.14-[Information]-PgMain: addLog:Already Home !
21:50:17.80-[Information]-PgMain: addLog:Already Reset !
21:50:26.84-[Information]-UiManager: Startup:
21:50:27.42-[Information]-Dba:  ->  Database File SQLite Already Existed!
21:50:28.21-[Information]-PgMain: addLog:Already Home !
21:50:30.38-[Information]-PgMain: addLog:Already Pause !
21:50:30.45-[Information]-PgMain: addLog:Already Running!
21:50:31.59-[Information]-PgMain: addLog:Already Stopped !
21:50:32.65-[Information]-PgMain: addLog:Already Home !
21:50:33.21-[Information]-PgMain: addLog:Already Reset !
21:50:33.66-[Information]-PgMain: addLog:Already Pause !
21:50:34.03-[Information]-PgMain: addLog:Already Running!
21:50:34.56-[Information]-PgMain: addLog:Already Stopped !
21:51:22.15-[Information]-UiManager: Startup:
21:51:22.67-[Information]-Dba:  ->  Database File SQLite Already Existed!
21:51:23.50-[Information]-PgMain: addLog:Already Home !
21:51:24.56-[Information]-PgMain: addLog:Already Stopped !
21:51:26.11-[Information]-PgMain: addLog:Already Running!
21:51:26.54-[Information]-PgMain: addLog:Already Pause !
21:51:26.89-[Information]-PgMain: addLog:Already Reset !
21:51:27.14-[Information]-PgMain: addLog:Already Home !
21:51:27.50-[Information]-PgMain: addLog:Already Stopped !
21:51:47.83-[Information]-UiManager: Startup:
21:51:48.35-[Information]-Dba:  ->  Database File SQLite Already Existed!
21:51:49.22-[Information]-PgMain: addLog:Already Home !
21:51:49.74-[Information]-PgMain: addLog:Already Stopped !
21:51:53.35-[Information]-PgMain: addLog:Already Home !
21:51:53.64-[Information]-PgMain: addLog:Already Reset !
21:51:53.88-[Information]-PgMain: addLog:Already Pause !
21:51:54.14-[Information]-PgMain: addLog:Already Running!
21:51:54.72-[Information]-PgMain: addLog:Already Home !
21:51:55.64-[Information]-PgMain: addLog:Already Stopped !
21:51:56.15-[Information]-PgMain: addLog:Already Home !
21:51:56.44-[Information]-PgMain: addLog:Already Reset !
21:51:56.67-[Information]-PgMain: addLog:Already Pause !
21:51:57.81-[Information]-PgMain: addLog:Already Running!
21:51:58.61-[Information]-PgMain: addLog:Already Stopped !
21:51:59.06-[Information]-PgMain: addLog:Already Home !
21:51:59.33-[Information]-PgMain: addLog:Already Reset !
21:51:59.58-[Information]-PgMain: addLog:Already Pause !
21:51:59.85-[Information]-PgMain: addLog:Already Running!
21:52:00.22-[Information]-PgMain: addLog:Already Stopped !
21:52:00.73-[Information]-PgMain: addLog:Already Home !
21:52:01.03-[Information]-PgMain: addLog:Already Reset !
21:52:01.28-[Information]-PgMain: addLog:Already Pause !
21:52:01.54-[Information]-PgMain: addLog:Already Running!
21:52:01.84-[Information]-PgMain: addLog:Already Stopped !
21:52:02.43-[Information]-PgMain: addLog:Already Home !
21:52:02.70-[Information]-PgMain: addLog:Already Reset !
21:52:02.98-[Information]-PgMain: addLog:Already Pause !
21:52:03.26-[Information]-PgMain: addLog:Already Running!
21:52:03.55-[Information]-PgMain: addLog:Already Stopped !
21:52:04.10-[Information]-PgMain: addLog:Already Home !
21:52:04.33-[Information]-PgMain: addLog:Already Reset !
21:52:04.58-[Information]-PgMain: addLog:Already Pause !
21:52:04.81-[Information]-PgMain: addLog:Already Running!
21:52:05.08-[Information]-PgMain: addLog:Already Stopped !
21:52:05.50-[Information]-PgMain: addLog:Already Home !
21:52:05.79-[Information]-PgMain: addLog:Already Reset !
21:52:06.01-[Information]-PgMain: addLog:Already Pause !
21:52:06.23-[Information]-PgMain: addLog:Already Running!
21:52:06.53-[Information]-PgMain: addLog:Already Stopped !
21:52:06.88-[Information]-PgMain: addLog:Already Home !
21:52:07.14-[Information]-PgMain: addLog:Already Reset !
21:52:07.37-[Information]-PgMain: addLog:Already Pause !
21:52:07.58-[Information]-PgMain: addLog:Already Running!
21:52:07.87-[Information]-PgMain: addLog:Already Stopped !
21:52:08.26-[Information]-PgMain: addLog:Already Home !
21:52:08.60-[Information]-PgMain: addLog:Already Reset !
21:52:08.85-[Information]-PgMain: addLog:Already Pause !
21:52:09.08-[Information]-PgMain: addLog:Already Running!
21:52:09.36-[Information]-PgMain: addLog:Already Stopped !
21:52:10.12-[Information]-PgMain: addLog:Already Home !
21:52:10.35-[Information]-PgMain: addLog:Already Reset !
21:52:10.60-[Information]-PgMain: addLog:Already Pause !
21:52:10.86-[Information]-PgMain: addLog:Already Running!
21:52:11.09-[Information]-PgMain: addLog:Already Stopped !
21:53:21.76-[Information]-UiManager: Startup:
21:53:22.45-[Information]-Dba:  ->  Database File SQLite Already Existed!
21:53:23.34-[Information]-PgMain: addLog:Already Home !
21:53:23.81-[Information]-PgMain: addLog:Already Reset !
21:53:24.09-[Information]-PgMain: addLog:Already Pause !
21:53:24.49-[Information]-PgMain: addLog:Already Running!
21:53:24.79-[Information]-PgMain: addLog:Already Stopped !
21:53:26.26-[Information]-PgMain: addLog:Already Home !
21:53:26.50-[Information]-PgMain: addLog:Already Reset !
21:53:26.73-[Information]-PgMain: addLog:Already Pause !
21:53:26.98-[Information]-PgMain: addLog:Already Running!
21:53:27.27-[Information]-PgMain: addLog:Already Stopped !
21:53:27.90-[Information]-PgMain: addLog:Already Home !
21:53:28.14-[Information]-PgMain: addLog:Already Reset !
21:53:28.34-[Information]-PgMain: addLog:Already Pause !
21:53:28.56-[Information]-PgMain: addLog:Already Running!
21:53:28.94-[Information]-PgMain: addLog:Already Home !
21:53:29.29-[Information]-PgMain: addLog:Already Reset !
21:53:29.61-[Information]-PgMain: addLog:Already Stopped !
21:53:30.24-[Information]-PgMain: addLog:Already Home !
21:53:30.75-[Information]-PgMain: addLog:Already Pause !
21:53:30.99-[Information]-PgMain: addLog:Already Running!
21:53:33.39-[Information]-PgMain: addLog:Already Home !
21:53:33.59-[Information]-PgMain: addLog:Already Pause !
21:53:33.82-[Information]-PgMain: addLog:Already Reset !
21:53:34.17-[Information]-PgMain: addLog:Already Running!
21:53:34.42-[Information]-PgMain: addLog:Already Stopped !
21:53:34.87-[Information]-PgMain: addLog:Already Home !
21:53:35.14-[Information]-PgMain: addLog:Already Reset !
21:53:35.37-[Information]-PgMain: addLog:Already Pause !
21:53:35.56-[Information]-PgMain: addLog:Already Running!
21:53:35.93-[Information]-PgMain: addLog:Already Stopped !
21:53:36.27-[Information]-PgMain: addLog:Already Home !
21:53:36.52-[Information]-PgMain: addLog:Already Reset !
21:53:36.80-[Information]-PgMain: addLog:Already Pause !
21:53:37.00-[Information]-PgMain: addLog:Already Running!
21:53:37.49-[Information]-PgMain: addLog:Already Home !
21:53:37.72-[Information]-PgMain: addLog:Already Reset !
21:53:38.19-[Information]-PgMain: addLog:Already Stopped !
21:53:38.58-[Information]-PgMain: addLog:Already Home !
21:53:38.83-[Information]-PgMain: addLog:Already Reset !
21:53:39.05-[Information]-PgMain: addLog:Already Pause !
21:53:39.32-[Information]-PgMain: addLog:Already Running!
21:53:39.53-[Information]-PgMain: addLog:Already Stopped !
21:53:39.91-[Information]-PgMain: addLog:Already Home !
21:53:40.22-[Information]-PgMain: addLog:Already Reset !
21:53:40.46-[Information]-PgMain: addLog:Already Pause !
21:53:40.66-[Information]-PgMain: addLog:Already Running!
21:53:40.89-[Information]-PgMain: addLog:Already Stopped !
21:53:41.22-[Information]-PgMain: addLog:Already Home !
21:53:41.46-[Information]-PgMain: addLog:Already Reset !
21:53:41.67-[Information]-PgMain: addLog:Already Pause !
21:53:41.84-[Information]-PgMain: addLog:Already Running!
21:53:42.20-[Information]-PgMain: addLog:Already Home !
21:53:42.43-[Information]-PgMain: addLog:Already Reset !
21:53:42.96-[Information]-PgMain: addLog:Already Stopped !
21:53:43.52-[Information]-PgMain: addLog:Already Home !
21:53:43.81-[Information]-PgMain: addLog:Already Reset !
21:53:44.03-[Information]-PgMain: addLog:Already Pause !
21:53:44.26-[Information]-PgMain: addLog:Already Running!
21:53:44.59-[Information]-PgMain: addLog:Already Stopped !
21:53:45.32-[Information]-PgMain: addLog:Already Home !
21:53:45.55-[Information]-PgMain: addLog:Already Reset !
21:53:45.83-[Information]-PgMain: addLog:Already Pause !
21:53:46.01-[Information]-PgMain: addLog:Already Running!
21:53:46.25-[Information]-PgMain: addLog:Already Stopped !
21:55:37.93-[Information]-UiManager: Startup:
21:55:38.47-[Information]-Dba:  ->  Database File SQLite Already Existed!
21:55:39.99-[Information]-PgMain: addLog:Already Home !
21:55:40.41-[Information]-PgMain: addLog:Already Reset !
21:55:40.73-[Information]-PgMain: addLog:Already Pause !
21:55:41.37-[Information]-PgMain: addLog:Already Running!
21:55:41.70-[Information]-PgMain: addLog:Already Pause !
21:55:41.94-[Information]-PgMain: addLog:Already Reset !
21:56:08.30-[Information]-PgMain: addLog:Already Stopped !
21:56:10.21-[Information]-PgMain: addLog:Already Home !
21:56:11.13-[Information]-PgMain: addLog:Already Stopped !
21:56:12.50-[Information]-PgMain: addLog:Already Pause !
21:56:13.04-[Information]-PgMain: addLog:Already Running!
21:56:13.33-[Information]-PgMain: addLog:Already Stopped !
21:56:48.23-[Information]-UiManager: Startup:
21:56:48.81-[Information]-Dba:  ->  Database File SQLite Already Existed!
21:56:49.73-[Information]-PgMain: addLog:Already Home !
21:56:50.18-[Information]-PgMain: addLog:Already Stopped !
21:56:51.17-[Information]-PgMain: addLog:Already Home !
21:56:51.44-[Information]-PgMain: addLog:Already Reset !
21:56:51.67-[Information]-PgMain: addLog:Already Pause !
21:56:51.89-[Information]-PgMain: addLog:Already Running!
21:56:52.21-[Information]-PgMain: addLog:Already Stopped !
21:56:52.95-[Information]-PgMain: addLog:Already Home !
21:56:53.38-[Information]-PgMain: addLog:Already Pause !
21:56:53.57-[Information]-PgMain: addLog:Already Running!
21:56:53.89-[Information]-PgMain: addLog:Already Stopped !
21:56:55.39-[Information]-PgMain: addLog:Already Home !
21:56:55.66-[Information]-PgMain: addLog:Already Reset !
21:56:56.15-[Information]-PgMain: addLog:Already Running!
21:56:57.55-[Information]-PgMain: addLog:Already Home !
21:56:57.86-[Information]-PgMain: addLog:Already Pause !
21:56:58.14-[Information]-PgMain: addLog:Already Running!
21:57:00.10-[Information]-PgMain: addLog:Already Stopped !
21:57:02.18-[Information]-PgMain: addLog:Already Home !
21:57:04.68-[Information]-PgMain: addLog:Already Running!
21:57:06.04-[Information]-PgMain: addLog:Already Pause !
21:57:11.10-[Information]-PgMain: addLog:Already Reset !
21:57:20.28-[Information]-PgMain: addLog:Already Stopped !
21:57:23.03-[Information]-PgMain: addLog:Already Running!
21:57:23.33-[Information]-PgMain: addLog:Already Pause !
21:57:25.76-[Information]-PgMain: addLog:Already Home !
21:57:28.29-[Information]-PgMain: addLog:Already Pause !
21:57:28.56-[Information]-PgMain: addLog:Already Reset !
21:57:34.54-[Information]-PgMain: addLog:Already Home !
21:57:35.06-[Information]-PgMain: addLog:Already Pause !
21:57:35.37-[Information]-PgMain: addLog:Already Reset !
21:57:35.92-[Information]-PgMain: addLog:Already Stopped !
21:57:40.03-[Information]-PgMain: addLog:Already Home !
21:57:44.22-[Information]-PgMain: addLog:Already Running!
21:57:45.87-[Information]-PgMain: addLog:Already Pause !
21:57:50.10-[Information]-PgMain: addLog:Already Stopped !
21:57:51.22-[Information]-PgMain: addLog:Already Pause !
21:57:51.41-[Information]-PgMain: addLog:Already Reset !
21:57:51.71-[Information]-PgMain: addLog:Already Home !
21:57:52.03-[Information]-PgMain: addLog:Already Running!
21:58:18.28-[Information]-PgMain: addLog:Already Home !
21:58:18.91-[Information]-PgMain: addLog:Already Pause !
21:58:19.16-[Information]-PgMain: addLog:Already Running!
21:58:19.49-[Information]-PgMain: addLog:Already Stopped !
21:58:20.35-[Information]-PgMain: addLog:Already Home !
21:58:21.01-[Information]-PgMain: addLog:Already Running!
21:58:21.23-[Information]-PgMain: addLog:Already Pause !
21:58:21.59-[Information]-PgMain: addLog:Already Reset !
21:58:22.31-[Information]-PgMain: addLog:Already Stopped !
21:58:22.84-[Information]-PgMain: addLog:Already Running!
21:58:23.06-[Information]-PgMain: addLog:Already Pause !
21:58:23.20-[Information]-PgMain: addLog:Already Reset !
21:58:23.46-[Information]-PgMain: addLog:Already Home !
21:58:23.69-[Information]-PgMain: addLog:Already Stopped !
21:58:25.10-[Information]-PgMain: addLog:Already Running!
21:58:27.62-[Information]-PgMain: addLog:Already Home !
21:58:27.87-[Information]-PgMain: addLog:Already Pause !
21:58:28.10-[Information]-PgMain: addLog:Already Reset !
21:58:35.48-[Information]-PgMain: addLog:Already Home !
21:58:35.99-[Information]-PgMain: addLog:Already Stopped !
21:58:37.79-[Information]-PgMain: addLog:Already Reset !
21:58:38.02-[Information]-PgMain: addLog:Already Pause !
21:58:38.35-[Information]-PgMain: addLog:Already Home !
21:58:39.34-[Information]-PgMain: addLog:Already Stopped !
21:58:40.22-[Information]-PgMain: addLog:Already Home !
21:58:40.53-[Information]-PgMain: addLog:Already Pause !
21:58:42.52-[Information]-PgMain: addLog:Already Stopped !
21:58:43.36-[Information]-PgMain: addLog:Already Reset !
21:58:43.67-[Information]-PgMain: addLog:Already Home !
21:58:44.78-[Information]-PgMain: addLog:Already Stopped !
21:58:45.56-[Information]-PgMain: addLog:Already Running!
21:58:45.82-[Information]-PgMain: addLog:Already Pause !
21:58:46.07-[Information]-PgMain: addLog:Already Reset !
21:58:46.33-[Information]-PgMain: addLog:Already Home !
21:58:46.71-[Information]-PgMain: addLog:Already Stopped !
21:58:48.15-[Information]-PgMain: addLog:Already Home !
21:58:48.41-[Information]-PgMain: addLog:Already Reset !
21:58:48.67-[Information]-PgMain: addLog:Already Running!
21:58:51.33-[Information]-PgMain: addLog:Already Stopped !
21:58:55.25-[Information]-PgMain: addLog:Already Home !
21:58:55.75-[Information]-PgMain: addLog:Already Reset !
21:58:57.11-[Information]-PgMain: addLog:Already Pause !
21:59:20.71-[Information]-UiManager: Startup:
21:59:21.28-[Information]-Dba:  ->  Database File SQLite Already Existed!
21:59:22.84-[Information]-PgMain: addLog:Already Home !
21:59:23.86-[Information]-PgMain: addLog:Already Running!
21:59:24.49-[Information]-PgMain: addLog:Already Pause !
21:59:24.79-[Information]-PgMain: addLog:Already Reset !
21:59:26.84-[Information]-PgMain: addLog:Already Stopped !
21:59:28.10-[Information]-PgMain: addLog:Already Home !
21:59:28.61-[Information]-PgMain: addLog:Already Reset !
21:59:54.57-[Information]-UiManager: Startup:
21:59:55.23-[Information]-Dba:  ->  Database File SQLite Already Existed!
21:59:56.28-[Information]-PgMain: addLog:Already Home !
21:59:57.76-[Information]-PgMain: addLog:Already Pause !
22:00:00.05-[Information]-PgMain: addLog:Already Stopped !
22:00:01.85-[Information]-PgMain: addLog:Already Home !
22:00:03.64-[Information]-PgMain: addLog:Already Running!
22:00:04.54-[Information]-PgMain: addLog:Already Pause !
22:00:04.91-[Information]-PgMain: addLog:Already Reset !
22:00:06.65-[Information]-PgMain: addLog:Already Home !
22:00:08.28-[Information]-PgMain: addLog:Already Stopped !
22:00:54.67-[Information]-UiManager: Startup:
22:00:55.21-[Information]-Dba:  ->  Database File SQLite Already Existed!
22:00:56.18-[Information]-PgMain: addLog:Already Home !
22:00:58.68-[Information]-PgMain: addLog:Already Running!
22:01:00.13-[Information]-PgMain: addLog:Already Reset !
22:01:00.40-[Information]-PgMain: addLog:Already Pause !
22:01:01.42-[Information]-PgMain: addLog:Already Stopped !
22:01:16.68-[Information]-UiManager: Startup:
22:01:17.13-[Information]-Dba:  ->  Database File SQLite Already Existed!
22:01:18.03-[Information]-PgMain: addLog:Already Home !
22:01:19.89-[Information]-PgMain: addLog:Already Running!
22:01:20.45-[Information]-PgMain: addLog:Already Pause !
22:01:21.88-[Information]-PgMain: addLog:Already Stopped !
22:01:22.76-[Information]-PgMain: addLog:Already Home !
22:01:46.21-[Information]-UiManager: Startup:
22:01:46.70-[Information]-Dba:  ->  Database File SQLite Already Existed!
22:01:47.58-[Information]-PgMain: addLog:Already Home !
22:01:48.03-[Information]-PgMain: addLog:Already Reset !
22:01:48.37-[Information]-PgMain: addLog:Already Pause !
22:01:48.94-[Information]-PgMain: addLog:Already Stopped !
22:01:51.13-[Information]-PgMain: addLog:Already Home !
22:01:53.38-[Information]-PgMain: addLog:Already Pause !
22:02:05.79-[Information]-UiManager: Startup:
22:02:06.21-[Information]-Dba:  ->  Database File SQLite Already Existed!
22:02:07.35-[Information]-PgMain: addLog:Already Home !
22:02:07.90-[Information]-PgMain: addLog:Already Reset !
22:02:08.55-[Information]-PgMain: addLog:Already Stopped !
22:02:10.75-[Information]-PgMain: addLog:Already Home !
22:02:12.38-[Information]-PgMain: addLog:Already Running!
22:02:13.41-[Information]-PgMain: addLog:Already Pause !
22:02:13.76-[Information]-PgMain: addLog:Already Reset !
22:02:23.62-[Information]-PgMain: addLog:Already Stopped !
22:02:24.38-[Information]-PgMain: addLog:Already Home !
22:02:34.41-[Information]-PgMain: addLog:Already Running!
22:03:13.62-[Information]-UiManager: Startup:
22:03:14.14-[Information]-Dba:  ->  Database File SQLite Already Existed!
22:03:15.45-[Information]-PgMain: addLog:Already Home !
22:03:17.27-[Information]-PgMain: addLog:Already Pause !
22:03:17.90-[Information]-PgMain: addLog:Already Running!
22:03:18.62-[Information]-PgMain: addLog:Already Pause !
22:03:20.13-[Information]-PgMain: addLog:Already Stopped !
22:03:21.46-[Information]-PgMain: addLog:Already Home !
22:03:21.78-[Information]-PgMain: addLog:Already Pause !
22:03:22.13-[Information]-PgMain: addLog:Already Running!
22:03:22.42-[Information]-PgMain: addLog:Already Reset !
22:03:24.53-[Information]-PgMain: addLog:Already Stopped !
22:03:26.96-[Information]-PgMain: addLog:Already Running!
22:03:28.31-[Information]-PgMain: addLog:Already Pause !
22:03:34.52-[Information]-PgMain: addLog:Already Reset !
22:04:16.89-[Information]-UiManager: Startup:
22:04:17.45-[Information]-Dba:  ->  Database File SQLite Already Existed!
22:04:20.67-[Information]-PgMain: addLog:Already Home !
22:04:22.08-[Information]-PgMain: addLog:Already Running!
22:04:23.04-[Information]-PgMain: addLog:Already Pause !
22:04:31.85-[Information]-UiManager: Startup:
22:04:32.30-[Information]-Dba:  ->  Database File SQLite Already Existed!
22:04:33.49-[Information]-PgMain: addLog:Already Home !
22:04:36.73-[Information]-PgMain: addLog:Already Running!
22:04:37.06-[Information]-PgMain: addLog:Already Pause !
22:04:41.62-[Information]-PgMain: addLog:Already Home !
22:04:42.73-[Information]-PgMain: addLog:Already Pause !
22:04:43.75-[Information]-PgMain: addLog:Already Reset !
22:04:48.65-[Information]-PgMain: addLog:Already Stopped !
22:04:50.29-[Information]-PgMain: addLog:Already Pause !
22:04:50.73-[Information]-PgMain: addLog:Already Running!
22:04:54.80-[Information]-PgMain: addLog:Already Pause !
22:04:55.23-[Information]-PgMain: addLog:Already Reset !
22:04:57.12-[Information]-PgMain: addLog:Already Stopped !
22:04:58.03-[Information]-PgMain: addLog:Already Home !
22:06:16.29-[Information]-UiManager: Startup:
22:06:16.84-[Information]-Dba:  ->  Database File SQLite Already Existed!
22:06:18.10-[Information]-PgMain: addLog:Already Stopped !
22:06:18.49-[Information]-PgMain: addLog:Already Home !
22:06:19.01-[Information]-PgMain: addLog:Already Pause !
22:06:19.34-[Information]-PgMain: addLog:Already Running!
22:06:19.72-[Information]-PgMain: addLog:Already Reset !
22:06:20.04-[Information]-PgMain: addLog:Already Stopped !
22:06:21.31-[Information]-PgMain: addLog:Already Running!
22:06:22.90-[Information]-PgMain: addLog:Already Stopped !
22:06:23.33-[Information]-PgMain: addLog:Already Home !
22:06:23.70-[Information]-PgMain: addLog:Already Pause !
22:06:23.90-[Information]-PgMain: addLog:Already Running!
22:06:24.24-[Information]-PgMain: addLog:Already Home !
22:06:24.85-[Information]-PgMain: addLog:Already Stopped !
22:06:25.59-[Information]-PgMain: addLog:Already Home !
22:06:26.01-[Information]-PgMain: addLog:Already Pause !
22:06:26.33-[Information]-PgMain: addLog:Already Running!
22:06:26.54-[Information]-PgMain: addLog:Already Reset !
22:06:27.02-[Information]-PgMain: addLog:Already Stopped !
22:06:27.73-[Information]-PgMain: addLog:Already Pause !
22:06:28.11-[Information]-PgMain: addLog:Already Home !
22:06:28.36-[Information]-PgMain: addLog:Already Reset !
22:07:18.44-[Information]-UiManager: Startup:
22:07:18.85-[Information]-Dba:  ->  Database File SQLite Already Existed!
22:07:20.11-[Information]-PgMain: addLog:Already Home !
22:09:23.15-[Information]-UiManager: Startup:
22:09:23.55-[Information]-Dba:  ->  Database File SQLite Already Existed!
22:09:24.62-[Information]-PgMain: addLog:Already Home !
22:11:04.76-[Information]-UiManager: Startup:
22:11:05.28-[Information]-Dba:  ->  Database File SQLite Already Existed!
22:11:06.03-[Information]-PgMain: addLog:Already Home !
22:11:40.94-[Information]-UiManager: Startup:
22:11:41.57-[Information]-Dba:  ->  Database File SQLite Already Existed!
22:11:42.64-[Information]-PgMain: addLog:Already Home !
22:12:07.08-[Information]-UiManager: Startup:
22:12:07.61-[Information]-Dba:  ->  Database File SQLite Already Existed!
22:12:08.73-[Information]-PgMain: addLog:Already Home !
22:13:00.53-[Information]-UiManager: Startup:
22:13:01.06-[Information]-Dba:  ->  Database File SQLite Already Existed!
22:13:01.93-[Information]-PgMain: addLog:Already Home !
22:13:44.74-[Information]-UiManager: Startup:
22:13:45.14-[Information]-Dba:  ->  Database File SQLite Already Existed!
22:13:46.16-[Information]-PgMain: addLog:Already Home !
22:14:01.98-[Information]-PgMain: addLog:Already Stopped !
22:14:05.79-[Information]-PgMain: addLog:Already Home !
22:14:06.20-[Information]-PgMain: addLog:Already Reset !
22:14:06.75-[Information]-PgMain: addLog:Already Pause !
22:14:07.03-[Information]-PgMain: addLog:Already Running!
22:14:07.57-[Information]-PgMain: addLog:Already Stopped !
22:14:09.60-[Information]-PgMain: addLog:Already Home !
22:14:09.97-[Information]-PgMain: addLog:Already Reset !
22:14:10.22-[Information]-PgMain: addLog:Already Pause !
22:14:10.49-[Information]-PgMain: addLog:Already Running!
22:15:24.34-[Information]-PgMain: addLog:Already Home !
22:15:25.59-[Information]-PgMain: addLog:Already Pause !
22:15:28.32-[Information]-PgMain: addLog:Already Stopped !
22:15:29.12-[Information]-PgMain: addLog:Already Running!
22:15:30.18-[Information]-PgMain: addLog:Already Pause !
22:15:30.50-[Information]-PgMain: addLog:Already Reset !
22:16:03.82-[Information]-UserManager: LogOn: AutoTeams/itm
22:16:51.83-[Information]-PgMain: addLog:Already Home !
22:22:10.53-[Information]-UiManager: Startup:
22:22:11.04-[Information]-Dba:  ->  Database File SQLite Already Existed!
22:22:12.21-[Information]-PgMain: addLog:Already Home !
22:24:13.18-[Information]-UiManager: Startup:
22:24:13.65-[Information]-Dba:  ->  Database File SQLite Already Existed!
22:24:16.90-[Information]-PgMain: addLog:Already Home !
22:24:16.99-[Information]-PgMain: addLog:Already Pause !
22:24:19.00-[Information]-PgMain: addLog:Already Home !
22:24:21.00-[Information]-PgMain: addLog:Already Stopped !
22:24:21.53-[Information]-PgMain: addLog:Already Home !
22:24:40.90-[Information]-UiManager: Startup:
22:24:41.39-[Information]-Dba:  ->  Database File SQLite Already Existed!
22:24:42.59-[Information]-PgMain: addLog:Already Home !
22:25:51.24-[Information]-UiManager: Startup:
22:25:51.66-[Information]-Dba:  ->  Database File SQLite Already Existed!
22:25:52.55-[Information]-PgMain: addLog:Already Home !
22:27:25.00-[Information]-UiManager: Startup:
22:27:25.44-[Information]-Dba:  ->  Database File SQLite Already Existed!
22:27:26.43-[Information]-PgMain: addLog:Already Home !
22:32:17.83-[Information]-UiManager: Startup:
22:32:18.39-[Information]-Dba:  ->  Database File SQLite Already Existed!
22:32:19.56-[Information]-PgMain: addLog:Already Home !
22:32:47.65-[Information]-UiManager: Startup:
22:32:48.07-[Information]-Dba:  ->  Database File SQLite Already Existed!
22:32:49.16-[Information]-PgMain: addLog:Already Home !
22:33:24.54-[Information]-UiManager: Startup:
22:33:24.98-[Information]-Dba:  ->  Database File SQLite Already Existed!
22:33:25.95-[Information]-PgMain: addLog:Already Home !
22:33:45.33-[Information]-UiManager: Startup:
22:33:45.82-[Information]-Dba:  ->  Database File SQLite Already Existed!
22:33:46.82-[Information]-PgMain: addLog:Already Home !
22:34:19.75-[Information]-PgMain: addLog:Already Stopped !
22:34:20.59-[Information]-PgMain: addLog:Already Home !
22:34:20.91-[Information]-PgMain: addLog:Already Reset !
22:34:21.17-[Information]-PgMain: addLog:Already Pause !
22:34:21.45-[Information]-PgMain: addLog:Already Running!
22:34:21.97-[Information]-PgMain: addLog:Already Stopped !
22:34:22.42-[Information]-PgMain: addLog:Already Pause !
22:34:22.71-[Information]-PgMain: addLog:Already Reset !
22:34:22.95-[Information]-PgMain: addLog:Already Home !
22:34:23.25-[Information]-PgMain: addLog:Already Running!
22:34:23.67-[Information]-PgMain: addLog:Already Reset !
22:34:24.00-[Information]-PgMain: addLog:Already Pause !
22:34:24.28-[Information]-PgMain: addLog:Already Stopped !
22:34:24.98-[Information]-PgMain: addLog:Already Home !
22:34:25.24-[Information]-PgMain: addLog:Already Reset !
22:34:25.42-[Information]-PgMain: addLog:Already Pause !
22:34:25.72-[Information]-PgMain: addLog:Already Running!
22:34:25.87-[Information]-PgMain: addLog:Already Stopped !
22:34:26.37-[Information]-PgMain: addLog:Already Home !
22:34:26.62-[Information]-PgMain: addLog:Already Reset !
22:34:26.85-[Information]-PgMain: addLog:Already Pause !
22:34:27.09-[Information]-PgMain: addLog:Already Running!