
08:52:44.55-[Information]-UiManager: Startup:
08:52:45.66-[Information]-AlarmSQLDba:  ->  Database File SQLite Already Existed!
08:52:45.66-[Information]-Dba:  ->  Database File SQLite Already Existed!
08:52:56.71-[Information]-PgMain: addLog:Already Pause !
08:52:57.92-[Information]-PgMain: addLog:Already Reset !
08:56:35.56-[Information]-UiManager: Startup:
08:56:36.23-[Information]-AlarmSQLDba:  ->  Database File SQLite Already Existed!
08:56:36.23-[Information]-Dba:  ->  Database File SQLite Already Existed!
14:54:07.37-[Information]-UiManager: Startup:
14:54:07.99-[Information]-AlarmSQLDba:  ->  Database File SQLite Already Existed!
14:54:07.99-[Information]-Dba:  ->  Database File SQLite Already Existed!
14:54:09.31-[Information]-PgMain: addLog:Already Pause !
14:54:12.09-[Information]-PgMain: addLog:Already Reset !
14:54:14.09-[Information]-PgMain: addLog:Already Stopped !
14:54:15.08-[Information]-PgMain: addLog:Already Pause !
14:54:18.35-[Information]-PgMain: addLog:Already Stopped !
14:54:19.14-[Information]-PgMain: addLog:Already Pause !
15:52:20.14-[Information]-UiManager: Startup:
15:52:20.49-[Information]-AlarmSQLDba:  ->  Database File SQLite Already Existed!
15:52:20.49-[Information]-Dba:  ->  Database File SQLite Already Existed!
15:52:22.95-[Information]-PgMain: addLog:Already Pause !