
08:23:31.69-[Information]-UiManager: Startup:
08:23:32.77-[Information]-AlarmSQLDba:  ->  Database File SQLite Already Existed!
08:23:32.77-[Information]-Dba:  ->  Database File SQLite Already Existed!
08:26:44.48-[Information]-UiManager: Startup:
08:26:45.38-[Information]-AlarmSQLDba:  ->  Database File SQLite Already Existed!
08:26:45.38-[Information]-Dba:  ->  Database File SQLite Already Existed!
08:29:52.91-[Information]-UiManager: Startup:
08:29:53.63-[Information]-AlarmSQLDba:  ->  Database File SQLite Already Existed!
08:29:53.64-[Information]-Dba:  ->  Database File SQLite Already Existed!
08:37:10.65-[Information]-UiManager: Startup:
08:37:11.62-[Information]-AlarmSQLDba:  ->  Database File SQLite Already Existed!
08:37:11.63-[Information]-Dba:  ->  Database File SQLite Already Existed!
08:38:18.45-[Information]-UiManager: Startup:
08:38:19.36-[Information]-AlarmSQLDba:  ->  Database File SQLite Already Existed!
08:38:19.36-[Information]-Dba:  ->  Database File SQLite Already Existed!
08:40:55.66-[Information]-UiManager: Startup:
08:40:56.31-[Information]-AlarmSQLDba:  ->  Database File SQLite Already Existed!
08:40:56.31-[Information]-Dba:  ->  Database File SQLite Already Existed!
08:41:21.45-[Information]-UiManager: Startup:
08:41:22.13-[Information]-AlarmSQLDba:  ->  Database File SQLite Already Existed!
08:41:22.13-[Information]-Dba:  ->  Database File SQLite Already Existed!
08:43:59.94-[Information]-UiManager: Startup:
08:44:00.73-[Information]-AlarmSQLDba:  ->  Database File SQLite Already Existed!
08:44:00.73-[Information]-Dba:  ->  Database File SQLite Already Existed!
08:44:37.91-[Information]-UiManager: Startup:
08:44:38.81-[Information]-AlarmSQLDba:  ->  Database File SQLite Already Existed!
08:44:38.82-[Information]-Dba:  ->  Database File SQLite Already Existed!
08:46:28.10-[Information]-UiManager: Startup:
08:46:28.79-[Information]-AlarmSQLDba:  ->  Database File SQLite Already Existed!
08:46:28.79-[Information]-Dba:  ->  Database File SQLite Already Existed!
08:48:33.87-[Information]-UiManager: Startup:
08:48:34.85-[Information]-AlarmSQLDba:  ->  Database File SQLite Already Existed!
08:48:34.85-[Information]-Dba:  ->  Database File SQLite Already Existed!
08:49:10.63-[Information]-UiManager: Startup:
08:49:11.66-[Information]-AlarmSQLDba:  ->  Database File SQLite Already Existed!
08:49:11.66-[Information]-Dba:  ->  Database File SQLite Already Existed!
08:49:55.08-[Information]-UiManager: Startup:
08:49:56.04-[Information]-AlarmSQLDba:  ->  Database File SQLite Already Existed!
08:49:56.04-[Information]-Dba:  ->  Database File SQLite Already Existed!
08:53:05.82-[Information]-UiManager: Startup:
08:53:06.77-[Information]-AlarmSQLDba:  ->  Database File SQLite Already Existed!
08:53:06.77-[Information]-Dba:  ->  Database File SQLite Already Existed!
08:53:23.76-[Information]-UiManager: Startup:
08:53:24.41-[Information]-AlarmSQLDba:  ->  Database File SQLite Already Existed!
08:53:24.42-[Information]-Dba:  ->  Database File SQLite Already Existed!
08:54:05.36-[Information]-UiManager: Startup:
08:54:06.12-[Information]-AlarmSQLDba:  ->  Database File SQLite Already Existed!
08:54:06.12-[Information]-Dba:  ->  Database File SQLite Already Existed!
08:55:49.82-[Information]-UiManager: Startup:
08:55:51.21-[Information]-AlarmSQLDba:  ->  Database File SQLite Already Existed!
08:55:51.21-[Information]-Dba:  ->  Database File SQLite Already Existed!
09:09:21.24-[Information]-UiManager: Startup:
09:09:22.94-[Information]-AlarmSQLDba:  ->  Database File SQLite Already Existed!
09:09:22.94-[Information]-Dba:  ->  Database File SQLite Already Existed!
09:09:23.96-[Information]-PgMain: addLog:Already Running!
09:09:25.84-[Information]-PgMain: addLog:Already Pause !
09:09:27.54-[Information]-PgMain: addLog:Already Reset !
09:09:29.18-[Information]-PgMain: addLog:Already Running!
09:09:33.74-[Information]-PgMain: addLog:Already Pause !
09:09:35.12-[Information]-PgMain: addLog:Already Reset !
09:10:08.99-[Information]-PgMain: addLog:Already Running!
09:10:10.97-[Information]-PgMain: addLog:Already Stopped !
09:10:11.44-[Information]-PgMain: addLog:Already Running!
09:10:12.51-[Information]-PgMain: addLog:Already Pause !
09:10:14.44-[Information]-PgMain: addLog:Already Reset !
09:10:27.13-[Information]-PgMain: addLog:Already Stopped !
09:10:27.75-[Information]-PgMain: addLog:Already Pause !
09:10:29.19-[Information]-PgMain: addLog:Already Reset !
09:11:16.54-[Information]-PgMain: addLog:Already Stopped !
09:11:17.76-[Information]-PgMain: addLog:Already Pause !
09:11:31.27-[Information]-PgMain: addLog:Already Reset !
09:15:05.19-[Information]-UiManager: Startup:
09:15:06.17-[Information]-AlarmSQLDba:  ->  Database File SQLite Already Existed!
09:15:06.17-[Information]-Dba:  ->  Database File SQLite Already Existed!
09:15:07.18-[Information]-PgMain: addLog:Already Pause !
09:15:12.03-[Information]-PgMain: addLog:Already Reset !
09:15:25.20-[Information]-PgMain: addLog:Already Pause !
09:16:15.85-[Information]-UiManager: Startup:
09:16:16.56-[Information]-AlarmSQLDba:  ->  Database File SQLite Already Existed!
09:16:16.57-[Information]-Dba:  ->  Database File SQLite Already Existed!
09:16:18.29-[Information]-PgMain: addLog:Already Pause !
09:16:19.78-[Information]-PgMain: addLog:Already Reset !
09:36:47.89-[Information]-UiManager: Startup:
09:36:48.65-[Information]-AlarmSQLDba:  ->  Database File SQLite Already Existed!
09:36:48.65-[Information]-Dba:  ->  Database File SQLite Already Existed!
09:36:50.26-[Information]-PgMain: addLog:Already Pause !
09:36:51.85-[Information]-PgMain: addLog:Already Reset !
09:37:15.57-[Information]-UiManager: Startup:
09:37:15.89-[Information]-AlarmSQLDba:  ->  Database File SQLite Already Existed!
09:37:15.89-[Information]-Dba:  ->  Database File SQLite Already Existed!
09:37:17.11-[Information]-PgMain: addLog:Already Pause !
09:37:30.00-[Information]-PgMain: addLog:Already Reset !
09:37:33.76-[Information]-PgMain: addLog:Already Pause !
09:38:23.75-[Information]-UiManager: Startup:
09:38:24.71-[Information]-AlarmSQLDba:  ->  Database File SQLite Already Existed!
09:38:24.71-[Information]-Dba:  ->  Database File SQLite Already Existed!
09:38:25.57-[Information]-PgMain: addLog:Already Pause !
09:38:34.47-[Information]-PgMain: addLog:Already Reset !
09:39:25.21-[Information]-UiManager: Startup:
09:39:26.03-[Information]-AlarmSQLDba:  ->  Database File SQLite Already Existed!
09:39:26.03-[Information]-Dba:  ->  Database File SQLite Already Existed!
09:39:26.96-[Information]-PgMain: addLog:Already Pause !
09:41:11.20-[Information]-UiManager: Startup:
09:41:11.91-[Information]-AlarmSQLDba:  ->  Database File SQLite Already Existed!
09:41:11.92-[Information]-Dba:  ->  Database File SQLite Already Existed!
09:41:14.01-[Information]-PgMain: addLog:Already Pause !
09:41:16.69-[Information]-PgMain: addLog:Already Reset !
09:41:18.64-[Information]-PgMain: addLog:Already Pause !
09:42:08.69-[Information]-UiManager: Startup:
09:42:09.35-[Information]-AlarmSQLDba:  ->  Database File SQLite Already Existed!
09:42:09.35-[Information]-Dba:  ->  Database File SQLite Already Existed!
09:42:10.58-[Information]-PgMain: addLog:Already Pause !
09:42:14.15-[Information]-PgMain: addLog:Already Reset !
09:42:52.06-[Information]-UiManager: Startup:
09:42:52.36-[Information]-AlarmSQLDba:  ->  Database File SQLite Already Existed!
09:42:52.36-[Information]-Dba:  ->  Database File SQLite Already Existed!
09:43:01.93-[Information]-PgMain: addLog:Already Pause !
09:43:03.24-[Information]-PgMain: addLog:Already Reset !
09:56:12.75-[Information]-UiManager: Startup:
10:19:43.74-[Information]-UiManager: Startup:
10:29:14.87-[Information]-UiManager: Startup:
10:29:16.22-[Information]-AlarmSQLDba:  ->  Database File SQLite Already Existed!
10:29:16.22-[Information]-Dba:  ->  Database File SQLite Already Existed!
10:29:32.03-[Information]-UiManager: Startup:
10:29:32.88-[Information]-AlarmSQLDba:  ->  Database File SQLite Already Existed!
10:29:32.88-[Information]-Dba:  ->  Database File SQLite Already Existed!
10:30:18.66-[Information]-UiManager: Startup:
10:30:19.52-[Information]-AlarmSQLDba:  ->  Database File SQLite Already Existed!
10:30:19.53-[Information]-Dba:  ->  Database File SQLite Already Existed!
10:33:23.12-[Information]-UiManager: Startup:
10:33:24.07-[Information]-AlarmSQLDba:  ->  Database File SQLite Already Existed!
10:33:24.07-[Information]-Dba:  ->  Database File SQLite Already Existed!
10:33:45.29-[Information]-UiManager: Startup:
10:33:46.29-[Information]-AlarmSQLDba:  ->  Database File SQLite Already Existed!
10:33:46.29-[Information]-Dba:  ->  Database File SQLite Already Existed!
10:34:00.32-[Information]-UiManager: Startup:
10:34:00.64-[Information]-AlarmSQLDba:  ->  Database File SQLite Already Existed!
10:34:00.64-[Information]-Dba:  ->  Database File SQLite Already Existed!
10:34:04.22-[Information]-UiManager: Startup:
10:34:04.52-[Information]-AlarmSQLDba:  ->  Database File SQLite Already Existed!
10:34:04.52-[Information]-Dba:  ->  Database File SQLite Already Existed!
10:34:10.15-[Information]-UiManager: Startup:
10:34:11.17-[Information]-AlarmSQLDba:  ->  Database File SQLite Already Existed!
10:34:11.18-[Information]-Dba:  ->  Database File SQLite Already Existed!
10:34:26.17-[Information]-UiManager: Startup:
10:34:27.17-[Information]-AlarmSQLDba:  ->  Database File SQLite Already Existed!
10:34:27.17-[Information]-Dba:  ->  Database File SQLite Already Existed!
10:34:39.40-[Information]-UiManager: Startup:
10:34:40.92-[Information]-AlarmSQLDba:  ->  Database File SQLite Already Existed!
10:34:40.93-[Information]-Dba:  ->  Database File SQLite Already Existed!
10:35:45.01-[Information]-UiManager: Startup:
10:35:45.78-[Information]-AlarmSQLDba:  ->  Database File SQLite Already Existed!
10:35:45.78-[Information]-Dba:  ->  Database File SQLite Already Existed!
10:35:53.78-[Information]-UiManager: Startup:
10:35:54.76-[Information]-AlarmSQLDba:  ->  Database File SQLite Already Existed!
10:35:54.77-[Information]-Dba:  ->  Database File SQLite Already Existed!
10:36:13.13-[Information]-PgMain: addLog:Already Pause !
10:36:14.49-[Information]-PgMain: addLog:Already Reset !
10:36:54.29-[Information]-PgMain: addLog:Already Stopped !
10:36:54.72-[Information]-PgMain: addLog:Already Pause !
10:36:55.41-[Information]-PgMain: addLog:Already Reset !
10:39:01.25-[Information]-UiManager: Startup:
10:39:01.94-[Information]-AlarmSQLDba:  ->  Database File SQLite Already Existed!
10:39:01.94-[Information]-Dba:  ->  Database File SQLite Already Existed!
10:39:02.86-[Information]-PgMain: addLog:Already Pause !
10:39:03.82-[Information]-PgMain: addLog:Already Reset !
10:39:35.64-[Information]-UiManager: Startup:
10:39:36.69-[Information]-AlarmSQLDba:  ->  Database File SQLite Already Existed!
10:39:36.70-[Information]-Dba:  ->  Database File SQLite Already Existed!
10:39:38.13-[Information]-PgMain: addLog:Already Pause !
10:39:38.45-[Information]-PgMain: addLog:Already Reset !
10:39:44.50-[Information]-PgMain: addLog:Already Pause !
10:39:45.06-[Information]-PgMain: addLog:Already Reset !
10:39:46.44-[Information]-PgMain: addLog:Already Stopped !
10:39:46.90-[Information]-PgMain: addLog:Already Reset !
10:39:48.18-[Information]-PgMain: addLog:Already Pause !
10:41:49.67-[Information]-UiManager: Startup:
10:41:49.97-[Information]-AlarmSQLDba:  ->  Database File SQLite Already Existed!
10:41:49.97-[Information]-Dba:  ->  Database File SQLite Already Existed!
10:43:04.16-[Information]-PgMain: addLog:Already Reset !
10:43:05.51-[Information]-PgMain: addLog:Already Pause !
10:48:00.27-[Information]-UiManager: Startup:
10:48:01.39-[Information]-AlarmSQLDba:  ->  Database File SQLite Already Existed!
10:48:01.39-[Information]-Dba:  ->  Database File SQLite Already Existed!
10:48:43.63-[Information]-UiManager: Startup:
10:48:44.65-[Information]-AlarmSQLDba:  ->  Database File SQLite Already Existed!
10:48:44.65-[Information]-Dba:  ->  Database File SQLite Already Existed!
10:50:11.90-[Information]-UiManager: Startup:
10:50:12.81-[Information]-AlarmSQLDba:  ->  Database File SQLite Already Existed!
10:50:12.81-[Information]-Dba:  ->  Database File SQLite Already Existed!
10:50:35.37-[Information]-UiManager: Startup:
10:50:36.36-[Information]-AlarmSQLDba:  ->  Database File SQLite Already Existed!
10:50:36.36-[Information]-Dba:  ->  Database File SQLite Already Existed!
10:50:48.40-[Information]-PgMain: addLog:Already Pause !
10:50:50.61-[Information]-PgMain: addLog:Already Reset !
10:50:54.84-[Information]-PgMain: addLog:Already Pause !
10:51:24.40-[Information]-UiManager: Startup:
10:51:25.30-[Information]-AlarmSQLDba:  ->  Database File SQLite Already Existed!
10:51:25.30-[Information]-Dba:  ->  Database File SQLite Already Existed!
10:51:26.93-[Information]-PgMain: addLog:Already Pause !
10:51:27.89-[Information]-PgMain: addLog:Already Reset !
10:51:47.69-[Information]-UiManager: Startup:
10:51:48.65-[Information]-AlarmSQLDba:  ->  Database File SQLite Already Existed!
10:51:48.65-[Information]-Dba:  ->  Database File SQLite Already Existed!
10:51:49.95-[Information]-PgMain: addLog:Already Pause !
10:51:52.42-[Information]-PgMain: addLog:Already Reset !
10:52:08.76-[Information]-UiManager: Startup:
10:52:09.76-[Information]-AlarmSQLDba:  ->  Database File SQLite Already Existed!
10:52:09.77-[Information]-Dba:  ->  Database File SQLite Already Existed!
10:52:11.22-[Information]-PgMain: addLog:Already Pause !
10:52:15.31-[Information]-PgMain: addLog:Already Reset !
10:52:43.25-[Information]-UiManager: Startup:
10:52:43.57-[Information]-AlarmSQLDba:  ->  Database File SQLite Already Existed!
10:52:43.57-[Information]-Dba:  ->  Database File SQLite Already Existed!
10:57:18.34-[Information]-UiManager: Startup:
10:57:19.14-[Information]-AlarmSQLDba:  ->  Database File SQLite Already Existed!
10:57:19.14-[Information]-Dba:  ->  Database File SQLite Already Existed!
10:57:37.92-[Information]-PgMain: addLog:Already Pause !
10:57:39.64-[Information]-PgMain: addLog:Already Reset !
11:05:59.17-[Information]-UiManager: Startup:
11:05:59.85-[Information]-AlarmSQLDba:  ->  Database File SQLite Already Existed!
11:05:59.85-[Information]-Dba:  ->  Database File SQLite Already Existed!
11:08:44.77-[Information]-UiManager: Startup:
11:08:45.42-[Information]-AlarmSQLDba:  ->  Database File SQLite Already Existed!
11:08:45.44-[Information]-Dba:  ->  Database File SQLite Already Existed!
11:09:08.71-[Information]-UiManager: Startup:
11:17:21.95-[Information]-UiManager: Startup:
11:17:22.63-[Information]-AlarmSQLDba:  ->  Database File SQLite Already Existed!
11:17:22.63-[Information]-Dba:  ->  Database File SQLite Already Existed!
11:21:21.17-[Information]-UiManager: Startup:
11:21:25.98-[Information]-AlarmSQLDba:  ->  Database File SQLite Already Existed!
11:21:26.00-[Information]-Dba:  ->  Database File SQLite Already Existed!
11:22:15.83-[Information]-UiManager: Startup:
11:22:17.00-[Information]-AlarmSQLDba:  ->  Database File SQLite Already Existed!
11:22:17.03-[Information]-Dba:  ->  Database File SQLite Already Existed!
11:24:39.96-[Information]-UiManager: Startup:
11:24:40.69-[Information]-AlarmSQLDba:  ->  Database File SQLite Already Existed!
11:24:40.70-[Information]-Dba:  ->  Database File SQLite Already Existed!
15:43:15.84-[Information]-UiManager: Startup:
15:43:17.52-[Information]-AlarmSQLDba:  ->  Database File SQLite Already Existed!
15:43:17.52-[Information]-Dba:  ->  Database File SQLite Already Existed!
15:43:23.65-[Information]-PgMain: addLog:Already Pause !
15:43:30.03-[Information]-PgMain: addLog:Already Stopped !
15:43:31.00-[Information]-PgMain: addLog:Already Reset !
15:44:02.20-[Information]-PgMain: addLog:Already Stopped !
15:44:02.78-[Information]-PgMain: addLog:Already Pause !
15:49:54.20-[Information]-UiManager: Startup:
15:49:54.94-[Information]-AlarmSQLDba:  ->  Database File SQLite Already Existed!
15:49:54.96-[Information]-Dba:  ->  Database File SQLite Already Existed!
15:50:04.94-[Information]-PgMain: addLog:Already Reset !
15:51:29.27-[Information]-UiManager: Startup:
15:51:30.08-[Information]-AlarmSQLDba:  ->  Database File SQLite Already Existed!
15:51:30.11-[Information]-Dba:  ->  Database File SQLite Already Existed!
15:51:42.62-[Information]-PgMain: addLog:Already Reset !