
08:24:55.65-[Information]-UiManager: Startup:
08:24:56.51-[Information]-Dba:  ->  Database File SQLite Already Existed!
08:25:04.28-[Information]-UserManager: LogOn: AutoTeams/itm
08:25:56.62-[Information]-UiManager: Startup:
08:25:57.39-[Information]-Dba:  ->  Database File SQLite Already Existed!
08:26:04.41-[Information]-UserManager: LogOn: AutoTeams/itm
08:31:25.65-[Information]-UiManager: Startup:
08:31:26.35-[Information]-Dba:  ->  Database File SQLite Already Existed!
08:31:34.51-[Information]-UserManager: LogOn: AutoTeams/itm
08:44:11.13-[Information]-UiManager: Startup:
08:44:11.89-[Information]-Dba:  ->  Database File SQLite Already Existed!
08:44:18.62-[Information]-UserManager: LogOn: AutoTeams/itm
08:45:36.50-[Information]-UiManager: Startup:
08:45:38.20-[Information]-Dba:  ->  Database File SQLite Already Existed!
08:45:44.61-[Information]-UserManager: LogOn: AutoTeams/itm
08:46:24.30-[Information]-UiManager: Startup:
08:46:25.45-[Information]-Dba:  ->  Database File SQLite Already Existed!
08:46:35.66-[Information]-UserManager: LogOn: AutoTeams/itm
08:53:17.27-[Information]-UiManager: Startup:
08:53:18.42-[Information]-Dba:  ->  Database File SQLite Already Existed!
08:53:46.50-[Information]-UserManager: LogOn: AutoTeams/itm
08:54:41.12-[Information]-UiManager: Startup:
08:54:42.15-[Information]-Dba:  ->  Database File SQLite Already Existed!
08:54:49.46-[Information]-UserManager: LogOn: AutoTeams/itm
08:59:19.71-[Information]-UiManager: Startup:
08:59:20.66-[Information]-Dba:  ->  Database File SQLite Already Existed!
08:59:29.32-[Information]-UserManager: LogOn: AutoTeams/itm
09:00:28.35-[Information]-UiManager: Startup:
09:00:29.61-[Information]-Dba:  ->  Database File SQLite Already Existed!
09:00:36.13-[Information]-UserManager: LogOn: AutoTeams/itm
09:01:21.58-[Information]-UiManager: Startup:
09:01:22.80-[Information]-Dba:  ->  Database File SQLite Already Existed!
09:01:29.61-[Information]-UserManager: LogOn: AutoTeams/itm
09:16:52.19-[Information]-UiManager: Startup:
09:16:52.95-[Information]-Dba:  ->  Database File SQLite Already Existed!
09:17:00.37-[Information]-UserManager: LogOn: AutoTeams/itm
09:17:40.76-[Information]-UiManager: Startup:
09:17:41.51-[Information]-Dba:  ->  Database File SQLite Already Existed!
09:17:48.77-[Information]-UserManager: LogOn: AutoTeams/itm
09:18:40.31-[Information]-UiManager: Startup:
09:18:40.98-[Information]-Dba:  ->  Database File SQLite Already Existed!
09:18:47.99-[Information]-UserManager: LogOn: AutoTeams/itm
09:19:06.69-[Information]-UiManager: Startup:
09:19:07.36-[Information]-Dba:  ->  Database File SQLite Already Existed!
09:19:14.56-[Information]-UserManager: LogOn: AutoTeams/itm
09:19:58.54-[Information]-UiManager: Startup:
09:19:59.39-[Information]-Dba:  ->  Database File SQLite Already Existed!
09:20:05.77-[Information]-UserManager: LogOn: AutoTeams/itm
09:22:03.18-[Information]-UiManager: Startup:
09:22:03.81-[Information]-Dba:  ->  Database File SQLite Already Existed!
09:22:10.87-[Information]-UserManager: LogOn: AutoTeams/itm
09:24:13.53-[Information]-UiManager: Startup:
09:24:14.34-[Information]-Dba:  ->  Database File SQLite Already Existed!
09:24:21.24-[Information]-UserManager: LogOn: AutoTeams/itm
09:26:11.37-[Information]-UiManager: Startup:
09:26:12.06-[Information]-Dba:  ->  Database File SQLite Already Existed!
09:26:20.27-[Information]-UserManager: LogOn: AutoTeams/itm
09:28:45.49-[Information]-UiManager: Startup:
09:28:46.46-[Information]-Dba:  ->  Database File SQLite Already Existed!
09:28:54.36-[Information]-UserManager: LogOn: AutoTeams/itm
09:31:46.27-[Information]-UiManager: Startup:
09:31:46.94-[Information]-Dba:  ->  Database File SQLite Already Existed!
09:31:54.71-[Information]-UserManager: LogOn: AutoTeams/itm
09:34:20.31-[Information]-UiManager: Startup:
09:34:21.10-[Information]-Dba:  ->  Database File SQLite Already Existed!
09:34:28.37-[Information]-UserManager: LogOn: AutoTeams/itm
09:39:40.01-[Information]-UiManager: Startup:
09:39:40.61-[Information]-Dba:  ->  Database File SQLite Already Existed!
09:40:45.14-[Information]-UiManager: Startup:
09:40:45.84-[Information]-Dba:  ->  Database File SQLite Already Existed!
09:44:34.52-[Information]-UiManager: Startup:
09:44:35.35-[Information]-Dba:  ->  Database File SQLite Already Existed!
09:45:23.22-[Information]-UiManager: Startup:
09:45:24.37-[Information]-Dba:  ->  Database File SQLite Already Existed!
09:51:18.98-[Information]-UiManager: Startup:
09:51:20.11-[Information]-Dba:  ->  Database File SQLite Already Existed!
10:04:57.41-[Information]-UiManager: Startup:
10:04:58.20-[Information]-Dba:  ->  Database File SQLite Already Existed!
10:06:45.15-[Information]-UiManager: Startup:
10:06:45.73-[Information]-Dba:  ->  Database File SQLite Already Existed!
10:07:22.51-[Information]-UiManager: Startup:
10:07:23.44-[Information]-Dba:  ->  Database File SQLite Already Existed!
10:13:54.39-[Information]-UiManager: Startup:
10:13:55.23-[Information]-Dba:  ->  Database File SQLite Already Existed!
10:17:35.06-[Information]-UiManager: Startup:
10:17:35.74-[Information]-Dba:  ->  Database File SQLite Already Existed!
10:23:08.98-[Information]-UiManager: Startup:
10:23:09.68-[Information]-Dba:  ->  Database File SQLite Already Existed!
10:24:36.21-[Information]-UiManager: Startup:
10:24:37.02-[Information]-Dba:  ->  Database File SQLite Already Existed!
10:25:11.61-[Information]-UiManager: Startup:
10:25:12.39-[Information]-Dba:  ->  Database File SQLite Already Existed!
10:25:26.75-[Information]-UiManager: Startup:
10:25:27.49-[Information]-Dba:  ->  Database File SQLite Already Existed!
10:32:07.51-[Information]-UiManager: Startup:
10:32:08.19-[Information]-Dba:  ->  Database File SQLite Already Existed!
10:37:36.84-[Information]-UiManager: Startup:
10:37:38.64-[Information]-Dba:  ->  Database File SQLite Already Existed!
10:51:20.40-[Information]-UiManager: Startup:
10:51:21.45-[Information]-Dba:  ->  Database File SQLite Already Existed!
11:35:50.32-[Information]-UiManager: Startup:
11:35:50.89-[Information]-Dba:  ->  Database File SQLite Already Existed!
11:41:35.05-[Information]-UiManager: Startup:
11:41:35.61-[Information]-Dba:  ->  Database File SQLite Already Existed!
11:41:37.70-[Information]-PgMain: addLog:Already Pause !
11:41:38.42-[Information]-PgMain: addLog:Already Reset !
11:41:39.52-[Information]-PgMain: addLog:Already Running!
11:41:56.70-[Information]-PgMain: addLog:Already Reset !
11:41:57.06-[Information]-PgMain: addLog:Already Pause !
11:44:31.09-[Information]-UiManager: Startup:
11:44:31.62-[Information]-Dba:  ->  Database File SQLite Already Existed!
11:44:33.38-[Information]-PgMain: addLog:Already Pause !
11:44:34.23-[Information]-PgMain: addLog:Already Reset !
11:44:36.27-[Information]-PgMain: addLog:Already Running!
11:44:36.86-[Information]-PgMain: addLog:Already Pause !
11:44:40.54-[Information]-PgMain: addLog:Already Stopped !
11:44:41.03-[Information]-PgMain: addLog:Already Running!
11:44:41.60-[Information]-PgMain: addLog:Already Pause !
11:44:42.37-[Information]-PgMain: addLog:Already Reset !
11:44:51.85-[Information]-UiManager: Startup:
11:44:53.15-[Information]-Dba:  ->  Database File SQLite Already Existed!
11:44:55.89-[Information]-PgMain: addLog:Already Pause !
11:44:56.80-[Information]-PgMain: addLog:Already Reset !
11:44:57.38-[Information]-PgMain: addLog:Already Running!
11:45:11.28-[Information]-PgMain: addLog:Already Reset !
11:45:12.06-[Information]-PgMain: addLog:Already Stopped !
11:45:12.98-[Information]-PgMain: addLog:Already Pause !
11:45:13.49-[Information]-PgMain: addLog:Already Reset !
11:45:14.40-[Information]-PgMain: addLog:Already Running!
11:49:06.66-[Information]-UiManager: Startup:
11:49:07.55-[Information]-Dba:  ->  Database File SQLite Already Existed!
13:16:47.58-[Information]-UiManager: Startup:
13:16:48.32-[Information]-Dba:  ->  Database File SQLite Already Existed!
17:56:11.81-[Information]-UiManager: Startup:
17:56:13.11-[Information]-Dba:  ->  Database File SQLite Already Existed!
18:01:23.79-[Information]-UiManager: Startup:
18:01:24.87-[Information]-Dba:  ->  Database File SQLite Already Existed!
18:02:28.81-[Information]-UiManager: Startup:
18:02:30.09-[Information]-Dba:  ->  Database File SQLite Already Existed!
18:02:59.37-[Information]-UiManager: Startup:
18:03:00.52-[Information]-Dba:  ->  Database File SQLite Already Existed!
18:10:27.83-[Information]-UiManager: Startup:
18:10:28.86-[Information]-Dba:  ->  Database File SQLite Already Existed!
18:12:00.82-[Information]-UiManager: Startup:
18:12:02.13-[Information]-Dba:  ->  Database File SQLite Already Existed!
18:13:24.43-[Information]-UserManager: LogOn: AutoTeams/itm
18:15:10.44-[Information]-UiManager: Startup:
18:15:11.59-[Information]-Dba:  ->  Database File SQLite Already Existed!
18:15:32.39-[Information]-PgMain: addLog:Already Running!
18:15:46.17-[Error]-PLC Q_Enthernet: Q_Enthernet ReadDoubleWork Error: An existing connection was forcibly closed by the remote host
18:15:52.94-[Information]-UiManager: Startup:
18:15:53.97-[Information]-Dba:  ->  Database File SQLite Already Existed!
18:16:06.71-[Information]-PgMain: addLog:Already Reset !
18:17:20.96-[Information]-UiManager: Startup:
18:17:22.24-[Information]-Dba:  ->  Database File SQLite Already Existed!
18:19:11.54-[Information]-UiManager: Startup:
18:19:13.11-[Information]-Dba:  ->  Database File SQLite Already Existed!
18:27:49.72-[Error]-PLC Q_Enthernet: Q_Enthernet ReadDoubleWork Error: An existing connection was forcibly closed by the remote host
18:27:58.59-[Information]-UiManager: Startup:
18:28:00.10-[Information]-Dba:  ->  Database File SQLite Already Existed!
18:29:45.53-[Information]-UiManager: Startup:
18:29:46.53-[Information]-Dba:  ->  Database File SQLite Already Existed!
18:30:46.40-[Error]-PLC Q_Enthernet: Q_Enthernet ReadMutiBit Error: An existing connection was forcibly closed by the remote host
18:31:27.74-[Information]-UiManager: Startup:
18:31:29.04-[Information]-Dba:  ->  Database File SQLite Already Existed!
18:31:59.57-[Information]-UiManager: Startup:
18:32:00.95-[Information]-Dba:  ->  Database File SQLite Already Existed!
18:33:05.78-[Error]-PLC Q_Enthernet: Q_Enthernet ReadMutiBit Error: An existing connection was forcibly closed by the remote host
18:36:28.81-[Information]-UiManager: Startup:
18:36:29.52-[Information]-Dba:  ->  Database File SQLite Already Existed!
18:36:37.95-[Error]-PLC Q_Enthernet: Q_Enthernet ReadMutiBit Error: An established connection was aborted by the software in your host machine
18:39:21.02-[Information]-UiManager: Startup:
18:39:22.42-[Information]-Dba:  ->  Database File SQLite Already Existed!
18:40:50.62-[Information]-UiManager: Startup:
18:40:52.09-[Information]-Dba:  ->  Database File SQLite Already Existed!
18:44:37.96-[Information]-UiManager: Startup:
18:44:39.44-[Information]-Dba:  ->  Database File SQLite Already Existed!
18:44:48.99-[Information]-UiManager: Startup:
18:44:49.59-[Information]-Dba:  ->  Database File SQLite Already Existed!
18:48:08.17-[Information]-UiManager: Startup:
18:48:08.56-[Information]-Dba:  ->  Database File SQLite Already Existed!
18:49:40.89-[Information]-UiManager: Startup:
18:49:41.95-[Information]-Dba:  ->  Database File SQLite Already Existed!
18:54:03.62-[Information]-UiManager: Startup:
18:54:03.92-[Information]-Dba:  ->  Database File SQLite Already Existed!
18:56:58.90-[Information]-UiManager: Startup:
18:56:59.28-[Information]-Dba:  ->  Database File SQLite Already Existed!
19:01:44.66-[Information]-UiManager: Startup:
19:01:45.85-[Information]-Dba:  ->  Database File SQLite Already Existed!
19:03:13.42-[Information]-UiManager: Startup:
19:03:14.67-[Information]-Dba:  ->  Database File SQLite Already Existed!
19:05:20.41-[Information]-UiManager: Startup:
19:05:21.61-[Information]-Dba:  ->  Database File SQLite Already Existed!
19:07:09.83-[Information]-UiManager: Startup:
19:07:10.99-[Information]-Dba:  ->  Database File SQLite Already Existed!
19:11:11.71-[Information]-UiManager: Startup:
19:11:12.92-[Information]-Dba:  ->  Database File SQLite Already Existed!