
08:05:39.00-[Information]-UiManager: Startup:
08:05:39.58-[Information]-Dba:  ->  Database File SQLite Already Existed!
08:05:46.15-[Information]-UserManager: LogOn: Manager/itm
08:06:00.91-[Information]-UiManager: Startup:
08:06:01.60-[Information]-Dba:  ->  Database File SQLite Already Existed!
08:06:07.83-[Information]-UserManager: LogOn: Manager/itm
08:07:05.64-[Information]-UiManager: Startup:
08:07:06.33-[Information]-Dba:  ->  Database File SQLite Already Existed!
08:07:11.31-[Information]-UserManager: LogOn: Manager/itm
08:08:31.76-[Information]-UiManager: Startup:
08:08:32.46-[Information]-Dba:  ->  Database File SQLite Already Existed!
08:08:37.00-[Information]-UserManager: LogOn: Manager/itm
08:09:53.80-[Information]-UiManager: Startup:
08:09:54.52-[Information]-Dba:  ->  Database File SQLite Already Existed!
08:09:59.63-[Information]-UserManager: LogOn: Manager/itm
08:11:48.66-[Information]-UiManager: Startup:
08:11:49.38-[Information]-Dba:  ->  Database File SQLite Already Existed!
08:11:57.00-[Information]-UserManager: LogOn: Manager/itm
08:13:11.04-[Information]-UiManager: Startup:
08:13:11.79-[Information]-Dba:  ->  Database File SQLite Already Existed!
08:13:16.70-[Information]-UserManager: LogOn: Manager/itm
08:13:45.06-[Information]-UiManager: Startup:
08:13:45.78-[Information]-Dba:  ->  Database File SQLite Already Existed!
08:13:49.94-[Information]-UserManager: LogOn: Manager/itm
08:16:07.26-[Information]-UiManager: Startup:
08:16:08.23-[Information]-Dba:  ->  Database File SQLite Already Existed!
08:16:12.96-[Information]-UserManager: LogOn: Manager/itm
08:32:24.61-[Information]-UiManager: Startup:
08:32:25.27-[Information]-Dba:  ->  Database File SQLite Already Existed!
08:32:29.95-[Information]-UserManager: LogOn: Manager/itm
08:34:54.39-[Information]-UiManager: Startup:
08:34:55.11-[Information]-Dba:  ->  Database File SQLite Already Existed!
08:34:59.64-[Information]-UserManager: LogOn: Manager/itm
10:51:37.08-[Information]-UiManager: Startup:
10:51:37.73-[Information]-Dba:  ->  Database File SQLite Already Existed!
10:51:40.85-[Information]-UserManager: LogOn: Operator/
10:51:44.09-[Information]-UserManager: LogOn: Manager/itm
14:18:13.36-[Information]-UiManager: Startup:
14:18:15.37-[Information]-Dba:  ->  Database File SQLite Already Existed!
14:18:27.63-[Information]-UserManager: LogOn: Manager/itm
14:18:42.73-[Information]-UiManager: Startup:
14:18:44.47-[Information]-Dba:  ->  Database File SQLite Already Existed!
14:18:51.47-[Information]-UserManager: LogOn: Manager/itm
16:41:48.06-[Information]-UiManager: Startup:
16:41:49.74-[Information]-Dba:  ->  Database File SQLite Already Existed!
16:41:55.29-[Information]-UserManager: LogOn: AutoTeams/itm